==========================================
SLURM_JOB_ID = 753878
SLURM_NODELIST = gpu42
==========================================
Job ID: 753878
Node: gpu42
CUDA_VISIBLE_DEVICES: 0,1
Start Time: Wed Jun 10 07:09:23 KST 2026
Submit Dir: /scratch/r984a02/PHDQ2
Partition: amd_a100nv_8
Requested GPUs: 2
Requested CPU cores per task: 8
Python: /home01/r984a02/.conda/envs/phdq_blt/bin/python
/home01/r984a02/.conda/envs/phdq_blt/lib/python3.12/site-packages/torch/cuda/__init__.py:61: FutureWarning: The pynvml package is deprecated. Please install nvidia-ml-py instead. If you did not install pynvml directly, please report this to the maintainers of the package that installed pynvml for you.
  import pynvml  # type: ignore[import]
Torch: 2.5.1+cu121
NumPy: 2.4.6
Visible CUDA device count: 2
/home01/r984a02/.conda/envs/phdq_blt/lib/python3.12/site-packages/torch/cuda/__init__.py:61: FutureWarning: The pynvml package is deprecated. Please install nvidia-ml-py instead. If you did not install pynvml directly, please report this to the maintainers of the package that installed pynvml for you.
  import pynvml  # type: ignore[import]
Reference BLT import path: /scratch/r984a02/PHDQ2/reference_code/blt
Checkpoint is loadable: outputs/blt_gec/learner/last.ckpt
Resuming from explicit checkpoint: outputs/blt_gec/learner/last.ckpt
Starting reference BLT-GEC fine-tuning on learner dataset...
BLT lr: 1e-5
BLT weight_decay: 0.1
BLT Adam betas: (0.9, 0.95)
BLT scheduler: cosine
BLT warmup_steps: 2000
BLT num_beams: 4
BLT NUM_GPUS: 2
Device: cuda:0
Distributed: True rank=0 world_size=2
Backend: reference_blt
Reference BLT code: /scratch/r984a02/PHDQ2/reference_code/blt
BLT repo: facebook/blt-1b
Entropy repo: facebook/blt-entropy
Train: /scratch/r984a02/PHDQ2/data/Preprocessed/korean_learner/korean_learner_train.txt
Val:   /scratch/r984a02/PHDQ2/data/Preprocessed/korean_learner/korean_learner_val.txt
Test:  /scratch/r984a02/PHDQ2/data/Preprocessed/korean_learner/korean_learner_test.txt
DDP: world_size=2, grad_accum 4 -> 2, effective_batch_size=4
Loaded checkpoint: outputs/blt_gec/learner/last.ckpt (epoch=5, global_step=15229)
epoch=5 step=15230 loss=0.1452 elapsed=0.1m
epoch=5 step=15240 loss=0.0740 elapsed=0.2m
epoch=5 step=15250 loss=0.2422 elapsed=0.3m
epoch=5 step=15260 loss=0.0451 elapsed=0.4m
epoch=5 step=15270 loss=0.0581 elapsed=0.5m
epoch=5 step=15280 loss=0.1269 elapsed=0.7m
epoch=5 step=15290 loss=0.1446 elapsed=0.8m
epoch=5 step=15300 loss=0.0483 elapsed=0.9m
epoch=5 step=15310 loss=0.0440 elapsed=1.0m
epoch=5 step=15320 loss=0.1485 elapsed=1.1m
epoch=5 step=15330 loss=0.0244 elapsed=1.2m
epoch=5 step=15340 loss=0.0369 elapsed=1.3m
epoch=5 step=15350 loss=0.0300 elapsed=1.4m
epoch=5 step=15360 loss=0.1557 elapsed=1.5m
epoch=5 step=15370 loss=0.0476 elapsed=1.7m
epoch=5 step=15380 loss=0.0131 elapsed=1.8m
epoch=5 step=15390 loss=0.0041 elapsed=1.9m
epoch=5 step=15400 loss=0.0304 elapsed=2.0m
epoch=5 step=15410 loss=0.1690 elapsed=2.1m
epoch=5 step=15420 loss=0.0654 elapsed=2.2m
epoch=5 step=15430 loss=0.1282 elapsed=2.3m
epoch=5 step=15440 loss=0.0043 elapsed=2.4m
epoch=5 step=15450 loss=0.0074 elapsed=2.5m
epoch=5 step=15460 loss=0.0791 elapsed=2.6m
epoch=5 step=15470 loss=0.0669 elapsed=2.8m
epoch=5 step=15480 loss=0.0126 elapsed=2.9m
epoch=5 step=15490 loss=0.0153 elapsed=3.0m
epoch=5 step=15500 loss=0.0478 elapsed=3.1m
epoch=5 step=15510 loss=0.0036 elapsed=3.2m
epoch=5 step=15520 loss=0.1630 elapsed=3.3m
epoch=5 step=15530 loss=0.0053 elapsed=3.4m
epoch=5 step=15540 loss=0.0171 elapsed=3.5m
epoch=5 step=15550 loss=0.0618 elapsed=3.6m
epoch=5 step=15560 loss=0.1056 elapsed=3.8m
epoch=5 step=15570 loss=0.0267 elapsed=3.9m
epoch=5 step=15580 loss=0.0315 elapsed=4.0m
epoch=5 step=15590 loss=0.0717 elapsed=4.1m
epoch=5 step=15600 loss=0.0116 elapsed=4.2m
epoch=5 step=15610 loss=0.0174 elapsed=4.3m
epoch=5 step=15620 loss=0.0937 elapsed=4.4m
epoch=5 step=15630 loss=0.1848 elapsed=4.5m
epoch=5 step=15640 loss=0.1425 elapsed=4.6m
epoch=5 step=15650 loss=0.1367 elapsed=4.7m
epoch=5 step=15660 loss=0.1236 elapsed=4.8m
epoch=5 step=15670 loss=0.0162 elapsed=5.0m
epoch=5 step=15680 loss=0.0219 elapsed=5.1m
epoch=5 step=15690 loss=0.0136 elapsed=5.2m
epoch=5 step=15700 loss=0.0964 elapsed=5.3m
epoch=5 step=15710 loss=0.0463 elapsed=5.4m
epoch=5 step=15720 loss=0.1351 elapsed=5.5m
epoch=5 step=15730 loss=0.0941 elapsed=5.6m
epoch=5 step=15740 loss=0.0886 elapsed=5.7m
epoch=5 step=15750 loss=0.0089 elapsed=5.8m
epoch=5 step=15760 loss=0.2453 elapsed=5.9m
epoch=5 step=15770 loss=0.0737 elapsed=6.0m
epoch=5 step=15780 loss=0.0170 elapsed=6.2m
epoch=5 step=15790 loss=0.2192 elapsed=6.3m
epoch=5 step=15800 loss=0.1186 elapsed=6.4m
epoch=5 step=15810 loss=0.0860 elapsed=6.5m
epoch=5 step=15820 loss=0.0343 elapsed=6.6m
epoch=5 step=15830 loss=0.2766 elapsed=6.7m
epoch=5 step=15840 loss=0.0484 elapsed=6.8m
epoch=5 step=15850 loss=0.0320 elapsed=6.9m
epoch=5 step=15860 loss=0.0175 elapsed=7.0m
epoch=5 step=15870 loss=0.0488 elapsed=7.2m
epoch=5 step=15880 loss=0.0484 elapsed=7.3m
epoch=5 step=15890 loss=0.0925 elapsed=7.4m
epoch=5 step=15900 loss=0.0486 elapsed=7.5m
epoch=5 step=15910 loss=0.0667 elapsed=7.6m
epoch=5 step=15920 loss=0.0276 elapsed=7.7m
epoch=5 step=15930 loss=0.0227 elapsed=7.8m
epoch=5 step=15940 loss=0.0197 elapsed=7.9m
epoch=5 step=15950 loss=0.0547 elapsed=8.0m
epoch=5 step=15960 loss=0.0138 elapsed=8.1m
epoch=5 step=15970 loss=0.0162 elapsed=8.3m
epoch=5 step=15980 loss=0.0421 elapsed=8.4m
epoch=5 step=15990 loss=0.0325 elapsed=8.5m
epoch=5 step=16000 loss=0.4168 elapsed=8.6m
epoch=5 step=16010 loss=0.0569 elapsed=8.7m
epoch=5 step=16020 loss=0.0437 elapsed=8.8m
epoch=5 step=16030 loss=0.1626 elapsed=8.9m
epoch=5 step=16040 loss=0.0532 elapsed=9.0m
epoch=5 step=16050 loss=0.1060 elapsed=9.1m
epoch=5 step=16060 loss=0.4172 elapsed=9.3m
epoch=5 step=16070 loss=0.0867 elapsed=9.4m
epoch=5 step=16080 loss=0.0823 elapsed=9.5m
epoch=5 step=16090 loss=0.0265 elapsed=9.6m
epoch=5 step=16100 loss=0.0363 elapsed=9.7m
epoch=5 step=16110 loss=0.0221 elapsed=9.8m
epoch=5 step=16120 loss=0.0100 elapsed=9.9m
epoch=5 step=16130 loss=0.0478 elapsed=10.0m
epoch=5 step=16140 loss=0.0252 elapsed=10.1m
epoch=5 step=16150 loss=0.0261 elapsed=10.3m
epoch=5 step=16160 loss=0.0118 elapsed=10.4m
epoch=5 step=16170 loss=0.0612 elapsed=10.5m
epoch=5 step=16180 loss=0.0229 elapsed=10.6m
epoch=5 step=16190 loss=0.0072 elapsed=10.7m
epoch=5 step=16200 loss=0.0402 elapsed=10.8m
epoch=5 step=16210 loss=0.0087 elapsed=10.9m
epoch=5 step=16220 loss=0.0726 elapsed=11.0m
epoch=5 step=16230 loss=0.0345 elapsed=11.1m
epoch=5 step=16240 loss=0.0034 elapsed=11.2m
epoch=5 step=16250 loss=0.0264 elapsed=11.4m
epoch=5 step=16260 loss=0.1448 elapsed=11.5m
epoch=5 step=16270 loss=0.0061 elapsed=11.6m
epoch=5 step=16280 loss=0.0418 elapsed=11.7m
epoch=5 step=16290 loss=0.1017 elapsed=11.8m
epoch=5 step=16300 loss=0.0424 elapsed=11.9m
epoch=5 step=16310 loss=0.0694 elapsed=12.0m
epoch=5 step=16320 loss=0.2806 elapsed=12.1m
epoch=5 step=16330 loss=0.0120 elapsed=12.2m
epoch=5 step=16340 loss=0.0169 elapsed=12.4m
epoch=5 step=16350 loss=0.0009 elapsed=12.5m
epoch=5 step=16360 loss=0.0062 elapsed=12.6m
epoch=5 step=16370 loss=0.1405 elapsed=12.7m
epoch=5 step=16380 loss=0.0092 elapsed=12.8m
epoch=5 step=16390 loss=0.0589 elapsed=12.9m
epoch=5 step=16400 loss=0.0735 elapsed=13.0m
epoch=5 step=16410 loss=0.0162 elapsed=13.1m
epoch=5 step=16420 loss=0.0317 elapsed=13.2m
epoch=5 step=16430 loss=0.0349 elapsed=13.3m
epoch=5 step=16440 loss=0.1507 elapsed=13.5m
epoch=5 step=16450 loss=0.0336 elapsed=13.6m
epoch=5 step=16460 loss=0.1693 elapsed=13.7m
epoch=5 step=16470 loss=0.0062 elapsed=13.8m
epoch=5 step=16480 loss=0.0541 elapsed=13.9m
epoch=5 step=16490 loss=0.0193 elapsed=14.0m
epoch=5 step=16500 loss=0.2790 elapsed=14.1m
epoch=5 step=16510 loss=0.0694 elapsed=14.2m
epoch=5 step=16520 loss=0.0900 elapsed=14.3m
epoch=5 step=16530 loss=0.1118 elapsed=14.5m
epoch=5 step=16540 loss=0.0460 elapsed=14.6m
epoch=5 step=16550 loss=0.0321 elapsed=14.7m
epoch=5 step=16560 loss=0.0079 elapsed=14.8m
epoch=5 step=16570 loss=0.0169 elapsed=14.9m
epoch=5 step=16580 loss=0.1944 elapsed=15.0m
epoch=5 step=16590 loss=0.1181 elapsed=15.1m
epoch=5 step=16600 loss=0.1918 elapsed=15.2m
epoch=5 step=16610 loss=0.0830 elapsed=15.3m
epoch=5 step=16620 loss=0.0117 elapsed=15.4m
epoch=5 step=16630 loss=0.0874 elapsed=15.5m
epoch=5 step=16640 loss=0.0397 elapsed=15.6m
epoch=5 step=16650 loss=0.0652 elapsed=15.8m
epoch=5 step=16660 loss=0.3120 elapsed=15.9m
epoch=5 step=16670 loss=0.1069 elapsed=16.0m
epoch=5 step=16680 loss=0.0052 elapsed=16.1m
epoch=5 step=16690 loss=0.0306 elapsed=16.2m
epoch=5 step=16700 loss=0.1388 elapsed=16.3m
epoch=5 step=16710 loss=0.0210 elapsed=16.4m
epoch=5 step=16720 loss=0.0863 elapsed=16.5m
epoch=5 step=16730 loss=0.0041 elapsed=16.6m
epoch=5 step=16740 loss=0.0033 elapsed=16.7m
epoch=5 step=16750 loss=0.0295 elapsed=16.8m
epoch=5 step=16760 loss=0.0312 elapsed=16.9m
epoch=5 step=16770 loss=0.0435 elapsed=17.1m
epoch=5 step=16780 loss=0.1439 elapsed=17.2m
epoch=5 step=16790 loss=0.0422 elapsed=17.3m
epoch=5 step=16800 loss=0.1612 elapsed=17.4m
epoch=5 step=16810 loss=0.1981 elapsed=17.5m
epoch=5 step=16820 loss=0.0412 elapsed=17.6m
epoch=5 step=16830 loss=0.0579 elapsed=17.7m
epoch=5 step=16840 loss=0.0122 elapsed=17.8m
epoch=5 step=16850 loss=0.0130 elapsed=17.9m
epoch=5 step=16860 loss=0.1589 elapsed=18.0m
epoch=5 step=16870 loss=0.0188 elapsed=18.1m
epoch=5 step=16880 loss=0.0472 elapsed=18.2m
epoch=5 step=16890 loss=0.1129 elapsed=18.4m
epoch=5 step=16900 loss=0.2377 elapsed=18.5m
epoch=5 step=16910 loss=0.0004 elapsed=18.6m
epoch=5 step=16920 loss=0.0620 elapsed=18.7m
epoch=5 step=16930 loss=0.1723 elapsed=18.8m
epoch=5 step=16940 loss=0.1421 elapsed=18.9m
epoch=5 step=16950 loss=0.0146 elapsed=19.0m
epoch=5 step=16960 loss=0.0296 elapsed=19.1m
epoch=5 step=16970 loss=0.0419 elapsed=19.2m
epoch=5 step=16980 loss=0.0486 elapsed=19.3m
epoch=5 step=16990 loss=0.0162 elapsed=19.4m
epoch=5 step=17000 loss=0.0096 elapsed=19.6m
epoch=5 step=17010 loss=0.3145 elapsed=19.7m
epoch=5 step=17020 loss=0.1425 elapsed=19.8m
epoch=5 step=17030 loss=0.1459 elapsed=19.9m
epoch=5 step=17040 loss=0.1926 elapsed=20.0m
Saved checkpoint: outputs/blt_gec/learner/last.ckpt
epoch=5 step=17050 loss=0.0074 elapsed=20.9m
epoch=5 step=17060 loss=0.1227 elapsed=21.0m
epoch=5 step=17070 loss=0.8751 elapsed=21.1m
epoch=5 step=17080 loss=0.0770 elapsed=21.2m
epoch=5 step=17090 loss=0.0905 elapsed=21.3m
epoch=5 step=17100 loss=0.1108 elapsed=21.4m
epoch=5 step=17110 loss=0.0513 elapsed=21.5m
epoch=5 step=17120 loss=0.0091 elapsed=21.6m
epoch=5 step=17130 loss=0.1752 elapsed=21.7m
epoch=5 step=17140 loss=0.0186 elapsed=21.8m
epoch=5 step=17150 loss=0.0957 elapsed=21.9m
epoch=5 step=17160 loss=0.0044 elapsed=22.1m
epoch=5 step=17170 loss=0.1692 elapsed=22.2m
epoch=5 step=17180 loss=0.0148 elapsed=22.3m
epoch=5 step=17190 loss=0.0036 elapsed=22.4m
epoch=5 step=17200 loss=0.1636 elapsed=22.5m
epoch=5 step=17210 loss=0.0670 elapsed=22.6m
epoch=5 step=17220 loss=0.0025 elapsed=22.7m
epoch=5 step=17230 loss=0.0752 elapsed=22.8m
epoch=5 step=17240 loss=0.0222 elapsed=22.9m
epoch=5 step=17250 loss=0.0544 elapsed=23.0m
epoch=5 step=17260 loss=0.0545 elapsed=23.1m
epoch=5 step=17270 loss=0.2154 elapsed=23.2m
epoch=5 step=17280 loss=0.0889 elapsed=23.4m
epoch=5 step=17290 loss=0.0111 elapsed=23.5m
epoch=5 step=17300 loss=0.1396 elapsed=23.6m
epoch=5 step=17310 loss=0.1061 elapsed=23.7m
epoch=5 step=17320 loss=0.1089 elapsed=23.8m
epoch=5 step=17330 loss=0.0130 elapsed=23.9m
epoch=5 step=17340 loss=0.0305 elapsed=24.0m
epoch=5 step=17350 loss=0.1805 elapsed=24.1m
epoch=5 step=17360 loss=0.0373 elapsed=24.2m
epoch=5 step=17370 loss=0.1060 elapsed=24.3m
epoch=5 step=17380 loss=0.0216 elapsed=24.4m
epoch=5 step=17390 loss=0.0566 elapsed=24.5m
epoch=5 step=17400 loss=0.0666 elapsed=24.7m
epoch=5 step=17410 loss=0.0189 elapsed=24.8m
epoch=5 step=17420 loss=0.0968 elapsed=24.9m
epoch=5 step=17430 loss=0.0642 elapsed=25.0m
epoch=5 step=17440 loss=0.0396 elapsed=25.1m
epoch=5 step=17450 loss=0.0462 elapsed=25.2m
epoch=5 step=17460 loss=0.0110 elapsed=25.3m
epoch=5 step=17470 loss=0.0739 elapsed=25.4m
epoch=5 step=17480 loss=0.0556 elapsed=25.5m
epoch=5 step=17490 loss=0.1643 elapsed=25.6m
epoch=5 step=17500 loss=0.0527 elapsed=25.7m
epoch=5 step=17510 loss=0.1076 elapsed=25.9m
epoch=5 step=17520 loss=0.1068 elapsed=26.0m
epoch=5 step=17530 loss=0.2153 elapsed=26.1m
epoch=5 step=17540 loss=0.0087 elapsed=26.2m
epoch=5 step=17550 loss=0.0159 elapsed=26.3m
epoch=5 step=17560 loss=0.0088 elapsed=26.4m
epoch=5 step=17570 loss=0.0401 elapsed=26.5m
epoch=5 step=17580 loss=0.0992 elapsed=26.6m
epoch=5 step=17590 loss=0.0945 elapsed=26.7m
epoch=5 step=17600 loss=0.0297 elapsed=26.8m
epoch=5 step=17610 loss=0.0755 elapsed=26.9m
epoch=5 step=17620 loss=0.1343 elapsed=27.1m
epoch=5 step=17630 loss=0.1315 elapsed=27.2m
epoch=5 step=17640 loss=0.0999 elapsed=27.3m
epoch=5 step=17650 loss=0.0284 elapsed=27.4m
epoch=5 step=17660 loss=0.0061 elapsed=27.5m
epoch=5 step=17670 loss=0.0605 elapsed=27.6m
epoch=5 step=17680 loss=0.1012 elapsed=27.7m
epoch=5 step=17690 loss=0.0231 elapsed=27.8m
epoch=5 step=17700 loss=0.1475 elapsed=27.9m
epoch=5 step=17710 loss=0.0132 elapsed=28.0m
epoch=5 step=17720 loss=0.0684 elapsed=28.1m
epoch=5 step=17730 loss=0.0454 elapsed=28.2m
epoch=5 step=17740 loss=0.0610 elapsed=28.4m
epoch=5 step=17750 loss=0.0386 elapsed=28.5m
epoch=5 step=17760 loss=0.0183 elapsed=28.6m
epoch=5 step=17770 loss=0.0023 elapsed=28.7m
epoch=5 step=17780 loss=0.0153 elapsed=28.8m
epoch=5 step=17790 loss=0.0188 elapsed=28.9m
epoch=5 step=17800 loss=0.1147 elapsed=29.0m
epoch=5 step=17810 loss=0.0581 elapsed=29.1m
epoch=5 step=17820 loss=0.2036 elapsed=29.2m
epoch=5 step=17830 loss=0.1754 elapsed=29.3m
epoch=5 step=17840 loss=0.0235 elapsed=29.4m
epoch=5 step=17850 loss=0.0563 elapsed=29.5m
epoch=5 step=17860 loss=0.0621 elapsed=29.7m
epoch=5 step=17870 loss=0.1253 elapsed=29.8m
epoch=5 step=17880 loss=0.1675 elapsed=29.9m
epoch=5 step=17890 loss=0.0785 elapsed=30.0m
epoch=5 step=17900 loss=0.0629 elapsed=30.1m
epoch=5 step=17910 loss=0.0173 elapsed=30.2m
epoch=5 step=17920 loss=0.0664 elapsed=30.3m
epoch=5 step=17930 loss=0.2045 elapsed=30.4m
epoch=5 step=17940 loss=0.0608 elapsed=30.5m
epoch=5 step=17950 loss=0.2001 elapsed=30.6m
epoch=5 step=17960 loss=0.1358 elapsed=30.7m
epoch=5 step=17970 loss=0.0126 elapsed=30.9m
epoch=5 step=17980 loss=0.0447 elapsed=31.0m
epoch=5 step=17990 loss=0.0074 elapsed=31.1m
epoch=5 step=18000 loss=0.0347 elapsed=31.2m
epoch=5 step=18010 loss=0.0526 elapsed=31.3m
epoch=5 step=18020 loss=0.0250 elapsed=31.4m
epoch=5 step=18030 loss=0.0155 elapsed=31.5m
epoch=5 step=18040 loss=0.0496 elapsed=31.6m
epoch=5 step=18050 loss=0.0361 elapsed=31.7m
epoch=5 step=18060 loss=0.0494 elapsed=31.8m
epoch=5 step=18070 loss=0.0038 elapsed=31.9m
epoch=5 step=18080 loss=0.1231 elapsed=32.0m
epoch=5 step=18090 loss=0.0043 elapsed=32.2m
epoch=5 step=18100 loss=0.1501 elapsed=32.3m
epoch=5 step=18110 loss=0.2685 elapsed=32.4m
epoch=5 step=18120 loss=0.0591 elapsed=32.5m
epoch=5 step=18130 loss=0.0066 elapsed=32.6m
epoch=5 step=18140 loss=0.0428 elapsed=32.7m
epoch=5 step=18150 loss=0.0321 elapsed=32.8m
epoch=5 step=18160 loss=0.1032 elapsed=32.9m
epoch=5 step=18170 loss=0.0778 elapsed=33.0m
epoch=5 step=18180 loss=0.0360 elapsed=33.1m
epoch=5 step=18190 loss=0.0063 elapsed=33.2m
epoch=5 step=18200 loss=0.0303 elapsed=33.3m
epoch=5 step=18210 loss=0.1095 elapsed=33.5m
epoch=5 step=18220 loss=0.0061 elapsed=33.6m
epoch=5 step=18230 loss=0.0872 elapsed=33.7m
epoch=5 step=18240 loss=0.0815 elapsed=33.8m
epoch=5 step=18250 loss=0.0672 elapsed=33.9m
epoch=5 step=18260 loss=0.0298 elapsed=34.0m
epoch=5 step=18270 loss=0.0387 elapsed=34.1m
epoch=5 step=18280 loss=0.0109 elapsed=34.2m
epoch=5 step=18290 loss=0.0553 elapsed=34.3m
epoch=5 step=18300 loss=0.1690 elapsed=34.4m
epoch=5 step=18310 loss=0.0462 elapsed=34.5m
epoch=5 step=18320 loss=0.0741 elapsed=34.6m
epoch=5 step=18330 loss=0.0345 elapsed=34.8m
epoch=5 step=18340 loss=0.1419 elapsed=34.9m
epoch=5 step=18350 loss=0.0164 elapsed=35.0m
epoch=5 step=18360 loss=0.1087 elapsed=35.1m
epoch=5 step=18370 loss=0.2405 elapsed=35.2m
epoch=5 step=18380 loss=0.1265 elapsed=35.3m
epoch=5 step=18390 loss=0.0151 elapsed=35.4m
epoch=5 step=18400 loss=0.6540 elapsed=35.5m
epoch=5 step=18410 loss=0.1276 elapsed=35.6m
epoch=5 step=18420 loss=0.1048 elapsed=35.7m
epoch=5 step=18430 loss=0.0288 elapsed=35.8m
epoch=5 step=18440 loss=0.0442 elapsed=36.0m
epoch=5 step=18450 loss=0.0155 elapsed=36.1m
epoch=5 step=18460 loss=0.0357 elapsed=36.2m
epoch=5 step=18470 loss=0.0013 elapsed=36.3m
epoch=5 step=18480 loss=0.0053 elapsed=36.4m
epoch=5 step=18490 loss=0.0528 elapsed=36.5m
epoch=5 step=18500 loss=0.0652 elapsed=36.6m
epoch=5 step=18510 loss=0.0204 elapsed=36.7m
epoch=5 step=18520 loss=0.3200 elapsed=36.8m
epoch=5 step=18530 loss=0.1156 elapsed=36.9m
epoch=5 step=18540 loss=0.0108 elapsed=37.0m
epoch=5 step=18550 loss=0.0765 elapsed=37.1m
epoch=5 step=18560 loss=0.0357 elapsed=37.3m
epoch=5 step=18570 loss=0.0131 elapsed=37.4m
epoch=5 step=18580 loss=0.0497 elapsed=37.5m
epoch=5 step=18590 loss=0.2267 elapsed=37.6m
epoch=5 step=18600 loss=0.1011 elapsed=37.7m
epoch=5 step=18610 loss=0.0026 elapsed=37.8m
epoch=5 step=18620 loss=0.0018 elapsed=37.9m
epoch=5 step=18630 loss=0.1885 elapsed=38.0m
epoch=5 step=18640 loss=0.0059 elapsed=38.1m
epoch=5 step=18650 loss=0.1365 elapsed=38.2m
epoch=5 step=18660 loss=0.1082 elapsed=38.3m
epoch=5 step=18670 loss=0.0314 elapsed=38.4m
epoch=5 step=18680 loss=0.1180 elapsed=38.6m
epoch=5 step=18690 loss=0.2179 elapsed=38.7m
epoch=5 step=18700 loss=0.0467 elapsed=38.8m
epoch=5 step=18710 loss=0.0035 elapsed=38.9m
epoch=5 step=18720 loss=0.1889 elapsed=39.0m
epoch=5 step=18730 loss=0.0188 elapsed=39.1m
epoch=5 step=18740 loss=0.0688 elapsed=39.2m
epoch=5 step=18750 loss=0.0988 elapsed=39.3m
epoch=5 step=18760 loss=0.0483 elapsed=39.4m
epoch=5 step=18770 loss=0.3039 elapsed=39.5m
epoch=5 step=18780 loss=0.1144 elapsed=39.7m
epoch=5 step=18790 loss=0.0088 elapsed=39.8m
epoch=5 step=18800 loss=0.0476 elapsed=39.9m
epoch=5 step=18810 loss=0.0123 elapsed=40.0m
Saved checkpoint: outputs/blt_gec/learner/last.ckpt
epoch=5 step=18820 loss=0.0372 elapsed=40.8m
epoch=5 step=18830 loss=0.1067 elapsed=41.0m
epoch=5 step=18840 loss=0.0011 elapsed=41.1m
epoch=5 step=18850 loss=0.0006 elapsed=41.2m
epoch=5 step=18860 loss=0.1213 elapsed=41.3m
epoch=5 step=18870 loss=0.0669 elapsed=41.4m
epoch=5 step=18880 loss=0.0077 elapsed=41.5m
epoch=5 step=18890 loss=0.0822 elapsed=41.6m
epoch=5 step=18900 loss=0.0395 elapsed=41.7m
epoch=5 step=18910 loss=0.0128 elapsed=41.8m
epoch=5 step=18920 loss=0.0081 elapsed=41.9m
epoch=5 step=18930 loss=0.0601 elapsed=42.0m
epoch=5 step=18940 loss=0.0170 elapsed=42.1m
epoch=5 step=18950 loss=0.1649 elapsed=42.3m
epoch=5 step=18960 loss=0.0435 elapsed=42.4m
epoch=5 step=18970 loss=0.3572 elapsed=42.5m
epoch=5 step=18980 loss=0.0885 elapsed=42.6m
epoch=5 step=18990 loss=0.0119 elapsed=42.7m
epoch=5 step=19000 loss=0.0090 elapsed=42.8m
epoch=5 step=19010 loss=0.0220 elapsed=42.9m
epoch=5 step=19020 loss=0.1011 elapsed=43.0m
epoch=5 step=19030 loss=0.4085 elapsed=43.1m
epoch=5 step=19040 loss=0.0096 elapsed=43.2m
epoch=5 step=19050 loss=0.1302 elapsed=43.3m
epoch=5 step=19060 loss=0.0879 elapsed=43.5m
epoch=5 step=19070 loss=0.0077 elapsed=43.6m
epoch=5 step=19080 loss=0.1165 elapsed=43.7m
epoch=5 step=19090 loss=0.0226 elapsed=43.8m
