/home01/r984a02/.conda/envs/phdq_blt/lib/python3.12/site-packages/torch/cuda/__init__.py:61: FutureWarning: The pynvml package is deprecated. Please install nvidia-ml-py instead. If you did not install pynvml directly, please report this to the maintainers of the package that installed pynvml for you.
  import pynvml  # type: ignore[import]
/home01/r984a02/.conda/envs/phdq_blt/lib/python3.12/site-packages/torch/cuda/__init__.py:61: FutureWarning: The pynvml package is deprecated. Please install nvidia-ml-py instead. If you did not install pynvml directly, please report this to the maintainers of the package that installed pynvml for you.
  import pynvml  # type: ignore[import]
Traceback (most recent call last):
  File "<frozen runpy>", line 198, in _run_module_as_main
  File "<frozen runpy>", line 88, in _run_code
  File "/scratch/r984a02/PHDQ2/blt_gec/train.py", line 590, in <module>
    main()
  File "/scratch/r984a02/PHDQ2/blt_gec/train.py", line 436, in main
    patch_lengths = build_patch_lengths(patcher, input_ids)
                    ^^^^^^^^^^^^^^^^^^^^^^^^^^^^^^^^^^^^^^^
  File "/scratch/r984a02/PHDQ2/blt_gec/generation.py", line 10, in build_patch_lengths
    patch_lengths, _ = patcher.patch(input_ids, include_next_token=True)
                       ^^^^^^^^^^^^^^^^^^^^^^^^^^^^^^^^^^^^^^^^^^^^^^^^^
  File "/scratch/r984a02/PHDQ2/reference_code/blt/bytelatent/data/patcher.py", line 565, in patch
    scores, _ = calculate_entropies(
                ^^^^^^^^^^^^^^^^^^^^
  File "/scratch/r984a02/PHDQ2/reference_code/blt/bytelatent/data/patcher.py", line 96, in calculate_entropies
    pred = entropy_model(split)
           ^^^^^^^^^^^^^^^^^^^^
  File "/home01/r984a02/.conda/envs/phdq_blt/lib/python3.12/site-packages/torch/nn/modules/module.py", line 1740, in _wrapped_call_impl
    return self._call_impl(*args, **kwargs)
           ^^^^^^^^^^^^^^^^^^^^^^^^^^^^^^^^
  File "/home01/r984a02/.conda/envs/phdq_blt/lib/python3.12/site-packages/torch/nn/modules/module.py", line 1751, in _call_impl
    return forward_call(*args, **kwargs)
           ^^^^^^^^^^^^^^^^^^^^^^^^^^^^^
  File "/scratch/r984a02/PHDQ2/reference_code/blt/bytelatent/transformer.py", line 131, in forward
    h = super().forward(h, tok_idx=tok_idx, mask=mask, attn_impl=attn_impl)
        ^^^^^^^^^^^^^^^^^^^^^^^^^^^^^^^^^^^^^^^^^^^^^^^^^^^^^^^^^^^^^^^^^^^
  File "/scratch/r984a02/PHDQ2/reference_code/blt/bytelatent/base_transformer.py", line 617, in forward
    h = layer(h, freq_cis, tok_idx=tok_idx, mask=mask, attn_impl=attn_impl)
        ^^^^^^^^^^^^^^^^^^^^^^^^^^^^^^^^^^^^^^^^^^^^^^^^^^^^^^^^^^^^^^^^^^^
  File "/home01/r984a02/.conda/envs/phdq_blt/lib/python3.12/site-packages/torch/nn/modules/module.py", line 1740, in _wrapped_call_impl
    return self._call_impl(*args, **kwargs)
           ^^^^^^^^^^^^^^^^^^^^^^^^^^^^^^^^
  File "/home01/r984a02/.conda/envs/phdq_blt/lib/python3.12/site-packages/torch/nn/modules/module.py", line 1751, in _call_impl
    return forward_call(*args, **kwargs)
           ^^^^^^^^^^^^^^^^^^^^^^^^^^^^^
  File "/scratch/r984a02/PHDQ2/reference_code/blt/bytelatent/base_transformer.py", line 556, in forward
    attn_out = self.attention(
               ^^^^^^^^^^^^^^^
  File "/home01/r984a02/.conda/envs/phdq_blt/lib/python3.12/site-packages/torch/nn/modules/module.py", line 1740, in _wrapped_call_impl
    return self._call_impl(*args, **kwargs)
           ^^^^^^^^^^^^^^^^^^^^^^^^^^^^^^^^
  File "/home01/r984a02/.conda/envs/phdq_blt/lib/python3.12/site-packages/torch/nn/modules/module.py", line 1751, in _call_impl
    return forward_call(*args, **kwargs)
           ^^^^^^^^^^^^^^^^^^^^^^^^^^^^^
  File "/scratch/r984a02/PHDQ2/reference_code/blt/bytelatent/base_transformer.py", line 401, in forward
    output = fmha.memory_efficient_attention(xq, xk, xv, attn_bias=mask)
             ^^^^^^^^^^^^^^^^^^^^^^^^^^^^^^^^^^^^^^^^^^^^^^^^^^^^^^^^^^^
  File "/home01/r984a02/.conda/envs/phdq_blt/lib/python3.12/site-packages/xformers/ops/fmha/__init__.py", line 306, in memory_efficient_attention
    return _memory_efficient_attention(
           ^^^^^^^^^^^^^^^^^^^^^^^^^^^^
  File "/home01/r984a02/.conda/envs/phdq_blt/lib/python3.12/site-packages/xformers/ops/fmha/__init__.py", line 467, in _memory_efficient_attention
    return _memory_efficient_attention_forward(
           ^^^^^^^^^^^^^^^^^^^^^^^^^^^^^^^^^^^^
  File "/home01/r984a02/.conda/envs/phdq_blt/lib/python3.12/site-packages/xformers/ops/fmha/__init__.py", line 486, in _memory_efficient_attention_forward
    op = _dispatch_fw(inp, False)
         ^^^^^^^^^^^^^^^^^^^^^^^^
  File "/home01/r984a02/.conda/envs/phdq_blt/lib/python3.12/site-packages/xformers/ops/fmha/dispatch.py", line 135, in _dispatch_fw
    return _run_priority_list(
           ^^^^^^^^^^^^^^^^^^^
  File "/home01/r984a02/.conda/envs/phdq_blt/lib/python3.12/site-packages/xformers/ops/fmha/dispatch.py", line 76, in _run_priority_list
    raise NotImplementedError(msg)
NotImplementedError: No operator found for `memory_efficient_attention_forward` with inputs:
     query       : shape=(1, 8192, 12, 64) (torch.float32)
     key         : shape=(1, 8192, 12, 64) (torch.float32)
     value       : shape=(1, 8192, 12, 64) (torch.float32)
     attn_bias   : <class 'xformers.ops.fmha.attn_bias.BlockDiagonalCausalLocalAttentionMask'>
     p           : 0.0
`fa2F@v2.5.7-pt` is not supported because:
    xFormers wasn't build with CUDA support
    dtype=torch.float32 (supported: {torch.bfloat16, torch.float16})
`cutlassF-pt` is not supported because:
    xFormers wasn't build with CUDA support
srun: error: gpu40: task 0: Exited with exit code 1
