==========================================
SLURM_JOB_ID = 752408
SLURM_NODELIST = gpu54
==========================================
Job ID: 752408
Node: gpu54
CUDA_VISIBLE_DEVICES: 0,1,2,3
Start Time: Tue Jun  9 02:06:18 KST 2026
Submit Dir: /scratch/r984a02/PHDQ2
Partition: amd_a100nv_8
Requested GPUs: 4
Requested CPU cores per task: 16
Python: /home01/r984a02/.conda/envs/phdq_blt/bin/python
/home01/r984a02/.conda/envs/phdq_blt/lib/python3.12/site-packages/torch/cuda/__init__.py:61: FutureWarning: The pynvml package is deprecated. Please install nvidia-ml-py instead. If you did not install pynvml directly, please report this to the maintainers of the package that installed pynvml for you.
  import pynvml  # type: ignore[import]
Torch: 2.5.1+cu121
NumPy: 2.4.6
Visible CUDA device count: 4
/home01/r984a02/.conda/envs/phdq_blt/lib/python3.12/site-packages/torch/cuda/__init__.py:61: FutureWarning: The pynvml package is deprecated. Please install nvidia-ml-py instead. If you did not install pynvml directly, please report this to the maintainers of the package that installed pynvml for you.
  import pynvml  # type: ignore[import]
Reference BLT import path: /scratch/r984a02/PHDQ2/reference_code/blt
Starting reference BLT-GEC fine-tuning on native dataset...
BLT lr: 1e-5
BLT weight_decay: 0.1
BLT Adam betas: (0.9, 0.95)
BLT scheduler: cosine
BLT warmup_steps: 2000
BLT num_beams: 4
BLT NUM_GPUS: 4
Device: cuda:0
Distributed: True rank=0 world_size=4
Backend: reference_blt
Reference BLT code: /scratch/r984a02/PHDQ2/reference_code/blt
BLT repo: facebook/blt-1b
Entropy repo: facebook/blt-entropy
Train: /scratch/r984a02/PHDQ2/data/Preprocessed/native/native_train.txt
Val:   /scratch/r984a02/PHDQ2/data/Preprocessed/native/native_val.txt
Test:  /scratch/r984a02/PHDQ2/data/Preprocessed/native/native_test.txt
DDP: world_size=4, grad_accum 8 -> 2, effective_batch_size=8
epoch=0 step=10 loss=0.1630 elapsed=0.2m
epoch=0 step=20 loss=0.1747 elapsed=0.3m
epoch=0 step=30 loss=0.3577 elapsed=0.3m
epoch=0 step=40 loss=0.1779 elapsed=0.4m
epoch=0 step=50 loss=0.3722 elapsed=0.4m
epoch=0 step=60 loss=0.1420 elapsed=0.5m
epoch=0 step=70 loss=0.3045 elapsed=0.6m
epoch=0 step=80 loss=0.3721 elapsed=0.6m
epoch=0 step=90 loss=0.2236 elapsed=0.7m
epoch=0 step=100 loss=0.4254 elapsed=0.7m
epoch=0 step=110 loss=0.2398 elapsed=0.8m
epoch=0 step=120 loss=0.1601 elapsed=0.8m
epoch=0 step=130 loss=0.1114 elapsed=0.9m
epoch=0 step=140 loss=0.3642 elapsed=0.9m
epoch=0 step=150 loss=0.2110 elapsed=1.0m
epoch=0 step=160 loss=0.1278 elapsed=1.0m
epoch=0 step=170 loss=0.2020 elapsed=1.1m
epoch=0 step=180 loss=0.3325 elapsed=1.1m
epoch=0 step=190 loss=0.3676 elapsed=1.2m
epoch=0 step=200 loss=0.2819 elapsed=1.2m
epoch=0 step=210 loss=0.1927 elapsed=1.3m
epoch=0 step=220 loss=0.3757 elapsed=1.3m
epoch=0 step=230 loss=0.3605 elapsed=1.4m
epoch=0 step=240 loss=0.1255 elapsed=1.4m
epoch=0 step=250 loss=0.3180 elapsed=1.5m
epoch=0 step=260 loss=0.3331 elapsed=1.5m
epoch=0 step=270 loss=0.1818 elapsed=1.6m
epoch=0 step=280 loss=0.1977 elapsed=1.6m
epoch=0 step=290 loss=0.1830 elapsed=1.7m
epoch=0 step=300 loss=0.1818 elapsed=1.7m
epoch=0 step=310 loss=0.2917 elapsed=1.8m
epoch=0 step=320 loss=0.2394 elapsed=1.8m
epoch=0 step=330 loss=0.4019 elapsed=1.9m
epoch=0 step=340 loss=0.0824 elapsed=1.9m
epoch=0 step=350 loss=0.1137 elapsed=2.0m
epoch=0 step=360 loss=0.1670 elapsed=2.0m
epoch=0 step=370 loss=0.1875 elapsed=2.1m
epoch=0 step=380 loss=0.0617 elapsed=2.1m
epoch=0 step=390 loss=0.2016 elapsed=2.2m
epoch=0 step=400 loss=0.1023 elapsed=2.2m
epoch=0 step=410 loss=0.1120 elapsed=2.3m
epoch=0 step=420 loss=0.1043 elapsed=2.3m
epoch=0 step=430 loss=0.1806 elapsed=2.4m
epoch=0 step=440 loss=0.1409 elapsed=2.4m
epoch=0 step=450 loss=0.0395 elapsed=2.5m
epoch=0 step=460 loss=0.1065 elapsed=2.5m
epoch=0 step=470 loss=0.1744 elapsed=2.6m
epoch=0 step=480 loss=0.0667 elapsed=2.6m
epoch=0 step=490 loss=0.0583 elapsed=2.7m
epoch=0 step=500 loss=0.0410 elapsed=2.7m
epoch=0 step=510 loss=0.2885 elapsed=2.8m
epoch=0 step=520 loss=0.0363 elapsed=2.8m
epoch=0 step=530 loss=0.0907 elapsed=2.9m
epoch=0 step=540 loss=0.0994 elapsed=2.9m
epoch=0 step=550 loss=0.0734 elapsed=3.0m
epoch=0 step=560 loss=0.2563 elapsed=3.0m
epoch=0 step=570 loss=0.1354 elapsed=3.1m
epoch=0 step=580 loss=0.0294 elapsed=3.1m
epoch=0 step=590 loss=0.0643 elapsed=3.2m
epoch=0 step=600 loss=0.0855 elapsed=3.2m
epoch=0 step=610 loss=0.0629 elapsed=3.3m
epoch=0 step=620 loss=0.0254 elapsed=3.3m
epoch=0 step=630 loss=0.0316 elapsed=3.4m
epoch=0 step=640 loss=0.0337 elapsed=3.4m
epoch=0 step=650 loss=0.1969 elapsed=3.5m
epoch=0 step=660 loss=0.0946 elapsed=3.5m
epoch=0 step=670 loss=0.0203 elapsed=3.6m
epoch=0 step=680 loss=0.1583 elapsed=3.6m
epoch=0 step=690 loss=0.0293 elapsed=3.7m
epoch=0 step=700 loss=0.2133 elapsed=3.7m
epoch=0 step=710 loss=0.0998 elapsed=3.8m
epoch=0 step=720 loss=0.0293 elapsed=3.8m
epoch=0 step=730 loss=0.0713 elapsed=3.9m
epoch=0 step=740 loss=0.0391 elapsed=4.0m
epoch=0 step=750 loss=0.1030 elapsed=4.0m
epoch=0 step=760 loss=0.1250 elapsed=4.1m
epoch=0 step=770 loss=0.0729 elapsed=4.1m
epoch=0 step=780 loss=0.0585 elapsed=4.2m
epoch=0 step=790 loss=0.0473 elapsed=4.2m
epoch=0 step=800 loss=0.0701 elapsed=4.3m
epoch=0 step=810 loss=0.0662 elapsed=4.3m
epoch=0 step=820 loss=0.0925 elapsed=4.4m
epoch=0 step=830 loss=0.0371 elapsed=4.4m
epoch=0 step=840 loss=0.0985 elapsed=4.5m
epoch=0 step=850 loss=0.1922 elapsed=4.5m
epoch=0 step=860 loss=0.0349 elapsed=4.6m
epoch=0 step=870 loss=0.0597 elapsed=4.6m
epoch=0 step=880 loss=0.0980 elapsed=4.7m
epoch=0 step=890 loss=0.1405 elapsed=4.7m
epoch=0 step=900 loss=0.0460 elapsed=4.8m
epoch=0 step=910 loss=0.0361 elapsed=4.9m
epoch=0 step=920 loss=0.0417 elapsed=4.9m
epoch=0 step=930 loss=0.1354 elapsed=5.0m
epoch=0 step=940 loss=0.0365 elapsed=5.0m
epoch=0 step=950 loss=0.0581 elapsed=5.1m
epoch=0 step=960 loss=0.0431 elapsed=5.1m
epoch=0 step=970 loss=0.1081 elapsed=5.2m
epoch=0 step=980 loss=0.0565 elapsed=5.2m
epoch=0 step=990 loss=0.0419 elapsed=5.3m
epoch=0 step=1000 loss=0.0401 elapsed=5.3m
epoch=0 step=1010 loss=0.0352 elapsed=5.4m
epoch=0 step=1020 loss=0.0199 elapsed=5.4m
epoch=0 step=1030 loss=0.0655 elapsed=5.5m
epoch=0 step=1040 loss=0.2495 elapsed=5.5m
epoch=0 step=1050 loss=0.0798 elapsed=5.6m
epoch=0 step=1060 loss=0.0823 elapsed=5.7m
epoch=0 step=1070 loss=0.0965 elapsed=5.7m
epoch=0 step=1080 loss=0.0195 elapsed=5.8m
epoch=0 step=1090 loss=0.4791 elapsed=5.8m
epoch=0 step=1100 loss=0.1064 elapsed=5.9m
epoch=0 step=1110 loss=0.0242 elapsed=5.9m
epoch=0 step=1120 loss=0.0782 elapsed=6.0m
epoch=0 step=1130 loss=0.0688 elapsed=6.0m
epoch=0 step=1140 loss=0.0432 elapsed=6.1m
epoch=0 step=1150 loss=0.0934 elapsed=6.1m
epoch=0 step=1160 loss=0.0165 elapsed=6.2m
epoch=0 step=1170 loss=0.0232 elapsed=6.2m
epoch=0 step=1180 loss=0.1523 elapsed=6.3m
epoch=0 step=1190 loss=0.0791 elapsed=6.3m
epoch=0 step=1200 loss=0.0340 elapsed=6.4m
epoch=0 step=1210 loss=0.0316 elapsed=6.4m
epoch=0 step=1220 loss=0.0395 elapsed=6.5m
epoch=0 step=1230 loss=0.1541 elapsed=6.6m
epoch=0 step=1240 loss=0.0241 elapsed=6.6m
epoch=0 step=1250 loss=0.0933 elapsed=6.7m
epoch=0 step=1260 loss=0.0757 elapsed=6.7m
epoch=0 step=1270 loss=0.0793 elapsed=6.8m
epoch=0 step=1280 loss=0.0432 elapsed=6.8m
epoch=0 step=1290 loss=0.0155 elapsed=6.9m
epoch=0 step=1300 loss=0.0410 elapsed=6.9m
epoch=0 step=1310 loss=0.0876 elapsed=7.0m
epoch=0 step=1320 loss=0.0168 elapsed=7.0m
epoch=0 step=1330 loss=0.0189 elapsed=7.1m
epoch=0 step=1340 loss=0.3052 elapsed=7.1m
epoch=0 step=1350 loss=0.0617 elapsed=7.2m
epoch=0 step=1360 loss=0.0591 elapsed=7.2m
epoch=0 step=1370 loss=0.0244 elapsed=7.3m
epoch=0 step=1380 loss=0.0140 elapsed=7.4m
epoch=0 step=1390 loss=0.0181 elapsed=7.4m
epoch=0 step=1400 loss=0.0108 elapsed=7.5m
epoch=0 step=1410 loss=0.1385 elapsed=7.5m
epoch=0 step=1420 loss=0.0931 elapsed=7.6m
epoch=0 step=1430 loss=0.0097 elapsed=7.6m
epoch=0 step=1440 loss=0.0618 elapsed=7.7m
epoch=0 step=1450 loss=0.0072 elapsed=7.7m
epoch=0 step=1460 loss=0.0215 elapsed=7.8m
epoch=0 step=1470 loss=0.0708 elapsed=7.8m
epoch=0 step=1480 loss=0.0138 elapsed=7.9m
epoch=0 step=1490 loss=0.0163 elapsed=7.9m
epoch=0 step=1500 loss=0.1924 elapsed=8.0m
epoch=0 step=1510 loss=0.0522 elapsed=8.0m
epoch=0 step=1520 loss=0.1756 elapsed=8.1m
epoch=0 step=1530 loss=0.0358 elapsed=8.2m
epoch=0 validation loss=0.0774
Saved checkpoint: outputs/blt_gec/native/best.ckpt
Saved checkpoint: outputs/blt_gec/native/last.ckpt
epoch=1 step=1540 loss=0.0640 elapsed=11.6m
epoch=1 step=1550 loss=0.1375 elapsed=11.7m
epoch=1 step=1560 loss=0.1225 elapsed=11.7m
epoch=1 step=1570 loss=0.0243 elapsed=11.8m
epoch=1 step=1580 loss=0.0885 elapsed=11.8m
epoch=1 step=1590 loss=0.0666 elapsed=11.9m
epoch=1 step=1600 loss=0.0183 elapsed=11.9m
epoch=1 step=1610 loss=0.1658 elapsed=12.0m
epoch=1 step=1620 loss=0.2747 elapsed=12.0m
epoch=1 step=1630 loss=0.1483 elapsed=12.1m
epoch=1 step=1640 loss=0.0075 elapsed=12.2m
epoch=1 step=1650 loss=0.1961 elapsed=12.2m
epoch=1 step=1660 loss=0.0317 elapsed=12.3m
epoch=1 step=1670 loss=0.1944 elapsed=12.3m
epoch=1 step=1680 loss=0.0505 elapsed=12.4m
epoch=1 step=1690 loss=0.0050 elapsed=12.4m
epoch=1 step=1700 loss=0.0339 elapsed=12.5m
epoch=1 step=1710 loss=0.0125 elapsed=12.5m
epoch=1 step=1720 loss=0.3159 elapsed=12.6m
epoch=1 step=1730 loss=0.0662 elapsed=12.6m
epoch=1 step=1740 loss=0.0071 elapsed=12.7m
epoch=1 step=1750 loss=0.1419 elapsed=12.7m
epoch=1 step=1760 loss=0.0917 elapsed=12.8m
epoch=1 step=1770 loss=0.0048 elapsed=12.8m
epoch=1 step=1780 loss=0.0452 elapsed=12.9m
epoch=1 step=1790 loss=0.0502 elapsed=12.9m
epoch=1 step=1800 loss=0.0404 elapsed=13.0m
epoch=1 step=1810 loss=0.0184 elapsed=13.1m
epoch=1 step=1820 loss=0.0084 elapsed=13.1m
epoch=1 step=1830 loss=0.0256 elapsed=13.2m
epoch=1 step=1840 loss=0.0260 elapsed=13.2m
epoch=1 step=1850 loss=0.3363 elapsed=13.3m
epoch=1 step=1860 loss=0.1121 elapsed=13.3m
epoch=1 step=1870 loss=0.0163 elapsed=13.4m
epoch=1 step=1880 loss=0.0022 elapsed=13.4m
epoch=1 step=1890 loss=0.1250 elapsed=13.5m
epoch=1 step=1900 loss=0.0331 elapsed=13.5m
epoch=1 step=1910 loss=0.0053 elapsed=13.6m
epoch=1 step=1920 loss=0.0838 elapsed=13.6m
epoch=1 step=1930 loss=0.0219 elapsed=13.7m
epoch=1 step=1940 loss=0.0193 elapsed=13.7m
epoch=1 step=1950 loss=0.0279 elapsed=13.8m
epoch=1 step=1960 loss=0.1745 elapsed=13.9m
epoch=1 step=1970 loss=0.0095 elapsed=13.9m
epoch=1 step=1980 loss=0.0306 elapsed=14.0m
epoch=1 step=1990 loss=0.0406 elapsed=14.0m
epoch=1 step=2000 loss=0.0063 elapsed=14.1m
epoch=1 step=2010 loss=0.0476 elapsed=14.1m
epoch=1 step=2020 loss=0.0033 elapsed=14.2m
epoch=1 step=2030 loss=0.0253 elapsed=14.2m
epoch=1 step=2040 loss=0.0945 elapsed=14.3m
epoch=1 step=2050 loss=0.1294 elapsed=14.3m
epoch=1 step=2060 loss=0.0031 elapsed=14.4m
epoch=1 step=2070 loss=0.0156 elapsed=14.4m
epoch=1 step=2080 loss=0.0318 elapsed=14.5m
epoch=1 step=2090 loss=0.0209 elapsed=14.5m
epoch=1 step=2100 loss=0.0573 elapsed=14.6m
epoch=1 step=2110 loss=0.3943 elapsed=14.7m
epoch=1 step=2120 loss=0.0228 elapsed=14.7m
epoch=1 step=2130 loss=0.0564 elapsed=14.8m
epoch=1 step=2140 loss=0.0432 elapsed=14.8m
epoch=1 step=2150 loss=0.0370 elapsed=14.9m
epoch=1 step=2160 loss=0.0175 elapsed=14.9m
epoch=1 step=2170 loss=0.0038 elapsed=15.0m
epoch=1 step=2180 loss=0.2724 elapsed=15.0m
epoch=1 step=2190 loss=0.0185 elapsed=15.1m
epoch=1 step=2200 loss=0.0911 elapsed=15.1m
epoch=1 step=2210 loss=0.0090 elapsed=15.2m
epoch=1 step=2220 loss=0.0352 elapsed=15.2m
epoch=1 step=2230 loss=0.0008 elapsed=15.3m
epoch=1 step=2240 loss=0.2389 elapsed=15.3m
epoch=1 step=2250 loss=0.1405 elapsed=15.4m
epoch=1 step=2260 loss=0.0076 elapsed=15.4m
epoch=1 step=2270 loss=0.0056 elapsed=15.5m
epoch=1 step=2280 loss=0.0746 elapsed=15.6m
epoch=1 step=2290 loss=0.1846 elapsed=15.6m
epoch=1 step=2300 loss=0.0164 elapsed=15.7m
epoch=1 step=2310 loss=0.0134 elapsed=15.7m
epoch=1 step=2320 loss=0.0849 elapsed=15.8m
epoch=1 step=2330 loss=0.0123 elapsed=15.8m
epoch=1 step=2340 loss=0.0249 elapsed=15.9m
epoch=1 step=2350 loss=0.0146 elapsed=15.9m
epoch=1 step=2360 loss=0.1546 elapsed=16.0m
epoch=1 step=2370 loss=0.0411 elapsed=16.0m
epoch=1 step=2380 loss=0.1388 elapsed=16.1m
epoch=1 step=2390 loss=0.0026 elapsed=16.1m
epoch=1 step=2400 loss=0.1073 elapsed=16.2m
epoch=1 step=2410 loss=0.0092 elapsed=16.2m
epoch=1 step=2420 loss=0.1079 elapsed=16.3m
epoch=1 step=2430 loss=0.1586 elapsed=16.4m
epoch=1 step=2440 loss=0.0024 elapsed=16.4m
epoch=1 step=2450 loss=0.0133 elapsed=16.5m
epoch=1 step=2460 loss=0.0397 elapsed=16.5m
epoch=1 step=2470 loss=0.0368 elapsed=16.6m
epoch=1 step=2480 loss=0.0297 elapsed=16.6m
epoch=1 step=2490 loss=0.1496 elapsed=16.7m
epoch=1 step=2500 loss=0.0077 elapsed=16.7m
epoch=1 step=2510 loss=0.0030 elapsed=16.8m
epoch=1 step=2520 loss=0.0754 elapsed=16.8m
epoch=1 step=2530 loss=0.0386 elapsed=16.9m
epoch=1 step=2540 loss=0.0069 elapsed=16.9m
epoch=1 step=2550 loss=0.0250 elapsed=17.0m
epoch=1 step=2560 loss=0.0077 elapsed=17.0m
epoch=1 step=2570 loss=0.0723 elapsed=17.1m
epoch=1 step=2580 loss=0.0061 elapsed=17.1m
epoch=1 step=2590 loss=0.0173 elapsed=17.2m
epoch=1 step=2600 loss=0.0030 elapsed=17.3m
epoch=1 step=2610 loss=0.0148 elapsed=17.3m
epoch=1 step=2620 loss=0.0144 elapsed=17.4m
epoch=1 step=2630 loss=0.0203 elapsed=17.4m
epoch=1 step=2640 loss=0.0931 elapsed=17.5m
epoch=1 step=2650 loss=0.0122 elapsed=17.5m
epoch=1 step=2660 loss=0.0034 elapsed=17.6m
epoch=1 step=2670 loss=0.0091 elapsed=17.6m
epoch=1 step=2680 loss=0.0311 elapsed=17.7m
epoch=1 step=2690 loss=0.0127 elapsed=17.7m
epoch=1 step=2700 loss=0.0089 elapsed=17.8m
epoch=1 step=2710 loss=0.0064 elapsed=17.8m
epoch=1 step=2720 loss=0.0506 elapsed=17.9m
epoch=1 step=2730 loss=0.0215 elapsed=17.9m
epoch=1 step=2740 loss=0.0658 elapsed=18.0m
epoch=1 step=2750 loss=0.0223 elapsed=18.1m
epoch=1 step=2760 loss=0.0113 elapsed=18.1m
epoch=1 step=2770 loss=0.1428 elapsed=18.2m
epoch=1 step=2780 loss=0.2601 elapsed=18.2m
epoch=1 step=2790 loss=0.0043 elapsed=18.3m
epoch=1 step=2800 loss=0.0856 elapsed=18.3m
epoch=1 step=2810 loss=0.0203 elapsed=18.4m
epoch=1 step=2820 loss=0.0233 elapsed=18.4m
epoch=1 step=2830 loss=0.0089 elapsed=18.5m
epoch=1 step=2840 loss=0.0076 elapsed=18.5m
epoch=1 step=2850 loss=0.0025 elapsed=18.6m
epoch=1 step=2860 loss=0.0086 elapsed=18.6m
epoch=1 step=2870 loss=0.0223 elapsed=18.7m
epoch=1 step=2880 loss=0.0248 elapsed=18.7m
epoch=1 step=2890 loss=0.0190 elapsed=18.8m
epoch=1 step=2900 loss=0.0139 elapsed=18.9m
epoch=1 step=2910 loss=0.0014 elapsed=18.9m
epoch=1 step=2920 loss=0.0967 elapsed=19.0m
epoch=1 step=2930 loss=0.1389 elapsed=19.0m
epoch=1 step=2940 loss=0.0129 elapsed=19.1m
epoch=1 step=2950 loss=0.0269 elapsed=19.1m
epoch=1 step=2960 loss=0.0052 elapsed=19.2m
epoch=1 step=2970 loss=0.0018 elapsed=19.2m
epoch=1 step=2980 loss=0.0811 elapsed=19.3m
epoch=1 step=2990 loss=0.0829 elapsed=19.3m
epoch=1 step=3000 loss=0.0062 elapsed=19.4m
epoch=1 step=3010 loss=0.1172 elapsed=19.4m
epoch=1 step=3020 loss=0.0009 elapsed=19.5m
epoch=1 step=3030 loss=0.0097 elapsed=19.5m
epoch=1 step=3040 loss=0.0064 elapsed=19.6m
epoch=1 step=3050 loss=0.0428 elapsed=19.6m
epoch=1 step=3060 loss=0.1409 elapsed=19.7m
epoch=1 step=3070 loss=0.0081 elapsed=19.8m
epoch=1 validation loss=0.0598
Saved checkpoint: outputs/blt_gec/native/best.ckpt
Saved checkpoint: outputs/blt_gec/native/last.ckpt
Saved checkpoint: outputs/blt_gec/native/last.ckpt
epoch=2 step=3080 loss=0.0691 elapsed=23.7m
epoch=2 step=3090 loss=0.0129 elapsed=23.8m
epoch=2 step=3100 loss=0.0037 elapsed=23.8m
epoch=2 step=3110 loss=0.0012 elapsed=23.9m
epoch=2 step=3120 loss=0.0593 elapsed=23.9m
epoch=2 step=3130 loss=0.0360 elapsed=24.0m
epoch=2 step=3140 loss=0.0073 elapsed=24.0m
epoch=2 step=3150 loss=0.0183 elapsed=24.1m
epoch=2 step=3160 loss=0.0162 elapsed=24.1m
epoch=2 step=3170 loss=0.0373 elapsed=24.2m
epoch=2 step=3180 loss=0.0321 elapsed=24.2m
epoch=2 step=3190 loss=0.0047 elapsed=24.3m
epoch=2 step=3200 loss=0.0232 elapsed=24.3m
epoch=2 step=3210 loss=0.0387 elapsed=24.4m
epoch=2 step=3220 loss=0.0044 elapsed=24.4m
epoch=2 step=3230 loss=0.1119 elapsed=24.5m
epoch=2 step=3240 loss=0.0577 elapsed=24.5m
epoch=2 step=3250 loss=0.0031 elapsed=24.6m
epoch=2 step=3260 loss=0.1861 elapsed=24.6m
epoch=2 step=3270 loss=0.0037 elapsed=24.7m
epoch=2 step=3280 loss=0.0136 elapsed=24.7m
epoch=2 step=3290 loss=0.1460 elapsed=24.8m
epoch=2 step=3300 loss=0.0795 elapsed=24.9m
epoch=2 step=3310 loss=0.0011 elapsed=24.9m
epoch=2 step=3320 loss=0.0015 elapsed=25.0m
epoch=2 step=3330 loss=0.0712 elapsed=25.0m
epoch=2 step=3340 loss=0.0503 elapsed=25.1m
epoch=2 step=3350 loss=0.0716 elapsed=25.1m
epoch=2 step=3360 loss=0.0544 elapsed=25.2m
epoch=2 step=3370 loss=0.0625 elapsed=25.2m
epoch=2 step=3380 loss=0.0081 elapsed=25.3m
epoch=2 step=3390 loss=0.1213 elapsed=25.3m
epoch=2 step=3400 loss=0.0034 elapsed=25.4m
epoch=2 step=3410 loss=0.0008 elapsed=25.4m
epoch=2 step=3420 loss=0.0068 elapsed=25.5m
epoch=2 step=3430 loss=0.0074 elapsed=25.5m
epoch=2 step=3440 loss=0.0010 elapsed=25.6m
epoch=2 step=3450 loss=0.0216 elapsed=25.6m
epoch=2 step=3460 loss=0.0114 elapsed=25.7m
epoch=2 step=3470 loss=0.0538 elapsed=25.7m
epoch=2 step=3480 loss=0.0554 elapsed=25.8m
epoch=2 step=3490 loss=0.0405 elapsed=25.8m
epoch=2 step=3500 loss=0.0572 elapsed=25.9m
epoch=2 step=3510 loss=0.0038 elapsed=25.9m
epoch=2 step=3520 loss=0.0056 elapsed=26.0m
epoch=2 step=3530 loss=0.0283 elapsed=26.0m
epoch=2 step=3540 loss=0.0424 elapsed=26.1m
epoch=2 step=3550 loss=0.0804 elapsed=26.1m
epoch=2 step=3560 loss=0.0002 elapsed=26.2m
epoch=2 step=3570 loss=0.0008 elapsed=26.2m
epoch=2 step=3580 loss=0.0546 elapsed=26.3m
epoch=2 step=3590 loss=0.0267 elapsed=26.3m
epoch=2 step=3600 loss=0.1221 elapsed=26.4m
epoch=2 step=3610 loss=0.0054 elapsed=26.4m
epoch=2 step=3620 loss=0.1823 elapsed=26.5m
epoch=2 step=3630 loss=0.0042 elapsed=26.5m
epoch=2 step=3640 loss=0.0653 elapsed=26.6m
epoch=2 step=3650 loss=0.0019 elapsed=26.6m
epoch=2 step=3660 loss=0.0044 elapsed=26.7m
epoch=2 step=3670 loss=0.0316 elapsed=26.7m
epoch=2 step=3680 loss=0.0042 elapsed=26.8m
epoch=2 step=3690 loss=0.0088 elapsed=26.8m
epoch=2 step=3700 loss=0.0257 elapsed=26.9m
epoch=2 step=3710 loss=0.0886 elapsed=26.9m
epoch=2 step=3720 loss=0.0027 elapsed=27.0m
epoch=2 step=3730 loss=0.0026 elapsed=27.0m
epoch=2 step=3740 loss=0.0603 elapsed=27.1m
epoch=2 step=3750 loss=0.0532 elapsed=27.1m
epoch=2 step=3760 loss=0.0004 elapsed=27.2m
epoch=2 step=3770 loss=0.1657 elapsed=27.2m
epoch=2 step=3780 loss=0.0597 elapsed=27.3m
epoch=2 step=3790 loss=0.1068 elapsed=27.3m
epoch=2 step=3800 loss=0.1722 elapsed=27.4m
epoch=2 step=3810 loss=0.1083 elapsed=27.4m
epoch=2 step=3820 loss=0.0107 elapsed=27.5m
epoch=2 step=3830 loss=0.1353 elapsed=27.5m
epoch=2 step=3840 loss=0.0400 elapsed=27.6m
epoch=2 step=3850 loss=0.0030 elapsed=27.6m
epoch=2 step=3860 loss=0.0002 elapsed=27.7m
epoch=2 step=3870 loss=0.0087 elapsed=27.7m
epoch=2 step=3880 loss=0.0064 elapsed=27.8m
epoch=2 step=3890 loss=0.0259 elapsed=27.9m
epoch=2 step=3900 loss=0.0114 elapsed=27.9m
epoch=2 step=3910 loss=0.1768 elapsed=28.0m
epoch=2 step=3920 loss=0.0002 elapsed=28.0m
epoch=2 step=3930 loss=0.0027 elapsed=28.1m
epoch=2 step=3940 loss=0.0554 elapsed=28.1m
epoch=2 step=3950 loss=0.0022 elapsed=28.2m
epoch=2 step=3960 loss=0.0546 elapsed=28.2m
epoch=2 step=3970 loss=0.0037 elapsed=28.3m
epoch=2 step=3980 loss=0.0010 elapsed=28.3m
epoch=2 step=3990 loss=0.0021 elapsed=28.4m
epoch=2 step=4000 loss=0.0060 elapsed=28.4m
epoch=2 step=4010 loss=0.0204 elapsed=28.5m
epoch=2 step=4020 loss=0.0055 elapsed=28.5m
epoch=2 step=4030 loss=0.1909 elapsed=28.6m
epoch=2 step=4040 loss=0.0594 elapsed=28.6m
epoch=2 step=4050 loss=0.0079 elapsed=28.7m
epoch=2 step=4060 loss=0.2581 elapsed=28.7m
epoch=2 step=4070 loss=0.0031 elapsed=28.8m
epoch=2 step=4080 loss=0.0158 elapsed=28.8m
epoch=2 step=4090 loss=0.0934 elapsed=28.9m
epoch=2 step=4100 loss=0.0147 elapsed=28.9m
epoch=2 step=4110 loss=0.0089 elapsed=29.0m
epoch=2 step=4120 loss=0.0075 elapsed=29.0m
epoch=2 step=4130 loss=0.0039 elapsed=29.1m
epoch=2 step=4140 loss=0.0686 elapsed=29.1m
epoch=2 step=4150 loss=0.0107 elapsed=29.2m
epoch=2 step=4160 loss=0.0073 elapsed=29.2m
epoch=2 step=4170 loss=0.0242 elapsed=29.3m
epoch=2 step=4180 loss=0.0002 elapsed=29.3m
epoch=2 step=4190 loss=0.0253 elapsed=29.4m
epoch=2 step=4200 loss=0.0013 elapsed=29.4m
epoch=2 step=4210 loss=0.0009 elapsed=29.5m
epoch=2 step=4220 loss=0.0037 elapsed=29.5m
epoch=2 step=4230 loss=0.0114 elapsed=29.6m
epoch=2 step=4240 loss=0.0137 elapsed=29.6m
epoch=2 step=4250 loss=0.0549 elapsed=29.7m
epoch=2 step=4260 loss=0.0013 elapsed=29.7m
epoch=2 step=4270 loss=0.0047 elapsed=29.8m
epoch=2 step=4280 loss=0.1064 elapsed=29.8m
epoch=2 step=4290 loss=0.2900 elapsed=29.9m
epoch=2 step=4300 loss=0.0166 elapsed=29.9m
epoch=2 step=4310 loss=0.1282 elapsed=30.0m
epoch=2 step=4320 loss=0.0142 elapsed=30.0m
epoch=2 step=4330 loss=0.0029 elapsed=30.1m
epoch=2 step=4340 loss=0.0347 elapsed=30.1m
epoch=2 step=4350 loss=0.1186 elapsed=30.2m
epoch=2 step=4360 loss=0.1948 elapsed=30.2m
epoch=2 step=4370 loss=0.0684 elapsed=30.3m
epoch=2 step=4380 loss=0.0029 elapsed=30.3m
epoch=2 step=4390 loss=0.0729 elapsed=30.4m
epoch=2 step=4400 loss=0.0093 elapsed=30.4m
epoch=2 step=4410 loss=0.0030 elapsed=30.5m
epoch=2 step=4420 loss=0.0314 elapsed=30.5m
epoch=2 step=4430 loss=0.0162 elapsed=30.6m
epoch=2 step=4440 loss=0.0164 elapsed=30.6m
epoch=2 step=4450 loss=0.1170 elapsed=30.7m
epoch=2 step=4460 loss=0.0052 elapsed=30.7m
epoch=2 step=4470 loss=0.1239 elapsed=30.8m
epoch=2 step=4480 loss=0.0028 elapsed=30.8m
epoch=2 step=4490 loss=0.0924 elapsed=30.9m
epoch=2 step=4500 loss=0.0421 elapsed=30.9m
epoch=2 step=4510 loss=0.0021 elapsed=31.0m
epoch=2 step=4520 loss=0.0012 elapsed=31.0m
epoch=2 step=4530 loss=0.0122 elapsed=31.1m
epoch=2 step=4540 loss=0.0016 elapsed=31.1m
epoch=2 step=4550 loss=0.0308 elapsed=31.2m
epoch=2 step=4560 loss=0.0349 elapsed=31.3m
epoch=2 step=4570 loss=0.0050 elapsed=31.3m
epoch=2 step=4580 loss=0.0294 elapsed=31.4m
epoch=2 step=4590 loss=0.0985 elapsed=31.4m
epoch=2 step=4600 loss=0.0113 elapsed=31.5m
epoch=2 step=4610 loss=0.0482 elapsed=31.5m
epoch=2 validation loss=0.0597
Saved checkpoint: outputs/blt_gec/native/best.ckpt
Saved checkpoint: outputs/blt_gec/native/last.ckpt
Training complete.
End Time: Tue Jun  9 02:45:09 KST 2026
