==========================================
SLURM_JOB_ID = 753864
SLURM_NODELIST = gpu42
==========================================
Job ID: 753864
Node: gpu42
CUDA_VISIBLE_DEVICES: 0,1
Start Time: Wed Jun 10 05:51:16 KST 2026
Submit Dir: /scratch/r984a02/PHDQ2
Partition: amd_a100nv_8
Requested GPUs: 2
Requested CPU cores per task: 8
Python: /home01/r984a02/.conda/envs/phdq_blt/bin/python
/home01/r984a02/.conda/envs/phdq_blt/lib/python3.12/site-packages/torch/cuda/__init__.py:61: FutureWarning: The pynvml package is deprecated. Please install nvidia-ml-py instead. If you did not install pynvml directly, please report this to the maintainers of the package that installed pynvml for you.
  import pynvml  # type: ignore[import]
Torch: 2.5.1+cu121
NumPy: 2.4.6
Visible CUDA device count: 2
/home01/r984a02/.conda/envs/phdq_blt/lib/python3.12/site-packages/torch/cuda/__init__.py:61: FutureWarning: The pynvml package is deprecated. Please install nvidia-ml-py instead. If you did not install pynvml directly, please report this to the maintainers of the package that installed pynvml for you.
  import pynvml  # type: ignore[import]
Reference BLT import path: /scratch/r984a02/PHDQ2/reference_code/blt
Checkpoint is loadable: outputs/blt_gec/learner/last.ckpt
Resuming from explicit checkpoint: outputs/blt_gec/learner/last.ckpt
Starting reference BLT-GEC fine-tuning on learner dataset...
BLT lr: 1e-5
BLT weight_decay: 0.1
BLT Adam betas: (0.9, 0.95)
BLT scheduler: cosine
BLT warmup_steps: 2000
BLT num_beams: 4
BLT NUM_GPUS: 2
Device: cuda:0
Distributed: True rank=0 world_size=2
Backend: reference_blt
Reference BLT code: /scratch/r984a02/PHDQ2/reference_code/blt
BLT repo: facebook/blt-1b
Entropy repo: facebook/blt-entropy
Train: /scratch/r984a02/PHDQ2/data/Preprocessed/korean_learner/korean_learner_train.txt
Val:   /scratch/r984a02/PHDQ2/data/Preprocessed/korean_learner/korean_learner_val.txt
Test:  /scratch/r984a02/PHDQ2/data/Preprocessed/korean_learner/korean_learner_test.txt
DDP: world_size=2, grad_accum 4 -> 2, effective_batch_size=4
Loaded checkpoint: outputs/blt_gec/learner/last.ckpt (epoch=4, global_step=10254)
epoch=4 step=10260 loss=0.1418 elapsed=0.2m
epoch=4 step=10270 loss=0.0330 elapsed=0.3m
epoch=4 step=10280 loss=0.0880 elapsed=0.4m
epoch=4 step=10290 loss=0.1164 elapsed=0.5m
epoch=4 step=10300 loss=0.0408 elapsed=0.6m
epoch=4 step=10310 loss=0.1173 elapsed=0.7m
epoch=4 step=10320 loss=0.0505 elapsed=0.9m
epoch=4 step=10330 loss=0.1872 elapsed=1.0m
epoch=4 step=10340 loss=0.0904 elapsed=1.1m
epoch=4 step=10350 loss=0.0539 elapsed=1.2m
epoch=4 step=10360 loss=0.0127 elapsed=1.3m
epoch=4 step=10370 loss=0.0373 elapsed=1.4m
epoch=4 step=10380 loss=0.0981 elapsed=1.5m
epoch=4 step=10390 loss=0.0135 elapsed=1.6m
epoch=4 step=10400 loss=0.3633 elapsed=1.7m
epoch=4 step=10410 loss=0.1115 elapsed=1.8m
epoch=4 step=10420 loss=0.2721 elapsed=1.9m
epoch=4 step=10430 loss=0.1073 elapsed=2.1m
epoch=4 step=10440 loss=0.0423 elapsed=2.2m
epoch=4 step=10450 loss=0.0869 elapsed=2.3m
epoch=4 step=10460 loss=0.2588 elapsed=2.4m
epoch=4 step=10470 loss=0.0952 elapsed=2.5m
epoch=4 step=10480 loss=0.0240 elapsed=2.6m
epoch=4 step=10490 loss=0.1449 elapsed=2.7m
epoch=4 step=10500 loss=0.0992 elapsed=2.8m
epoch=4 step=10510 loss=0.0855 elapsed=2.9m
epoch=4 step=10520 loss=0.3108 elapsed=3.0m
epoch=4 step=10530 loss=0.0937 elapsed=3.1m
epoch=4 step=10540 loss=0.0350 elapsed=3.2m
epoch=4 step=10550 loss=0.1080 elapsed=3.4m
epoch=4 step=10560 loss=0.1925 elapsed=3.5m
epoch=4 step=10570 loss=0.0449 elapsed=3.6m
epoch=4 step=10580 loss=0.0089 elapsed=3.7m
epoch=4 step=10590 loss=0.0212 elapsed=3.8m
epoch=4 step=10600 loss=0.1787 elapsed=3.9m
epoch=4 step=10610 loss=0.2494 elapsed=4.0m
epoch=4 step=10620 loss=0.1736 elapsed=4.1m
epoch=4 step=10630 loss=0.0696 elapsed=4.2m
epoch=4 step=10640 loss=0.0699 elapsed=4.3m
epoch=4 step=10650 loss=0.0527 elapsed=4.4m
epoch=4 step=10660 loss=0.0885 elapsed=4.6m
epoch=4 step=10670 loss=0.0969 elapsed=4.7m
epoch=4 step=10680 loss=0.0995 elapsed=4.8m
epoch=4 step=10690 loss=0.2948 elapsed=4.9m
epoch=4 step=10700 loss=0.0207 elapsed=5.0m
epoch=4 step=10710 loss=0.1966 elapsed=5.1m
epoch=4 step=10720 loss=0.0455 elapsed=5.2m
epoch=4 step=10730 loss=0.0298 elapsed=5.3m
epoch=4 step=10740 loss=0.0266 elapsed=5.4m
epoch=4 step=10750 loss=0.1351 elapsed=5.5m
epoch=4 step=10760 loss=0.2137 elapsed=5.6m
epoch=4 step=10770 loss=0.0781 elapsed=5.8m
epoch=4 step=10780 loss=0.0659 elapsed=5.9m
epoch=4 step=10790 loss=0.1267 elapsed=6.0m
epoch=4 step=10800 loss=0.2173 elapsed=6.1m
epoch=4 step=10810 loss=0.3667 elapsed=6.2m
epoch=4 step=10820 loss=0.1071 elapsed=6.3m
epoch=4 step=10830 loss=0.1276 elapsed=6.4m
epoch=4 step=10840 loss=0.0378 elapsed=6.5m
epoch=4 step=10850 loss=0.0768 elapsed=6.6m
epoch=4 step=10860 loss=0.0374 elapsed=6.7m
epoch=4 step=10870 loss=0.0913 elapsed=6.8m
epoch=4 step=10880 loss=0.0470 elapsed=7.0m
epoch=4 step=10890 loss=0.0706 elapsed=7.1m
epoch=4 step=10900 loss=0.0854 elapsed=7.2m
epoch=4 step=10910 loss=0.1147 elapsed=7.3m
epoch=4 step=10920 loss=0.0149 elapsed=7.4m
epoch=4 step=10930 loss=0.0292 elapsed=7.5m
epoch=4 step=10940 loss=0.1554 elapsed=7.6m
epoch=4 step=10950 loss=0.0776 elapsed=7.7m
epoch=4 step=10960 loss=0.0221 elapsed=7.8m
epoch=4 step=10970 loss=0.0472 elapsed=7.9m
epoch=4 step=10980 loss=0.1604 elapsed=8.0m
epoch=4 step=10990 loss=0.0794 elapsed=8.2m
epoch=4 step=11000 loss=0.1327 elapsed=8.3m
epoch=4 step=11010 loss=0.1429 elapsed=8.4m
epoch=4 step=11020 loss=0.0374 elapsed=8.5m
epoch=4 step=11030 loss=0.0226 elapsed=8.6m
epoch=4 step=11040 loss=0.0144 elapsed=8.7m
epoch=4 step=11050 loss=0.2024 elapsed=8.8m
epoch=4 step=11060 loss=0.1396 elapsed=8.9m
epoch=4 step=11070 loss=0.0395 elapsed=9.0m
epoch=4 step=11080 loss=0.0492 elapsed=9.1m
epoch=4 step=11090 loss=0.0181 elapsed=9.3m
epoch=4 step=11100 loss=0.0300 elapsed=9.4m
epoch=4 step=11110 loss=0.0295 elapsed=9.5m
epoch=4 step=11120 loss=0.0548 elapsed=9.6m
epoch=4 step=11130 loss=0.0734 elapsed=9.7m
epoch=4 step=11140 loss=0.1793 elapsed=9.8m
epoch=4 step=11150 loss=0.0838 elapsed=9.9m
epoch=4 step=11160 loss=0.1286 elapsed=10.0m
epoch=4 step=11170 loss=0.1898 elapsed=10.1m
epoch=4 step=11180 loss=0.0364 elapsed=10.2m
epoch=4 step=11190 loss=0.0169 elapsed=10.3m
epoch=4 step=11200 loss=0.0102 elapsed=10.4m
epoch=4 step=11210 loss=0.0253 elapsed=10.6m
epoch=4 step=11220 loss=0.0585 elapsed=10.7m
epoch=4 step=11230 loss=0.0269 elapsed=10.8m
epoch=4 step=11240 loss=0.0569 elapsed=10.9m
epoch=4 step=11250 loss=0.0139 elapsed=11.0m
epoch=4 step=11260 loss=0.0009 elapsed=11.1m
epoch=4 step=11270 loss=0.2532 elapsed=11.2m
epoch=4 step=11280 loss=0.1223 elapsed=11.3m
epoch=4 step=11290 loss=0.0472 elapsed=11.4m
epoch=4 step=11300 loss=0.1035 elapsed=11.5m
epoch=4 step=11310 loss=0.1352 elapsed=11.6m
epoch=4 step=11320 loss=0.0786 elapsed=11.7m
epoch=4 step=11330 loss=0.0950 elapsed=11.9m
epoch=4 step=11340 loss=0.0761 elapsed=12.0m
epoch=4 step=11350 loss=0.0905 elapsed=12.1m
epoch=4 step=11360 loss=0.3308 elapsed=12.2m
epoch=4 step=11370 loss=0.0586 elapsed=12.3m
epoch=4 step=11380 loss=0.1973 elapsed=12.4m
epoch=4 step=11390 loss=0.0143 elapsed=12.5m
epoch=4 step=11400 loss=0.0533 elapsed=12.6m
epoch=4 step=11410 loss=0.0176 elapsed=12.7m
epoch=4 step=11420 loss=0.0760 elapsed=12.8m
epoch=4 step=11430 loss=0.0268 elapsed=12.9m
epoch=4 step=11440 loss=0.0210 elapsed=13.0m
epoch=4 step=11450 loss=0.1129 elapsed=13.2m
epoch=4 step=11460 loss=0.2319 elapsed=13.3m
epoch=4 step=11470 loss=0.0760 elapsed=13.4m
epoch=4 step=11480 loss=0.1522 elapsed=13.5m
epoch=4 step=11490 loss=0.1108 elapsed=13.6m
epoch=4 step=11500 loss=0.0701 elapsed=13.7m
epoch=4 step=11510 loss=0.0071 elapsed=13.8m
epoch=4 step=11520 loss=0.1235 elapsed=13.9m
epoch=4 step=11530 loss=0.1237 elapsed=14.0m
epoch=4 step=11540 loss=0.1163 elapsed=14.1m
epoch=4 step=11550 loss=0.0781 elapsed=14.2m
epoch=4 step=11560 loss=0.0809 elapsed=14.3m
epoch=4 step=11570 loss=0.1659 elapsed=14.5m
epoch=4 step=11580 loss=0.1278 elapsed=14.6m
epoch=4 step=11590 loss=0.0202 elapsed=14.7m
epoch=4 step=11600 loss=0.1249 elapsed=14.8m
epoch=4 step=11610 loss=0.0450 elapsed=14.9m
epoch=4 step=11620 loss=0.0914 elapsed=15.0m
epoch=4 step=11630 loss=0.0254 elapsed=15.1m
epoch=4 step=11640 loss=0.0530 elapsed=15.2m
epoch=4 step=11650 loss=0.2042 elapsed=15.3m
epoch=4 step=11660 loss=0.0705 elapsed=15.4m
epoch=4 step=11670 loss=0.0655 elapsed=15.5m
epoch=4 step=11680 loss=0.0483 elapsed=15.6m
epoch=4 step=11690 loss=0.2199 elapsed=15.7m
epoch=4 step=11700 loss=0.0441 elapsed=15.9m
epoch=4 step=11710 loss=0.0145 elapsed=16.0m
epoch=4 step=11720 loss=0.0847 elapsed=16.1m
epoch=4 step=11730 loss=0.0381 elapsed=16.2m
epoch=4 step=11740 loss=0.2413 elapsed=16.3m
epoch=4 step=11750 loss=0.0878 elapsed=16.4m
epoch=4 step=11760 loss=0.1166 elapsed=16.5m
epoch=4 step=11770 loss=0.0072 elapsed=16.6m
epoch=4 step=11780 loss=0.0353 elapsed=16.7m
epoch=4 step=11790 loss=0.0403 elapsed=16.8m
epoch=4 step=11800 loss=0.2766 elapsed=16.9m
epoch=4 step=11810 loss=0.2609 elapsed=17.0m
epoch=4 step=11820 loss=0.0498 elapsed=17.2m
epoch=4 step=11830 loss=0.1180 elapsed=17.3m
epoch=4 step=11840 loss=0.0209 elapsed=17.4m
epoch=4 step=11850 loss=0.3847 elapsed=17.5m
epoch=4 step=11860 loss=0.1583 elapsed=17.6m
epoch=4 step=11870 loss=0.1848 elapsed=17.7m
epoch=4 step=11880 loss=0.0068 elapsed=17.8m
epoch=4 step=11890 loss=0.2133 elapsed=17.9m
epoch=4 step=11900 loss=0.2880 elapsed=18.0m
epoch=4 step=11910 loss=0.0485 elapsed=18.1m
epoch=4 step=11920 loss=0.1541 elapsed=18.2m
epoch=4 step=11930 loss=0.0758 elapsed=18.3m
epoch=4 step=11940 loss=0.1181 elapsed=18.4m
epoch=4 step=11950 loss=0.1199 elapsed=18.6m
epoch=4 step=11960 loss=0.0775 elapsed=18.7m
epoch=4 step=11970 loss=0.0883 elapsed=18.8m
epoch=4 step=11980 loss=0.0243 elapsed=18.9m
epoch=4 step=11990 loss=0.1172 elapsed=19.0m
epoch=4 step=12000 loss=0.3085 elapsed=19.1m
epoch=4 step=12010 loss=0.0552 elapsed=19.2m
epoch=4 step=12020 loss=0.0784 elapsed=19.3m
epoch=4 step=12030 loss=0.1096 elapsed=19.4m
epoch=4 step=12040 loss=0.0951 elapsed=19.5m
epoch=4 step=12050 loss=0.0878 elapsed=19.6m
epoch=4 step=12060 loss=0.0740 elapsed=19.7m
epoch=4 step=12070 loss=0.0095 elapsed=19.9m
epoch=4 step=12080 loss=0.0050 elapsed=20.0m
Saved checkpoint: outputs/blt_gec/learner/last.ckpt
epoch=4 step=12090 loss=0.0224 elapsed=21.0m
epoch=4 step=12100 loss=0.0565 elapsed=21.1m
epoch=4 step=12110 loss=0.0799 elapsed=21.3m
epoch=4 step=12120 loss=0.1406 elapsed=21.4m
epoch=4 step=12130 loss=0.0076 elapsed=21.5m
epoch=4 step=12140 loss=0.0802 elapsed=21.6m
epoch=4 step=12150 loss=0.0470 elapsed=21.7m
epoch=4 step=12160 loss=0.0387 elapsed=21.8m
epoch=4 step=12170 loss=0.0162 elapsed=21.9m
epoch=4 step=12180 loss=0.0339 elapsed=22.0m
epoch=4 step=12190 loss=0.0432 elapsed=22.1m
epoch=4 step=12200 loss=0.0195 elapsed=22.2m
epoch=4 step=12210 loss=0.0484 elapsed=22.3m
epoch=4 step=12220 loss=0.0079 elapsed=22.4m
epoch=4 step=12230 loss=0.0303 elapsed=22.6m
epoch=4 step=12240 loss=0.0321 elapsed=22.7m
epoch=4 step=12250 loss=0.1158 elapsed=22.8m
epoch=4 step=12260 loss=0.0254 elapsed=22.9m
epoch=4 step=12270 loss=0.1839 elapsed=23.0m
epoch=4 step=12280 loss=0.0170 elapsed=23.1m
epoch=4 step=12290 loss=0.1122 elapsed=23.2m
epoch=4 step=12300 loss=0.0821 elapsed=23.3m
epoch=4 step=12310 loss=0.0749 elapsed=23.4m
epoch=4 step=12320 loss=0.0953 elapsed=23.5m
epoch=4 step=12330 loss=0.1636 elapsed=23.6m
epoch=4 step=12340 loss=0.0929 elapsed=23.7m
epoch=4 step=12350 loss=0.0312 elapsed=23.8m
epoch=4 step=12360 loss=0.0079 elapsed=24.0m
epoch=4 step=12370 loss=0.0875 elapsed=24.1m
epoch=4 step=12380 loss=0.1009 elapsed=24.2m
epoch=4 step=12390 loss=0.0344 elapsed=24.3m
epoch=4 step=12400 loss=0.1195 elapsed=24.4m
epoch=4 step=12410 loss=0.1139 elapsed=24.5m
epoch=4 step=12420 loss=0.0604 elapsed=24.6m
epoch=4 step=12430 loss=0.0505 elapsed=24.7m
epoch=4 step=12440 loss=0.0274 elapsed=24.8m
epoch=4 step=12450 loss=0.1397 elapsed=24.9m
epoch=4 step=12460 loss=0.1011 elapsed=25.0m
epoch=4 step=12470 loss=0.2606 elapsed=25.1m
epoch=4 step=12480 loss=0.1462 elapsed=25.3m
epoch=4 step=12490 loss=0.0689 elapsed=25.4m
epoch=4 step=12500 loss=0.0070 elapsed=25.5m
epoch=4 step=12510 loss=0.0361 elapsed=25.6m
epoch=4 step=12520 loss=0.0605 elapsed=25.7m
epoch=4 step=12530 loss=0.1549 elapsed=25.8m
epoch=4 step=12540 loss=0.0218 elapsed=25.9m
epoch=4 step=12550 loss=0.0401 elapsed=26.0m
epoch=4 step=12560 loss=0.0053 elapsed=26.1m
epoch=4 step=12570 loss=0.0617 elapsed=26.2m
epoch=4 step=12580 loss=0.3237 elapsed=26.3m
epoch=4 step=12590 loss=0.0762 elapsed=26.4m
epoch=4 step=12600 loss=0.0633 elapsed=26.6m
epoch=4 step=12610 loss=0.0352 elapsed=26.7m
epoch=4 step=12620 loss=0.0777 elapsed=26.8m
epoch=4 step=12630 loss=0.1201 elapsed=26.9m
epoch=4 step=12640 loss=0.0907 elapsed=27.0m
epoch=4 step=12650 loss=0.1893 elapsed=27.1m
epoch=4 step=12660 loss=0.0182 elapsed=27.2m
epoch=4 step=12670 loss=0.3897 elapsed=27.3m
epoch=4 step=12680 loss=0.0483 elapsed=27.4m
epoch=4 step=12690 loss=0.1257 elapsed=27.5m
epoch=4 step=12700 loss=0.0232 elapsed=27.6m
epoch=4 step=12710 loss=0.0616 elapsed=27.7m
epoch=4 step=12720 loss=0.0849 elapsed=27.9m
epoch=4 step=12730 loss=0.0819 elapsed=28.0m
epoch=4 step=12740 loss=0.2494 elapsed=28.1m
epoch=4 step=12750 loss=0.1078 elapsed=28.2m
epoch=4 step=12760 loss=0.0778 elapsed=28.3m
epoch=4 step=12770 loss=0.0888 elapsed=28.4m
epoch=4 step=12780 loss=0.1101 elapsed=28.5m
epoch=4 step=12790 loss=0.2398 elapsed=28.6m
epoch=4 step=12800 loss=0.0845 elapsed=28.7m
epoch=4 step=12810 loss=0.0248 elapsed=28.8m
epoch=4 step=12820 loss=0.0990 elapsed=28.9m
epoch=4 step=12830 loss=0.0967 elapsed=29.0m
epoch=4 step=12840 loss=0.0628 elapsed=29.1m
epoch=4 step=12850 loss=0.0707 elapsed=29.3m
epoch=4 step=12860 loss=0.0243 elapsed=29.4m
epoch=4 step=12870 loss=0.0810 elapsed=29.5m
epoch=4 step=12880 loss=0.3719 elapsed=29.6m
epoch=4 step=12890 loss=0.1137 elapsed=29.7m
epoch=4 step=12900 loss=0.1529 elapsed=29.8m
epoch=4 step=12910 loss=0.5626 elapsed=29.9m
epoch=4 step=12920 loss=0.0485 elapsed=30.0m
epoch=4 step=12930 loss=0.0251 elapsed=30.1m
epoch=4 step=12940 loss=0.1316 elapsed=30.2m
epoch=4 step=12950 loss=0.0356 elapsed=30.3m
epoch=4 step=12960 loss=0.0131 elapsed=30.4m
epoch=4 step=12970 loss=0.0354 elapsed=30.6m
epoch=4 step=12980 loss=0.0994 elapsed=30.7m
epoch=4 step=12990 loss=0.0165 elapsed=30.8m
epoch=4 step=13000 loss=0.0088 elapsed=30.9m
epoch=4 step=13010 loss=0.0440 elapsed=31.0m
epoch=4 step=13020 loss=0.1129 elapsed=31.1m
epoch=4 step=13030 loss=0.0549 elapsed=31.2m
epoch=4 step=13040 loss=0.1898 elapsed=31.3m
epoch=4 step=13050 loss=0.1871 elapsed=31.4m
epoch=4 step=13060 loss=0.2492 elapsed=31.5m
epoch=4 step=13070 loss=0.1831 elapsed=31.6m
epoch=4 step=13080 loss=0.1999 elapsed=31.7m
epoch=4 step=13090 loss=0.3099 elapsed=31.9m
epoch=4 step=13100 loss=0.0845 elapsed=32.0m
epoch=4 step=13110 loss=0.0952 elapsed=32.1m
epoch=4 step=13120 loss=0.0098 elapsed=32.2m
epoch=4 step=13130 loss=0.1021 elapsed=32.3m
epoch=4 step=13140 loss=0.0168 elapsed=32.4m
epoch=4 step=13150 loss=0.0170 elapsed=32.5m
epoch=4 step=13160 loss=0.0270 elapsed=32.6m
epoch=4 step=13170 loss=0.0078 elapsed=32.7m
epoch=4 step=13180 loss=0.2052 elapsed=32.8m
epoch=4 step=13190 loss=0.2560 elapsed=32.9m
epoch=4 step=13200 loss=0.1635 elapsed=33.0m
epoch=4 step=13210 loss=0.0046 elapsed=33.2m
epoch=4 step=13220 loss=0.0032 elapsed=33.3m
epoch=4 step=13230 loss=0.0578 elapsed=33.4m
epoch=4 step=13240 loss=0.0678 elapsed=33.5m
epoch=4 step=13250 loss=0.0706 elapsed=33.6m
epoch=4 step=13260 loss=0.0523 elapsed=33.7m
epoch=4 step=13270 loss=0.0280 elapsed=33.8m
epoch=4 step=13280 loss=0.2024 elapsed=33.9m
epoch=4 step=13290 loss=0.3496 elapsed=34.0m
epoch=4 step=13300 loss=0.1232 elapsed=34.1m
epoch=4 step=13310 loss=0.0235 elapsed=34.2m
epoch=4 step=13320 loss=0.0408 elapsed=34.3m
epoch=4 step=13330 loss=0.2452 elapsed=34.5m
epoch=4 step=13340 loss=0.0219 elapsed=34.6m
epoch=4 step=13350 loss=0.0530 elapsed=34.7m
epoch=4 step=13360 loss=0.2472 elapsed=34.8m
epoch=4 step=13370 loss=0.0605 elapsed=34.9m
epoch=4 step=13380 loss=0.1746 elapsed=35.0m
epoch=4 step=13390 loss=0.2258 elapsed=35.1m
epoch=4 step=13400 loss=0.0295 elapsed=35.2m
epoch=4 step=13410 loss=0.1670 elapsed=35.3m
epoch=4 step=13420 loss=0.1095 elapsed=35.4m
epoch=4 step=13430 loss=0.0999 elapsed=35.5m
epoch=4 step=13440 loss=0.0887 elapsed=35.6m
epoch=4 step=13450 loss=0.0419 elapsed=35.8m
epoch=4 step=13460 loss=0.1243 elapsed=35.9m
epoch=4 step=13470 loss=0.3898 elapsed=36.0m
epoch=4 step=13480 loss=0.1106 elapsed=36.1m
epoch=4 step=13490 loss=0.0063 elapsed=36.2m
epoch=4 step=13500 loss=0.0559 elapsed=36.3m
epoch=4 step=13510 loss=0.1038 elapsed=36.4m
epoch=4 step=13520 loss=0.1580 elapsed=36.5m
epoch=4 step=13530 loss=0.3521 elapsed=36.6m
epoch=4 step=13540 loss=0.0973 elapsed=36.7m
epoch=4 step=13550 loss=0.1804 elapsed=36.8m
epoch=4 step=13560 loss=0.0449 elapsed=36.9m
epoch=4 step=13570 loss=0.2890 elapsed=37.1m
epoch=4 step=13580 loss=0.0535 elapsed=37.2m
epoch=4 step=13590 loss=0.0940 elapsed=37.3m
epoch=4 step=13600 loss=0.0037 elapsed=37.4m
epoch=4 step=13610 loss=0.0135 elapsed=37.5m
epoch=4 step=13620 loss=0.0412 elapsed=37.6m
epoch=4 step=13630 loss=0.0707 elapsed=37.7m
epoch=4 step=13640 loss=0.0046 elapsed=37.8m
epoch=4 step=13650 loss=0.2491 elapsed=37.9m
epoch=4 step=13660 loss=0.0400 elapsed=38.0m
epoch=4 step=13670 loss=0.7593 elapsed=38.1m
epoch=4 step=13680 loss=0.1165 elapsed=38.2m
epoch=4 step=13690 loss=0.1344 elapsed=38.4m
epoch=4 step=13700 loss=0.2095 elapsed=38.5m
epoch=4 step=13710 loss=0.0097 elapsed=38.6m
epoch=4 step=13720 loss=0.0361 elapsed=38.7m
epoch=4 step=13730 loss=0.0160 elapsed=38.8m
epoch=4 step=13740 loss=0.3116 elapsed=38.9m
epoch=4 step=13750 loss=0.1244 elapsed=39.0m
epoch=4 step=13760 loss=0.0381 elapsed=39.1m
epoch=4 step=13770 loss=0.1950 elapsed=39.2m
epoch=4 step=13780 loss=0.0850 elapsed=39.3m
epoch=4 step=13790 loss=0.1558 elapsed=39.4m
epoch=4 step=13800 loss=0.1038 elapsed=39.5m
epoch=4 step=13810 loss=0.1205 elapsed=39.6m
epoch=4 step=13820 loss=0.2266 elapsed=39.8m
epoch=4 step=13830 loss=0.0848 elapsed=39.9m
epoch=4 step=13840 loss=0.0065 elapsed=40.0m
Saved checkpoint: outputs/blt_gec/learner/last.ckpt
epoch=4 step=13850 loss=0.2005 elapsed=41.0m
epoch=4 step=13860 loss=0.0079 elapsed=41.1m
epoch=4 step=13870 loss=0.1190 elapsed=41.2m
epoch=4 step=13880 loss=0.1632 elapsed=41.3m
epoch=4 step=13890 loss=0.0761 elapsed=41.4m
epoch=4 step=13900 loss=0.0258 elapsed=41.5m
epoch=4 step=13910 loss=0.0139 elapsed=41.6m
epoch=4 step=13920 loss=0.1438 elapsed=41.8m
epoch=4 step=13930 loss=0.0332 elapsed=41.9m
epoch=4 step=13940 loss=0.4160 elapsed=42.0m
epoch=4 step=13950 loss=0.2575 elapsed=42.1m
epoch=4 step=13960 loss=0.0132 elapsed=42.2m
epoch=4 step=13970 loss=0.1172 elapsed=42.3m
epoch=4 step=13980 loss=0.0051 elapsed=42.4m
epoch=4 step=13990 loss=0.0990 elapsed=42.5m
epoch=4 step=14000 loss=0.0248 elapsed=42.6m
epoch=4 step=14010 loss=0.0144 elapsed=42.7m
epoch=4 step=14020 loss=0.0257 elapsed=42.9m
epoch=4 step=14030 loss=0.0310 elapsed=43.0m
epoch=4 step=14040 loss=0.0644 elapsed=43.1m
epoch=4 step=14050 loss=0.1021 elapsed=43.2m
epoch=4 step=14060 loss=0.0827 elapsed=43.3m
epoch=4 step=14070 loss=0.3481 elapsed=43.4m
epoch=4 step=14080 loss=0.0028 elapsed=43.5m
epoch=4 step=14090 loss=0.2680 elapsed=43.6m
epoch=4 step=14100 loss=0.1657 elapsed=43.7m
epoch=4 step=14110 loss=0.1075 elapsed=43.8m
epoch=4 step=14120 loss=0.0265 elapsed=43.9m
epoch=4 step=14130 loss=0.0100 elapsed=44.1m
epoch=4 step=14140 loss=0.0285 elapsed=44.2m
epoch=4 step=14150 loss=0.1972 elapsed=44.3m
epoch=4 step=14160 loss=0.1667 elapsed=44.4m
epoch=4 step=14170 loss=0.1298 elapsed=44.5m
epoch=4 step=14180 loss=0.0931 elapsed=44.6m
epoch=4 step=14190 loss=0.1229 elapsed=44.7m
epoch=4 step=14200 loss=0.0156 elapsed=44.8m
epoch=4 step=14210 loss=0.0127 elapsed=44.9m
epoch=4 step=14220 loss=0.0087 elapsed=45.0m
epoch=4 step=14230 loss=0.0328 elapsed=45.1m
epoch=4 step=14240 loss=0.0699 elapsed=45.3m
epoch=4 step=14250 loss=0.0157 elapsed=45.4m
epoch=4 step=14260 loss=0.0151 elapsed=45.5m
epoch=4 step=14270 loss=0.0290 elapsed=45.6m
epoch=4 step=14280 loss=0.0184 elapsed=45.7m
epoch=4 step=14290 loss=0.0267 elapsed=45.8m
epoch=4 step=14300 loss=0.2040 elapsed=45.9m
epoch=4 step=14310 loss=0.0164 elapsed=46.0m
epoch=4 step=14320 loss=0.0704 elapsed=46.1m
epoch=4 step=14330 loss=0.0487 elapsed=46.2m
epoch=4 step=14340 loss=0.1762 elapsed=46.4m
epoch=4 step=14350 loss=0.0979 elapsed=46.5m
epoch=4 step=14360 loss=0.0416 elapsed=46.6m
epoch=4 step=14370 loss=0.0530 elapsed=46.7m
epoch=4 step=14380 loss=0.0615 elapsed=46.8m
epoch=4 step=14390 loss=0.1695 elapsed=46.9m
epoch=4 step=14400 loss=0.0118 elapsed=47.0m
epoch=4 step=14410 loss=0.1368 elapsed=47.1m
epoch=4 step=14420 loss=0.2304 elapsed=47.2m
epoch=4 step=14430 loss=0.0477 elapsed=47.3m
epoch=4 step=14440 loss=0.1433 elapsed=47.5m
epoch=4 step=14450 loss=0.0681 elapsed=47.6m
epoch=4 step=14460 loss=0.1567 elapsed=47.7m
epoch=4 step=14470 loss=0.1808 elapsed=47.8m
epoch=4 step=14480 loss=0.0908 elapsed=47.9m
epoch=4 step=14490 loss=0.1371 elapsed=48.0m
epoch=4 step=14500 loss=0.1621 elapsed=48.1m
epoch=4 step=14510 loss=0.0957 elapsed=48.2m
epoch=4 step=14520 loss=0.1721 elapsed=48.3m
epoch=4 step=14530 loss=0.1522 elapsed=48.4m
epoch=4 step=14540 loss=0.0979 elapsed=48.6m
epoch=4 step=14550 loss=0.1980 elapsed=48.7m
epoch=4 step=14560 loss=0.0180 elapsed=48.8m
epoch=4 step=14570 loss=0.0003 elapsed=48.9m
epoch=4 step=14580 loss=0.0640 elapsed=49.0m
epoch=4 step=14590 loss=0.1710 elapsed=49.1m
epoch=4 step=14600 loss=0.0375 elapsed=49.2m
epoch=4 step=14610 loss=0.3344 elapsed=49.3m
epoch=4 step=14620 loss=0.0825 elapsed=49.4m
epoch=4 step=14630 loss=0.0856 elapsed=49.5m
epoch=4 step=14640 loss=0.0048 elapsed=49.7m
epoch=4 step=14650 loss=0.2754 elapsed=49.8m
epoch=4 step=14660 loss=0.1858 elapsed=49.9m
epoch=4 step=14670 loss=0.1697 elapsed=50.0m
epoch=4 step=14680 loss=0.1929 elapsed=50.1m
epoch=4 step=14690 loss=0.0568 elapsed=50.2m
epoch=4 step=14700 loss=0.0063 elapsed=50.3m
epoch=4 step=14710 loss=0.0095 elapsed=50.4m
epoch=4 step=14720 loss=0.0727 elapsed=50.5m
epoch=4 step=14730 loss=0.0305 elapsed=50.7m
epoch=4 step=14740 loss=0.0087 elapsed=50.8m
epoch=4 step=14750 loss=0.1204 elapsed=50.9m
epoch=4 step=14760 loss=0.0961 elapsed=51.0m
epoch=4 step=14770 loss=0.1414 elapsed=51.1m
epoch=4 step=14780 loss=0.0157 elapsed=51.2m
epoch=4 step=14790 loss=0.1180 elapsed=51.3m
epoch=4 step=14800 loss=0.1325 elapsed=51.4m
epoch=4 step=14810 loss=0.0482 elapsed=51.5m
epoch=4 step=14820 loss=0.1172 elapsed=51.6m
epoch=4 step=14830 loss=0.1100 elapsed=51.8m
epoch=4 step=14840 loss=0.1072 elapsed=51.9m
epoch=4 step=14850 loss=0.0261 elapsed=52.0m
epoch=4 step=14860 loss=0.1655 elapsed=52.1m
epoch=4 step=14870 loss=0.0829 elapsed=52.2m
epoch=4 step=14880 loss=0.0518 elapsed=52.3m
epoch=4 step=14890 loss=0.0429 elapsed=52.4m
epoch=4 step=14900 loss=0.1819 elapsed=52.5m
epoch=4 step=14910 loss=0.0381 elapsed=52.6m
epoch=4 step=14920 loss=0.1580 elapsed=52.7m
epoch=4 step=14930 loss=0.0807 elapsed=52.8m
epoch=4 step=14940 loss=0.2010 elapsed=52.9m
epoch=4 step=14950 loss=0.0602 elapsed=53.0m
epoch=4 step=14960 loss=0.0143 elapsed=53.2m
epoch=4 step=14970 loss=0.0587 elapsed=53.3m
epoch=4 step=14980 loss=0.0902 elapsed=53.4m
epoch=4 step=14990 loss=0.1189 elapsed=53.5m
epoch=4 step=15000 loss=0.0292 elapsed=53.6m
epoch=4 step=15010 loss=0.0792 elapsed=53.7m
epoch=4 step=15020 loss=0.2433 elapsed=53.8m
epoch=4 step=15030 loss=0.0229 elapsed=53.9m
epoch=4 step=15040 loss=0.0660 elapsed=54.0m
epoch=4 step=15050 loss=0.0625 elapsed=54.1m
epoch=4 step=15060 loss=0.0279 elapsed=54.3m
epoch=4 step=15070 loss=0.0756 elapsed=54.4m
epoch=4 step=15080 loss=0.0508 elapsed=54.5m
epoch=4 step=15090 loss=0.0807 elapsed=54.6m
epoch=4 step=15100 loss=0.3526 elapsed=54.7m
epoch=4 step=15110 loss=0.2913 elapsed=54.8m
epoch=4 step=15120 loss=0.0111 elapsed=54.9m
epoch=4 step=15130 loss=0.0118 elapsed=55.0m
epoch=4 step=15140 loss=0.0330 elapsed=55.1m
epoch=4 step=15150 loss=0.0514 elapsed=55.2m
epoch=4 step=15160 loss=0.0268 elapsed=55.3m
epoch=4 step=15170 loss=0.0681 elapsed=55.4m
epoch=4 step=15180 loss=0.1291 elapsed=55.6m
epoch=4 step=15190 loss=0.0740 elapsed=55.7m
epoch=4 step=15200 loss=0.0966 elapsed=55.8m
epoch=4 step=15210 loss=0.1244 elapsed=55.9m
epoch=4 step=15220 loss=0.3198 elapsed=56.0m
epoch=4 validation loss=0.1306
Received signal 15; will save checkpoint after current step.
Saved checkpoint: outputs/blt_gec/learner/last.ckpt
