==========================================
SLURM_JOB_ID = 751395
SLURM_NODELIST = gpu40
==========================================
Job ID: 751395
Node: gpu40
CUDA_VISIBLE_DEVICES: 0
Start Time: Sun Jun  7 11:07:36 KST 2026
Submit Dir: /scratch/r984a02/PHDQ2
Partition: amd_a100nv_8
Requested GPUs: 1
Requested CPU cores per task: 4
Python: /home01/r984a02/.conda/envs/phdq/bin/python
/home01/r984a02/.conda/envs/phdq/lib/python3.10/site-packages/torch/cuda/__init__.py:63: FutureWarning: The pynvml package is deprecated. Please install nvidia-ml-py instead. If you did not install pynvml directly, please report this to the maintainers of the package that installed pynvml for you.
  import pynvml  # type: ignore[import]
Torch: 2.12.0+cu130
NumPy: 2.2.6
Starting KoBART GEC Training on learner dataset...
BART run name: learner_paper
BART profile: paper
BART lr: 3e-5
BART batch size: 64
BART max epochs: 10
BART num_beams: 4
No learner_paper best checkpoint found; initializing from native_paper best: outputs/native_paper/best.ckpt
Arguments:
{'adamw_correct_bias': False,
 'batch_size': 64,
 'best': {'f0.5': 0, 'gleu': 0, 'prec': 0, 'rec': 0},
 'check_val_every_n_epoch': 1,
 'checkpoint_interval_minutes': 20,
 'data': 'learner_paper',
 'debug': False,
 'every_n_epochs': 1,
 'init_ckpt_path': 'outputs/native_paper/best.ckpt',
 'log_every_n_steps': 50,
 'lr': 3e-05,
 'm2_source_gold_path': '',
 'max_epochs': 10,
 'max_seq_len': 128,
 'max_time': '00:01:50:00',
 'model_ckpt_path': '',
 'name': 'kobart-learner_paper',
 'num_beams': 4,
 'num_workers': 4,
 'resume_ckpt_path': '',
 'seed': 0,
 'test_data_path': '/scratch/r984a02/PHDQ2/data/Preprocessed/korean_learner/korean_learner_test.txt',
 'train_data_path': '/scratch/r984a02/PHDQ2/data/Preprocessed/korean_learner/korean_learner_train.txt',
 'val_data_path': '/scratch/r984a02/PHDQ2/data/Preprocessed/korean_learner/korean_learner_val.txt',
 'warmup_ratio': 0.0}
Initialized model weights from outputs/native_paper/best.ckpt
Missing keys: 0, unexpected keys: 0
┏━━━┳━━━━━━━┳━━━━━━━━━━━━━━━━━━━━━━━━━━━━━━┳━━━━━━━━┳━━━━━━━┳━━━━━━━┓
┃   ┃ Name  ┃ Type                         ┃ Params ┃ Mode  ┃ FLOPs ┃
┡━━━╇━━━━━━━╇━━━━━━━━━━━━━━━━━━━━━━━━━━━━━━╇━━━━━━━━╇━━━━━━━╇━━━━━━━┩
│ 0 │ model │ BartForConditionalGeneration │  123 M │ train │     0 │
└───┴───────┴──────────────────────────────┴────────┴───────┴───────┘
Trainable params: 123 M                                                         
Non-trainable params: 0                                                         
Total params: 123 M                                                             
Total estimated model params size (MB): 495.440                                 
Modules in train mode: 182                                                      
Modules in eval mode: 0                                                         
Total FLOPs: 0                                                                  


EPOCH 0 / VAL_LOSS 0.55 / GLEU 35.06

{0: {'f_score': None,
     'gleu': 35.0637,
     'loss': 0.5464642643928528,
     'precision': None,
     'recall': None}}

Generation time: 40.35426449775696


EPOCH 1 / VAL_LOSS 0.52 / GLEU 35.06

{0: {'f_score': None,
     'generation_time': 40.35426449775696,
     'gleu': 35.0637,
     'loss': 0.5464642643928528,
     'precision': None,
     'recall': None},
 1: {'f_score': None,
     'gleu': 35.0551,
     'loss': 0.5171690583229065,
     'precision': None,
     'recall': None}}
Saved best checkpoint alias: outputs/learner_paper/best.ckpt

Generation time: 41.735281229019165


EPOCH 2 / VAL_LOSS 0.51 / GLEU 36.73

{0: {'f_score': None,
     'generation_time': 40.35426449775696,
     'gleu': 35.0637,
     'loss': 0.5464642643928528,
     'precision': None,
     'recall': None},
 1: {'f_score': None,
     'generation_time': 41.735281229019165,
     'gleu': 35.0551,
     'loss': 0.5171690583229065,
     'precision': None,
     'recall': None},
 2: {'f_score': None,
     'gleu': 36.7341,
     'loss': 0.5144714117050171,
     'precision': None,
     'recall': None}}

Generation time: 39.82137870788574


EPOCH 3 / VAL_LOSS 0.52 / GLEU 37.39

{0: {'f_score': None,
     'generation_time': 40.35426449775696,
     'gleu': 35.0637,
     'loss': 0.5464642643928528,
     'precision': None,
     'recall': None},
 1: {'f_score': None,
     'generation_time': 41.735281229019165,
     'gleu': 35.0551,
     'loss': 0.5171690583229065,
     'precision': None,
     'recall': None},
 2: {'f_score': None,
     'generation_time': 39.82137870788574,
     'gleu': 36.7341,
     'loss': 0.5144714117050171,
     'precision': None,
     'recall': None},
 3: {'f_score': None,
     'gleu': 37.3938,
     'loss': 0.5198216438293457,
     'precision': None,
     'recall': None}}
Saved best checkpoint alias: outputs/learner_paper/best.ckpt

Generation time: 40.73500156402588


EPOCH 4 / VAL_LOSS 0.53 / GLEU 37.87

{0: {'f_score': None,
     'generation_time': 40.35426449775696,
     'gleu': 35.0637,
     'loss': 0.5464642643928528,
     'precision': None,
     'recall': None},
 1: {'f_score': None,
     'generation_time': 41.735281229019165,
     'gleu': 35.0551,
     'loss': 0.5171690583229065,
     'precision': None,
     'recall': None},
 2: {'f_score': None,
     'generation_time': 39.82137870788574,
     'gleu': 36.7341,
     'loss': 0.5144714117050171,
     'precision': None,
     'recall': None},
 3: {'f_score': None,
     'generation_time': 40.73500156402588,
     'gleu': 37.3938,
     'loss': 0.5198216438293457,
     'precision': None,
     'recall': None},
 4: {'f_score': None,
     'gleu': 37.8691,
     'loss': 0.5292527675628662,
     'precision': None,
     'recall': None}}
Saved best checkpoint alias: outputs/learner_paper/best.ckpt

Generation time: 42.133750677108765


EPOCH 5 / VAL_LOSS 0.54 / GLEU 38.15

{0: {'f_score': None,
     'generation_time': 40.35426449775696,
     'gleu': 35.0637,
     'loss': 0.5464642643928528,
     'precision': None,
     'recall': None},
 1: {'f_score': None,
     'generation_time': 41.735281229019165,
     'gleu': 35.0551,
     'loss': 0.5171690583229065,
     'precision': None,
     'recall': None},
 2: {'f_score': None,
     'generation_time': 39.82137870788574,
     'gleu': 36.7341,
     'loss': 0.5144714117050171,
     'precision': None,
     'recall': None},
 3: {'f_score': None,
     'generation_time': 40.73500156402588,
     'gleu': 37.3938,
     'loss': 0.5198216438293457,
     'precision': None,
     'recall': None},
 4: {'f_score': None,
     'generation_time': 42.133750677108765,
     'gleu': 37.8691,
     'loss': 0.5292527675628662,
     'precision': None,
     'recall': None},
 5: {'f_score': None,
     'gleu': 38.1509,
     'loss': 0.5350332856178284,
     'precision': None,
     'recall': None}}
Saved best checkpoint alias: outputs/learner_paper/best.ckpt

Generation time: 39.62015080451965


EPOCH 6 / VAL_LOSS 0.54 / GLEU 38.97

{0: {'f_score': None,
     'generation_time': 40.35426449775696,
     'gleu': 35.0637,
     'loss': 0.5464642643928528,
     'precision': None,
     'recall': None},
 1: {'f_score': None,
     'generation_time': 41.735281229019165,
     'gleu': 35.0551,
     'loss': 0.5171690583229065,
     'precision': None,
     'recall': None},
 2: {'f_score': None,
     'generation_time': 39.82137870788574,
     'gleu': 36.7341,
     'loss': 0.5144714117050171,
     'precision': None,
     'recall': None},
 3: {'f_score': None,
     'generation_time': 40.73500156402588,
     'gleu': 37.3938,
     'loss': 0.5198216438293457,
     'precision': None,
     'recall': None},
 4: {'f_score': None,
     'generation_time': 42.133750677108765,
     'gleu': 37.8691,
     'loss': 0.5292527675628662,
     'precision': None,
     'recall': None},
 5: {'f_score': None,
     'generation_time': 39.62015080451965,
     'gleu': 38.1509,
     'loss': 0.5350332856178284,
     'precision': None,
     'recall': None},
 6: {'f_score': None,
     'gleu': 38.9698,
     'loss': 0.5408089756965637,
     'precision': None,
     'recall': None}}
Saved best checkpoint alias: outputs/learner_paper/best.ckpt

Generation time: 39.45659947395325


EPOCH 7 / VAL_LOSS 0.55 / GLEU 38.5

{0: {'f_score': None,
     'generation_time': 40.35426449775696,
     'gleu': 35.0637,
     'loss': 0.5464642643928528,
     'precision': None,
     'recall': None},
 1: {'f_score': None,
     'generation_time': 41.735281229019165,
     'gleu': 35.0551,
     'loss': 0.5171690583229065,
     'precision': None,
     'recall': None},
 2: {'f_score': None,
     'generation_time': 39.82137870788574,
     'gleu': 36.7341,
     'loss': 0.5144714117050171,
     'precision': None,
     'recall': None},
 3: {'f_score': None,
     'generation_time': 40.73500156402588,
     'gleu': 37.3938,
     'loss': 0.5198216438293457,
     'precision': None,
     'recall': None},
 4: {'f_score': None,
     'generation_time': 42.133750677108765,
     'gleu': 37.8691,
     'loss': 0.5292527675628662,
     'precision': None,
     'recall': None},
 5: {'f_score': None,
     'generation_time': 39.62015080451965,
     'gleu': 38.1509,
     'loss': 0.5350332856178284,
     'precision': None,
     'recall': None},
 6: {'f_score': None,
     'generation_time': 39.45659947395325,
     'gleu': 38.9698,
     'loss': 0.5408089756965637,
     'precision': None,
     'recall': None},
 7: {'f_score': None,
     'gleu': 38.495400000000004,
     'loss': 0.5480909943580627,
     'precision': None,
     'recall': None}}
Saved best checkpoint alias: outputs/learner_paper/best.ckpt

Generation time: 39.59057807922363


EPOCH 8 / VAL_LOSS 0.55 / GLEU 38.32

{0: {'f_score': None,
     'generation_time': 40.35426449775696,
     'gleu': 35.0637,
     'loss': 0.5464642643928528,
     'precision': None,
     'recall': None},
 1: {'f_score': None,
     'generation_time': 41.735281229019165,
     'gleu': 35.0551,
     'loss': 0.5171690583229065,
     'precision': None,
     'recall': None},
 2: {'f_score': None,
     'generation_time': 39.82137870788574,
     'gleu': 36.7341,
     'loss': 0.5144714117050171,
     'precision': None,
     'recall': None},
 3: {'f_score': None,
     'generation_time': 40.73500156402588,
     'gleu': 37.3938,
     'loss': 0.5198216438293457,
     'precision': None,
     'recall': None},
 4: {'f_score': None,
     'generation_time': 42.133750677108765,
     'gleu': 37.8691,
     'loss': 0.5292527675628662,
     'precision': None,
     'recall': None},
 5: {'f_score': None,
     'generation_time': 39.62015080451965,
     'gleu': 38.1509,
     'loss': 0.5350332856178284,
     'precision': None,
     'recall': None},
 6: {'f_score': None,
     'generation_time': 39.45659947395325,
     'gleu': 38.9698,
     'loss': 0.5408089756965637,
     'precision': None,
     'recall': None},
 7: {'f_score': None,
     'generation_time': 39.59057807922363,
     'gleu': 38.495400000000004,
     'loss': 0.5480909943580627,
     'precision': None,
     'recall': None},
 8: {'f_score': None,
     'gleu': 38.3153,
     'loss': 0.5506558418273926,
     'precision': None,
     'recall': None}}

Generation time: 39.64285850524902


EPOCH 9 / VAL_LOSS 0.55 / GLEU 38.18

{0: {'f_score': None,
     'generation_time': 40.35426449775696,
     'gleu': 35.0637,
     'loss': 0.5464642643928528,
     'precision': None,
     'recall': None},
 1: {'f_score': None,
     'generation_time': 41.735281229019165,
     'gleu': 35.0551,
     'loss': 0.5171690583229065,
     'precision': None,
     'recall': None},
 2: {'f_score': None,
     'generation_time': 39.82137870788574,
     'gleu': 36.7341,
     'loss': 0.5144714117050171,
     'precision': None,
     'recall': None},
 3: {'f_score': None,
     'generation_time': 40.73500156402588,
     'gleu': 37.3938,
     'loss': 0.5198216438293457,
     'precision': None,
     'recall': None},
 4: {'f_score': None,
     'generation_time': 42.133750677108765,
     'gleu': 37.8691,
     'loss': 0.5292527675628662,
     'precision': None,
     'recall': None},
 5: {'f_score': None,
     'generation_time': 39.62015080451965,
     'gleu': 38.1509,
     'loss': 0.5350332856178284,
     'precision': None,
     'recall': None},
 6: {'f_score': None,
     'generation_time': 39.45659947395325,
     'gleu': 38.9698,
     'loss': 0.5408089756965637,
     'precision': None,
     'recall': None},
 7: {'f_score': None,
     'generation_time': 39.59057807922363,
     'gleu': 38.495400000000004,
     'loss': 0.5480909943580627,
     'precision': None,
     'recall': None},
 8: {'f_score': None,
     'generation_time': 39.64285850524902,
     'gleu': 38.3153,
     'loss': 0.5506558418273926,
     'precision': None,
     'recall': None},
 9: {'f_score': None,
     'gleu': 38.1799,
     'loss': 0.5534383058547974,
     'precision': None,
     'recall': None}}

Generation time: 39.68095374107361
Saved final resumable checkpoint: outputs/learner_paper/last.ckpt
Epoch 9/9  ━━━━━━━━━━━━━━━━━━━━━ 311/311 0:02:01 • 0:00:00 2.57it/s v_num: 9.000
End Time: Sun Jun  7 11:37:47 KST 2026
