==========================================
SLURM_JOB_ID = 753653
SLURM_NODELIST = gpu41
==========================================
Job ID: 753653
Node: gpu41
CUDA_VISIBLE_DEVICES: 0
Start Time: Tue Jun  9 21:04:00 KST 2026
Submit Dir: /scratch/r984a02/PHDQ2
Partition: amd_a100nv_8
Requested GPUs: 1
Requested CPU cores per task: 4
Python: /home01/r984a02/.conda/envs/phdq_blt/bin/python
/home01/r984a02/.conda/envs/phdq_blt/lib/python3.12/site-packages/torch/cuda/__init__.py:61: FutureWarning: The pynvml package is deprecated. Please install nvidia-ml-py instead. If you did not install pynvml directly, please report this to the maintainers of the package that installed pynvml for you.
  import pynvml  # type: ignore[import]
Torch: 2.5.1+cu121
NumPy: 2.4.6
Visible CUDA device count: 1
/home01/r984a02/.conda/envs/phdq_blt/lib/python3.12/site-packages/torch/cuda/__init__.py:61: FutureWarning: The pynvml package is deprecated. Please install nvidia-ml-py instead. If you did not install pynvml directly, please report this to the maintainers of the package that installed pynvml for you.
  import pynvml  # type: ignore[import]
Reference BLT import path: /scratch/r984a02/PHDQ2/reference_code/blt
Starting reference BLT-GEC fine-tuning on union dataset...
BLT lr: 1e-5
BLT weight_decay: 0.1
BLT Adam betas: (0.9, 0.95)
BLT scheduler: cosine
BLT warmup_steps: 2000
BLT num_beams: 4
BLT NUM_GPUS: 1
Device: cuda
Distributed: False rank=0 world_size=1
Backend: reference_blt
Reference BLT code: /scratch/r984a02/PHDQ2/reference_code/blt
BLT repo: facebook/blt-1b
Entropy repo: facebook/blt-entropy
Train: /scratch/r984a02/PHDQ2/data/Preprocessed/union/union_train.txt
Val:   /scratch/r984a02/PHDQ2/data/Preprocessed/union/union_val.txt
Test:  /scratch/r984a02/PHDQ2/data/Preprocessed/union/union_test.txt
epoch=0 step=10 loss=0.4371 elapsed=0.5m
epoch=0 step=20 loss=0.4254 elapsed=0.8m
epoch=0 step=30 loss=0.6059 elapsed=1.1m
epoch=0 step=40 loss=0.4195 elapsed=1.4m
epoch=0 step=50 loss=0.4724 elapsed=1.7m
epoch=0 step=60 loss=0.5517 elapsed=2.1m
epoch=0 step=70 loss=0.4049 elapsed=2.4m
epoch=0 step=80 loss=0.2935 elapsed=2.7m
epoch=0 step=90 loss=0.2236 elapsed=3.0m
epoch=0 step=100 loss=0.4763 elapsed=3.3m
epoch=0 step=110 loss=0.2692 elapsed=3.7m
epoch=0 step=120 loss=0.3044 elapsed=4.0m
epoch=0 step=130 loss=0.6688 elapsed=4.3m
epoch=0 step=140 loss=0.8068 elapsed=4.6m
epoch=0 step=150 loss=0.5483 elapsed=4.9m
epoch=0 step=160 loss=0.3824 elapsed=5.3m
epoch=0 step=170 loss=0.2558 elapsed=5.6m
epoch=0 step=180 loss=0.4656 elapsed=5.9m
epoch=0 step=190 loss=0.5047 elapsed=6.2m
epoch=0 step=200 loss=0.5739 elapsed=6.5m
epoch=0 step=210 loss=0.3791 elapsed=6.9m
epoch=0 step=220 loss=0.4468 elapsed=7.2m
epoch=0 step=230 loss=0.3754 elapsed=7.5m
epoch=0 step=240 loss=0.5110 elapsed=7.8m
epoch=0 step=250 loss=0.4400 elapsed=8.1m
epoch=0 step=260 loss=0.5145 elapsed=8.5m
epoch=0 step=270 loss=0.3857 elapsed=8.8m
epoch=0 step=280 loss=0.3686 elapsed=9.1m
epoch=0 step=290 loss=0.6035 elapsed=9.4m
epoch=0 step=300 loss=0.3026 elapsed=9.7m
epoch=0 step=310 loss=0.6459 elapsed=10.1m
epoch=0 step=320 loss=0.4529 elapsed=10.4m
epoch=0 step=330 loss=0.3866 elapsed=10.7m
epoch=0 step=340 loss=0.3537 elapsed=11.0m
epoch=0 step=350 loss=0.2418 elapsed=11.3m
epoch=0 step=360 loss=0.1302 elapsed=11.7m
epoch=0 step=370 loss=0.2910 elapsed=12.0m
epoch=0 step=380 loss=0.2896 elapsed=12.3m
epoch=0 step=390 loss=0.4729 elapsed=12.6m
epoch=0 step=400 loss=0.1497 elapsed=12.9m
epoch=0 step=410 loss=0.1930 elapsed=13.3m
epoch=0 step=420 loss=0.1248 elapsed=13.6m
epoch=0 step=430 loss=0.3056 elapsed=13.9m
epoch=0 step=440 loss=0.6471 elapsed=14.2m
epoch=0 step=450 loss=0.1816 elapsed=14.5m
epoch=0 step=460 loss=0.2540 elapsed=14.9m
epoch=0 step=470 loss=0.1601 elapsed=15.2m
epoch=0 step=480 loss=0.1528 elapsed=15.5m
epoch=0 step=490 loss=0.1615 elapsed=15.8m
epoch=0 step=500 loss=0.1538 elapsed=16.1m
epoch=0 step=510 loss=0.0571 elapsed=16.5m
epoch=0 step=520 loss=0.1943 elapsed=16.8m
epoch=0 step=530 loss=0.0531 elapsed=17.1m
epoch=0 step=540 loss=0.2430 elapsed=17.4m
epoch=0 step=550 loss=0.2422 elapsed=17.7m
epoch=0 step=560 loss=0.3787 elapsed=18.1m
epoch=0 step=570 loss=0.1121 elapsed=18.4m
epoch=0 step=580 loss=0.1979 elapsed=18.7m
epoch=0 step=590 loss=0.2673 elapsed=19.0m
epoch=0 step=600 loss=0.0916 elapsed=19.3m
epoch=0 step=610 loss=0.3888 elapsed=19.7m
epoch=0 step=620 loss=0.2751 elapsed=20.0m
Saved checkpoint: outputs/blt_gec/union/last.ckpt
epoch=0 step=630 loss=0.1021 elapsed=20.9m
epoch=0 step=640 loss=0.2270 elapsed=21.3m
epoch=0 step=650 loss=0.1513 elapsed=21.6m
epoch=0 step=660 loss=0.2667 elapsed=21.9m
epoch=0 step=670 loss=0.2907 elapsed=22.2m
epoch=0 step=680 loss=0.1279 elapsed=22.5m
epoch=0 step=690 loss=0.2506 elapsed=22.9m
epoch=0 step=700 loss=0.3863 elapsed=23.2m
epoch=0 step=710 loss=0.6877 elapsed=23.5m
epoch=0 step=720 loss=0.3123 elapsed=23.8m
epoch=0 step=730 loss=0.1928 elapsed=24.1m
epoch=0 step=740 loss=0.4696 elapsed=24.5m
epoch=0 step=750 loss=0.2067 elapsed=24.8m
epoch=0 step=760 loss=0.4462 elapsed=25.1m
epoch=0 step=770 loss=0.0339 elapsed=25.4m
epoch=0 step=780 loss=0.4092 elapsed=25.8m
epoch=0 step=790 loss=0.5529 elapsed=26.1m
epoch=0 step=800 loss=0.1050 elapsed=26.4m
epoch=0 step=810 loss=0.0915 elapsed=26.7m
epoch=0 step=820 loss=0.1848 elapsed=27.0m
epoch=0 step=830 loss=0.0684 elapsed=27.4m
epoch=0 step=840 loss=0.1034 elapsed=27.7m
epoch=0 step=850 loss=0.2625 elapsed=28.0m
epoch=0 step=860 loss=0.4435 elapsed=28.3m
epoch=0 step=870 loss=0.1482 elapsed=28.6m
epoch=0 step=880 loss=0.1121 elapsed=29.0m
epoch=0 step=890 loss=0.0682 elapsed=29.3m
epoch=0 step=900 loss=0.3752 elapsed=29.6m
epoch=0 step=910 loss=0.0872 elapsed=29.9m
epoch=0 step=920 loss=0.3373 elapsed=30.2m
epoch=0 step=930 loss=0.0425 elapsed=30.6m
epoch=0 step=940 loss=0.0589 elapsed=30.9m
epoch=0 step=950 loss=0.3342 elapsed=31.2m
epoch=0 step=960 loss=0.1891 elapsed=31.5m
epoch=0 step=970 loss=0.0687 elapsed=31.8m
epoch=0 step=980 loss=0.4594 elapsed=32.2m
epoch=0 step=990 loss=0.3063 elapsed=32.5m
epoch=0 step=1000 loss=0.3709 elapsed=32.8m
epoch=0 step=1010 loss=0.0708 elapsed=33.1m
epoch=0 step=1020 loss=0.0413 elapsed=33.4m
epoch=0 step=1030 loss=0.1743 elapsed=33.8m
epoch=0 step=1040 loss=0.1041 elapsed=34.1m
epoch=0 step=1050 loss=0.1391 elapsed=34.4m
epoch=0 step=1060 loss=0.2380 elapsed=34.7m
epoch=0 step=1070 loss=0.2211 elapsed=35.0m
epoch=0 step=1080 loss=0.1310 elapsed=35.4m
epoch=0 step=1090 loss=0.2113 elapsed=35.7m
epoch=0 step=1100 loss=0.1029 elapsed=36.0m
epoch=0 step=1110 loss=0.0578 elapsed=36.3m
epoch=0 step=1120 loss=0.0372 elapsed=36.6m
epoch=0 step=1130 loss=0.1936 elapsed=36.9m
epoch=0 step=1140 loss=0.1852 elapsed=37.3m
epoch=0 step=1150 loss=0.4684 elapsed=37.6m
epoch=0 step=1160 loss=0.4049 elapsed=37.9m
epoch=0 step=1170 loss=0.1379 elapsed=38.2m
epoch=0 step=1180 loss=0.0816 elapsed=38.5m
epoch=0 step=1190 loss=0.2921 elapsed=38.9m
epoch=0 step=1200 loss=0.4192 elapsed=39.2m
epoch=0 step=1210 loss=0.2731 elapsed=39.5m
epoch=0 step=1220 loss=0.2570 elapsed=39.8m
Saved checkpoint: outputs/blt_gec/union/last.ckpt
epoch=0 step=1230 loss=0.0717 elapsed=40.9m
epoch=0 step=1240 loss=0.0529 elapsed=41.2m
epoch=0 step=1250 loss=0.5783 elapsed=41.5m
epoch=0 step=1260 loss=0.2594 elapsed=41.9m
epoch=0 step=1270 loss=0.2287 elapsed=42.2m
epoch=0 step=1280 loss=0.2316 elapsed=42.5m
epoch=0 step=1290 loss=0.0755 elapsed=42.8m
epoch=0 step=1300 loss=0.3998 elapsed=43.1m
epoch=0 step=1310 loss=0.2219 elapsed=43.5m
epoch=0 step=1320 loss=0.3106 elapsed=43.8m
epoch=0 step=1330 loss=0.0699 elapsed=44.1m
epoch=0 step=1340 loss=0.4682 elapsed=44.4m
epoch=0 step=1350 loss=0.3709 elapsed=44.7m
epoch=0 step=1360 loss=0.2451 elapsed=45.1m
epoch=0 step=1370 loss=0.0754 elapsed=45.4m
epoch=0 step=1380 loss=0.0621 elapsed=45.7m
epoch=0 step=1390 loss=0.2603 elapsed=46.0m
epoch=0 step=1400 loss=0.0611 elapsed=46.3m
epoch=0 step=1410 loss=0.0965 elapsed=46.7m
epoch=0 step=1420 loss=0.3118 elapsed=47.0m
epoch=0 step=1430 loss=0.1256 elapsed=47.3m
epoch=0 step=1440 loss=0.3836 elapsed=47.6m
epoch=0 step=1450 loss=0.3710 elapsed=47.9m
epoch=0 step=1460 loss=0.2358 elapsed=48.3m
epoch=0 step=1470 loss=0.2862 elapsed=48.6m
epoch=0 step=1480 loss=0.3651 elapsed=48.9m
epoch=0 step=1490 loss=0.2961 elapsed=49.2m
epoch=0 step=1500 loss=0.0633 elapsed=49.5m
epoch=0 step=1510 loss=0.2615 elapsed=49.9m
epoch=0 step=1520 loss=0.1665 elapsed=50.2m
epoch=0 step=1530 loss=0.0563 elapsed=50.5m
epoch=0 step=1540 loss=0.0753 elapsed=50.8m
epoch=0 step=1550 loss=0.2838 elapsed=51.1m
epoch=0 step=1560 loss=0.1526 elapsed=51.5m
epoch=0 step=1570 loss=0.0309 elapsed=51.8m
epoch=0 step=1580 loss=0.1083 elapsed=52.1m
epoch=0 step=1590 loss=0.0796 elapsed=52.4m
epoch=0 step=1600 loss=0.1435 elapsed=52.7m
epoch=0 step=1610 loss=0.0734 elapsed=53.1m
epoch=0 step=1620 loss=0.1059 elapsed=53.4m
epoch=0 step=1630 loss=0.1131 elapsed=53.7m
epoch=0 step=1640 loss=0.1268 elapsed=54.0m
epoch=0 step=1650 loss=0.1882 elapsed=54.3m
epoch=0 step=1660 loss=0.4114 elapsed=54.7m
epoch=0 step=1670 loss=0.1764 elapsed=55.0m
epoch=0 step=1680 loss=0.1374 elapsed=55.3m
epoch=0 step=1690 loss=0.3487 elapsed=55.6m
epoch=0 step=1700 loss=0.0736 elapsed=55.9m
epoch=0 step=1710 loss=0.1347 elapsed=56.3m
epoch=0 step=1720 loss=0.1983 elapsed=56.6m
epoch=0 step=1730 loss=0.0714 elapsed=56.9m
epoch=0 step=1740 loss=0.2220 elapsed=57.2m
epoch=0 step=1750 loss=0.6038 elapsed=57.5m
epoch=0 step=1760 loss=0.1554 elapsed=57.8m
epoch=0 step=1770 loss=0.2064 elapsed=58.2m
epoch=0 step=1780 loss=0.2277 elapsed=58.5m
epoch=0 step=1790 loss=0.1268 elapsed=58.8m
epoch=0 step=1800 loss=0.0453 elapsed=59.1m
epoch=0 step=1810 loss=0.0911 elapsed=59.4m
epoch=0 step=1820 loss=0.2824 elapsed=59.8m
Saved checkpoint: outputs/blt_gec/union/last.ckpt
epoch=0 step=1830 loss=0.1612 elapsed=60.8m
epoch=0 step=1840 loss=0.1675 elapsed=61.2m
epoch=0 step=1850 loss=0.0770 elapsed=61.5m
epoch=0 step=1860 loss=0.1870 elapsed=61.8m
epoch=0 step=1870 loss=0.2855 elapsed=62.1m
epoch=0 step=1880 loss=0.1215 elapsed=62.4m
epoch=0 step=1890 loss=0.1605 elapsed=62.7m
epoch=0 step=1900 loss=0.2532 elapsed=63.1m
epoch=0 step=1910 loss=0.2307 elapsed=63.4m
epoch=0 step=1920 loss=0.1651 elapsed=63.7m
epoch=0 step=1930 loss=0.3148 elapsed=64.0m
epoch=0 step=1940 loss=0.0679 elapsed=64.4m
epoch=0 step=1950 loss=0.3474 elapsed=64.7m
epoch=0 step=1960 loss=0.2409 elapsed=65.0m
epoch=0 step=1970 loss=0.1259 elapsed=65.4m
epoch=0 step=1980 loss=0.1607 elapsed=65.7m
epoch=0 step=1990 loss=0.2416 elapsed=66.0m
epoch=0 step=2000 loss=0.0787 elapsed=66.3m
epoch=0 step=2010 loss=0.0883 elapsed=66.6m
epoch=0 step=2020 loss=0.1274 elapsed=67.0m
epoch=0 step=2030 loss=0.2154 elapsed=67.3m
epoch=0 step=2040 loss=0.2254 elapsed=67.6m
epoch=0 step=2050 loss=0.1709 elapsed=67.9m
epoch=0 step=2060 loss=0.1704 elapsed=68.2m
epoch=0 step=2070 loss=0.0753 elapsed=68.6m
epoch=0 step=2080 loss=0.2545 elapsed=68.9m
epoch=0 step=2090 loss=0.3045 elapsed=69.2m
epoch=0 step=2100 loss=0.0872 elapsed=69.5m
epoch=0 step=2110 loss=0.1331 elapsed=69.8m
epoch=0 step=2120 loss=0.1879 elapsed=70.1m
epoch=0 step=2130 loss=0.1390 elapsed=70.5m
epoch=0 step=2140 loss=0.0785 elapsed=70.8m
epoch=0 step=2150 loss=0.2157 elapsed=71.1m
epoch=0 step=2160 loss=0.3868 elapsed=71.4m
epoch=0 step=2170 loss=0.0668 elapsed=71.7m
epoch=0 step=2180 loss=0.0488 elapsed=72.0m
epoch=0 step=2190 loss=0.0663 elapsed=72.4m
epoch=0 step=2200 loss=0.3673 elapsed=72.7m
epoch=0 step=2210 loss=0.2130 elapsed=73.0m
epoch=0 step=2220 loss=0.0454 elapsed=73.3m
epoch=0 step=2230 loss=0.0639 elapsed=73.6m
epoch=0 step=2240 loss=0.1837 elapsed=74.0m
epoch=0 step=2250 loss=0.1485 elapsed=74.3m
epoch=0 step=2260 loss=0.0965 elapsed=74.6m
epoch=0 step=2270 loss=0.2286 elapsed=74.9m
epoch=0 step=2280 loss=0.3223 elapsed=75.2m
epoch=0 step=2290 loss=0.2674 elapsed=75.5m
epoch=0 step=2300 loss=0.0728 elapsed=75.9m
epoch=0 step=2310 loss=0.0687 elapsed=76.2m
epoch=0 step=2320 loss=0.2655 elapsed=76.5m
epoch=0 step=2330 loss=0.2125 elapsed=76.8m
epoch=0 step=2340 loss=0.1557 elapsed=77.1m
epoch=0 step=2350 loss=0.1673 elapsed=77.4m
epoch=0 step=2360 loss=0.1667 elapsed=77.8m
epoch=0 step=2370 loss=0.0662 elapsed=78.1m
epoch=0 step=2380 loss=0.3054 elapsed=78.4m
epoch=0 step=2390 loss=0.2770 elapsed=78.7m
epoch=0 step=2400 loss=0.3218 elapsed=79.0m
epoch=0 step=2410 loss=0.5352 elapsed=79.4m
epoch=0 step=2420 loss=0.6677 elapsed=79.7m
epoch=0 step=2430 loss=0.0483 elapsed=80.0m
Saved checkpoint: outputs/blt_gec/union/last.ckpt
epoch=0 step=2440 loss=0.0515 elapsed=81.1m
epoch=0 step=2450 loss=0.3027 elapsed=81.4m
epoch=0 step=2460 loss=0.0431 elapsed=81.7m
epoch=0 step=2470 loss=0.2274 elapsed=82.0m
epoch=0 step=2480 loss=0.1206 elapsed=82.3m
epoch=0 step=2490 loss=0.1476 elapsed=82.7m
epoch=0 step=2500 loss=0.2071 elapsed=83.0m
epoch=0 step=2510 loss=0.4507 elapsed=83.3m
epoch=0 step=2520 loss=0.6317 elapsed=83.6m
epoch=0 step=2530 loss=0.1155 elapsed=83.9m
epoch=0 step=2540 loss=0.0908 elapsed=84.2m
epoch=0 step=2550 loss=0.1198 elapsed=84.6m
epoch=0 step=2560 loss=0.3153 elapsed=84.9m
epoch=0 step=2570 loss=0.1071 elapsed=85.2m
epoch=0 step=2580 loss=0.0489 elapsed=85.5m
epoch=0 step=2590 loss=0.0561 elapsed=85.8m
epoch=0 step=2600 loss=0.1171 elapsed=86.2m
epoch=0 step=2610 loss=0.0598 elapsed=86.5m
epoch=0 step=2620 loss=0.2564 elapsed=86.8m
epoch=0 step=2630 loss=0.2552 elapsed=87.1m
epoch=0 step=2640 loss=0.1341 elapsed=87.4m
epoch=0 step=2650 loss=0.0712 elapsed=87.7m
epoch=0 step=2660 loss=0.2742 elapsed=88.1m
epoch=0 step=2670 loss=0.1792 elapsed=88.4m
epoch=0 step=2680 loss=0.1092 elapsed=88.7m
epoch=0 step=2690 loss=0.4623 elapsed=89.0m
epoch=0 step=2700 loss=0.2475 elapsed=89.3m
epoch=0 step=2710 loss=0.2247 elapsed=89.7m
epoch=0 step=2720 loss=0.1878 elapsed=90.0m
epoch=0 step=2730 loss=0.1779 elapsed=90.3m
epoch=0 step=2740 loss=0.0482 elapsed=90.6m
epoch=0 step=2750 loss=0.2357 elapsed=90.9m
epoch=0 step=2760 loss=0.1313 elapsed=91.2m
epoch=0 step=2770 loss=0.3806 elapsed=91.6m
epoch=0 step=2780 loss=0.2389 elapsed=91.9m
epoch=0 step=2790 loss=0.2646 elapsed=92.2m
epoch=0 step=2800 loss=0.3539 elapsed=92.5m
epoch=0 step=2810 loss=0.2230 elapsed=92.8m
epoch=0 step=2820 loss=0.1360 elapsed=93.1m
epoch=0 step=2830 loss=0.1123 elapsed=93.5m
epoch=0 step=2840 loss=0.1539 elapsed=93.8m
epoch=0 step=2850 loss=0.0378 elapsed=94.1m
epoch=0 step=2860 loss=0.0859 elapsed=94.4m
epoch=0 step=2870 loss=0.1416 elapsed=94.7m
epoch=0 step=2880 loss=0.3413 elapsed=95.1m
epoch=0 step=2890 loss=0.1427 elapsed=95.4m
epoch=0 step=2900 loss=0.1193 elapsed=95.7m
epoch=0 step=2910 loss=0.2989 elapsed=96.0m
epoch=0 step=2920 loss=0.0625 elapsed=96.3m
epoch=0 step=2930 loss=0.1473 elapsed=96.6m
epoch=0 step=2940 loss=0.0603 elapsed=97.0m
epoch=0 step=2950 loss=0.1984 elapsed=97.3m
epoch=0 step=2960 loss=0.3210 elapsed=97.6m
epoch=0 step=2970 loss=0.1296 elapsed=97.9m
epoch=0 step=2980 loss=0.0669 elapsed=98.2m
epoch=0 step=2990 loss=0.2711 elapsed=98.6m
epoch=0 step=3000 loss=0.1818 elapsed=98.9m
epoch=0 step=3010 loss=0.0346 elapsed=99.2m
epoch=0 step=3020 loss=0.1373 elapsed=99.5m
epoch=0 step=3030 loss=0.2667 elapsed=99.8m
Saved checkpoint: outputs/blt_gec/union/last.ckpt
epoch=0 step=3040 loss=0.3750 elapsed=100.9m
epoch=0 step=3050 loss=0.1565 elapsed=101.2m
epoch=0 step=3060 loss=0.3704 elapsed=101.5m
epoch=0 step=3070 loss=0.1466 elapsed=101.9m
epoch=0 step=3080 loss=0.0849 elapsed=102.2m
epoch=0 step=3090 loss=0.3048 elapsed=102.5m
epoch=0 step=3100 loss=0.5547 elapsed=102.8m
epoch=0 step=3110 loss=0.0375 elapsed=103.1m
epoch=0 step=3120 loss=0.0835 elapsed=103.5m
epoch=0 step=3130 loss=0.1604 elapsed=103.8m
epoch=0 step=3140 loss=0.1815 elapsed=104.1m
epoch=0 step=3150 loss=0.0916 elapsed=104.4m
epoch=0 step=3160 loss=0.4195 elapsed=104.8m
Saved checkpoint: outputs/blt_gec/union/last.ckpt
Stopping early to preserve checkpoint before time limit.
End Time: Tue Jun  9 22:53:15 KST 2026
