==========================================
SLURM_JOB_ID = 751367
SLURM_NODELIST = gpu40
==========================================
Job ID: 751367
Node: gpu40
CUDA_VISIBLE_DEVICES: 0
Start Time: Sun Jun  7 07:08:12 KST 2026
Submit Dir: /scratch/r984a02/PHDQ2
Partition: amd_a100nv_8
Requested GPUs: 1
Requested CPU cores per task: 4
Python: /home01/r984a02/.conda/envs/phdq/bin/python
Torch: 2.12.0+cu130
NumPy: 2.2.6
Auto-best resume enabled: outputs/blt_gec_768x12/native/best.ckpt
Starting BLT-GEC scaffold training on native dataset...
Device: cuda
Backend: mini
Train: /scratch/r984a02/PHDQ2/data/Preprocessed/native/native_train.txt
Val:   /scratch/r984a02/PHDQ2/data/Preprocessed/native/native_val.txt
Test:  /scratch/r984a02/PHDQ2/data/Preprocessed/native/native_test.txt
Loaded checkpoint: outputs/blt_gec_768x12/native/best.ckpt (epoch=1, global_step=1400)
epoch=1 step=1420 loss=2.5713
epoch=1 step=1440 loss=1.4197
epoch=1 step=1460 loss=0.6830
epoch=1 step=1480 loss=2.3742
epoch=1 step=1500 loss=1.4610
epoch=1 step=1520 loss=2.4501
epoch=1 step=1540 loss=2.2561
epoch=1 step=1560 loss=0.7360
epoch=1 step=1580 loss=2.4751
epoch=1 step=1600 loss=0.9074
validation step=1600 loss=1.2847
Saved checkpoint: outputs/blt_gec_768x12/native/best.ckpt
epoch=1 step=1620 loss=2.2902
epoch=1 step=1640 loss=2.6750
epoch=1 step=1660 loss=0.6279
epoch=1 step=1680 loss=0.7268
epoch=1 step=1700 loss=1.2248
epoch=1 step=1720 loss=1.9919
epoch=1 step=1740 loss=0.7026
epoch=1 step=1760 loss=2.5465
epoch=1 step=1780 loss=2.4055
epoch=1 step=1800 loss=0.5295
validation step=1800 loss=0.9995
Saved checkpoint: outputs/blt_gec_768x12/native/best.ckpt
epoch=1 step=1820 loss=0.3225
epoch=1 step=1840 loss=1.0232
epoch=1 step=1860 loss=1.6130
epoch=1 step=1880 loss=2.7122
epoch=1 step=1900 loss=0.8581
epoch=1 step=1920 loss=1.1974
epoch=1 step=1940 loss=0.4386
epoch=1 step=1960 loss=0.7837
epoch=1 step=1980 loss=0.2520
epoch=1 step=2000 loss=0.4304
validation step=2000 loss=0.7536
Saved checkpoint: outputs/blt_gec_768x12/native/best.ckpt
epoch=1 step=2020 loss=2.0478
epoch=1 step=2040 loss=1.2280
epoch=1 step=2060 loss=0.4732
epoch=1 step=2080 loss=2.5777
epoch=1 step=2100 loss=0.6111
epoch=1 step=2120 loss=0.3603
epoch=1 step=2140 loss=0.1980
epoch=1 step=2160 loss=0.1154
validation epoch=1 loss=0.5968
Saved checkpoint: outputs/blt_gec_768x12/native/best.ckpt
Saved checkpoint: outputs/blt_gec_768x12/native/last.ckpt
epoch=2 step=2180 loss=0.1250
epoch=2 step=2200 loss=0.1853
validation step=2200 loss=0.5590
Saved checkpoint: outputs/blt_gec_768x12/native/best.ckpt
epoch=2 step=2220 loss=1.4172
epoch=2 step=2240 loss=1.7965
epoch=2 step=2260 loss=0.8416
epoch=2 step=2280 loss=1.1760
epoch=2 step=2300 loss=0.3921
epoch=2 step=2320 loss=1.6016
epoch=2 step=2340 loss=1.3726
epoch=2 step=2360 loss=0.4345
epoch=2 step=2380 loss=0.6438
epoch=2 step=2400 loss=1.1099
validation step=2400 loss=0.4767
Saved checkpoint: outputs/blt_gec_768x12/native/best.ckpt
epoch=2 step=2420 loss=0.0570
epoch=2 step=2440 loss=0.9259
epoch=2 step=2460 loss=0.7185
epoch=2 step=2480 loss=0.1159
epoch=2 step=2500 loss=0.7451
epoch=2 step=2520 loss=0.4123
epoch=2 step=2540 loss=0.1277
epoch=2 step=2560 loss=0.9535
epoch=2 step=2580 loss=0.0940
epoch=2 step=2600 loss=0.4727
validation step=2600 loss=0.3933
Saved checkpoint: outputs/blt_gec_768x12/native/best.ckpt
epoch=2 step=2620 loss=0.2913
epoch=2 step=2640 loss=0.4013
epoch=2 step=2660 loss=0.2644
epoch=2 step=2680 loss=0.4757
epoch=2 step=2700 loss=0.6964
epoch=2 step=2720 loss=1.2419
epoch=2 step=2740 loss=0.0091
epoch=2 step=2760 loss=0.2889
epoch=2 step=2780 loss=0.4826
epoch=2 step=2800 loss=1.1883
validation step=2800 loss=0.3396
Saved checkpoint: outputs/blt_gec_768x12/native/best.ckpt
epoch=2 step=2820 loss=0.1786
epoch=2 step=2840 loss=0.2198
epoch=2 step=2860 loss=0.1798
epoch=2 step=2880 loss=0.1610
epoch=2 step=2900 loss=0.4297
epoch=2 step=2920 loss=0.3204
validation epoch=2 loss=0.3253
Saved checkpoint: outputs/blt_gec_768x12/native/best.ckpt
Saved checkpoint: outputs/blt_gec_768x12/native/last.ckpt
epoch=3 step=2940 loss=0.1958
epoch=3 step=2960 loss=0.0313
epoch=3 step=2980 loss=0.0460
epoch=3 step=3000 loss=0.2679
validation step=3000 loss=0.3163
Saved checkpoint: outputs/blt_gec_768x12/native/best.ckpt
epoch=3 step=3020 loss=0.6831
epoch=3 step=3040 loss=0.0496
epoch=3 step=3060 loss=0.0723
epoch=3 step=3080 loss=0.1190
epoch=3 step=3100 loss=0.5834
epoch=3 step=3120 loss=0.0106
epoch=3 step=3140 loss=0.5239
epoch=3 step=3160 loss=0.6276
epoch=3 step=3180 loss=0.3135
epoch=3 step=3200 loss=0.3387
validation step=3200 loss=0.2953
Saved checkpoint: outputs/blt_gec_768x12/native/best.ckpt
epoch=3 step=3220 loss=0.0700
epoch=3 step=3240 loss=0.1707
epoch=3 step=3260 loss=0.4163
epoch=3 step=3280 loss=0.8688
epoch=3 step=3300 loss=0.5328
epoch=3 step=3320 loss=0.1094
epoch=3 step=3340 loss=0.1769
epoch=3 step=3360 loss=0.1247
epoch=3 step=3380 loss=0.6640
epoch=3 step=3400 loss=0.0602
validation step=3400 loss=0.2596
Saved checkpoint: outputs/blt_gec_768x12/native/best.ckpt
epoch=3 step=3420 loss=0.2327
epoch=3 step=3440 loss=0.0574
epoch=3 step=3460 loss=0.2789
epoch=3 step=3480 loss=0.1985
epoch=3 step=3500 loss=0.0339
epoch=3 step=3520 loss=0.0082
epoch=3 step=3540 loss=0.1506
epoch=3 step=3560 loss=0.4444
epoch=3 step=3580 loss=0.1559
epoch=3 step=3600 loss=0.1276
validation step=3600 loss=0.2470
Saved checkpoint: outputs/blt_gec_768x12/native/best.ckpt
epoch=3 step=3620 loss=0.2602
epoch=3 step=3640 loss=0.3084
epoch=3 step=3660 loss=0.1828
epoch=3 step=3680 loss=0.5574
epoch=3 step=3700 loss=0.1809
validation epoch=3 loss=0.2463
Saved checkpoint: outputs/blt_gec_768x12/native/best.ckpt
Saved checkpoint: outputs/blt_gec_768x12/native/last.ckpt
epoch=4 step=3720 loss=0.0123
epoch=4 step=3740 loss=0.0881
epoch=4 step=3760 loss=0.0627
epoch=4 step=3780 loss=0.4616
epoch=4 step=3800 loss=0.1117
validation step=3800 loss=0.2299
Saved checkpoint: outputs/blt_gec_768x12/native/best.ckpt
epoch=4 step=3820 loss=0.6464
Saved checkpoint: outputs/blt_gec_768x12/native/last.ckpt
epoch=4 step=3840 loss=0.0976
epoch=4 step=3860 loss=0.6728
epoch=4 step=3880 loss=0.0056
epoch=4 step=3900 loss=0.0099
epoch=4 step=3920 loss=0.0297
epoch=4 step=3940 loss=0.2448
epoch=4 step=3960 loss=0.4404
epoch=4 step=3980 loss=0.1087
epoch=4 step=4000 loss=0.0771
validation step=4000 loss=0.2241
Saved checkpoint: outputs/blt_gec_768x12/native/best.ckpt
epoch=4 step=4020 loss=0.5882
epoch=4 step=4040 loss=0.9097
epoch=4 step=4060 loss=0.0846
epoch=4 step=4080 loss=0.1783
epoch=4 step=4100 loss=0.0195
epoch=4 step=4120 loss=0.1774
epoch=4 step=4140 loss=0.2125
epoch=4 step=4160 loss=0.0114
epoch=4 step=4180 loss=0.7848
epoch=4 step=4200 loss=0.0463
validation step=4200 loss=0.2080
Saved checkpoint: outputs/blt_gec_768x12/native/best.ckpt
epoch=4 step=4220 loss=0.3069
epoch=4 step=4240 loss=0.6778
epoch=4 step=4260 loss=0.0107
epoch=4 step=4280 loss=0.0270
epoch=4 step=4300 loss=0.0732
epoch=4 step=4320 loss=0.0132
epoch=4 step=4340 loss=0.6476
epoch=4 step=4360 loss=0.0204
epoch=4 step=4380 loss=0.5612
epoch=4 step=4400 loss=0.0627
validation step=4400 loss=0.1958
Saved checkpoint: outputs/blt_gec_768x12/native/best.ckpt
epoch=4 step=4420 loss=0.0238
epoch=4 step=4440 loss=0.1463
epoch=4 step=4460 loss=0.1306
validation epoch=4 loss=0.2014
Saved checkpoint: outputs/blt_gec_768x12/native/last.ckpt
epoch=5 step=4480 loss=0.2878
epoch=5 step=4500 loss=0.1209
epoch=5 step=4520 loss=0.2358
epoch=5 step=4540 loss=0.4005
epoch=5 step=4560 loss=0.4424
epoch=5 step=4580 loss=0.0076
epoch=5 step=4600 loss=0.0090
validation step=4600 loss=0.1940
Saved checkpoint: outputs/blt_gec_768x12/native/best.ckpt
epoch=5 step=4620 loss=0.2231
epoch=5 step=4640 loss=0.5843
epoch=5 step=4660 loss=0.1563
epoch=5 step=4680 loss=0.1953
epoch=5 step=4700 loss=0.1212
epoch=5 step=4720 loss=0.5864
epoch=5 step=4740 loss=0.1892
epoch=5 step=4760 loss=0.0709
epoch=5 step=4780 loss=0.2779
epoch=5 step=4800 loss=0.0814
validation step=4800 loss=0.1935
Saved checkpoint: outputs/blt_gec_768x12/native/best.ckpt
epoch=5 step=4820 loss=0.0399
epoch=5 step=4840 loss=0.0472
epoch=5 step=4860 loss=0.1148
epoch=5 step=4880 loss=0.0544
epoch=5 step=4900 loss=0.2273
epoch=5 step=4920 loss=0.4204
epoch=5 step=4940 loss=0.3337
epoch=5 step=4960 loss=0.1117
epoch=5 step=4980 loss=0.0616
epoch=5 step=5000 loss=0.2484
validation step=5000 loss=0.1774
Saved checkpoint: outputs/blt_gec_768x12/native/best.ckpt
epoch=5 step=5020 loss=0.0519
epoch=5 step=5040 loss=0.0891
epoch=5 step=5060 loss=0.4459
epoch=5 step=5080 loss=0.2372
epoch=5 step=5100 loss=0.4056
epoch=5 step=5120 loss=0.2350
epoch=5 step=5140 loss=0.1914
epoch=5 step=5160 loss=0.2707
epoch=5 step=5180 loss=0.0221
epoch=5 step=5200 loss=0.2724
validation step=5200 loss=0.1757
Saved checkpoint: outputs/blt_gec_768x12/native/best.ckpt
epoch=5 step=5220 loss=0.6497
epoch=5 step=5240 loss=0.0742
validation epoch=5 loss=0.1846
Saved checkpoint: outputs/blt_gec_768x12/native/last.ckpt
epoch=6 step=5260 loss=0.0538
epoch=6 step=5280 loss=0.0255
epoch=6 step=5300 loss=0.6148
epoch=6 step=5320 loss=0.1159
epoch=6 step=5340 loss=0.2884
epoch=6 step=5360 loss=0.1578
epoch=6 step=5380 loss=0.0510
epoch=6 step=5400 loss=0.0707
validation step=5400 loss=0.1775
epoch=6 step=5420 loss=0.0670
epoch=6 step=5440 loss=0.0397
epoch=6 step=5460 loss=0.0320
epoch=6 step=5480 loss=0.0847
epoch=6 step=5500 loss=0.2071
epoch=6 step=5520 loss=0.7703
epoch=6 step=5540 loss=0.0052
epoch=6 step=5560 loss=0.0252
epoch=6 step=5580 loss=0.2269
epoch=6 step=5600 loss=0.2656
validation step=5600 loss=0.1692
Saved checkpoint: outputs/blt_gec_768x12/native/best.ckpt
epoch=6 step=5620 loss=0.0278
epoch=6 step=5640 loss=0.3129
epoch=6 step=5660 loss=0.2673
epoch=6 step=5680 loss=0.4713
epoch=6 step=5700 loss=0.1966
epoch=6 step=5720 loss=0.0942
epoch=6 step=5740 loss=0.0224
epoch=6 step=5760 loss=0.3484
epoch=6 step=5780 loss=0.0920
epoch=6 step=5800 loss=0.0399
validation step=5800 loss=0.1711
epoch=6 step=5820 loss=0.0421
epoch=6 step=5840 loss=0.0101
epoch=6 step=5860 loss=0.1256
epoch=6 step=5880 loss=0.0718
epoch=6 step=5900 loss=0.0350
epoch=6 step=5920 loss=0.3425
epoch=6 step=5940 loss=0.1210
epoch=6 step=5960 loss=0.0207
epoch=6 step=5980 loss=0.0247
epoch=6 step=6000 loss=0.0194
validation step=6000 loss=0.1605
Saved checkpoint: outputs/blt_gec_768x12/native/best.ckpt
validation epoch=6 loss=0.1704
Saved checkpoint: outputs/blt_gec_768x12/native/last.ckpt
epoch=7 step=6020 loss=0.0628
epoch=7 step=6040 loss=0.0227
epoch=7 step=6060 loss=0.1093
epoch=7 step=6080 loss=0.0846
epoch=7 step=6100 loss=0.5087
epoch=7 step=6120 loss=0.0317
epoch=7 step=6140 loss=0.2414
epoch=7 step=6160 loss=0.0761
epoch=7 step=6180 loss=0.0231
epoch=7 step=6200 loss=0.0195
validation step=6200 loss=0.1605
epoch=7 step=6220 loss=0.0661
epoch=7 step=6240 loss=0.5817
epoch=7 step=6260 loss=0.2824
epoch=7 step=6280 loss=0.0114
Saved checkpoint: outputs/blt_gec_768x12/native/last.ckpt
epoch=7 step=6300 loss=0.0592
epoch=7 step=6320 loss=0.0053
epoch=7 step=6340 loss=0.3514
epoch=7 step=6360 loss=0.1676
epoch=7 step=6380 loss=0.0289
epoch=7 step=6400 loss=0.0740
validation step=6400 loss=0.1551
Saved checkpoint: outputs/blt_gec_768x12/native/best.ckpt
epoch=7 step=6420 loss=0.2226
epoch=7 step=6440 loss=0.0683
epoch=7 step=6460 loss=0.0529
epoch=7 step=6480 loss=0.0419
epoch=7 step=6500 loss=0.1627
epoch=7 step=6520 loss=0.1213
epoch=7 step=6540 loss=0.0104
epoch=7 step=6560 loss=0.0221
epoch=7 step=6580 loss=0.0112
epoch=7 step=6600 loss=0.0286
validation step=6600 loss=0.1546
Saved checkpoint: outputs/blt_gec_768x12/native/best.ckpt
epoch=7 step=6620 loss=0.0861
epoch=7 step=6640 loss=0.1327
epoch=7 step=6660 loss=0.3172
epoch=7 step=6680 loss=0.1187
epoch=7 step=6700 loss=0.0823
epoch=7 step=6720 loss=0.0448
epoch=7 step=6740 loss=0.0573
epoch=7 step=6760 loss=0.8019
epoch=7 step=6780 loss=0.3260
validation epoch=7 loss=0.1554
Saved checkpoint: outputs/blt_gec_768x12/native/last.ckpt
epoch=8 step=6800 loss=0.1495
validation step=6800 loss=0.1468
Saved checkpoint: outputs/blt_gec_768x12/native/best.ckpt
epoch=8 step=6820 loss=0.0637
epoch=8 step=6840 loss=0.2878
epoch=8 step=6860 loss=0.0409
epoch=8 step=6880 loss=0.0473
epoch=8 step=6900 loss=0.2297
epoch=8 step=6920 loss=0.0216
epoch=8 step=6940 loss=0.0274
epoch=8 step=6960 loss=0.2990
epoch=8 step=6980 loss=0.0541
epoch=8 step=7000 loss=0.5175
validation step=7000 loss=0.1543
epoch=8 step=7020 loss=0.0572
epoch=8 step=7040 loss=0.0315
epoch=8 step=7060 loss=0.1282
epoch=8 step=7080 loss=0.1068
epoch=8 step=7100 loss=0.2022
epoch=8 step=7120 loss=0.3783
epoch=8 step=7140 loss=0.0046
epoch=8 step=7160 loss=0.1321
epoch=8 step=7180 loss=0.0151
epoch=8 step=7200 loss=0.0194
validation step=7200 loss=0.1498
epoch=8 step=7220 loss=0.0237
epoch=8 step=7240 loss=0.1479
epoch=8 step=7260 loss=0.1441
epoch=8 step=7280 loss=0.0011
epoch=8 step=7300 loss=0.0486
epoch=8 step=7320 loss=0.0145
epoch=8 step=7340 loss=0.0598
epoch=8 step=7360 loss=0.0697
epoch=8 step=7380 loss=0.0415
epoch=8 step=7400 loss=0.0481
validation step=7400 loss=0.1480
epoch=8 step=7420 loss=0.0996
epoch=8 step=7440 loss=0.0673
epoch=8 step=7460 loss=0.0640
epoch=8 step=7480 loss=0.0835
epoch=8 step=7500 loss=0.3143
epoch=8 step=7520 loss=0.1884
epoch=8 step=7540 loss=0.0686
validation epoch=8 loss=0.1423
Saved checkpoint: outputs/blt_gec_768x12/native/best.ckpt
Saved checkpoint: outputs/blt_gec_768x12/native/last.ckpt
epoch=9 step=7560 loss=0.0545
epoch=9 step=7580 loss=0.2854
epoch=9 step=7600 loss=0.0212
validation step=7600 loss=0.1424
epoch=9 step=7620 loss=0.2234
epoch=9 step=7640 loss=0.0038
epoch=9 step=7660 loss=0.0704
epoch=9 step=7680 loss=0.1357
epoch=9 step=7700 loss=0.0449
epoch=9 step=7720 loss=0.0128
epoch=9 step=7740 loss=0.0584
epoch=9 step=7760 loss=0.3320
epoch=9 step=7780 loss=0.0787
epoch=9 step=7800 loss=0.0165
validation step=7800 loss=0.1466
epoch=9 step=7820 loss=0.0193
epoch=9 step=7840 loss=0.0108
epoch=9 step=7860 loss=0.0426
epoch=9 step=7880 loss=0.0823
epoch=9 step=7900 loss=0.1462
epoch=9 step=7920 loss=0.3289
epoch=9 step=7940 loss=0.0149
epoch=9 step=7960 loss=0.0864
epoch=9 step=7980 loss=0.0742
epoch=9 step=8000 loss=0.0074
validation step=8000 loss=0.1482
epoch=9 step=8020 loss=0.0111
epoch=9 step=8040 loss=0.0342
epoch=9 step=8060 loss=0.0767
epoch=9 step=8080 loss=0.1874
epoch=9 step=8100 loss=0.0533
epoch=9 step=8120 loss=0.2969
epoch=9 step=8140 loss=0.0481
epoch=9 step=8160 loss=0.0953
epoch=9 step=8180 loss=0.0845
epoch=9 step=8200 loss=0.0205
validation step=8200 loss=0.1421
Saved checkpoint: outputs/blt_gec_768x12/native/best.ckpt
epoch=9 step=8220 loss=0.0830
epoch=9 step=8240 loss=0.2162
epoch=9 step=8260 loss=0.0034
epoch=9 step=8280 loss=0.0500
epoch=9 step=8300 loss=0.0909
epoch=9 step=8320 loss=0.0766
validation epoch=9 loss=0.1542
Saved checkpoint: outputs/blt_gec_768x12/native/last.ckpt
epoch=10 step=8340 loss=0.0318
epoch=10 step=8360 loss=0.0614
epoch=10 step=8380 loss=0.0961
epoch=10 step=8400 loss=0.1406
validation step=8400 loss=0.1471
epoch=10 step=8420 loss=0.0064
epoch=10 step=8440 loss=0.0017
epoch=10 step=8460 loss=0.0491
epoch=10 step=8480 loss=0.1585
epoch=10 step=8500 loss=0.1127
epoch=10 step=8520 loss=0.3359
epoch=10 step=8540 loss=0.0102
epoch=10 step=8560 loss=0.1146
epoch=10 step=8580 loss=0.0006
epoch=10 step=8600 loss=0.0119
validation step=8600 loss=0.1485
epoch=10 step=8620 loss=0.0072
epoch=10 step=8640 loss=0.2767
epoch=10 step=8660 loss=0.0581
epoch=10 step=8680 loss=0.0092
epoch=10 step=8700 loss=0.0130
epoch=10 step=8720 loss=0.0084
epoch=10 step=8740 loss=0.0423
epoch=10 step=8760 loss=0.0038
epoch=10 step=8780 loss=0.0129
Saved checkpoint: outputs/blt_gec_768x12/native/last.ckpt
epoch=10 step=8800 loss=0.0014
validation step=8800 loss=0.1433
epoch=10 step=8820 loss=0.1043
epoch=10 step=8840 loss=0.0556
epoch=10 step=8860 loss=0.0132
epoch=10 step=8880 loss=0.0033
epoch=10 step=8900 loss=0.0678
epoch=10 step=8920 loss=0.0060
epoch=10 step=8940 loss=0.0554
epoch=10 step=8960 loss=0.0134
epoch=10 step=8980 loss=0.0290
epoch=10 step=9000 loss=0.0759
validation step=9000 loss=0.1382
Saved checkpoint: outputs/blt_gec_768x12/native/best.ckpt
epoch=10 step=9020 loss=0.0161
epoch=10 step=9040 loss=0.1952
epoch=10 step=9060 loss=0.0028
epoch=10 step=9080 loss=0.2934
validation epoch=10 loss=0.1369
Saved checkpoint: outputs/blt_gec_768x12/native/best.ckpt
Saved checkpoint: outputs/blt_gec_768x12/native/last.ckpt
epoch=11 step=9100 loss=0.1452
epoch=11 step=9120 loss=0.1004
epoch=11 step=9140 loss=0.0459
epoch=11 step=9160 loss=0.0308
epoch=11 step=9180 loss=0.1195
epoch=11 step=9200 loss=0.0582
validation step=9200 loss=0.1492
epoch=11 step=9220 loss=0.0006
epoch=11 step=9240 loss=0.0522
epoch=11 step=9260 loss=0.0073
epoch=11 step=9280 loss=0.0320
epoch=11 step=9300 loss=0.0615
epoch=11 step=9320 loss=0.0212
epoch=11 step=9340 loss=0.1221
epoch=11 step=9360 loss=0.0306
epoch=11 step=9380 loss=0.2476
epoch=11 step=9400 loss=0.0020
validation step=9400 loss=0.1416
epoch=11 step=9420 loss=0.1756
epoch=11 step=9440 loss=0.0092
epoch=11 step=9460 loss=0.0214
epoch=11 step=9480 loss=0.0842
epoch=11 step=9500 loss=0.2997
epoch=11 step=9520 loss=0.1787
epoch=11 step=9540 loss=0.2242
epoch=11 step=9560 loss=0.0041
epoch=11 step=9580 loss=0.1022
epoch=11 step=9600 loss=0.1472
validation step=9600 loss=0.1364
Saved checkpoint: outputs/blt_gec_768x12/native/best.ckpt
epoch=11 step=9620 loss=0.0056
epoch=11 step=9640 loss=0.0358
epoch=11 step=9660 loss=0.0041
epoch=11 step=9680 loss=0.0401
epoch=11 step=9700 loss=0.0163
epoch=11 step=9720 loss=0.2601
epoch=11 step=9740 loss=0.0023
epoch=11 step=9760 loss=0.2013
epoch=11 step=9780 loss=0.0329
epoch=11 step=9800 loss=0.0154
validation step=9800 loss=0.1394
epoch=11 step=9820 loss=0.0108
epoch=11 step=9840 loss=0.0886
validation epoch=11 loss=0.1420
Saved checkpoint: outputs/blt_gec_768x12/native/last.ckpt
epoch=12 step=9860 loss=0.0061
epoch=12 step=9880 loss=0.0021
epoch=12 step=9900 loss=0.2029
epoch=12 step=9920 loss=0.0554
epoch=12 step=9940 loss=0.0036
epoch=12 step=9960 loss=0.1408
epoch=12 step=9980 loss=0.0055
epoch=12 step=10000 loss=0.0963
validation step=10000 loss=0.1467
epoch=12 step=10020 loss=0.0951
epoch=12 step=10040 loss=0.0163
epoch=12 step=10060 loss=0.1205
epoch=12 step=10080 loss=0.0240
epoch=12 step=10100 loss=0.0219
epoch=12 step=10120 loss=0.0014
epoch=12 step=10140 loss=0.0035
epoch=12 step=10160 loss=0.1627
epoch=12 step=10180 loss=0.0195
epoch=12 step=10200 loss=0.0740
validation step=10200 loss=0.1419
epoch=12 step=10220 loss=0.1798
epoch=12 step=10240 loss=0.0884
epoch=12 step=10260 loss=0.0041
epoch=12 step=10280 loss=0.0018
epoch=12 step=10300 loss=0.0009
epoch=12 step=10320 loss=0.0375
epoch=12 step=10340 loss=0.1025
epoch=12 step=10360 loss=0.1028
epoch=12 step=10380 loss=0.0042
epoch=12 step=10400 loss=0.0615
validation step=10400 loss=0.1422
epoch=12 step=10420 loss=0.0705
epoch=12 step=10440 loss=0.0010
epoch=12 step=10460 loss=0.0011
epoch=12 step=10480 loss=0.2139
epoch=12 step=10500 loss=0.0289
epoch=12 step=10520 loss=0.2003
epoch=12 step=10540 loss=0.0493
epoch=12 step=10560 loss=0.0053
epoch=12 step=10580 loss=0.0009
epoch=12 step=10600 loss=0.0138
validation step=10600 loss=0.1418
epoch=12 step=10620 loss=0.0423
validation epoch=12 loss=0.1356
Saved checkpoint: outputs/blt_gec_768x12/native/best.ckpt
Saved checkpoint: outputs/blt_gec_768x12/native/last.ckpt
epoch=13 step=10640 loss=0.0052
epoch=13 step=10660 loss=0.0026
epoch=13 step=10680 loss=0.0077
epoch=13 step=10700 loss=0.0204
epoch=13 step=10720 loss=0.2594
epoch=13 step=10740 loss=0.0301
epoch=13 step=10760 loss=0.1446
epoch=13 step=10780 loss=0.1152
epoch=13 step=10800 loss=0.0272
validation step=10800 loss=0.1396
epoch=13 step=10820 loss=0.0285
epoch=13 step=10840 loss=0.0972
epoch=13 step=10860 loss=0.1817
epoch=13 step=10880 loss=0.0007
epoch=13 step=10900 loss=0.0425
epoch=13 step=10920 loss=0.1241
epoch=13 step=10940 loss=0.0013
epoch=13 step=10960 loss=0.0971
epoch=13 step=10980 loss=0.1782
epoch=13 step=11000 loss=0.1741
validation step=11000 loss=0.1433
epoch=13 step=11020 loss=0.0025
epoch=13 step=11040 loss=0.0472
epoch=13 step=11060 loss=0.0283
epoch=13 step=11080 loss=0.0327
epoch=13 step=11100 loss=0.0045
epoch=13 step=11120 loss=0.0627
epoch=13 step=11140 loss=0.2395
epoch=13 step=11160 loss=0.0170
epoch=13 step=11180 loss=0.0055
epoch=13 step=11200 loss=0.0293
validation step=11200 loss=0.1423
epoch=13 step=11220 loss=0.2046
Saved checkpoint: outputs/blt_gec_768x12/native/last.ckpt
epoch=13 step=11240 loss=0.0688
epoch=13 step=11260 loss=0.0205
epoch=13 step=11280 loss=0.3192
epoch=13 step=11300 loss=0.5930
epoch=13 step=11320 loss=0.1828
epoch=13 step=11340 loss=0.0166
epoch=13 step=11360 loss=0.0131
epoch=13 step=11380 loss=0.1437
validation epoch=13 loss=0.1442
Saved checkpoint: outputs/blt_gec_768x12/native/last.ckpt
epoch=14 step=11400 loss=0.0013
validation step=11400 loss=0.1461
epoch=14 step=11420 loss=0.0038
epoch=14 step=11440 loss=0.0006
epoch=14 step=11460 loss=0.0008
epoch=14 step=11480 loss=0.0044
epoch=14 step=11500 loss=0.0515
epoch=14 step=11520 loss=0.1156
epoch=14 step=11540 loss=0.0198
epoch=14 step=11560 loss=0.0268
epoch=14 step=11580 loss=0.0704
epoch=14 step=11600 loss=0.0924
validation step=11600 loss=0.1508
epoch=14 step=11620 loss=0.0007
epoch=14 step=11640 loss=0.0062
epoch=14 step=11660 loss=0.0041
epoch=14 step=11680 loss=0.1734
epoch=14 step=11700 loss=0.0019
epoch=14 step=11720 loss=0.0102
epoch=14 step=11740 loss=0.0395
epoch=14 step=11760 loss=0.0132
epoch=14 step=11780 loss=0.0191
epoch=14 step=11800 loss=0.0156
validation step=11800 loss=0.1415
epoch=14 step=11820 loss=0.0196
epoch=14 step=11840 loss=0.0966
epoch=14 step=11860 loss=0.0256
epoch=14 step=11880 loss=0.1049
epoch=14 step=11900 loss=0.0054
epoch=14 step=11920 loss=0.0921
epoch=14 step=11940 loss=0.0029
epoch=14 step=11960 loss=0.0019
epoch=14 step=11980 loss=0.0406
epoch=14 step=12000 loss=0.0566
validation step=12000 loss=0.1437
epoch=14 step=12020 loss=0.0016
epoch=14 step=12040 loss=0.0581
epoch=14 step=12060 loss=0.2507
epoch=14 step=12080 loss=0.1682
epoch=14 step=12100 loss=0.0056
epoch=14 step=12120 loss=0.0944
epoch=14 step=12140 loss=0.0807
epoch=14 step=12160 loss=0.1159
validation epoch=14 loss=0.1440
Saved checkpoint: outputs/blt_gec_768x12/native/last.ckpt
epoch=15 step=12180 loss=0.1173
epoch=15 step=12200 loss=0.0020
validation step=12200 loss=0.1462
epoch=15 step=12220 loss=0.2584
epoch=15 step=12240 loss=0.0030
epoch=15 step=12260 loss=0.0034
epoch=15 step=12280 loss=0.0126
epoch=15 step=12300 loss=0.0017
epoch=15 step=12320 loss=0.0126
epoch=15 step=12340 loss=0.1367
epoch=15 step=12360 loss=0.0889
epoch=15 step=12380 loss=0.0024
epoch=15 step=12400 loss=0.1034
validation step=12400 loss=0.1469
epoch=15 step=12420 loss=0.1063
epoch=15 step=12440 loss=0.1360
epoch=15 step=12460 loss=0.0271
epoch=15 step=12480 loss=0.2921
epoch=15 step=12500 loss=0.4590
epoch=15 step=12520 loss=0.3065
epoch=15 step=12540 loss=0.0050
epoch=15 step=12560 loss=0.1565
epoch=15 step=12580 loss=0.0537
epoch=15 step=12600 loss=0.0659
validation step=12600 loss=0.1509
epoch=15 step=12620 loss=0.0117
epoch=15 step=12640 loss=0.0006
epoch=15 step=12660 loss=0.1755
epoch=15 step=12680 loss=0.2504
epoch=15 step=12700 loss=0.0530
epoch=15 step=12720 loss=0.0107
epoch=15 step=12740 loss=0.0315
epoch=15 step=12760 loss=0.1416
epoch=15 step=12780 loss=0.0026
epoch=15 step=12800 loss=0.1301
validation step=12800 loss=0.1478
epoch=15 step=12820 loss=0.4468
epoch=15 step=12840 loss=0.0008
epoch=15 step=12860 loss=0.0019
epoch=15 step=12880 loss=0.0675
epoch=15 step=12900 loss=0.0010
epoch=15 step=12920 loss=0.0010
validation epoch=15 loss=0.1423
Saved checkpoint: outputs/blt_gec_768x12/native/last.ckpt
epoch=16 step=12940 loss=0.4160
epoch=16 step=12960 loss=0.0054
epoch=16 step=12980 loss=0.0023
epoch=16 step=13000 loss=0.0031
validation step=13000 loss=0.1449
epoch=16 step=13020 loss=0.0115
epoch=16 step=13040 loss=0.0020
epoch=16 step=13060 loss=0.0009
epoch=16 step=13080 loss=0.1252
epoch=16 step=13100 loss=0.0403
epoch=16 step=13120 loss=0.0196
epoch=16 step=13140 loss=0.0319
epoch=16 step=13160 loss=0.0837
epoch=16 step=13180 loss=0.0066
epoch=16 step=13200 loss=0.0047
validation step=13200 loss=0.1481
epoch=16 step=13220 loss=0.0004
epoch=16 step=13240 loss=0.0041
epoch=16 step=13260 loss=0.0772
epoch=16 step=13280 loss=0.0471
epoch=16 step=13300 loss=0.0209
epoch=16 step=13320 loss=0.0072
epoch=16 step=13340 loss=0.0070
epoch=16 step=13360 loss=0.0024
epoch=16 step=13380 loss=0.0505
epoch=16 step=13400 loss=0.1099
validation step=13400 loss=0.1443
epoch=16 step=13420 loss=0.0799
epoch=16 step=13440 loss=0.0190
epoch=16 step=13460 loss=0.0004
epoch=16 step=13480 loss=0.0043
epoch=16 step=13500 loss=0.0003
epoch=16 step=13520 loss=0.1096
epoch=16 step=13540 loss=0.0007
epoch=16 step=13560 loss=0.0039
epoch=16 step=13580 loss=0.0015
epoch=16 step=13600 loss=0.2804
validation step=13600 loss=0.1411
epoch=16 step=13620 loss=0.0018
epoch=16 step=13640 loss=0.0369
epoch=16 step=13660 loss=0.0135
epoch=16 step=13680 loss=0.0012
epoch=16 step=13700 loss=0.0005
validation epoch=16 loss=0.1445
Saved checkpoint: outputs/blt_gec_768x12/native/last.ckpt
Saved checkpoint: outputs/blt_gec_768x12/native/last.ckpt
epoch=17 step=13720 loss=0.0348
epoch=17 step=13740 loss=0.0058
epoch=17 step=13760 loss=0.0026
epoch=17 step=13780 loss=0.0515
epoch=17 step=13800 loss=0.0735
validation step=13800 loss=0.1523
epoch=17 step=13820 loss=0.0145
epoch=17 step=13840 loss=0.0282
epoch=17 step=13860 loss=0.0002
epoch=17 step=13880 loss=0.0315
epoch=17 step=13900 loss=0.1370
epoch=17 step=13920 loss=0.0056
epoch=17 step=13940 loss=0.0050
epoch=17 step=13960 loss=0.1716
epoch=17 step=13980 loss=0.0082
epoch=17 step=14000 loss=0.0009
validation step=14000 loss=0.1515
epoch=17 step=14020 loss=0.0092
epoch=17 step=14040 loss=0.0085
epoch=17 step=14060 loss=0.0024
epoch=17 step=14080 loss=0.1780
epoch=17 step=14100 loss=0.0175
epoch=17 step=14120 loss=0.1777
epoch=17 step=14140 loss=0.1548
epoch=17 step=14160 loss=0.0166
epoch=17 step=14180 loss=0.0003
epoch=17 step=14200 loss=0.0003
validation step=14200 loss=0.1480
epoch=17 step=14220 loss=0.0004
epoch=17 step=14240 loss=0.0046
epoch=17 step=14260 loss=0.0427
epoch=17 step=14280 loss=0.1458
epoch=17 step=14300 loss=0.0461
epoch=17 step=14320 loss=0.0382
epoch=17 step=14340 loss=0.0495
epoch=17 step=14360 loss=0.1325
epoch=17 step=14380 loss=0.0259
epoch=17 step=14400 loss=0.0026
validation step=14400 loss=0.1498
epoch=17 step=14420 loss=0.0046
epoch=17 step=14440 loss=0.0156
epoch=17 step=14460 loss=0.1609
validation epoch=17 loss=0.1452
Saved checkpoint: outputs/blt_gec_768x12/native/last.ckpt
epoch=18 step=14480 loss=0.0992
epoch=18 step=14500 loss=0.0022
epoch=18 step=14520 loss=0.0797
epoch=18 step=14540 loss=0.0145
epoch=18 step=14560 loss=0.0001
epoch=18 step=14580 loss=0.0374
epoch=18 step=14600 loss=0.0010
validation step=14600 loss=0.1555
epoch=18 step=14620 loss=0.3551
epoch=18 step=14640 loss=0.0302
epoch=18 step=14660 loss=0.0190
epoch=18 step=14680 loss=0.0013
epoch=18 step=14700 loss=0.0563
epoch=18 step=14720 loss=0.0570
epoch=18 step=14740 loss=0.0740
epoch=18 step=14760 loss=0.1054
epoch=18 step=14780 loss=0.1090
epoch=18 step=14800 loss=0.0096
