/home01/r984a02/.conda/envs/phdq/lib/python3.10/site-packages/torch/cuda/__init__.py:63: FutureWarning: The pynvml package is deprecated. Please install nvidia-ml-py instead. If you did not install pynvml directly, please report this to the maintainers of the package that installed pynvml for you.
  import pynvml  # type: ignore[import]
[rank: 0] Seed set to 0
Loading weights:   0%|          | 0/261 [00:00<?, ?it/s]Loading weights: 100%|██████████| 261/261 [00:00<00:00, 33769.73it/s]
GPU available: True (cuda), used: True
TPU available: False, using: 0 TPU cores
/home01/r984a02/.conda/envs/phdq/lib/python3.10/site-packages/lightning/pytorch/trainer/connectors/logger_connector/logger_connector.py:76: Starting from v1.9.0, `tensorboardX` has been removed as a dependency of the `lightning.pytorch` package, due to potential conflicts with other packages in the ML ecosystem. For this reason, `logger=True` will use `CSVLogger` as the default logger, unless the `tensorboard` or `tensorboardX` packages are found. Please `pip install lightning[extra]` or one of them to enable TensorBoard support by default
💡 Tip: For seamless cloud logging and experiment tracking, try installing [litlogger](https://pypi.org/project/litlogger/) to enable LitLogger, which logs metrics and artifacts automatically to the Lightning Experiments platform.
You are using a CUDA device ('NVIDIA A100-SXM4-80GB') that has Tensor Cores. To properly utilize them, you should set `torch.set_float32_matmul_precision('medium' | 'high')` which will trade-off precision for performance. For more details, read https://pytorch.org/docs/stable/generated/torch.set_float32_matmul_precision.html#torch.set_float32_matmul_precision
/home01/r984a02/.conda/envs/phdq/lib/python3.10/site-packages/google/api_core/_python_version_support.py:255: FutureWarning: You are using a Python version (3.10.20) which Google will stop supporting in new releases of google.api_core once it reaches its end of life (2026-10-04). Please upgrade to the latest Python version, or at least Python 3.11, to continue receiving updates for google.api_core past that date.
  warnings.warn(message, FutureWarning)
/home01/r984a02/.conda/envs/phdq/lib/python3.10/site-packages/google/api_core/_python_version_support.py:255: FutureWarning: You are using a Python version (3.10.20) which Google will stop supporting in new releases of google.cloud._storage_v2 once it reaches its end of life (2026-10-04). Please upgrade to the latest Python version, or at least Python 3.11, to continue receiving updates for google.cloud._storage_v2 past that date.
  warnings.warn(message, FutureWarning)
/home01/r984a02/.conda/envs/phdq/lib/python3.10/site-packages/google/api_core/_python_version_support.py:255: FutureWarning: You are using a Python version (3.10.20) which Google will stop supporting in new releases of google.cloud.storage_control_v2 once it reaches its end of life (2026-10-04). Please upgrade to the latest Python version, or at least Python 3.11, to continue receiving updates for google.cloud.storage_control_v2 past that date.
  warnings.warn(message, FutureWarning)
/home01/r984a02/.conda/envs/phdq/lib/python3.10/site-packages/lightning/pytorch/callbacks/model_checkpoint.py:881: Checkpoint directory /scratch/r984a02/PHDQ2/outputs/union_paper exists and is not empty.
Restoring states from the checkpoint path at outputs/union_paper/last.ckpt
LOCAL_RANK: 0 - CUDA_VISIBLE_DEVICES: [0]
WARNING:root:transformers.optimization.AdamW is unavailable; falling back to torch.optim.AdamW with bias correction enabled.
Restored all states from the checkpoint at outputs/union_paper/last.ckpt
SLURM auto-requeueing enabled. Setting signal handlers.
/home01/r984a02/.conda/envs/phdq/lib/python3.10/site-packages/lightning/pytorch/utilities/_pytree.py:21: `isinstance(treespec, LeafSpec)` is deprecated, use `isinstance(treespec, TreeSpec) and treespec.is_leaf()` instead.
/home01/r984a02/.conda/envs/phdq/lib/python3.10/site-packages/lightning/pytorch/loops/training_epoch_loop.py:224: You're resuming from a checkpoint that ended before the epoch ended and your dataloader is not resumable. This can cause unreliable results if further training is done. Consider using an end-of-epoch checkpoint or make your dataloader resumable by implementing the `state_dict` / `load_state_dict` interface.
Epoch 6, global step 11914: 'val_gleu' reached 27.53170 (best 27.56720), saving model to '/scratch/r984a02/PHDQ2/outputs/union_paper/model_ckpt/union_paper_3e-05_epoch=06_step=11914-v1.ckpt' as top 3
Time limit reached. Elapsed time is 1:50:00. Signaling Trainer to stop.
Epoch 7, global step 12614: 'val_gleu' reached 27.70090 (best 27.70090), saving model to '/scratch/r984a02/PHDQ2/outputs/union_paper/model_ckpt/union_paper_3e-05_epoch=07_step=12614.ckpt' as top 3
`weights_only` was not set, defaulting to `False`.
