==========================================
SLURM_JOB_ID = 751175
SLURM_NODELIST = gpu40
==========================================
Job ID: 751175
Node: gpu40
CUDA_VISIBLE_DEVICES: 0
Start Time: Sat Jun  6 21:39:25 KST 2026
Submit Dir: /scratch/r984a02/PHDQ2
Partition: amd_a100nv_8
Requested GPUs: 1
Requested CPU cores per task: 4
Python: /home01/r984a02/.conda/envs/phdq/bin/python
Torch: 2.12.0+cu130
NumPy: 2.2.6
Starting KoBART GEC Training on native dataset...
Auto-resume enabled: outputs/native/last.ckpt
Arguments:
{'batch_size': 32,
 'best': {'f0.5': 0, 'gleu': 0, 'prec': 0, 'rec': 0},
 'check_val_every_n_epoch': 1,
 'checkpoint_interval_minutes': 20,
 'data': 'native',
 'debug': False,
 'every_n_epochs': 1,
 'log_every_n_steps': 50,
 'lr': 5e-05,
 'max_epochs': 40,
 'max_seq_len': 128,
 'max_time': '00:01:50:00',
 'model_ckpt_path': '',
 'name': 'kobart-native',
 'num_workers': 4,
 'resume_ckpt_path': 'outputs/native/last.ckpt',
 'seed': 0,
 'test_data_path': '/scratch/r984a02/PHDQ2/data/Preprocessed/native/native_test.txt',
 'train_data_path': '/scratch/r984a02/PHDQ2/data/Preprocessed/native/native_train.txt',
 'val_data_path': '/scratch/r984a02/PHDQ2/data/Preprocessed/native/native_val.txt',
 'warmup_ratio': 0.0}
Resuming training from outputs/native/last.ckpt...
┏━━━┳━━━━━━━┳━━━━━━━━━━━━━━━━━━━━━━━━━━━━━━┳━━━━━━━━┳━━━━━━━┳━━━━━━━┓
┃   ┃ Name  ┃ Type                         ┃ Params ┃ Mode  ┃ FLOPs ┃
┡━━━╇━━━━━━━╇━━━━━━━━━━━━━━━━━━━━━━━━━━━━━━╇━━━━━━━━╇━━━━━━━╇━━━━━━━┩
│ 0 │ model │ BartForConditionalGeneration │  123 M │ train │     0 │
└───┴───────┴──────────────────────────────┴────────┴───────┴───────┘
Trainable params: 123 M                                                         
Non-trainable params: 0                                                         
Total params: 123 M                                                             
Total estimated model params size (MB): 495.440                                 
Modules in train mode: 182                                                      
Modules in eval mode: 0                                                         
Total FLOPs: 0                                                                  


EPOCH 0 / VAL_LOSS 0.27 / GLEU 59.98

{0: {'f_score': 0,
     'gleu': 59.975100000000005,
     'loss': 0.2673155963420868,
     'precision': 0,
     'recall': 0}}

Generation time: 24.830963850021362


EPOCH 1 / VAL_LOSS 0.24 / GLEU 61.54

{0: {'f_score': 0,
     'generation_time': 24.830963850021362,
     'gleu': 59.975100000000005,
     'loss': 0.2673155963420868,
     'precision': 0,
     'recall': 0},
 1: {'f_score': 0,
     'gleu': 61.536199999999994,
     'loss': 0.24222108721733093,
     'precision': 0,
     'recall': 0}}

Generation time: 23.323936939239502


EPOCH 2 / VAL_LOSS 0.25 / GLEU 61.88

{0: {'f_score': 0,
     'generation_time': 24.830963850021362,
     'gleu': 59.975100000000005,
     'loss': 0.2673155963420868,
     'precision': 0,
     'recall': 0},
 1: {'f_score': 0,
     'generation_time': 23.323936939239502,
     'gleu': 61.536199999999994,
     'loss': 0.24222108721733093,
     'precision': 0,
     'recall': 0},
 2: {'f_score': 0,
     'gleu': 61.884499999999996,
     'loss': 0.24844203889369965,
     'precision': 0,
     'recall': 0}}

Generation time: 23.25812029838562


EPOCH 3 / VAL_LOSS 0.25 / GLEU 62.99

{0: {'f_score': 0,
     'generation_time': 24.830963850021362,
     'gleu': 59.975100000000005,
     'loss': 0.2673155963420868,
     'precision': 0,
     'recall': 0},
 1: {'f_score': 0,
     'generation_time': 23.323936939239502,
     'gleu': 61.536199999999994,
     'loss': 0.24222108721733093,
     'precision': 0,
     'recall': 0},
 2: {'f_score': 0,
     'generation_time': 23.25812029838562,
     'gleu': 61.884499999999996,
     'loss': 0.24844203889369965,
     'precision': 0,
     'recall': 0},
 3: {'f_score': 0,
     'gleu': 62.988299999999995,
     'loss': 0.24807898700237274,
     'precision': 0,
     'recall': 0}}

Generation time: 23.02224898338318


EPOCH 4 / VAL_LOSS 0.25 / GLEU 63.39

{0: {'f_score': 0,
     'generation_time': 24.830963850021362,
     'gleu': 59.975100000000005,
     'loss': 0.2673155963420868,
     'precision': 0,
     'recall': 0},
 1: {'f_score': 0,
     'generation_time': 23.323936939239502,
     'gleu': 61.536199999999994,
     'loss': 0.24222108721733093,
     'precision': 0,
     'recall': 0},
 2: {'f_score': 0,
     'generation_time': 23.25812029838562,
     'gleu': 61.884499999999996,
     'loss': 0.24844203889369965,
     'precision': 0,
     'recall': 0},
 3: {'f_score': 0,
     'generation_time': 23.02224898338318,
     'gleu': 62.988299999999995,
     'loss': 0.24807898700237274,
     'precision': 0,
     'recall': 0},
 4: {'f_score': 0,
     'gleu': 63.386900000000004,
     'loss': 0.25239333510398865,
     'precision': 0,
     'recall': 0}}

Generation time: 23.051952600479126


EPOCH 5 / VAL_LOSS 0.26 / GLEU 62.4

{0: {'f_score': 0,
     'generation_time': 24.830963850021362,
     'gleu': 59.975100000000005,
     'loss': 0.2673155963420868,
     'precision': 0,
     'recall': 0},
 1: {'f_score': 0,
     'generation_time': 23.323936939239502,
     'gleu': 61.536199999999994,
     'loss': 0.24222108721733093,
     'precision': 0,
     'recall': 0},
 2: {'f_score': 0,
     'generation_time': 23.25812029838562,
     'gleu': 61.884499999999996,
     'loss': 0.24844203889369965,
     'precision': 0,
     'recall': 0},
 3: {'f_score': 0,
     'generation_time': 23.02224898338318,
     'gleu': 62.988299999999995,
     'loss': 0.24807898700237274,
     'precision': 0,
     'recall': 0},
 4: {'f_score': 0,
     'generation_time': 23.051952600479126,
     'gleu': 63.386900000000004,
     'loss': 0.25239333510398865,
     'precision': 0,
     'recall': 0},
 5: {'f_score': 0,
     'gleu': 62.399499999999996,
     'loss': 0.26010990142822266,
     'precision': 0,
     'recall': 0}}

Generation time: 23.02397632598877


EPOCH 6 / VAL_LOSS 0.26 / GLEU 61.69

{0: {'f_score': 0,
     'generation_time': 24.830963850021362,
     'gleu': 59.975100000000005,
     'loss': 0.2673155963420868,
     'precision': 0,
     'recall': 0},
 1: {'f_score': 0,
     'generation_time': 23.323936939239502,
     'gleu': 61.536199999999994,
     'loss': 0.24222108721733093,
     'precision': 0,
     'recall': 0},
 2: {'f_score': 0,
     'generation_time': 23.25812029838562,
     'gleu': 61.884499999999996,
     'loss': 0.24844203889369965,
     'precision': 0,
     'recall': 0},
 3: {'f_score': 0,
     'generation_time': 23.02224898338318,
     'gleu': 62.988299999999995,
     'loss': 0.24807898700237274,
     'precision': 0,
     'recall': 0},
 4: {'f_score': 0,
     'generation_time': 23.051952600479126,
     'gleu': 63.386900000000004,
     'loss': 0.25239333510398865,
     'precision': 0,
     'recall': 0},
 5: {'f_score': 0,
     'generation_time': 23.02397632598877,
     'gleu': 62.399499999999996,
     'loss': 0.26010990142822266,
     'precision': 0,
     'recall': 0},
 6: {'f_score': 0,
     'gleu': 61.6853,
     'loss': 0.26060834527015686,
     'precision': 0,
     'recall': 0}}

Generation time: 22.939800262451172


EPOCH 7 / VAL_LOSS 0.26 / GLEU 63.05

{0: {'f_score': 0,
     'generation_time': 24.830963850021362,
     'gleu': 59.975100000000005,
     'loss': 0.2673155963420868,
     'precision': 0,
     'recall': 0},
 1: {'f_score': 0,
     'generation_time': 23.323936939239502,
     'gleu': 61.536199999999994,
     'loss': 0.24222108721733093,
     'precision': 0,
     'recall': 0},
 2: {'f_score': 0,
     'generation_time': 23.25812029838562,
     'gleu': 61.884499999999996,
     'loss': 0.24844203889369965,
     'precision': 0,
     'recall': 0},
 3: {'f_score': 0,
     'generation_time': 23.02224898338318,
     'gleu': 62.988299999999995,
     'loss': 0.24807898700237274,
     'precision': 0,
     'recall': 0},
 4: {'f_score': 0,
     'generation_time': 23.051952600479126,
     'gleu': 63.386900000000004,
     'loss': 0.25239333510398865,
     'precision': 0,
     'recall': 0},
 5: {'f_score': 0,
     'generation_time': 23.02397632598877,
     'gleu': 62.399499999999996,
     'loss': 0.26010990142822266,
     'precision': 0,
     'recall': 0},
 6: {'f_score': 0,
     'generation_time': 22.939800262451172,
     'gleu': 61.6853,
     'loss': 0.26060834527015686,
     'precision': 0,
     'recall': 0},
 7: {'f_score': 0,
     'gleu': 63.0491,
     'loss': 0.2618867754936218,
     'precision': 0,
     'recall': 0}}

Generation time: 22.94494605064392


EPOCH 8 / VAL_LOSS 0.27 / GLEU 62.1

{0: {'f_score': 0,
     'generation_time': 24.830963850021362,
     'gleu': 59.975100000000005,
     'loss': 0.2673155963420868,
     'precision': 0,
     'recall': 0},
 1: {'f_score': 0,
     'generation_time': 23.323936939239502,
     'gleu': 61.536199999999994,
     'loss': 0.24222108721733093,
     'precision': 0,
     'recall': 0},
 2: {'f_score': 0,
     'generation_time': 23.25812029838562,
     'gleu': 61.884499999999996,
     'loss': 0.24844203889369965,
     'precision': 0,
     'recall': 0},
 3: {'f_score': 0,
     'generation_time': 23.02224898338318,
     'gleu': 62.988299999999995,
     'loss': 0.24807898700237274,
     'precision': 0,
     'recall': 0},
 4: {'f_score': 0,
     'generation_time': 23.051952600479126,
     'gleu': 63.386900000000004,
     'loss': 0.25239333510398865,
     'precision': 0,
     'recall': 0},
 5: {'f_score': 0,
     'generation_time': 23.02397632598877,
     'gleu': 62.399499999999996,
     'loss': 0.26010990142822266,
     'precision': 0,
     'recall': 0},
 6: {'f_score': 0,
     'generation_time': 22.939800262451172,
     'gleu': 61.6853,
     'loss': 0.26060834527015686,
     'precision': 0,
     'recall': 0},
 7: {'f_score': 0,
     'generation_time': 22.94494605064392,
     'gleu': 63.0491,
     'loss': 0.2618867754936218,
     'precision': 0,
     'recall': 0},
 8: {'f_score': 0,
     'gleu': 62.0995,
     'loss': 0.2748603820800781,
     'precision': 0,
     'recall': 0}}

Generation time: 22.935879468917847


EPOCH 9 / VAL_LOSS 0.27 / GLEU 62.43

{0: {'f_score': 0,
     'generation_time': 24.830963850021362,
     'gleu': 59.975100000000005,
     'loss': 0.2673155963420868,
     'precision': 0,
     'recall': 0},
 1: {'f_score': 0,
     'generation_time': 23.323936939239502,
     'gleu': 61.536199999999994,
     'loss': 0.24222108721733093,
     'precision': 0,
     'recall': 0},
 2: {'f_score': 0,
     'generation_time': 23.25812029838562,
     'gleu': 61.884499999999996,
     'loss': 0.24844203889369965,
     'precision': 0,
     'recall': 0},
 3: {'f_score': 0,
     'generation_time': 23.02224898338318,
     'gleu': 62.988299999999995,
     'loss': 0.24807898700237274,
     'precision': 0,
     'recall': 0},
 4: {'f_score': 0,
     'generation_time': 23.051952600479126,
     'gleu': 63.386900000000004,
     'loss': 0.25239333510398865,
     'precision': 0,
     'recall': 0},
 5: {'f_score': 0,
     'generation_time': 23.02397632598877,
     'gleu': 62.399499999999996,
     'loss': 0.26010990142822266,
     'precision': 0,
     'recall': 0},
 6: {'f_score': 0,
     'generation_time': 22.939800262451172,
     'gleu': 61.6853,
     'loss': 0.26060834527015686,
     'precision': 0,
     'recall': 0},
 7: {'f_score': 0,
     'generation_time': 22.94494605064392,
     'gleu': 63.0491,
     'loss': 0.2618867754936218,
     'precision': 0,
     'recall': 0},
 8: {'f_score': 0,
     'generation_time': 22.935879468917847,
     'gleu': 62.0995,
     'loss': 0.2748603820800781,
     'precision': 0,
     'recall': 0},
 9: {'f_score': 0,
     'gleu': 62.4265,
     'loss': 0.2695755660533905,
     'precision': 0,
     'recall': 0}}

Generation time: 22.85375690460205


EPOCH 10 / VAL_LOSS 0.27 / GLEU 63.01

{0: {'f_score': 0,
     'generation_time': 24.830963850021362,
     'gleu': 59.975100000000005,
     'loss': 0.2673155963420868,
     'precision': 0,
     'recall': 0},
 1: {'f_score': 0,
     'generation_time': 23.323936939239502,
     'gleu': 61.536199999999994,
     'loss': 0.24222108721733093,
     'precision': 0,
     'recall': 0},
 2: {'f_score': 0,
     'generation_time': 23.25812029838562,
     'gleu': 61.884499999999996,
     'loss': 0.24844203889369965,
     'precision': 0,
     'recall': 0},
 3: {'f_score': 0,
     'generation_time': 23.02224898338318,
     'gleu': 62.988299999999995,
     'loss': 0.24807898700237274,
     'precision': 0,
     'recall': 0},
 4: {'f_score': 0,
     'generation_time': 23.051952600479126,
     'gleu': 63.386900000000004,
     'loss': 0.25239333510398865,
     'precision': 0,
     'recall': 0},
 5: {'f_score': 0,
     'generation_time': 23.02397632598877,
     'gleu': 62.399499999999996,
     'loss': 0.26010990142822266,
     'precision': 0,
     'recall': 0},
 6: {'f_score': 0,
     'generation_time': 22.939800262451172,
     'gleu': 61.6853,
     'loss': 0.26060834527015686,
     'precision': 0,
     'recall': 0},
 7: {'f_score': 0,
     'generation_time': 22.94494605064392,
     'gleu': 63.0491,
     'loss': 0.2618867754936218,
     'precision': 0,
     'recall': 0},
 8: {'f_score': 0,
     'generation_time': 22.935879468917847,
     'gleu': 62.0995,
     'loss': 0.2748603820800781,
     'precision': 0,
     'recall': 0},
 9: {'f_score': 0,
     'generation_time': 22.85375690460205,
     'gleu': 62.4265,
     'loss': 0.2695755660533905,
     'precision': 0,
     'recall': 0},
 10: {'f_score': 0,
      'gleu': 63.013799999999996,
      'loss': 0.2678034007549286,
      'precision': 0,
      'recall': 0}}

Generation time: 22.82486605644226


EPOCH 11 / VAL_LOSS 0.27 / GLEU 62.67

{0: {'f_score': 0,
     'generation_time': 24.830963850021362,
     'gleu': 59.975100000000005,
     'loss': 0.2673155963420868,
     'precision': 0,
     'recall': 0},
 1: {'f_score': 0,
     'generation_time': 23.323936939239502,
     'gleu': 61.536199999999994,
     'loss': 0.24222108721733093,
     'precision': 0,
     'recall': 0},
 2: {'f_score': 0,
     'generation_time': 23.25812029838562,
     'gleu': 61.884499999999996,
     'loss': 0.24844203889369965,
     'precision': 0,
     'recall': 0},
 3: {'f_score': 0,
     'generation_time': 23.02224898338318,
     'gleu': 62.988299999999995,
     'loss': 0.24807898700237274,
     'precision': 0,
     'recall': 0},
 4: {'f_score': 0,
     'generation_time': 23.051952600479126,
     'gleu': 63.386900000000004,
     'loss': 0.25239333510398865,
     'precision': 0,
     'recall': 0},
 5: {'f_score': 0,
     'generation_time': 23.02397632598877,
     'gleu': 62.399499999999996,
     'loss': 0.26010990142822266,
     'precision': 0,
     'recall': 0},
 6: {'f_score': 0,
     'generation_time': 22.939800262451172,
     'gleu': 61.6853,
     'loss': 0.26060834527015686,
     'precision': 0,
     'recall': 0},
 7: {'f_score': 0,
     'generation_time': 22.94494605064392,
     'gleu': 63.0491,
     'loss': 0.2618867754936218,
     'precision': 0,
     'recall': 0},
 8: {'f_score': 0,
     'generation_time': 22.935879468917847,
     'gleu': 62.0995,
     'loss': 0.2748603820800781,
     'precision': 0,
     'recall': 0},
 9: {'f_score': 0,
     'generation_time': 22.85375690460205,
     'gleu': 62.4265,
     'loss': 0.2695755660533905,
     'precision': 0,
     'recall': 0},
 10: {'f_score': 0,
      'generation_time': 22.82486605644226,
      'gleu': 63.013799999999996,
      'loss': 0.2678034007549286,
      'precision': 0,
      'recall': 0},
 11: {'f_score': 0,
      'gleu': 62.6734,
      'loss': 0.27242982387542725,
      'precision': 0,
      'recall': 0}}

Generation time: 22.80206561088562


EPOCH 12 / VAL_LOSS 0.27 / GLEU 63.24

{0: {'f_score': 0,
     'generation_time': 24.830963850021362,
     'gleu': 59.975100000000005,
     'loss': 0.2673155963420868,
     'precision': 0,
     'recall': 0},
 1: {'f_score': 0,
     'generation_time': 23.323936939239502,
     'gleu': 61.536199999999994,
     'loss': 0.24222108721733093,
     'precision': 0,
     'recall': 0},
 2: {'f_score': 0,
     'generation_time': 23.25812029838562,
     'gleu': 61.884499999999996,
     'loss': 0.24844203889369965,
     'precision': 0,
     'recall': 0},
 3: {'f_score': 0,
     'generation_time': 23.02224898338318,
     'gleu': 62.988299999999995,
     'loss': 0.24807898700237274,
     'precision': 0,
     'recall': 0},
 4: {'f_score': 0,
     'generation_time': 23.051952600479126,
     'gleu': 63.386900000000004,
     'loss': 0.25239333510398865,
     'precision': 0,
     'recall': 0},
 5: {'f_score': 0,
     'generation_time': 23.02397632598877,
     'gleu': 62.399499999999996,
     'loss': 0.26010990142822266,
     'precision': 0,
     'recall': 0},
 6: {'f_score': 0,
     'generation_time': 22.939800262451172,
     'gleu': 61.6853,
     'loss': 0.26060834527015686,
     'precision': 0,
     'recall': 0},
 7: {'f_score': 0,
     'generation_time': 22.94494605064392,
     'gleu': 63.0491,
     'loss': 0.2618867754936218,
     'precision': 0,
     'recall': 0},
 8: {'f_score': 0,
     'generation_time': 22.935879468917847,
     'gleu': 62.0995,
     'loss': 0.2748603820800781,
     'precision': 0,
     'recall': 0},
 9: {'f_score': 0,
     'generation_time': 22.85375690460205,
     'gleu': 62.4265,
     'loss': 0.2695755660533905,
     'precision': 0,
     'recall': 0},
 10: {'f_score': 0,
      'generation_time': 22.82486605644226,
      'gleu': 63.013799999999996,
      'loss': 0.2678034007549286,
      'precision': 0,
      'recall': 0},
 11: {'f_score': 0,
      'generation_time': 22.80206561088562,
      'gleu': 62.6734,
      'loss': 0.27242982387542725,
      'precision': 0,
      'recall': 0},
 12: {'f_score': 0,
      'gleu': 63.2446,
      'loss': 0.26935631036758423,
      'precision': 0,
      'recall': 0}}

Generation time: 22.984859228134155


EPOCH 13 / VAL_LOSS 0.27 / GLEU 62.77

{0: {'f_score': 0,
     'generation_time': 24.830963850021362,
     'gleu': 59.975100000000005,
     'loss': 0.2673155963420868,
     'precision': 0,
     'recall': 0},
 1: {'f_score': 0,
     'generation_time': 23.323936939239502,
     'gleu': 61.536199999999994,
     'loss': 0.24222108721733093,
     'precision': 0,
     'recall': 0},
 2: {'f_score': 0,
     'generation_time': 23.25812029838562,
     'gleu': 61.884499999999996,
     'loss': 0.24844203889369965,
     'precision': 0,
     'recall': 0},
 3: {'f_score': 0,
     'generation_time': 23.02224898338318,
     'gleu': 62.988299999999995,
     'loss': 0.24807898700237274,
     'precision': 0,
     'recall': 0},
 4: {'f_score': 0,
     'generation_time': 23.051952600479126,
     'gleu': 63.386900000000004,
     'loss': 0.25239333510398865,
     'precision': 0,
     'recall': 0},
 5: {'f_score': 0,
     'generation_time': 23.02397632598877,
     'gleu': 62.399499999999996,
     'loss': 0.26010990142822266,
     'precision': 0,
     'recall': 0},
 6: {'f_score': 0,
     'generation_time': 22.939800262451172,
     'gleu': 61.6853,
     'loss': 0.26060834527015686,
     'precision': 0,
     'recall': 0},
 7: {'f_score': 0,
     'generation_time': 22.94494605064392,
     'gleu': 63.0491,
     'loss': 0.2618867754936218,
     'precision': 0,
     'recall': 0},
 8: {'f_score': 0,
     'generation_time': 22.935879468917847,
     'gleu': 62.0995,
     'loss': 0.2748603820800781,
     'precision': 0,
     'recall': 0},
 9: {'f_score': 0,
     'generation_time': 22.85375690460205,
     'gleu': 62.4265,
     'loss': 0.2695755660533905,
     'precision': 0,
     'recall': 0},
 10: {'f_score': 0,
      'generation_time': 22.82486605644226,
      'gleu': 63.013799999999996,
      'loss': 0.2678034007549286,
      'precision': 0,
      'recall': 0},
 11: {'f_score': 0,
      'generation_time': 22.80206561088562,
      'gleu': 62.6734,
      'loss': 0.27242982387542725,
      'precision': 0,
      'recall': 0},
 12: {'f_score': 0,
      'generation_time': 22.984859228134155,
      'gleu': 63.2446,
      'loss': 0.26935631036758423,
      'precision': 0,
      'recall': 0},
 13: {'f_score': 0,
      'gleu': 62.765800000000006,
      'loss': 0.27174025774002075,
      'precision': 0,
      'recall': 0}}

Generation time: 22.914111137390137


EPOCH 14 / VAL_LOSS 0.27 / GLEU 62.67

{0: {'f_score': 0,
     'generation_time': 24.830963850021362,
     'gleu': 59.975100000000005,
     'loss': 0.2673155963420868,
     'precision': 0,
     'recall': 0},
 1: {'f_score': 0,
     'generation_time': 23.323936939239502,
     'gleu': 61.536199999999994,
     'loss': 0.24222108721733093,
     'precision': 0,
     'recall': 0},
 2: {'f_score': 0,
     'generation_time': 23.25812029838562,
     'gleu': 61.884499999999996,
     'loss': 0.24844203889369965,
     'precision': 0,
     'recall': 0},
 3: {'f_score': 0,
     'generation_time': 23.02224898338318,
     'gleu': 62.988299999999995,
     'loss': 0.24807898700237274,
     'precision': 0,
     'recall': 0},
 4: {'f_score': 0,
     'generation_time': 23.051952600479126,
     'gleu': 63.386900000000004,
     'loss': 0.25239333510398865,
     'precision': 0,
     'recall': 0},
 5: {'f_score': 0,
     'generation_time': 23.02397632598877,
     'gleu': 62.399499999999996,
     'loss': 0.26010990142822266,
     'precision': 0,
     'recall': 0},
 6: {'f_score': 0,
     'generation_time': 22.939800262451172,
     'gleu': 61.6853,
     'loss': 0.26060834527015686,
     'precision': 0,
     'recall': 0},
 7: {'f_score': 0,
     'generation_time': 22.94494605064392,
     'gleu': 63.0491,
     'loss': 0.2618867754936218,
     'precision': 0,
     'recall': 0},
 8: {'f_score': 0,
     'generation_time': 22.935879468917847,
     'gleu': 62.0995,
     'loss': 0.2748603820800781,
     'precision': 0,
     'recall': 0},
 9: {'f_score': 0,
     'generation_time': 22.85375690460205,
     'gleu': 62.4265,
     'loss': 0.2695755660533905,
     'precision': 0,
     'recall': 0},
 10: {'f_score': 0,
      'generation_time': 22.82486605644226,
      'gleu': 63.013799999999996,
      'loss': 0.2678034007549286,
      'precision': 0,
      'recall': 0},
 11: {'f_score': 0,
      'generation_time': 22.80206561088562,
      'gleu': 62.6734,
      'loss': 0.27242982387542725,
      'precision': 0,
      'recall': 0},
 12: {'f_score': 0,
      'generation_time': 22.984859228134155,
      'gleu': 63.2446,
      'loss': 0.26935631036758423,
      'precision': 0,
      'recall': 0},
 13: {'f_score': 0,
      'generation_time': 22.914111137390137,
      'gleu': 62.765800000000006,
      'loss': 0.27174025774002075,
      'precision': 0,
      'recall': 0},
 14: {'f_score': 0,
      'gleu': 62.665000000000006,
      'loss': 0.2730746865272522,
      'precision': 0,
      'recall': 0}}

Generation time: 22.953983306884766


EPOCH 15 / VAL_LOSS 0.28 / GLEU 62.75

{0: {'f_score': 0,
     'generation_time': 24.830963850021362,
     'gleu': 59.975100000000005,
     'loss': 0.2673155963420868,
     'precision': 0,
     'recall': 0},
 1: {'f_score': 0,
     'generation_time': 23.323936939239502,
     'gleu': 61.536199999999994,
     'loss': 0.24222108721733093,
     'precision': 0,
     'recall': 0},
 2: {'f_score': 0,
     'generation_time': 23.25812029838562,
     'gleu': 61.884499999999996,
     'loss': 0.24844203889369965,
     'precision': 0,
     'recall': 0},
 3: {'f_score': 0,
     'generation_time': 23.02224898338318,
     'gleu': 62.988299999999995,
     'loss': 0.24807898700237274,
     'precision': 0,
     'recall': 0},
 4: {'f_score': 0,
     'generation_time': 23.051952600479126,
     'gleu': 63.386900000000004,
     'loss': 0.25239333510398865,
     'precision': 0,
     'recall': 0},
 5: {'f_score': 0,
     'generation_time': 23.02397632598877,
     'gleu': 62.399499999999996,
     'loss': 0.26010990142822266,
     'precision': 0,
     'recall': 0},
 6: {'f_score': 0,
     'generation_time': 22.939800262451172,
     'gleu': 61.6853,
     'loss': 0.26060834527015686,
     'precision': 0,
     'recall': 0},
 7: {'f_score': 0,
     'generation_time': 22.94494605064392,
     'gleu': 63.0491,
     'loss': 0.2618867754936218,
     'precision': 0,
     'recall': 0},
 8: {'f_score': 0,
     'generation_time': 22.935879468917847,
     'gleu': 62.0995,
     'loss': 0.2748603820800781,
     'precision': 0,
     'recall': 0},
 9: {'f_score': 0,
     'generation_time': 22.85375690460205,
     'gleu': 62.4265,
     'loss': 0.2695755660533905,
     'precision': 0,
     'recall': 0},
 10: {'f_score': 0,
      'generation_time': 22.82486605644226,
      'gleu': 63.013799999999996,
      'loss': 0.2678034007549286,
      'precision': 0,
      'recall': 0},
 11: {'f_score': 0,
      'generation_time': 22.80206561088562,
      'gleu': 62.6734,
      'loss': 0.27242982387542725,
      'precision': 0,
      'recall': 0},
 12: {'f_score': 0,
      'generation_time': 22.984859228134155,
      'gleu': 63.2446,
      'loss': 0.26935631036758423,
      'precision': 0,
      'recall': 0},
 13: {'f_score': 0,
      'generation_time': 22.914111137390137,
      'gleu': 62.765800000000006,
      'loss': 0.27174025774002075,
      'precision': 0,
      'recall': 0},
 14: {'f_score': 0,
      'generation_time': 22.953983306884766,
      'gleu': 62.665000000000006,
      'loss': 0.2730746865272522,
      'precision': 0,
      'recall': 0},
 15: {'f_score': 0,
      'gleu': 62.7517,
      'loss': 0.27570536732673645,
      'precision': 0,
      'recall': 0}}

Generation time: 23.015899419784546


EPOCH 16 / VAL_LOSS 0.27 / GLEU 62.91

{0: {'f_score': 0,
     'generation_time': 24.830963850021362,
     'gleu': 59.975100000000005,
     'loss': 0.2673155963420868,
     'precision': 0,
     'recall': 0},
 1: {'f_score': 0,
     'generation_time': 23.323936939239502,
     'gleu': 61.536199999999994,
     'loss': 0.24222108721733093,
     'precision': 0,
     'recall': 0},
 2: {'f_score': 0,
     'generation_time': 23.25812029838562,
     'gleu': 61.884499999999996,
     'loss': 0.24844203889369965,
     'precision': 0,
     'recall': 0},
 3: {'f_score': 0,
     'generation_time': 23.02224898338318,
     'gleu': 62.988299999999995,
     'loss': 0.24807898700237274,
     'precision': 0,
     'recall': 0},
 4: {'f_score': 0,
     'generation_time': 23.051952600479126,
     'gleu': 63.386900000000004,
     'loss': 0.25239333510398865,
     'precision': 0,
     'recall': 0},
 5: {'f_score': 0,
     'generation_time': 23.02397632598877,
     'gleu': 62.399499999999996,
     'loss': 0.26010990142822266,
     'precision': 0,
     'recall': 0},
 6: {'f_score': 0,
     'generation_time': 22.939800262451172,
     'gleu': 61.6853,
     'loss': 0.26060834527015686,
     'precision': 0,
     'recall': 0},
 7: {'f_score': 0,
     'generation_time': 22.94494605064392,
     'gleu': 63.0491,
     'loss': 0.2618867754936218,
     'precision': 0,
     'recall': 0},
 8: {'f_score': 0,
     'generation_time': 22.935879468917847,
     'gleu': 62.0995,
     'loss': 0.2748603820800781,
     'precision': 0,
     'recall': 0},
 9: {'f_score': 0,
     'generation_time': 22.85375690460205,
     'gleu': 62.4265,
     'loss': 0.2695755660533905,
     'precision': 0,
     'recall': 0},
 10: {'f_score': 0,
      'generation_time': 22.82486605644226,
      'gleu': 63.013799999999996,
      'loss': 0.2678034007549286,
      'precision': 0,
      'recall': 0},
 11: {'f_score': 0,
      'generation_time': 22.80206561088562,
      'gleu': 62.6734,
      'loss': 0.27242982387542725,
      'precision': 0,
      'recall': 0},
 12: {'f_score': 0,
      'generation_time': 22.984859228134155,
      'gleu': 63.2446,
      'loss': 0.26935631036758423,
      'precision': 0,
      'recall': 0},
 13: {'f_score': 0,
      'generation_time': 22.914111137390137,
      'gleu': 62.765800000000006,
      'loss': 0.27174025774002075,
      'precision': 0,
      'recall': 0},
 14: {'f_score': 0,
      'generation_time': 22.953983306884766,
      'gleu': 62.665000000000006,
      'loss': 0.2730746865272522,
      'precision': 0,
      'recall': 0},
 15: {'f_score': 0,
      'generation_time': 23.015899419784546,
      'gleu': 62.7517,
      'loss': 0.27570536732673645,
      'precision': 0,
      'recall': 0},
 16: {'f_score': 0,
      'gleu': 62.9058,
      'loss': 0.2731085419654846,
      'precision': 0,
      'recall': 0}}

Generation time: 22.975274801254272


EPOCH 17 / VAL_LOSS 0.28 / GLEU 62.84

{0: {'f_score': 0,
     'generation_time': 24.830963850021362,
     'gleu': 59.975100000000005,
     'loss': 0.2673155963420868,
     'precision': 0,
     'recall': 0},
 1: {'f_score': 0,
     'generation_time': 23.323936939239502,
     'gleu': 61.536199999999994,
     'loss': 0.24222108721733093,
     'precision': 0,
     'recall': 0},
 2: {'f_score': 0,
     'generation_time': 23.25812029838562,
     'gleu': 61.884499999999996,
     'loss': 0.24844203889369965,
     'precision': 0,
     'recall': 0},
 3: {'f_score': 0,
     'generation_time': 23.02224898338318,
     'gleu': 62.988299999999995,
     'loss': 0.24807898700237274,
     'precision': 0,
     'recall': 0},
 4: {'f_score': 0,
     'generation_time': 23.051952600479126,
     'gleu': 63.386900000000004,
     'loss': 0.25239333510398865,
     'precision': 0,
     'recall': 0},
 5: {'f_score': 0,
     'generation_time': 23.02397632598877,
     'gleu': 62.399499999999996,
     'loss': 0.26010990142822266,
     'precision': 0,
     'recall': 0},
 6: {'f_score': 0,
     'generation_time': 22.939800262451172,
     'gleu': 61.6853,
     'loss': 0.26060834527015686,
     'precision': 0,
     'recall': 0},
 7: {'f_score': 0,
     'generation_time': 22.94494605064392,
     'gleu': 63.0491,
     'loss': 0.2618867754936218,
     'precision': 0,
     'recall': 0},
 8: {'f_score': 0,
     'generation_time': 22.935879468917847,
     'gleu': 62.0995,
     'loss': 0.2748603820800781,
     'precision': 0,
     'recall': 0},
 9: {'f_score': 0,
     'generation_time': 22.85375690460205,
     'gleu': 62.4265,
     'loss': 0.2695755660533905,
     'precision': 0,
     'recall': 0},
 10: {'f_score': 0,
      'generation_time': 22.82486605644226,
      'gleu': 63.013799999999996,
      'loss': 0.2678034007549286,
      'precision': 0,
      'recall': 0},
 11: {'f_score': 0,
      'generation_time': 22.80206561088562,
      'gleu': 62.6734,
      'loss': 0.27242982387542725,
      'precision': 0,
      'recall': 0},
 12: {'f_score': 0,
      'generation_time': 22.984859228134155,
      'gleu': 63.2446,
      'loss': 0.26935631036758423,
      'precision': 0,
      'recall': 0},
 13: {'f_score': 0,
      'generation_time': 22.914111137390137,
      'gleu': 62.765800000000006,
      'loss': 0.27174025774002075,
      'precision': 0,
      'recall': 0},
 14: {'f_score': 0,
      'generation_time': 22.953983306884766,
      'gleu': 62.665000000000006,
      'loss': 0.2730746865272522,
      'precision': 0,
      'recall': 0},
 15: {'f_score': 0,
      'generation_time': 23.015899419784546,
      'gleu': 62.7517,
      'loss': 0.27570536732673645,
      'precision': 0,
      'recall': 0},
 16: {'f_score': 0,
      'generation_time': 22.975274801254272,
      'gleu': 62.9058,
      'loss': 0.2731085419654846,
      'precision': 0,
      'recall': 0},
 17: {'f_score': 0,
      'gleu': 62.8424,
      'loss': 0.2772587239742279,
      'precision': 0,
      'recall': 0}}

Generation time: 22.944380283355713


EPOCH 18 / VAL_LOSS 0.28 / GLEU 62.94

{0: {'f_score': 0,
     'generation_time': 24.830963850021362,
     'gleu': 59.975100000000005,
     'loss': 0.2673155963420868,
     'precision': 0,
     'recall': 0},
 1: {'f_score': 0,
     'generation_time': 23.323936939239502,
     'gleu': 61.536199999999994,
     'loss': 0.24222108721733093,
     'precision': 0,
     'recall': 0},
 2: {'f_score': 0,
     'generation_time': 23.25812029838562,
     'gleu': 61.884499999999996,
     'loss': 0.24844203889369965,
     'precision': 0,
     'recall': 0},
 3: {'f_score': 0,
     'generation_time': 23.02224898338318,
     'gleu': 62.988299999999995,
     'loss': 0.24807898700237274,
     'precision': 0,
     'recall': 0},
 4: {'f_score': 0,
     'generation_time': 23.051952600479126,
     'gleu': 63.386900000000004,
     'loss': 0.25239333510398865,
     'precision': 0,
     'recall': 0},
 5: {'f_score': 0,
     'generation_time': 23.02397632598877,
     'gleu': 62.399499999999996,
     'loss': 0.26010990142822266,
     'precision': 0,
     'recall': 0},
 6: {'f_score': 0,
     'generation_time': 22.939800262451172,
     'gleu': 61.6853,
     'loss': 0.26060834527015686,
     'precision': 0,
     'recall': 0},
 7: {'f_score': 0,
     'generation_time': 22.94494605064392,
     'gleu': 63.0491,
     'loss': 0.2618867754936218,
     'precision': 0,
     'recall': 0},
 8: {'f_score': 0,
     'generation_time': 22.935879468917847,
     'gleu': 62.0995,
     'loss': 0.2748603820800781,
     'precision': 0,
     'recall': 0},
 9: {'f_score': 0,
     'generation_time': 22.85375690460205,
     'gleu': 62.4265,
     'loss': 0.2695755660533905,
     'precision': 0,
     'recall': 0},
 10: {'f_score': 0,
      'generation_time': 22.82486605644226,
      'gleu': 63.013799999999996,
      'loss': 0.2678034007549286,
      'precision': 0,
      'recall': 0},
 11: {'f_score': 0,
      'generation_time': 22.80206561088562,
      'gleu': 62.6734,
      'loss': 0.27242982387542725,
      'precision': 0,
      'recall': 0},
 12: {'f_score': 0,
      'generation_time': 22.984859228134155,
      'gleu': 63.2446,
      'loss': 0.26935631036758423,
      'precision': 0,
      'recall': 0},
 13: {'f_score': 0,
      'generation_time': 22.914111137390137,
      'gleu': 62.765800000000006,
      'loss': 0.27174025774002075,
      'precision': 0,
      'recall': 0},
 14: {'f_score': 0,
      'generation_time': 22.953983306884766,
      'gleu': 62.665000000000006,
      'loss': 0.2730746865272522,
      'precision': 0,
      'recall': 0},
 15: {'f_score': 0,
      'generation_time': 23.015899419784546,
      'gleu': 62.7517,
      'loss': 0.27570536732673645,
      'precision': 0,
      'recall': 0},
 16: {'f_score': 0,
      'generation_time': 22.975274801254272,
      'gleu': 62.9058,
      'loss': 0.2731085419654846,
      'precision': 0,
      'recall': 0},
 17: {'f_score': 0,
      'generation_time': 22.944380283355713,
      'gleu': 62.8424,
      'loss': 0.2772587239742279,
      'precision': 0,
      'recall': 0},
 18: {'f_score': 0,
      'gleu': 62.9367,
      'loss': 0.27557387948036194,
      'precision': 0,
      'recall': 0}}

Generation time: 22.90922260284424


EPOCH 19 / VAL_LOSS 0.28 / GLEU 63.06

{0: {'f_score': 0,
     'generation_time': 24.830963850021362,
     'gleu': 59.975100000000005,
     'loss': 0.2673155963420868,
     'precision': 0,
     'recall': 0},
 1: {'f_score': 0,
     'generation_time': 23.323936939239502,
     'gleu': 61.536199999999994,
     'loss': 0.24222108721733093,
     'precision': 0,
     'recall': 0},
 2: {'f_score': 0,
     'generation_time': 23.25812029838562,
     'gleu': 61.884499999999996,
     'loss': 0.24844203889369965,
     'precision': 0,
     'recall': 0},
 3: {'f_score': 0,
     'generation_time': 23.02224898338318,
     'gleu': 62.988299999999995,
     'loss': 0.24807898700237274,
     'precision': 0,
     'recall': 0},
 4: {'f_score': 0,
     'generation_time': 23.051952600479126,
     'gleu': 63.386900000000004,
     'loss': 0.25239333510398865,
     'precision': 0,
     'recall': 0},
 5: {'f_score': 0,
     'generation_time': 23.02397632598877,
     'gleu': 62.399499999999996,
     'loss': 0.26010990142822266,
     'precision': 0,
     'recall': 0},
 6: {'f_score': 0,
     'generation_time': 22.939800262451172,
     'gleu': 61.6853,
     'loss': 0.26060834527015686,
     'precision': 0,
     'recall': 0},
 7: {'f_score': 0,
     'generation_time': 22.94494605064392,
     'gleu': 63.0491,
     'loss': 0.2618867754936218,
     'precision': 0,
     'recall': 0},
 8: {'f_score': 0,
     'generation_time': 22.935879468917847,
     'gleu': 62.0995,
     'loss': 0.2748603820800781,
     'precision': 0,
     'recall': 0},
 9: {'f_score': 0,
     'generation_time': 22.85375690460205,
     'gleu': 62.4265,
     'loss': 0.2695755660533905,
     'precision': 0,
     'recall': 0},
 10: {'f_score': 0,
      'generation_time': 22.82486605644226,
      'gleu': 63.013799999999996,
      'loss': 0.2678034007549286,
      'precision': 0,
      'recall': 0},
 11: {'f_score': 0,
      'generation_time': 22.80206561088562,
      'gleu': 62.6734,
      'loss': 0.27242982387542725,
      'precision': 0,
      'recall': 0},
 12: {'f_score': 0,
      'generation_time': 22.984859228134155,
      'gleu': 63.2446,
      'loss': 0.26935631036758423,
      'precision': 0,
      'recall': 0},
 13: {'f_score': 0,
      'generation_time': 22.914111137390137,
      'gleu': 62.765800000000006,
      'loss': 0.27174025774002075,
      'precision': 0,
      'recall': 0},
 14: {'f_score': 0,
      'generation_time': 22.953983306884766,
      'gleu': 62.665000000000006,
      'loss': 0.2730746865272522,
      'precision': 0,
      'recall': 0},
 15: {'f_score': 0,
      'generation_time': 23.015899419784546,
      'gleu': 62.7517,
      'loss': 0.27570536732673645,
      'precision': 0,
      'recall': 0},
 16: {'f_score': 0,
      'generation_time': 22.975274801254272,
      'gleu': 62.9058,
      'loss': 0.2731085419654846,
      'precision': 0,
      'recall': 0},
 17: {'f_score': 0,
      'generation_time': 22.944380283355713,
      'gleu': 62.8424,
      'loss': 0.2772587239742279,
      'precision': 0,
      'recall': 0},
 18: {'f_score': 0,
      'generation_time': 22.90922260284424,
      'gleu': 62.9367,
      'loss': 0.27557387948036194,
      'precision': 0,
      'recall': 0},
 19: {'f_score': 0,
      'gleu': 63.0625,
      'loss': 0.2766472399234772,
      'precision': 0,
      'recall': 0}}

Generation time: 22.924544095993042
Saved final resumable checkpoint: outputs/native/last.ckpt
Epoch 39/39 ━━━━━━━━━━━━━━━━━━━━ 385/385 0:01:19 • 0:00:00 4.84it/s v_num: 2.000
End Time: Sat Jun  6 22:16:22 KST 2026
