/home01/r984a02/.conda/envs/phdq_blt/lib/python3.12/site-packages/torch/cuda/__init__.py:61: FutureWarning: The pynvml package is deprecated. Please install nvidia-ml-py instead. If you did not install pynvml directly, please report this to the maintainers of the package that installed pynvml for you.
  import pynvml  # type: ignore[import]
/home01/r984a02/.conda/envs/phdq_blt/lib/python3.12/site-packages/torch/cuda/__init__.py:61: FutureWarning: The pynvml package is deprecated. Please install nvidia-ml-py instead. If you did not install pynvml directly, please report this to the maintainers of the package that installed pynvml for you.
  import pynvml  # type: ignore[import]
/home01/r984a02/.conda/envs/phdq_blt/lib/python3.12/site-packages/torch/cuda/__init__.py:61: FutureWarning: The pynvml package is deprecated. Please install nvidia-ml-py instead. If you did not install pynvml directly, please report this to the maintainers of the package that installed pynvml for you.
  import pynvml  # type: ignore[import]
WARNING:__main__:
*****************************************
Setting OMP_NUM_THREADS environment variable for each process to be 1 in default, to avoid your system being overloaded, please further tune the variable for optimal performance in your application as needed. 
*****************************************
/home01/r984a02/.conda/envs/phdq_blt/lib/python3.12/site-packages/torch/cuda/__init__.py:61: FutureWarning: The pynvml package is deprecated. Please install nvidia-ml-py instead. If you did not install pynvml directly, please report this to the maintainers of the package that installed pynvml for you.
  import pynvml  # type: ignore[import]
/home01/r984a02/.conda/envs/phdq_blt/lib/python3.12/site-packages/torch/cuda/__init__.py:61: FutureWarning: The pynvml package is deprecated. Please install nvidia-ml-py instead. If you did not install pynvml directly, please report this to the maintainers of the package that installed pynvml for you.
  import pynvml  # type: ignore[import]
[rank0]:[W610 05:53:01.486561531 ProcessGroupNCCL.cpp:4115] [PG ID 0 PG GUID 0 Rank 0]  using GPU 0 to perform barrier as devices used by this process are currently unknown. This can potentially cause a hang if this rank to GPU mapping is incorrect.Specify device_ids in barrier() to force use of a particular device,or call init_process_group() with a device_id.
[rank1]:[W610 05:53:01.486574686 ProcessGroupNCCL.cpp:4115] [PG ID 0 PG GUID 0 Rank 1]  using GPU 1 to perform barrier as devices used by this process are currently unknown. This can potentially cause a hang if this rank to GPU mapping is incorrect.Specify device_ids in barrier() to force use of a particular device,or call init_process_group() with a device_id.
[rank1]:[E610 06:59:59.723091570 ProcessGroupNCCL.cpp:616] [Rank 1] Watchdog caught collective operation timeout: WorkNCCL(SeqNum=427793, OpType=ALLREDUCE, NumelIn=1, NumelOut=1, Timeout(ms)=600000) ran for 600090 milliseconds before timing out.
[rank1]:[E610 07:00:00.419130384 ProcessGroupNCCL.cpp:1785] [PG ID 0 PG GUID 0(default_pg) Rank 1] Exception (either an error or timeout) detected by watchdog at work: 427793, last enqueued NCCL work: 427793, last completed NCCL work: 427792.
[rank1]:[E610 07:00:00.686796284 ProcessGroupNCCL.cpp:1834] [PG ID 0 PG GUID 0(default_pg) Rank 1] Timeout at NCCL work: 427793, last enqueued NCCL work: 427793, last completed NCCL work: 427792.
[rank1]:[E610 07:00:00.686829686 ProcessGroupNCCL.cpp:630] [Rank 1] Some NCCL operations have failed or timed out. Due to the asynchronous nature of CUDA kernels, subsequent GPU operations might run on corrupted/incomplete data.
[rank1]:[E610 07:00:00.686834695 ProcessGroupNCCL.cpp:636] [Rank 1] To avoid data inconsistency, we are taking the entire process down.
[rank1]:[E610 07:00:01.018520104 ProcessGroupNCCL.cpp:1595] [PG ID 0 PG GUID 0(default_pg) Rank 1] Process group watchdog thread terminated with exception: [Rank 1] Watchdog caught collective operation timeout: WorkNCCL(SeqNum=427793, OpType=ALLREDUCE, NumelIn=1, NumelOut=1, Timeout(ms)=600000) ran for 600090 milliseconds before timing out.
Exception raised from checkTimeout at ../torch/csrc/distributed/c10d/ProcessGroupNCCL.cpp:618 (most recent call first):
frame #0: c10::Error::Error(c10::SourceLocation, std::string) + 0x96 (0x146353d7b446 in /home01/r984a02/.conda/envs/phdq_blt/lib/python3.12/site-packages/torch/lib/libc10.so)
frame #1: c10d::ProcessGroupNCCL::WorkNCCL::checkTimeout(std::optional<std::chrono::duration<long, std::ratio<1l, 1000l> > >) + 0x282 (0x1463550c2a92 in /home01/r984a02/.conda/envs/phdq_blt/lib/python3.12/site-packages/torch/lib/libtorch_cuda.so)
frame #2: c10d::ProcessGroupNCCL::watchdogHandler() + 0x233 (0x1463550c9ed3 in /home01/r984a02/.conda/envs/phdq_blt/lib/python3.12/site-packages/torch/lib/libtorch_cuda.so)
frame #3: c10d::ProcessGroupNCCL::ncclCommWatchdog() + 0x14d (0x1463550cb93d in /home01/r984a02/.conda/envs/phdq_blt/lib/python3.12/site-packages/torch/lib/libtorch_cuda.so)
frame #4: <unknown function> + 0x145c0 (0x14639e0b35c0 in /home01/r984a02/.conda/envs/phdq_blt/lib/python3.12/site-packages/torch/lib/libtorch.so)
frame #5: <unknown function> + 0x9f802 (0x1463a03d5802 in /lib64/libc.so.6)
frame #6: <unknown function> + 0x3f450 (0x1463a0375450 in /lib64/libc.so.6)

terminate called after throwing an instance of 'c10::DistBackendError'
  what():  [PG ID 0 PG GUID 0(default_pg) Rank 1] Process group watchdog thread terminated with exception: [Rank 1] Watchdog caught collective operation timeout: WorkNCCL(SeqNum=427793, OpType=ALLREDUCE, NumelIn=1, NumelOut=1, Timeout(ms)=600000) ran for 600090 milliseconds before timing out.
Exception raised from checkTimeout at ../torch/csrc/distributed/c10d/ProcessGroupNCCL.cpp:618 (most recent call first):
frame #0: c10::Error::Error(c10::SourceLocation, std::string) + 0x96 (0x146353d7b446 in /home01/r984a02/.conda/envs/phdq_blt/lib/python3.12/site-packages/torch/lib/libc10.so)
frame #1: c10d::ProcessGroupNCCL::WorkNCCL::checkTimeout(std::optional<std::chrono::duration<long, std::ratio<1l, 1000l> > >) + 0x282 (0x1463550c2a92 in /home01/r984a02/.conda/envs/phdq_blt/lib/python3.12/site-packages/torch/lib/libtorch_cuda.so)
frame #2: c10d::ProcessGroupNCCL::watchdogHandler() + 0x233 (0x1463550c9ed3 in /home01/r984a02/.conda/envs/phdq_blt/lib/python3.12/site-packages/torch/lib/libtorch_cuda.so)
frame #3: c10d::ProcessGroupNCCL::ncclCommWatchdog() + 0x14d (0x1463550cb93d in /home01/r984a02/.conda/envs/phdq_blt/lib/python3.12/site-packages/torch/lib/libtorch_cuda.so)
frame #4: <unknown function> + 0x145c0 (0x14639e0b35c0 in /home01/r984a02/.conda/envs/phdq_blt/lib/python3.12/site-packages/torch/lib/libtorch.so)
frame #5: <unknown function> + 0x9f802 (0x1463a03d5802 in /lib64/libc.so.6)
frame #6: <unknown function> + 0x3f450 (0x1463a0375450 in /lib64/libc.so.6)

Exception raised from ncclCommWatchdog at ../torch/csrc/distributed/c10d/ProcessGroupNCCL.cpp:1601 (most recent call first):
frame #0: c10::Error::Error(c10::SourceLocation, std::string) + 0x96 (0x146353d7b446 in /home01/r984a02/.conda/envs/phdq_blt/lib/python3.12/site-packages/torch/lib/libc10.so)
frame #1: <unknown function> + 0xe7eb1b (0x146354d40b1b in /home01/r984a02/.conda/envs/phdq_blt/lib/python3.12/site-packages/torch/lib/libtorch_cuda.so)
frame #2: <unknown function> + 0x145c0 (0x14639e0b35c0 in /home01/r984a02/.conda/envs/phdq_blt/lib/python3.12/site-packages/torch/lib/libtorch.so)
frame #3: <unknown function> + 0x9f802 (0x1463a03d5802 in /lib64/libc.so.6)
frame #4: <unknown function> + 0x3f450 (0x1463a0375450 in /lib64/libc.so.6)

W0610 07:00:58.792000 2125887 /scratch/r984a02/.conda/envs/phdq_blt/lib/python3.12/site-packages/torch/distributed/elastic/multiprocessing/api.py:897] Sending process 2125900 closing signal SIGTERM
W0610 07:01:28.826000 2125887 /scratch/r984a02/.conda/envs/phdq_blt/lib/python3.12/site-packages/torch/distributed/elastic/multiprocessing/api.py:916] Unable to shutdown process 2125900 via 15, forcefully exiting via 9
E0610 07:01:29.305000 2125887 /scratch/r984a02/.conda/envs/phdq_blt/lib/python3.12/site-packages/torch/distributed/elastic/multiprocessing/api.py:869] failed (exitcode: -6) local_rank: 1 (pid: 2125901) of binary: /home01/r984a02/.conda/envs/phdq_blt/bin/python
Traceback (most recent call last):
  File "<frozen runpy>", line 198, in _run_module_as_main
  File "<frozen runpy>", line 88, in _run_code
  File "/home01/r984a02/.conda/envs/phdq_blt/lib/python3.12/site-packages/torch/distributed/run.py", line 923, in <module>
    main()
  File "/home01/r984a02/.conda/envs/phdq_blt/lib/python3.12/site-packages/torch/distributed/elastic/multiprocessing/errors/__init__.py", line 355, in wrapper
    return f(*args, **kwargs)
           ^^^^^^^^^^^^^^^^^^
  File "/home01/r984a02/.conda/envs/phdq_blt/lib/python3.12/site-packages/torch/distributed/run.py", line 919, in main
    run(args)
  File "/home01/r984a02/.conda/envs/phdq_blt/lib/python3.12/site-packages/torch/distributed/run.py", line 910, in run
    elastic_launch(
  File "/home01/r984a02/.conda/envs/phdq_blt/lib/python3.12/site-packages/torch/distributed/launcher/api.py", line 138, in __call__
    return launch_agent(self._config, self._entrypoint, list(args))
           ^^^^^^^^^^^^^^^^^^^^^^^^^^^^^^^^^^^^^^^^^^^^^^^^^^^^^^^^
  File "/home01/r984a02/.conda/envs/phdq_blt/lib/python3.12/site-packages/torch/distributed/launcher/api.py", line 269, in launch_agent
    raise ChildFailedError(
torch.distributed.elastic.multiprocessing.errors.ChildFailedError: 
========================================================
blt_gec.train FAILED
--------------------------------------------------------
Failures:
  <NO_OTHER_FAILURES>
--------------------------------------------------------
Root Cause (first observed failure):
[0]:
  time      : 2026-06-10_07:00:58
  host      : gpu42.eth
  rank      : 1 (local_rank: 1)
  exitcode  : -6 (pid: 2125901)
  error_file: <N/A>
  traceback : Signal 6 (SIGABRT) received by PID 2125901
========================================================
srun: error: gpu42: task 0: Exited with exit code 1
