==========================================
SLURM_JOB_ID = 749714
SLURM_NODELIST = gpu41
==========================================
Job ID: 749714
Node: gpu41
CUDA_VISIBLE_DEVICES: 0
Start Time: Fri Jun  5 10:57:05 KST 2026
Submit Dir: /scratch/r984a02/PHDQ2
Partition: amd_a100nv_8
Requested GPUs: 1
Requested CPU cores per task: 4
Python: /home01/r984a02/.conda/envs/phdq/bin/python
Torch: 2.12.0+cu130
NumPy: 2.2.6
Starting KoBART GEC Training on native dataset...
Auto-resume enabled: no existing last.ckpt found; starting fresh.
Arguments:
{'batch_size': 32,
 'best': {'f0.5': 0, 'gleu': 0, 'prec': 0, 'rec': 0},
 'check_val_every_n_epoch': 1,
 'checkpoint_interval_minutes': 20,
 'data': 'native',
 'debug': False,
 'every_n_epochs': 1,
 'log_every_n_steps': 50,
 'lr': 5e-05,
 'max_epochs': 20,
 'max_seq_len': 128,
 'max_time': '00:01:50:00',
 'model_ckpt_path': '',
 'name': 'kobart-native',
 'num_workers': 4,
 'resume_ckpt_path': '',
 'seed': 0,
 'test_data_path': '/scratch/r984a02/PHDQ2/data/Preprocessed/native/native_test.txt',
 'train_data_path': '/scratch/r984a02/PHDQ2/data/Preprocessed/native/native_train.txt',
 'val_data_path': '/scratch/r984a02/PHDQ2/data/Preprocessed/native/native_val.txt',
 'warmup_ratio': 0.0}
┏━━━┳━━━━━━━┳━━━━━━━━━━━━━━━━━━━━━━━━━━━━━━┳━━━━━━━━┳━━━━━━━┳━━━━━━━┓
┃   ┃ Name  ┃ Type                         ┃ Params ┃ Mode  ┃ FLOPs ┃
┡━━━╇━━━━━━━╇━━━━━━━━━━━━━━━━━━━━━━━━━━━━━━╇━━━━━━━━╇━━━━━━━╇━━━━━━━┩
│ 0 │ model │ BartForConditionalGeneration │  123 M │ train │     0 │
└───┴───────┴──────────────────────────────┴────────┴───────┴───────┘
Trainable params: 123 M                                                         
Non-trainable params: 0                                                         
Total params: 123 M                                                             
Total estimated model params size (MB): 495.440                                 
Modules in train mode: 182                                                      
Modules in eval mode: 0                                                         
Total FLOPs: 0                                                                  


EPOCH 0 / VAL_LOSS 0.26 / GLEU 44.48

{0: {'f_score': 0,
     'gleu': 44.4785,
     'loss': 0.2642083168029785,
     'precision': 0,
     'recall': 0}}

Generation time: 24.929590940475464


EPOCH 1 / VAL_LOSS 0.22 / GLEU 52.17

{0: {'f_score': 0,
     'generation_time': 24.929590940475464,
     'gleu': 44.4785,
     'loss': 0.2642083168029785,
     'precision': 0,
     'recall': 0},
 1: {'f_score': 0,
     'gleu': 52.172700000000006,
     'loss': 0.21876630187034607,
     'precision': 0,
     'recall': 0}}

Generation time: 23.117995500564575


EPOCH 2 / VAL_LOSS 0.21 / GLEU 57.45

{0: {'f_score': 0,
     'generation_time': 24.929590940475464,
     'gleu': 44.4785,
     'loss': 0.2642083168029785,
     'precision': 0,
     'recall': 0},
 1: {'f_score': 0,
     'generation_time': 23.117995500564575,
     'gleu': 52.172700000000006,
     'loss': 0.21876630187034607,
     'precision': 0,
     'recall': 0},
 2: {'f_score': 0,
     'gleu': 57.4474,
     'loss': 0.20737653970718384,
     'precision': 0,
     'recall': 0}}

Generation time: 23.283466577529907


EPOCH 3 / VAL_LOSS 0.26 / GLEU 54.85

{0: {'f_score': 0,
     'generation_time': 24.929590940475464,
     'gleu': 44.4785,
     'loss': 0.2642083168029785,
     'precision': 0,
     'recall': 0},
 1: {'f_score': 0,
     'generation_time': 23.117995500564575,
     'gleu': 52.172700000000006,
     'loss': 0.21876630187034607,
     'precision': 0,
     'recall': 0},
 2: {'f_score': 0,
     'generation_time': 23.283466577529907,
     'gleu': 57.4474,
     'loss': 0.20737653970718384,
     'precision': 0,
     'recall': 0},
 3: {'f_score': 0,
     'gleu': 54.85,
     'loss': 0.25863105058670044,
     'precision': 0,
     'recall': 0}}

Generation time: 23.310105800628662


EPOCH 4 / VAL_LOSS 0.21 / GLEU 57.8

{0: {'f_score': 0,
     'generation_time': 24.929590940475464,
     'gleu': 44.4785,
     'loss': 0.2642083168029785,
     'precision': 0,
     'recall': 0},
 1: {'f_score': 0,
     'generation_time': 23.117995500564575,
     'gleu': 52.172700000000006,
     'loss': 0.21876630187034607,
     'precision': 0,
     'recall': 0},
 2: {'f_score': 0,
     'generation_time': 23.283466577529907,
     'gleu': 57.4474,
     'loss': 0.20737653970718384,
     'precision': 0,
     'recall': 0},
 3: {'f_score': 0,
     'generation_time': 23.310105800628662,
     'gleu': 54.85,
     'loss': 0.25863105058670044,
     'precision': 0,
     'recall': 0},
 4: {'f_score': 0,
     'gleu': 57.7967,
     'loss': 0.20916415750980377,
     'precision': 0,
     'recall': 0}}

Generation time: 23.118932485580444


EPOCH 5 / VAL_LOSS 0.21 / GLEU 59.94

{0: {'f_score': 0,
     'generation_time': 24.929590940475464,
     'gleu': 44.4785,
     'loss': 0.2642083168029785,
     'precision': 0,
     'recall': 0},
 1: {'f_score': 0,
     'generation_time': 23.117995500564575,
     'gleu': 52.172700000000006,
     'loss': 0.21876630187034607,
     'precision': 0,
     'recall': 0},
 2: {'f_score': 0,
     'generation_time': 23.283466577529907,
     'gleu': 57.4474,
     'loss': 0.20737653970718384,
     'precision': 0,
     'recall': 0},
 3: {'f_score': 0,
     'generation_time': 23.310105800628662,
     'gleu': 54.85,
     'loss': 0.25863105058670044,
     'precision': 0,
     'recall': 0},
 4: {'f_score': 0,
     'generation_time': 23.118932485580444,
     'gleu': 57.7967,
     'loss': 0.20916415750980377,
     'precision': 0,
     'recall': 0},
 5: {'f_score': 0,
     'gleu': 59.9448,
     'loss': 0.2132967710494995,
     'precision': 0,
     'recall': 0}}

Generation time: 22.968950986862183


EPOCH 6 / VAL_LOSS 0.23 / GLEU 57.65

{0: {'f_score': 0,
     'generation_time': 24.929590940475464,
     'gleu': 44.4785,
     'loss': 0.2642083168029785,
     'precision': 0,
     'recall': 0},
 1: {'f_score': 0,
     'generation_time': 23.117995500564575,
     'gleu': 52.172700000000006,
     'loss': 0.21876630187034607,
     'precision': 0,
     'recall': 0},
 2: {'f_score': 0,
     'generation_time': 23.283466577529907,
     'gleu': 57.4474,
     'loss': 0.20737653970718384,
     'precision': 0,
     'recall': 0},
 3: {'f_score': 0,
     'generation_time': 23.310105800628662,
     'gleu': 54.85,
     'loss': 0.25863105058670044,
     'precision': 0,
     'recall': 0},
 4: {'f_score': 0,
     'generation_time': 23.118932485580444,
     'gleu': 57.7967,
     'loss': 0.20916415750980377,
     'precision': 0,
     'recall': 0},
 5: {'f_score': 0,
     'generation_time': 22.968950986862183,
     'gleu': 59.9448,
     'loss': 0.2132967710494995,
     'precision': 0,
     'recall': 0},
 6: {'f_score': 0,
     'gleu': 57.645,
     'loss': 0.22581462562084198,
     'precision': 0,
     'recall': 0}}

Generation time: 23.05282497406006


EPOCH 7 / VAL_LOSS 0.22 / GLEU 58.51

{0: {'f_score': 0,
     'generation_time': 24.929590940475464,
     'gleu': 44.4785,
     'loss': 0.2642083168029785,
     'precision': 0,
     'recall': 0},
 1: {'f_score': 0,
     'generation_time': 23.117995500564575,
     'gleu': 52.172700000000006,
     'loss': 0.21876630187034607,
     'precision': 0,
     'recall': 0},
 2: {'f_score': 0,
     'generation_time': 23.283466577529907,
     'gleu': 57.4474,
     'loss': 0.20737653970718384,
     'precision': 0,
     'recall': 0},
 3: {'f_score': 0,
     'generation_time': 23.310105800628662,
     'gleu': 54.85,
     'loss': 0.25863105058670044,
     'precision': 0,
     'recall': 0},
 4: {'f_score': 0,
     'generation_time': 23.118932485580444,
     'gleu': 57.7967,
     'loss': 0.20916415750980377,
     'precision': 0,
     'recall': 0},
 5: {'f_score': 0,
     'generation_time': 22.968950986862183,
     'gleu': 59.9448,
     'loss': 0.2132967710494995,
     'precision': 0,
     'recall': 0},
 6: {'f_score': 0,
     'generation_time': 23.05282497406006,
     'gleu': 57.645,
     'loss': 0.22581462562084198,
     'precision': 0,
     'recall': 0},
 7: {'f_score': 0,
     'gleu': 58.5143,
     'loss': 0.22114773094654083,
     'precision': 0,
     'recall': 0}}

Generation time: 23.13758087158203


EPOCH 8 / VAL_LOSS 0.23 / GLEU 59.54

{0: {'f_score': 0,
     'generation_time': 24.929590940475464,
     'gleu': 44.4785,
     'loss': 0.2642083168029785,
     'precision': 0,
     'recall': 0},
 1: {'f_score': 0,
     'generation_time': 23.117995500564575,
     'gleu': 52.172700000000006,
     'loss': 0.21876630187034607,
     'precision': 0,
     'recall': 0},
 2: {'f_score': 0,
     'generation_time': 23.283466577529907,
     'gleu': 57.4474,
     'loss': 0.20737653970718384,
     'precision': 0,
     'recall': 0},
 3: {'f_score': 0,
     'generation_time': 23.310105800628662,
     'gleu': 54.85,
     'loss': 0.25863105058670044,
     'precision': 0,
     'recall': 0},
 4: {'f_score': 0,
     'generation_time': 23.118932485580444,
     'gleu': 57.7967,
     'loss': 0.20916415750980377,
     'precision': 0,
     'recall': 0},
 5: {'f_score': 0,
     'generation_time': 22.968950986862183,
     'gleu': 59.9448,
     'loss': 0.2132967710494995,
     'precision': 0,
     'recall': 0},
 6: {'f_score': 0,
     'generation_time': 23.05282497406006,
     'gleu': 57.645,
     'loss': 0.22581462562084198,
     'precision': 0,
     'recall': 0},
 7: {'f_score': 0,
     'generation_time': 23.13758087158203,
     'gleu': 58.5143,
     'loss': 0.22114773094654083,
     'precision': 0,
     'recall': 0},
 8: {'f_score': 0,
     'gleu': 59.5364,
     'loss': 0.23407119512557983,
     'precision': 0,
     'recall': 0}}

Generation time: 22.957767248153687


EPOCH 9 / VAL_LOSS 0.24 / GLEU 59.46

{0: {'f_score': 0,
     'generation_time': 24.929590940475464,
     'gleu': 44.4785,
     'loss': 0.2642083168029785,
     'precision': 0,
     'recall': 0},
 1: {'f_score': 0,
     'generation_time': 23.117995500564575,
     'gleu': 52.172700000000006,
     'loss': 0.21876630187034607,
     'precision': 0,
     'recall': 0},
 2: {'f_score': 0,
     'generation_time': 23.283466577529907,
     'gleu': 57.4474,
     'loss': 0.20737653970718384,
     'precision': 0,
     'recall': 0},
 3: {'f_score': 0,
     'generation_time': 23.310105800628662,
     'gleu': 54.85,
     'loss': 0.25863105058670044,
     'precision': 0,
     'recall': 0},
 4: {'f_score': 0,
     'generation_time': 23.118932485580444,
     'gleu': 57.7967,
     'loss': 0.20916415750980377,
     'precision': 0,
     'recall': 0},
 5: {'f_score': 0,
     'generation_time': 22.968950986862183,
     'gleu': 59.9448,
     'loss': 0.2132967710494995,
     'precision': 0,
     'recall': 0},
 6: {'f_score': 0,
     'generation_time': 23.05282497406006,
     'gleu': 57.645,
     'loss': 0.22581462562084198,
     'precision': 0,
     'recall': 0},
 7: {'f_score': 0,
     'generation_time': 23.13758087158203,
     'gleu': 58.5143,
     'loss': 0.22114773094654083,
     'precision': 0,
     'recall': 0},
 8: {'f_score': 0,
     'generation_time': 22.957767248153687,
     'gleu': 59.5364,
     'loss': 0.23407119512557983,
     'precision': 0,
     'recall': 0},
 9: {'f_score': 0,
     'gleu': 59.461600000000004,
     'loss': 0.23831887543201447,
     'precision': 0,
     'recall': 0}}

Generation time: 23.206361293792725


EPOCH 10 / VAL_LOSS 0.24 / GLEU 59.04

{0: {'f_score': 0,
     'generation_time': 24.929590940475464,
     'gleu': 44.4785,
     'loss': 0.2642083168029785,
     'precision': 0,
     'recall': 0},
 1: {'f_score': 0,
     'generation_time': 23.117995500564575,
     'gleu': 52.172700000000006,
     'loss': 0.21876630187034607,
     'precision': 0,
     'recall': 0},
 2: {'f_score': 0,
     'generation_time': 23.283466577529907,
     'gleu': 57.4474,
     'loss': 0.20737653970718384,
     'precision': 0,
     'recall': 0},
 3: {'f_score': 0,
     'generation_time': 23.310105800628662,
     'gleu': 54.85,
     'loss': 0.25863105058670044,
     'precision': 0,
     'recall': 0},
 4: {'f_score': 0,
     'generation_time': 23.118932485580444,
     'gleu': 57.7967,
     'loss': 0.20916415750980377,
     'precision': 0,
     'recall': 0},
 5: {'f_score': 0,
     'generation_time': 22.968950986862183,
     'gleu': 59.9448,
     'loss': 0.2132967710494995,
     'precision': 0,
     'recall': 0},
 6: {'f_score': 0,
     'generation_time': 23.05282497406006,
     'gleu': 57.645,
     'loss': 0.22581462562084198,
     'precision': 0,
     'recall': 0},
 7: {'f_score': 0,
     'generation_time': 23.13758087158203,
     'gleu': 58.5143,
     'loss': 0.22114773094654083,
     'precision': 0,
     'recall': 0},
 8: {'f_score': 0,
     'generation_time': 22.957767248153687,
     'gleu': 59.5364,
     'loss': 0.23407119512557983,
     'precision': 0,
     'recall': 0},
 9: {'f_score': 0,
     'generation_time': 23.206361293792725,
     'gleu': 59.461600000000004,
     'loss': 0.23831887543201447,
     'precision': 0,
     'recall': 0},
 10: {'f_score': 0,
      'gleu': 59.040000000000006,
      'loss': 0.24171683192253113,
      'precision': 0,
      'recall': 0}}

Generation time: 23.003608226776123


EPOCH 11 / VAL_LOSS 0.24 / GLEU 60.4

{0: {'f_score': 0,
     'generation_time': 24.929590940475464,
     'gleu': 44.4785,
     'loss': 0.2642083168029785,
     'precision': 0,
     'recall': 0},
 1: {'f_score': 0,
     'generation_time': 23.117995500564575,
     'gleu': 52.172700000000006,
     'loss': 0.21876630187034607,
     'precision': 0,
     'recall': 0},
 2: {'f_score': 0,
     'generation_time': 23.283466577529907,
     'gleu': 57.4474,
     'loss': 0.20737653970718384,
     'precision': 0,
     'recall': 0},
 3: {'f_score': 0,
     'generation_time': 23.310105800628662,
     'gleu': 54.85,
     'loss': 0.25863105058670044,
     'precision': 0,
     'recall': 0},
 4: {'f_score': 0,
     'generation_time': 23.118932485580444,
     'gleu': 57.7967,
     'loss': 0.20916415750980377,
     'precision': 0,
     'recall': 0},
 5: {'f_score': 0,
     'generation_time': 22.968950986862183,
     'gleu': 59.9448,
     'loss': 0.2132967710494995,
     'precision': 0,
     'recall': 0},
 6: {'f_score': 0,
     'generation_time': 23.05282497406006,
     'gleu': 57.645,
     'loss': 0.22581462562084198,
     'precision': 0,
     'recall': 0},
 7: {'f_score': 0,
     'generation_time': 23.13758087158203,
     'gleu': 58.5143,
     'loss': 0.22114773094654083,
     'precision': 0,
     'recall': 0},
 8: {'f_score': 0,
     'generation_time': 22.957767248153687,
     'gleu': 59.5364,
     'loss': 0.23407119512557983,
     'precision': 0,
     'recall': 0},
 9: {'f_score': 0,
     'generation_time': 23.206361293792725,
     'gleu': 59.461600000000004,
     'loss': 0.23831887543201447,
     'precision': 0,
     'recall': 0},
 10: {'f_score': 0,
      'generation_time': 23.003608226776123,
      'gleu': 59.040000000000006,
      'loss': 0.24171683192253113,
      'precision': 0,
      'recall': 0},
 11: {'f_score': 0,
      'gleu': 60.400600000000004,
      'loss': 0.2412930428981781,
      'precision': 0,
      'recall': 0}}

Generation time: 22.991204500198364


EPOCH 12 / VAL_LOSS 0.25 / GLEU 59.34

{0: {'f_score': 0,
     'generation_time': 24.929590940475464,
     'gleu': 44.4785,
     'loss': 0.2642083168029785,
     'precision': 0,
     'recall': 0},
 1: {'f_score': 0,
     'generation_time': 23.117995500564575,
     'gleu': 52.172700000000006,
     'loss': 0.21876630187034607,
     'precision': 0,
     'recall': 0},
 2: {'f_score': 0,
     'generation_time': 23.283466577529907,
     'gleu': 57.4474,
     'loss': 0.20737653970718384,
     'precision': 0,
     'recall': 0},
 3: {'f_score': 0,
     'generation_time': 23.310105800628662,
     'gleu': 54.85,
     'loss': 0.25863105058670044,
     'precision': 0,
     'recall': 0},
 4: {'f_score': 0,
     'generation_time': 23.118932485580444,
     'gleu': 57.7967,
     'loss': 0.20916415750980377,
     'precision': 0,
     'recall': 0},
 5: {'f_score': 0,
     'generation_time': 22.968950986862183,
     'gleu': 59.9448,
     'loss': 0.2132967710494995,
     'precision': 0,
     'recall': 0},
 6: {'f_score': 0,
     'generation_time': 23.05282497406006,
     'gleu': 57.645,
     'loss': 0.22581462562084198,
     'precision': 0,
     'recall': 0},
 7: {'f_score': 0,
     'generation_time': 23.13758087158203,
     'gleu': 58.5143,
     'loss': 0.22114773094654083,
     'precision': 0,
     'recall': 0},
 8: {'f_score': 0,
     'generation_time': 22.957767248153687,
     'gleu': 59.5364,
     'loss': 0.23407119512557983,
     'precision': 0,
     'recall': 0},
 9: {'f_score': 0,
     'generation_time': 23.206361293792725,
     'gleu': 59.461600000000004,
     'loss': 0.23831887543201447,
     'precision': 0,
     'recall': 0},
 10: {'f_score': 0,
      'generation_time': 23.003608226776123,
      'gleu': 59.040000000000006,
      'loss': 0.24171683192253113,
      'precision': 0,
      'recall': 0},
 11: {'f_score': 0,
      'generation_time': 22.991204500198364,
      'gleu': 60.400600000000004,
      'loss': 0.2412930428981781,
      'precision': 0,
      'recall': 0},
 12: {'f_score': 0,
      'gleu': 59.341699999999996,
      'loss': 0.24801616370677948,
      'precision': 0,
      'recall': 0}}

Generation time: 23.516622304916382


EPOCH 13 / VAL_LOSS 0.24 / GLEU 60.84

{0: {'f_score': 0,
     'generation_time': 24.929590940475464,
     'gleu': 44.4785,
     'loss': 0.2642083168029785,
     'precision': 0,
     'recall': 0},
 1: {'f_score': 0,
     'generation_time': 23.117995500564575,
     'gleu': 52.172700000000006,
     'loss': 0.21876630187034607,
     'precision': 0,
     'recall': 0},
 2: {'f_score': 0,
     'generation_time': 23.283466577529907,
     'gleu': 57.4474,
     'loss': 0.20737653970718384,
     'precision': 0,
     'recall': 0},
 3: {'f_score': 0,
     'generation_time': 23.310105800628662,
     'gleu': 54.85,
     'loss': 0.25863105058670044,
     'precision': 0,
     'recall': 0},
 4: {'f_score': 0,
     'generation_time': 23.118932485580444,
     'gleu': 57.7967,
     'loss': 0.20916415750980377,
     'precision': 0,
     'recall': 0},
 5: {'f_score': 0,
     'generation_time': 22.968950986862183,
     'gleu': 59.9448,
     'loss': 0.2132967710494995,
     'precision': 0,
     'recall': 0},
 6: {'f_score': 0,
     'generation_time': 23.05282497406006,
     'gleu': 57.645,
     'loss': 0.22581462562084198,
     'precision': 0,
     'recall': 0},
 7: {'f_score': 0,
     'generation_time': 23.13758087158203,
     'gleu': 58.5143,
     'loss': 0.22114773094654083,
     'precision': 0,
     'recall': 0},
 8: {'f_score': 0,
     'generation_time': 22.957767248153687,
     'gleu': 59.5364,
     'loss': 0.23407119512557983,
     'precision': 0,
     'recall': 0},
 9: {'f_score': 0,
     'generation_time': 23.206361293792725,
     'gleu': 59.461600000000004,
     'loss': 0.23831887543201447,
     'precision': 0,
     'recall': 0},
 10: {'f_score': 0,
      'generation_time': 23.003608226776123,
      'gleu': 59.040000000000006,
      'loss': 0.24171683192253113,
      'precision': 0,
      'recall': 0},
 11: {'f_score': 0,
      'generation_time': 22.991204500198364,
      'gleu': 60.400600000000004,
      'loss': 0.2412930428981781,
      'precision': 0,
      'recall': 0},
 12: {'f_score': 0,
      'generation_time': 23.516622304916382,
      'gleu': 59.341699999999996,
      'loss': 0.24801616370677948,
      'precision': 0,
      'recall': 0},
 13: {'f_score': 0,
      'gleu': 60.8433,
      'loss': 0.24117016792297363,
      'precision': 0,
      'recall': 0}}

Generation time: 23.047173738479614


EPOCH 14 / VAL_LOSS 0.24 / GLEU 60.63

{0: {'f_score': 0,
     'generation_time': 24.929590940475464,
     'gleu': 44.4785,
     'loss': 0.2642083168029785,
     'precision': 0,
     'recall': 0},
 1: {'f_score': 0,
     'generation_time': 23.117995500564575,
     'gleu': 52.172700000000006,
     'loss': 0.21876630187034607,
     'precision': 0,
     'recall': 0},
 2: {'f_score': 0,
     'generation_time': 23.283466577529907,
     'gleu': 57.4474,
     'loss': 0.20737653970718384,
     'precision': 0,
     'recall': 0},
 3: {'f_score': 0,
     'generation_time': 23.310105800628662,
     'gleu': 54.85,
     'loss': 0.25863105058670044,
     'precision': 0,
     'recall': 0},
 4: {'f_score': 0,
     'generation_time': 23.118932485580444,
     'gleu': 57.7967,
     'loss': 0.20916415750980377,
     'precision': 0,
     'recall': 0},
 5: {'f_score': 0,
     'generation_time': 22.968950986862183,
     'gleu': 59.9448,
     'loss': 0.2132967710494995,
     'precision': 0,
     'recall': 0},
 6: {'f_score': 0,
     'generation_time': 23.05282497406006,
     'gleu': 57.645,
     'loss': 0.22581462562084198,
     'precision': 0,
     'recall': 0},
 7: {'f_score': 0,
     'generation_time': 23.13758087158203,
     'gleu': 58.5143,
     'loss': 0.22114773094654083,
     'precision': 0,
     'recall': 0},
 8: {'f_score': 0,
     'generation_time': 22.957767248153687,
     'gleu': 59.5364,
     'loss': 0.23407119512557983,
     'precision': 0,
     'recall': 0},
 9: {'f_score': 0,
     'generation_time': 23.206361293792725,
     'gleu': 59.461600000000004,
     'loss': 0.23831887543201447,
     'precision': 0,
     'recall': 0},
 10: {'f_score': 0,
      'generation_time': 23.003608226776123,
      'gleu': 59.040000000000006,
      'loss': 0.24171683192253113,
      'precision': 0,
      'recall': 0},
 11: {'f_score': 0,
      'generation_time': 22.991204500198364,
      'gleu': 60.400600000000004,
      'loss': 0.2412930428981781,
      'precision': 0,
      'recall': 0},
 12: {'f_score': 0,
      'generation_time': 23.516622304916382,
      'gleu': 59.341699999999996,
      'loss': 0.24801616370677948,
      'precision': 0,
      'recall': 0},
 13: {'f_score': 0,
      'generation_time': 23.047173738479614,
      'gleu': 60.8433,
      'loss': 0.24117016792297363,
      'precision': 0,
      'recall': 0},
 14: {'f_score': 0,
      'gleu': 60.628400000000006,
      'loss': 0.24441346526145935,
      'precision': 0,
      'recall': 0}}

Generation time: 22.893044233322144


EPOCH 15 / VAL_LOSS 0.25 / GLEU 61.07

{0: {'f_score': 0,
     'generation_time': 24.929590940475464,
     'gleu': 44.4785,
     'loss': 0.2642083168029785,
     'precision': 0,
     'recall': 0},
 1: {'f_score': 0,
     'generation_time': 23.117995500564575,
     'gleu': 52.172700000000006,
     'loss': 0.21876630187034607,
     'precision': 0,
     'recall': 0},
 2: {'f_score': 0,
     'generation_time': 23.283466577529907,
     'gleu': 57.4474,
     'loss': 0.20737653970718384,
     'precision': 0,
     'recall': 0},
 3: {'f_score': 0,
     'generation_time': 23.310105800628662,
     'gleu': 54.85,
     'loss': 0.25863105058670044,
     'precision': 0,
     'recall': 0},
 4: {'f_score': 0,
     'generation_time': 23.118932485580444,
     'gleu': 57.7967,
     'loss': 0.20916415750980377,
     'precision': 0,
     'recall': 0},
 5: {'f_score': 0,
     'generation_time': 22.968950986862183,
     'gleu': 59.9448,
     'loss': 0.2132967710494995,
     'precision': 0,
     'recall': 0},
 6: {'f_score': 0,
     'generation_time': 23.05282497406006,
     'gleu': 57.645,
     'loss': 0.22581462562084198,
     'precision': 0,
     'recall': 0},
 7: {'f_score': 0,
     'generation_time': 23.13758087158203,
     'gleu': 58.5143,
     'loss': 0.22114773094654083,
     'precision': 0,
     'recall': 0},
 8: {'f_score': 0,
     'generation_time': 22.957767248153687,
     'gleu': 59.5364,
     'loss': 0.23407119512557983,
     'precision': 0,
     'recall': 0},
 9: {'f_score': 0,
     'generation_time': 23.206361293792725,
     'gleu': 59.461600000000004,
     'loss': 0.23831887543201447,
     'precision': 0,
     'recall': 0},
 10: {'f_score': 0,
      'generation_time': 23.003608226776123,
      'gleu': 59.040000000000006,
      'loss': 0.24171683192253113,
      'precision': 0,
      'recall': 0},
 11: {'f_score': 0,
      'generation_time': 22.991204500198364,
      'gleu': 60.400600000000004,
      'loss': 0.2412930428981781,
      'precision': 0,
      'recall': 0},
 12: {'f_score': 0,
      'generation_time': 23.516622304916382,
      'gleu': 59.341699999999996,
      'loss': 0.24801616370677948,
      'precision': 0,
      'recall': 0},
 13: {'f_score': 0,
      'generation_time': 23.047173738479614,
      'gleu': 60.8433,
      'loss': 0.24117016792297363,
      'precision': 0,
      'recall': 0},
 14: {'f_score': 0,
      'generation_time': 22.893044233322144,
      'gleu': 60.628400000000006,
      'loss': 0.24441346526145935,
      'precision': 0,
      'recall': 0},
 15: {'f_score': 0,
      'gleu': 61.0726,
      'loss': 0.24597381055355072,
      'precision': 0,
      'recall': 0}}

Generation time: 23.07280468940735


EPOCH 16 / VAL_LOSS 0.25 / GLEU 60.63

{0: {'f_score': 0,
     'generation_time': 24.929590940475464,
     'gleu': 44.4785,
     'loss': 0.2642083168029785,
     'precision': 0,
     'recall': 0},
 1: {'f_score': 0,
     'generation_time': 23.117995500564575,
     'gleu': 52.172700000000006,
     'loss': 0.21876630187034607,
     'precision': 0,
     'recall': 0},
 2: {'f_score': 0,
     'generation_time': 23.283466577529907,
     'gleu': 57.4474,
     'loss': 0.20737653970718384,
     'precision': 0,
     'recall': 0},
 3: {'f_score': 0,
     'generation_time': 23.310105800628662,
     'gleu': 54.85,
     'loss': 0.25863105058670044,
     'precision': 0,
     'recall': 0},
 4: {'f_score': 0,
     'generation_time': 23.118932485580444,
     'gleu': 57.7967,
     'loss': 0.20916415750980377,
     'precision': 0,
     'recall': 0},
 5: {'f_score': 0,
     'generation_time': 22.968950986862183,
     'gleu': 59.9448,
     'loss': 0.2132967710494995,
     'precision': 0,
     'recall': 0},
 6: {'f_score': 0,
     'generation_time': 23.05282497406006,
     'gleu': 57.645,
     'loss': 0.22581462562084198,
     'precision': 0,
     'recall': 0},
 7: {'f_score': 0,
     'generation_time': 23.13758087158203,
     'gleu': 58.5143,
     'loss': 0.22114773094654083,
     'precision': 0,
     'recall': 0},
 8: {'f_score': 0,
     'generation_time': 22.957767248153687,
     'gleu': 59.5364,
     'loss': 0.23407119512557983,
     'precision': 0,
     'recall': 0},
 9: {'f_score': 0,
     'generation_time': 23.206361293792725,
     'gleu': 59.461600000000004,
     'loss': 0.23831887543201447,
     'precision': 0,
     'recall': 0},
 10: {'f_score': 0,
      'generation_time': 23.003608226776123,
      'gleu': 59.040000000000006,
      'loss': 0.24171683192253113,
      'precision': 0,
      'recall': 0},
 11: {'f_score': 0,
      'generation_time': 22.991204500198364,
      'gleu': 60.400600000000004,
      'loss': 0.2412930428981781,
      'precision': 0,
      'recall': 0},
 12: {'f_score': 0,
      'generation_time': 23.516622304916382,
      'gleu': 59.341699999999996,
      'loss': 0.24801616370677948,
      'precision': 0,
      'recall': 0},
 13: {'f_score': 0,
      'generation_time': 23.047173738479614,
      'gleu': 60.8433,
      'loss': 0.24117016792297363,
      'precision': 0,
      'recall': 0},
 14: {'f_score': 0,
      'generation_time': 22.893044233322144,
      'gleu': 60.628400000000006,
      'loss': 0.24441346526145935,
      'precision': 0,
      'recall': 0},
 15: {'f_score': 0,
      'generation_time': 23.07280468940735,
      'gleu': 61.0726,
      'loss': 0.24597381055355072,
      'precision': 0,
      'recall': 0},
 16: {'f_score': 0,
      'gleu': 60.628499999999995,
      'loss': 0.254230797290802,
      'precision': 0,
      'recall': 0}}

Generation time: 22.875558376312256


EPOCH 17 / VAL_LOSS 0.25 / GLEU 60.71

{0: {'f_score': 0,
     'generation_time': 24.929590940475464,
     'gleu': 44.4785,
     'loss': 0.2642083168029785,
     'precision': 0,
     'recall': 0},
 1: {'f_score': 0,
     'generation_time': 23.117995500564575,
     'gleu': 52.172700000000006,
     'loss': 0.21876630187034607,
     'precision': 0,
     'recall': 0},
 2: {'f_score': 0,
     'generation_time': 23.283466577529907,
     'gleu': 57.4474,
     'loss': 0.20737653970718384,
     'precision': 0,
     'recall': 0},
 3: {'f_score': 0,
     'generation_time': 23.310105800628662,
     'gleu': 54.85,
     'loss': 0.25863105058670044,
     'precision': 0,
     'recall': 0},
 4: {'f_score': 0,
     'generation_time': 23.118932485580444,
     'gleu': 57.7967,
     'loss': 0.20916415750980377,
     'precision': 0,
     'recall': 0},
 5: {'f_score': 0,
     'generation_time': 22.968950986862183,
     'gleu': 59.9448,
     'loss': 0.2132967710494995,
     'precision': 0,
     'recall': 0},
 6: {'f_score': 0,
     'generation_time': 23.05282497406006,
     'gleu': 57.645,
     'loss': 0.22581462562084198,
     'precision': 0,
     'recall': 0},
 7: {'f_score': 0,
     'generation_time': 23.13758087158203,
     'gleu': 58.5143,
     'loss': 0.22114773094654083,
     'precision': 0,
     'recall': 0},
 8: {'f_score': 0,
     'generation_time': 22.957767248153687,
     'gleu': 59.5364,
     'loss': 0.23407119512557983,
     'precision': 0,
     'recall': 0},
 9: {'f_score': 0,
     'generation_time': 23.206361293792725,
     'gleu': 59.461600000000004,
     'loss': 0.23831887543201447,
     'precision': 0,
     'recall': 0},
 10: {'f_score': 0,
      'generation_time': 23.003608226776123,
      'gleu': 59.040000000000006,
      'loss': 0.24171683192253113,
      'precision': 0,
      'recall': 0},
 11: {'f_score': 0,
      'generation_time': 22.991204500198364,
      'gleu': 60.400600000000004,
      'loss': 0.2412930428981781,
      'precision': 0,
      'recall': 0},
 12: {'f_score': 0,
      'generation_time': 23.516622304916382,
      'gleu': 59.341699999999996,
      'loss': 0.24801616370677948,
      'precision': 0,
      'recall': 0},
 13: {'f_score': 0,
      'generation_time': 23.047173738479614,
      'gleu': 60.8433,
      'loss': 0.24117016792297363,
      'precision': 0,
      'recall': 0},
 14: {'f_score': 0,
      'generation_time': 22.893044233322144,
      'gleu': 60.628400000000006,
      'loss': 0.24441346526145935,
      'precision': 0,
      'recall': 0},
 15: {'f_score': 0,
      'generation_time': 23.07280468940735,
      'gleu': 61.0726,
      'loss': 0.24597381055355072,
      'precision': 0,
      'recall': 0},
 16: {'f_score': 0,
      'generation_time': 22.875558376312256,
      'gleu': 60.628499999999995,
      'loss': 0.254230797290802,
      'precision': 0,
      'recall': 0},
 17: {'f_score': 0,
      'gleu': 60.7098,
      'loss': 0.2519974410533905,
      'precision': 0,
      'recall': 0}}

Generation time: 22.9640371799469


EPOCH 18 / VAL_LOSS 0.25 / GLEU 61.1

{0: {'f_score': 0,
     'generation_time': 24.929590940475464,
     'gleu': 44.4785,
     'loss': 0.2642083168029785,
     'precision': 0,
     'recall': 0},
 1: {'f_score': 0,
     'generation_time': 23.117995500564575,
     'gleu': 52.172700000000006,
     'loss': 0.21876630187034607,
     'precision': 0,
     'recall': 0},
 2: {'f_score': 0,
     'generation_time': 23.283466577529907,
     'gleu': 57.4474,
     'loss': 0.20737653970718384,
     'precision': 0,
     'recall': 0},
 3: {'f_score': 0,
     'generation_time': 23.310105800628662,
     'gleu': 54.85,
     'loss': 0.25863105058670044,
     'precision': 0,
     'recall': 0},
 4: {'f_score': 0,
     'generation_time': 23.118932485580444,
     'gleu': 57.7967,
     'loss': 0.20916415750980377,
     'precision': 0,
     'recall': 0},
 5: {'f_score': 0,
     'generation_time': 22.968950986862183,
     'gleu': 59.9448,
     'loss': 0.2132967710494995,
     'precision': 0,
     'recall': 0},
 6: {'f_score': 0,
     'generation_time': 23.05282497406006,
     'gleu': 57.645,
     'loss': 0.22581462562084198,
     'precision': 0,
     'recall': 0},
 7: {'f_score': 0,
     'generation_time': 23.13758087158203,
     'gleu': 58.5143,
     'loss': 0.22114773094654083,
     'precision': 0,
     'recall': 0},
 8: {'f_score': 0,
     'generation_time': 22.957767248153687,
     'gleu': 59.5364,
     'loss': 0.23407119512557983,
     'precision': 0,
     'recall': 0},
 9: {'f_score': 0,
     'generation_time': 23.206361293792725,
     'gleu': 59.461600000000004,
     'loss': 0.23831887543201447,
     'precision': 0,
     'recall': 0},
 10: {'f_score': 0,
      'generation_time': 23.003608226776123,
      'gleu': 59.040000000000006,
      'loss': 0.24171683192253113,
      'precision': 0,
      'recall': 0},
 11: {'f_score': 0,
      'generation_time': 22.991204500198364,
      'gleu': 60.400600000000004,
      'loss': 0.2412930428981781,
      'precision': 0,
      'recall': 0},
 12: {'f_score': 0,
      'generation_time': 23.516622304916382,
      'gleu': 59.341699999999996,
      'loss': 0.24801616370677948,
      'precision': 0,
      'recall': 0},
 13: {'f_score': 0,
      'generation_time': 23.047173738479614,
      'gleu': 60.8433,
      'loss': 0.24117016792297363,
      'precision': 0,
      'recall': 0},
 14: {'f_score': 0,
      'generation_time': 22.893044233322144,
      'gleu': 60.628400000000006,
      'loss': 0.24441346526145935,
      'precision': 0,
      'recall': 0},
 15: {'f_score': 0,
      'generation_time': 23.07280468940735,
      'gleu': 61.0726,
      'loss': 0.24597381055355072,
      'precision': 0,
      'recall': 0},
 16: {'f_score': 0,
      'generation_time': 22.875558376312256,
      'gleu': 60.628499999999995,
      'loss': 0.254230797290802,
      'precision': 0,
      'recall': 0},
 17: {'f_score': 0,
      'generation_time': 22.9640371799469,
      'gleu': 60.7098,
      'loss': 0.2519974410533905,
      'precision': 0,
      'recall': 0},
 18: {'f_score': 0,
      'gleu': 61.1016,
      'loss': 0.25121116638183594,
      'precision': 0,
      'recall': 0}}

Generation time: 22.849441051483154


EPOCH 19 / VAL_LOSS 0.25 / GLEU 60.86

{0: {'f_score': 0,
     'generation_time': 24.929590940475464,
     'gleu': 44.4785,
     'loss': 0.2642083168029785,
     'precision': 0,
     'recall': 0},
 1: {'f_score': 0,
     'generation_time': 23.117995500564575,
     'gleu': 52.172700000000006,
     'loss': 0.21876630187034607,
     'precision': 0,
     'recall': 0},
 2: {'f_score': 0,
     'generation_time': 23.283466577529907,
     'gleu': 57.4474,
     'loss': 0.20737653970718384,
     'precision': 0,
     'recall': 0},
 3: {'f_score': 0,
     'generation_time': 23.310105800628662,
     'gleu': 54.85,
     'loss': 0.25863105058670044,
     'precision': 0,
     'recall': 0},
 4: {'f_score': 0,
     'generation_time': 23.118932485580444,
     'gleu': 57.7967,
     'loss': 0.20916415750980377,
     'precision': 0,
     'recall': 0},
 5: {'f_score': 0,
     'generation_time': 22.968950986862183,
     'gleu': 59.9448,
     'loss': 0.2132967710494995,
     'precision': 0,
     'recall': 0},
 6: {'f_score': 0,
     'generation_time': 23.05282497406006,
     'gleu': 57.645,
     'loss': 0.22581462562084198,
     'precision': 0,
     'recall': 0},
 7: {'f_score': 0,
     'generation_time': 23.13758087158203,
     'gleu': 58.5143,
     'loss': 0.22114773094654083,
     'precision': 0,
     'recall': 0},
 8: {'f_score': 0,
     'generation_time': 22.957767248153687,
     'gleu': 59.5364,
     'loss': 0.23407119512557983,
     'precision': 0,
     'recall': 0},
 9: {'f_score': 0,
     'generation_time': 23.206361293792725,
     'gleu': 59.461600000000004,
     'loss': 0.23831887543201447,
     'precision': 0,
     'recall': 0},
 10: {'f_score': 0,
      'generation_time': 23.003608226776123,
      'gleu': 59.040000000000006,
      'loss': 0.24171683192253113,
      'precision': 0,
      'recall': 0},
 11: {'f_score': 0,
      'generation_time': 22.991204500198364,
      'gleu': 60.400600000000004,
      'loss': 0.2412930428981781,
      'precision': 0,
      'recall': 0},
 12: {'f_score': 0,
      'generation_time': 23.516622304916382,
      'gleu': 59.341699999999996,
      'loss': 0.24801616370677948,
      'precision': 0,
      'recall': 0},
 13: {'f_score': 0,
      'generation_time': 23.047173738479614,
      'gleu': 60.8433,
      'loss': 0.24117016792297363,
      'precision': 0,
      'recall': 0},
 14: {'f_score': 0,
      'generation_time': 22.893044233322144,
      'gleu': 60.628400000000006,
      'loss': 0.24441346526145935,
      'precision': 0,
      'recall': 0},
 15: {'f_score': 0,
      'generation_time': 23.07280468940735,
      'gleu': 61.0726,
      'loss': 0.24597381055355072,
      'precision': 0,
      'recall': 0},
 16: {'f_score': 0,
      'generation_time': 22.875558376312256,
      'gleu': 60.628499999999995,
      'loss': 0.254230797290802,
      'precision': 0,
      'recall': 0},
 17: {'f_score': 0,
      'generation_time': 22.9640371799469,
      'gleu': 60.7098,
      'loss': 0.2519974410533905,
      'precision': 0,
      'recall': 0},
 18: {'f_score': 0,
      'generation_time': 22.849441051483154,
      'gleu': 61.1016,
      'loss': 0.25121116638183594,
      'precision': 0,
      'recall': 0},
 19: {'f_score': 0,
      'gleu': 60.85810000000001,
      'loss': 0.2534423768520355,
      'precision': 0,
      'recall': 0}}

Generation time: 22.925584077835083
Saved final resumable checkpoint: outputs/native/last.ckpt
Epoch 19/19 ━━━━━━━━━━━━━━━━━━━━ 385/385 0:01:19 • 0:00:00 4.85it/s v_num: 1.000
End Time: Fri Jun  5 11:35:05 KST 2026
