==========================================
SLURM_JOB_ID = 749705
SLURM_NODELIST = gpu38
==========================================
Job ID: 749705
Node: gpu38
CUDA_VISIBLE_DEVICES: 0
Start Time: Fri Jun  5 10:39:26 KST 2026
Submit Dir: /scratch/r984a02/PHDQ2
Partition: amd_a100nv_8
Requested GPUs: 1
Requested CPU cores per task: 4
Python: /home01/r984a02/.conda/envs/phdq/bin/python
Torch: 2.12.0+cu130
NumPy: 2.2.6
Starting KoBART GEC Training on native dataset...
Auto-resume enabled: no existing last.ckpt found; starting fresh.
Arguments:
{'batch_size': 32,
 'best': {'f0.5': 0, 'gleu': 0, 'prec': 0, 'rec': 0},
 'check_val_every_n_epoch': 1,
 'checkpoint_interval_minutes': 20,
 'data': 'native',
 'debug': False,
 'every_n_epochs': 1,
 'log_every_n_steps': 50,
 'lr': 5e-05,
 'max_epochs': 20,
 'max_seq_len': 128,
 'max_time': '00:01:50:00',
 'model_ckpt_path': '',
 'name': 'kobart-native',
 'num_workers': 8,
 'resume_ckpt_path': '',
 'seed': 0,
 'test_data_path': '/scratch/r984a02/PHDQ2/data/Preprocessed/native/native_test.txt',
 'train_data_path': '/scratch/r984a02/PHDQ2/data/Preprocessed/native/native_train.txt',
 'val_data_path': '/scratch/r984a02/PHDQ2/data/Preprocessed/native/native_val.txt',
 'warmup_ratio': 0.0}
┏━━━┳━━━━━━━┳━━━━━━━━━━━━━━━━━━━━━━━━━━━━━━┳━━━━━━━━┳━━━━━━┳━━━━━━━┓
┃   ┃ Name  ┃ Type                         ┃ Params ┃ Mode ┃ FLOPs ┃
┡━━━╇━━━━━━━╇━━━━━━━━━━━━━━━━━━━━━━━━━━━━━━╇━━━━━━━━╇━━━━━━╇━━━━━━━┩
│ 0 │ model │ BartForConditionalGeneration │  123 M │ eval │     0 │
└───┴───────┴──────────────────────────────┴────────┴──────┴───────┘
Trainable params: 123 M                                                         
Non-trainable params: 0                                                         
Total params: 123 M                                                             
Total estimated model params size (MB): 495.440                                 
Modules in train mode: 0                                                        
Modules in eval mode: 182                                                       
Total FLOPs: 0                                                                  


EPOCH 0 / VAL_LOSS 0.23 / GLEU 43.43

{0: {'f_score': 0,
     'gleu': 43.4314,
     'loss': 0.23398740589618683,
     'precision': 0,
     'recall': 0}}

Generation time: 62.86492466926575


EPOCH 1 / VAL_LOSS 0.21 / GLEU 48.73

{0: {'f_score': 0,
     'generation_time': 62.86492466926575,
     'gleu': 43.4314,
     'loss': 0.23398740589618683,
     'precision': 0,
     'recall': 0},
 1: {'f_score': 0,
     'gleu': 48.733399999999996,
     'loss': 0.2075790911912918,
     'precision': 0,
     'recall': 0}}

Generation time: 42.50930833816528


EPOCH 2 / VAL_LOSS 0.21 / GLEU 49.75

{0: {'f_score': 0,
     'generation_time': 62.86492466926575,
     'gleu': 43.4314,
     'loss': 0.23398740589618683,
     'precision': 0,
     'recall': 0},
 1: {'f_score': 0,
     'generation_time': 42.50930833816528,
     'gleu': 48.733399999999996,
     'loss': 0.2075790911912918,
     'precision': 0,
     'recall': 0},
 2: {'f_score': 0,
     'gleu': 49.7491,
     'loss': 0.21416978538036346,
     'precision': 0,
     'recall': 0}}

Generation time: 35.025469064712524


EPOCH 3 / VAL_LOSS 0.22 / GLEU 49.25

{0: {'f_score': 0,
     'generation_time': 62.86492466926575,
     'gleu': 43.4314,
     'loss': 0.23398740589618683,
     'precision': 0,
     'recall': 0},
 1: {'f_score': 0,
     'generation_time': 42.50930833816528,
     'gleu': 48.733399999999996,
     'loss': 0.2075790911912918,
     'precision': 0,
     'recall': 0},
 2: {'f_score': 0,
     'generation_time': 35.025469064712524,
     'gleu': 49.7491,
     'loss': 0.21416978538036346,
     'precision': 0,
     'recall': 0},
 3: {'f_score': 0,
     'gleu': 49.2506,
     'loss': 0.22213684022426605,
     'precision': 0,
     'recall': 0}}

Generation time: 65.91093063354492


EPOCH 4 / VAL_LOSS 0.23 / GLEU 48.71

{0: {'f_score': 0,
     'generation_time': 62.86492466926575,
     'gleu': 43.4314,
     'loss': 0.23398740589618683,
     'precision': 0,
     'recall': 0},
 1: {'f_score': 0,
     'generation_time': 42.50930833816528,
     'gleu': 48.733399999999996,
     'loss': 0.2075790911912918,
     'precision': 0,
     'recall': 0},
 2: {'f_score': 0,
     'generation_time': 35.025469064712524,
     'gleu': 49.7491,
     'loss': 0.21416978538036346,
     'precision': 0,
     'recall': 0},
 3: {'f_score': 0,
     'generation_time': 65.91093063354492,
     'gleu': 49.2506,
     'loss': 0.22213684022426605,
     'precision': 0,
     'recall': 0},
 4: {'f_score': 0,
     'gleu': 48.7064,
     'loss': 0.22555886209011078,
     'precision': 0,
     'recall': 0}}

Generation time: 23.449074506759644


EPOCH 5 / VAL_LOSS 0.24 / GLEU 49.29

{0: {'f_score': 0,
     'generation_time': 62.86492466926575,
     'gleu': 43.4314,
     'loss': 0.23398740589618683,
     'precision': 0,
     'recall': 0},
 1: {'f_score': 0,
     'generation_time': 42.50930833816528,
     'gleu': 48.733399999999996,
     'loss': 0.2075790911912918,
     'precision': 0,
     'recall': 0},
 2: {'f_score': 0,
     'generation_time': 35.025469064712524,
     'gleu': 49.7491,
     'loss': 0.21416978538036346,
     'precision': 0,
     'recall': 0},
 3: {'f_score': 0,
     'generation_time': 65.91093063354492,
     'gleu': 49.2506,
     'loss': 0.22213684022426605,
     'precision': 0,
     'recall': 0},
 4: {'f_score': 0,
     'generation_time': 23.449074506759644,
     'gleu': 48.7064,
     'loss': 0.22555886209011078,
     'precision': 0,
     'recall': 0},
 5: {'f_score': 0,
     'gleu': 49.2881,
     'loss': 0.23779761791229248,
     'precision': 0,
     'recall': 0}}

Generation time: 22.981735944747925


EPOCH 6 / VAL_LOSS 0.24 / GLEU 47.91

{0: {'f_score': 0,
     'generation_time': 62.86492466926575,
     'gleu': 43.4314,
     'loss': 0.23398740589618683,
     'precision': 0,
     'recall': 0},
 1: {'f_score': 0,
     'generation_time': 42.50930833816528,
     'gleu': 48.733399999999996,
     'loss': 0.2075790911912918,
     'precision': 0,
     'recall': 0},
 2: {'f_score': 0,
     'generation_time': 35.025469064712524,
     'gleu': 49.7491,
     'loss': 0.21416978538036346,
     'precision': 0,
     'recall': 0},
 3: {'f_score': 0,
     'generation_time': 65.91093063354492,
     'gleu': 49.2506,
     'loss': 0.22213684022426605,
     'precision': 0,
     'recall': 0},
 4: {'f_score': 0,
     'generation_time': 23.449074506759644,
     'gleu': 48.7064,
     'loss': 0.22555886209011078,
     'precision': 0,
     'recall': 0},
 5: {'f_score': 0,
     'generation_time': 22.981735944747925,
     'gleu': 49.2881,
     'loss': 0.23779761791229248,
     'precision': 0,
     'recall': 0},
 6: {'f_score': 0,
     'gleu': 47.911500000000004,
     'loss': 0.239082470536232,
     'precision': 0,
     'recall': 0}}

Generation time: 24.38913321495056


EPOCH 7 / VAL_LOSS 0.24 / GLEU 47.19

{0: {'f_score': 0,
     'generation_time': 62.86492466926575,
     'gleu': 43.4314,
     'loss': 0.23398740589618683,
     'precision': 0,
     'recall': 0},
 1: {'f_score': 0,
     'generation_time': 42.50930833816528,
     'gleu': 48.733399999999996,
     'loss': 0.2075790911912918,
     'precision': 0,
     'recall': 0},
 2: {'f_score': 0,
     'generation_time': 35.025469064712524,
     'gleu': 49.7491,
     'loss': 0.21416978538036346,
     'precision': 0,
     'recall': 0},
 3: {'f_score': 0,
     'generation_time': 65.91093063354492,
     'gleu': 49.2506,
     'loss': 0.22213684022426605,
     'precision': 0,
     'recall': 0},
 4: {'f_score': 0,
     'generation_time': 23.449074506759644,
     'gleu': 48.7064,
     'loss': 0.22555886209011078,
     'precision': 0,
     'recall': 0},
 5: {'f_score': 0,
     'generation_time': 22.981735944747925,
     'gleu': 49.2881,
     'loss': 0.23779761791229248,
     'precision': 0,
     'recall': 0},
 6: {'f_score': 0,
     'generation_time': 24.38913321495056,
     'gleu': 47.911500000000004,
     'loss': 0.239082470536232,
     'precision': 0,
     'recall': 0},
 7: {'f_score': 0,
     'gleu': 47.1887,
     'loss': 0.23864352703094482,
     'precision': 0,
     'recall': 0}}

Generation time: 23.020913124084473


EPOCH 8 / VAL_LOSS 0.24 / GLEU 47.01

{0: {'f_score': 0,
     'generation_time': 62.86492466926575,
     'gleu': 43.4314,
     'loss': 0.23398740589618683,
     'precision': 0,
     'recall': 0},
 1: {'f_score': 0,
     'generation_time': 42.50930833816528,
     'gleu': 48.733399999999996,
     'loss': 0.2075790911912918,
     'precision': 0,
     'recall': 0},
 2: {'f_score': 0,
     'generation_time': 35.025469064712524,
     'gleu': 49.7491,
     'loss': 0.21416978538036346,
     'precision': 0,
     'recall': 0},
 3: {'f_score': 0,
     'generation_time': 65.91093063354492,
     'gleu': 49.2506,
     'loss': 0.22213684022426605,
     'precision': 0,
     'recall': 0},
 4: {'f_score': 0,
     'generation_time': 23.449074506759644,
     'gleu': 48.7064,
     'loss': 0.22555886209011078,
     'precision': 0,
     'recall': 0},
 5: {'f_score': 0,
     'generation_time': 22.981735944747925,
     'gleu': 49.2881,
     'loss': 0.23779761791229248,
     'precision': 0,
     'recall': 0},
 6: {'f_score': 0,
     'generation_time': 24.38913321495056,
     'gleu': 47.911500000000004,
     'loss': 0.239082470536232,
     'precision': 0,
     'recall': 0},
 7: {'f_score': 0,
     'generation_time': 23.020913124084473,
     'gleu': 47.1887,
     'loss': 0.23864352703094482,
     'precision': 0,
     'recall': 0},
 8: {'f_score': 0,
     'gleu': 47.0059,
     'loss': 0.2410372495651245,
     'precision': 0,
     'recall': 0}}

Generation time: 23.469292163848877


EPOCH 9 / VAL_LOSS 0.25 / GLEU 47.29

{0: {'f_score': 0,
     'generation_time': 62.86492466926575,
     'gleu': 43.4314,
     'loss': 0.23398740589618683,
     'precision': 0,
     'recall': 0},
 1: {'f_score': 0,
     'generation_time': 42.50930833816528,
     'gleu': 48.733399999999996,
     'loss': 0.2075790911912918,
     'precision': 0,
     'recall': 0},
 2: {'f_score': 0,
     'generation_time': 35.025469064712524,
     'gleu': 49.7491,
     'loss': 0.21416978538036346,
     'precision': 0,
     'recall': 0},
 3: {'f_score': 0,
     'generation_time': 65.91093063354492,
     'gleu': 49.2506,
     'loss': 0.22213684022426605,
     'precision': 0,
     'recall': 0},
 4: {'f_score': 0,
     'generation_time': 23.449074506759644,
     'gleu': 48.7064,
     'loss': 0.22555886209011078,
     'precision': 0,
     'recall': 0},
 5: {'f_score': 0,
     'generation_time': 22.981735944747925,
     'gleu': 49.2881,
     'loss': 0.23779761791229248,
     'precision': 0,
     'recall': 0},
 6: {'f_score': 0,
     'generation_time': 24.38913321495056,
     'gleu': 47.911500000000004,
     'loss': 0.239082470536232,
     'precision': 0,
     'recall': 0},
 7: {'f_score': 0,
     'generation_time': 23.020913124084473,
     'gleu': 47.1887,
     'loss': 0.23864352703094482,
     'precision': 0,
     'recall': 0},
 8: {'f_score': 0,
     'generation_time': 23.469292163848877,
     'gleu': 47.0059,
     'loss': 0.2410372495651245,
     'precision': 0,
     'recall': 0},
 9: {'f_score': 0,
     'gleu': 47.2943,
     'loss': 0.24514728784561157,
     'precision': 0,
     'recall': 0}}

Generation time: 23.03948211669922


EPOCH 10 / VAL_LOSS 0.25 / GLEU 46.45

{0: {'f_score': 0,
     'generation_time': 62.86492466926575,
     'gleu': 43.4314,
     'loss': 0.23398740589618683,
     'precision': 0,
     'recall': 0},
 1: {'f_score': 0,
     'generation_time': 42.50930833816528,
     'gleu': 48.733399999999996,
     'loss': 0.2075790911912918,
     'precision': 0,
     'recall': 0},
 2: {'f_score': 0,
     'generation_time': 35.025469064712524,
     'gleu': 49.7491,
     'loss': 0.21416978538036346,
     'precision': 0,
     'recall': 0},
 3: {'f_score': 0,
     'generation_time': 65.91093063354492,
     'gleu': 49.2506,
     'loss': 0.22213684022426605,
     'precision': 0,
     'recall': 0},
 4: {'f_score': 0,
     'generation_time': 23.449074506759644,
     'gleu': 48.7064,
     'loss': 0.22555886209011078,
     'precision': 0,
     'recall': 0},
 5: {'f_score': 0,
     'generation_time': 22.981735944747925,
     'gleu': 49.2881,
     'loss': 0.23779761791229248,
     'precision': 0,
     'recall': 0},
 6: {'f_score': 0,
     'generation_time': 24.38913321495056,
     'gleu': 47.911500000000004,
     'loss': 0.239082470536232,
     'precision': 0,
     'recall': 0},
 7: {'f_score': 0,
     'generation_time': 23.020913124084473,
     'gleu': 47.1887,
     'loss': 0.23864352703094482,
     'precision': 0,
     'recall': 0},
 8: {'f_score': 0,
     'generation_time': 23.469292163848877,
     'gleu': 47.0059,
     'loss': 0.2410372495651245,
     'precision': 0,
     'recall': 0},
 9: {'f_score': 0,
     'generation_time': 23.03948211669922,
     'gleu': 47.2943,
     'loss': 0.24514728784561157,
     'precision': 0,
     'recall': 0},
 10: {'f_score': 0,
      'gleu': 46.4471,
      'loss': 0.24525630474090576,
      'precision': 0,
      'recall': 0}}

Generation time: 23.29973840713501


EPOCH 11 / VAL_LOSS 0.26 / GLEU 45.63

{0: {'f_score': 0,
     'generation_time': 62.86492466926575,
     'gleu': 43.4314,
     'loss': 0.23398740589618683,
     'precision': 0,
     'recall': 0},
 1: {'f_score': 0,
     'generation_time': 42.50930833816528,
     'gleu': 48.733399999999996,
     'loss': 0.2075790911912918,
     'precision': 0,
     'recall': 0},
 2: {'f_score': 0,
     'generation_time': 35.025469064712524,
     'gleu': 49.7491,
     'loss': 0.21416978538036346,
     'precision': 0,
     'recall': 0},
 3: {'f_score': 0,
     'generation_time': 65.91093063354492,
     'gleu': 49.2506,
     'loss': 0.22213684022426605,
     'precision': 0,
     'recall': 0},
 4: {'f_score': 0,
     'generation_time': 23.449074506759644,
     'gleu': 48.7064,
     'loss': 0.22555886209011078,
     'precision': 0,
     'recall': 0},
 5: {'f_score': 0,
     'generation_time': 22.981735944747925,
     'gleu': 49.2881,
     'loss': 0.23779761791229248,
     'precision': 0,
     'recall': 0},
 6: {'f_score': 0,
     'generation_time': 24.38913321495056,
     'gleu': 47.911500000000004,
     'loss': 0.239082470536232,
     'precision': 0,
     'recall': 0},
 7: {'f_score': 0,
     'generation_time': 23.020913124084473,
     'gleu': 47.1887,
     'loss': 0.23864352703094482,
     'precision': 0,
     'recall': 0},
 8: {'f_score': 0,
     'generation_time': 23.469292163848877,
     'gleu': 47.0059,
     'loss': 0.2410372495651245,
     'precision': 0,
     'recall': 0},
 9: {'f_score': 0,
     'generation_time': 23.03948211669922,
     'gleu': 47.2943,
     'loss': 0.24514728784561157,
     'precision': 0,
     'recall': 0},
 10: {'f_score': 0,
      'generation_time': 23.29973840713501,
      'gleu': 46.4471,
      'loss': 0.24525630474090576,
      'precision': 0,
      'recall': 0},
 11: {'f_score': 0,
      'gleu': 45.6299,
      'loss': 0.2593468129634857,
      'precision': 0,
      'recall': 0}}

Generation time: 23.657450199127197


EPOCH 12 / VAL_LOSS 0.26 / GLEU 46.31

{0: {'f_score': 0,
     'generation_time': 62.86492466926575,
     'gleu': 43.4314,
     'loss': 0.23398740589618683,
     'precision': 0,
     'recall': 0},
 1: {'f_score': 0,
     'generation_time': 42.50930833816528,
     'gleu': 48.733399999999996,
     'loss': 0.2075790911912918,
     'precision': 0,
     'recall': 0},
 2: {'f_score': 0,
     'generation_time': 35.025469064712524,
     'gleu': 49.7491,
     'loss': 0.21416978538036346,
     'precision': 0,
     'recall': 0},
 3: {'f_score': 0,
     'generation_time': 65.91093063354492,
     'gleu': 49.2506,
     'loss': 0.22213684022426605,
     'precision': 0,
     'recall': 0},
 4: {'f_score': 0,
     'generation_time': 23.449074506759644,
     'gleu': 48.7064,
     'loss': 0.22555886209011078,
     'precision': 0,
     'recall': 0},
 5: {'f_score': 0,
     'generation_time': 22.981735944747925,
     'gleu': 49.2881,
     'loss': 0.23779761791229248,
     'precision': 0,
     'recall': 0},
 6: {'f_score': 0,
     'generation_time': 24.38913321495056,
     'gleu': 47.911500000000004,
     'loss': 0.239082470536232,
     'precision': 0,
     'recall': 0},
 7: {'f_score': 0,
     'generation_time': 23.020913124084473,
     'gleu': 47.1887,
     'loss': 0.23864352703094482,
     'precision': 0,
     'recall': 0},
 8: {'f_score': 0,
     'generation_time': 23.469292163848877,
     'gleu': 47.0059,
     'loss': 0.2410372495651245,
     'precision': 0,
     'recall': 0},
 9: {'f_score': 0,
     'generation_time': 23.03948211669922,
     'gleu': 47.2943,
     'loss': 0.24514728784561157,
     'precision': 0,
     'recall': 0},
 10: {'f_score': 0,
      'generation_time': 23.29973840713501,
      'gleu': 46.4471,
      'loss': 0.24525630474090576,
      'precision': 0,
      'recall': 0},
 11: {'f_score': 0,
      'generation_time': 23.657450199127197,
      'gleu': 45.6299,
      'loss': 0.2593468129634857,
      'precision': 0,
      'recall': 0},
 12: {'f_score': 0,
      'gleu': 46.3133,
      'loss': 0.25885671377182007,
      'precision': 0,
      'recall': 0}}

Generation time: 23.170488119125366


EPOCH 13 / VAL_LOSS 0.26 / GLEU 46.73

{0: {'f_score': 0,
     'generation_time': 62.86492466926575,
     'gleu': 43.4314,
     'loss': 0.23398740589618683,
     'precision': 0,
     'recall': 0},
 1: {'f_score': 0,
     'generation_time': 42.50930833816528,
     'gleu': 48.733399999999996,
     'loss': 0.2075790911912918,
     'precision': 0,
     'recall': 0},
 2: {'f_score': 0,
     'generation_time': 35.025469064712524,
     'gleu': 49.7491,
     'loss': 0.21416978538036346,
     'precision': 0,
     'recall': 0},
 3: {'f_score': 0,
     'generation_time': 65.91093063354492,
     'gleu': 49.2506,
     'loss': 0.22213684022426605,
     'precision': 0,
     'recall': 0},
 4: {'f_score': 0,
     'generation_time': 23.449074506759644,
     'gleu': 48.7064,
     'loss': 0.22555886209011078,
     'precision': 0,
     'recall': 0},
 5: {'f_score': 0,
     'generation_time': 22.981735944747925,
     'gleu': 49.2881,
     'loss': 0.23779761791229248,
     'precision': 0,
     'recall': 0},
 6: {'f_score': 0,
     'generation_time': 24.38913321495056,
     'gleu': 47.911500000000004,
     'loss': 0.239082470536232,
     'precision': 0,
     'recall': 0},
 7: {'f_score': 0,
     'generation_time': 23.020913124084473,
     'gleu': 47.1887,
     'loss': 0.23864352703094482,
     'precision': 0,
     'recall': 0},
 8: {'f_score': 0,
     'generation_time': 23.469292163848877,
     'gleu': 47.0059,
     'loss': 0.2410372495651245,
     'precision': 0,
     'recall': 0},
 9: {'f_score': 0,
     'generation_time': 23.03948211669922,
     'gleu': 47.2943,
     'loss': 0.24514728784561157,
     'precision': 0,
     'recall': 0},
 10: {'f_score': 0,
      'generation_time': 23.29973840713501,
      'gleu': 46.4471,
      'loss': 0.24525630474090576,
      'precision': 0,
      'recall': 0},
 11: {'f_score': 0,
      'generation_time': 23.657450199127197,
      'gleu': 45.6299,
      'loss': 0.2593468129634857,
      'precision': 0,
      'recall': 0},
 12: {'f_score': 0,
      'generation_time': 23.170488119125366,
      'gleu': 46.3133,
      'loss': 0.25885671377182007,
      'precision': 0,
      'recall': 0},
 13: {'f_score': 0,
      'gleu': 46.7304,
      'loss': 0.26199793815612793,
      'precision': 0,
      'recall': 0}}

Generation time: 22.871190547943115


EPOCH 14 / VAL_LOSS 0.26 / GLEU 46.21

{0: {'f_score': 0,
     'generation_time': 62.86492466926575,
     'gleu': 43.4314,
     'loss': 0.23398740589618683,
     'precision': 0,
     'recall': 0},
 1: {'f_score': 0,
     'generation_time': 42.50930833816528,
     'gleu': 48.733399999999996,
     'loss': 0.2075790911912918,
     'precision': 0,
     'recall': 0},
 2: {'f_score': 0,
     'generation_time': 35.025469064712524,
     'gleu': 49.7491,
     'loss': 0.21416978538036346,
     'precision': 0,
     'recall': 0},
 3: {'f_score': 0,
     'generation_time': 65.91093063354492,
     'gleu': 49.2506,
     'loss': 0.22213684022426605,
     'precision': 0,
     'recall': 0},
 4: {'f_score': 0,
     'generation_time': 23.449074506759644,
     'gleu': 48.7064,
     'loss': 0.22555886209011078,
     'precision': 0,
     'recall': 0},
 5: {'f_score': 0,
     'generation_time': 22.981735944747925,
     'gleu': 49.2881,
     'loss': 0.23779761791229248,
     'precision': 0,
     'recall': 0},
 6: {'f_score': 0,
     'generation_time': 24.38913321495056,
     'gleu': 47.911500000000004,
     'loss': 0.239082470536232,
     'precision': 0,
     'recall': 0},
 7: {'f_score': 0,
     'generation_time': 23.020913124084473,
     'gleu': 47.1887,
     'loss': 0.23864352703094482,
     'precision': 0,
     'recall': 0},
 8: {'f_score': 0,
     'generation_time': 23.469292163848877,
     'gleu': 47.0059,
     'loss': 0.2410372495651245,
     'precision': 0,
     'recall': 0},
 9: {'f_score': 0,
     'generation_time': 23.03948211669922,
     'gleu': 47.2943,
     'loss': 0.24514728784561157,
     'precision': 0,
     'recall': 0},
 10: {'f_score': 0,
      'generation_time': 23.29973840713501,
      'gleu': 46.4471,
      'loss': 0.24525630474090576,
      'precision': 0,
      'recall': 0},
 11: {'f_score': 0,
      'generation_time': 23.657450199127197,
      'gleu': 45.6299,
      'loss': 0.2593468129634857,
      'precision': 0,
      'recall': 0},
 12: {'f_score': 0,
      'generation_time': 23.170488119125366,
      'gleu': 46.3133,
      'loss': 0.25885671377182007,
      'precision': 0,
      'recall': 0},
 13: {'f_score': 0,
      'generation_time': 22.871190547943115,
      'gleu': 46.7304,
      'loss': 0.26199793815612793,
      'precision': 0,
      'recall': 0},
 14: {'f_score': 0,
      'gleu': 46.207100000000004,
      'loss': 0.26287832856178284,
      'precision': 0,
      'recall': 0}}

Generation time: 23.156415700912476


EPOCH 15 / VAL_LOSS 0.26 / GLEU 46.34

{0: {'f_score': 0,
     'generation_time': 62.86492466926575,
     'gleu': 43.4314,
     'loss': 0.23398740589618683,
     'precision': 0,
     'recall': 0},
 1: {'f_score': 0,
     'generation_time': 42.50930833816528,
     'gleu': 48.733399999999996,
     'loss': 0.2075790911912918,
     'precision': 0,
     'recall': 0},
 2: {'f_score': 0,
     'generation_time': 35.025469064712524,
     'gleu': 49.7491,
     'loss': 0.21416978538036346,
     'precision': 0,
     'recall': 0},
 3: {'f_score': 0,
     'generation_time': 65.91093063354492,
     'gleu': 49.2506,
     'loss': 0.22213684022426605,
     'precision': 0,
     'recall': 0},
 4: {'f_score': 0,
     'generation_time': 23.449074506759644,
     'gleu': 48.7064,
     'loss': 0.22555886209011078,
     'precision': 0,
     'recall': 0},
 5: {'f_score': 0,
     'generation_time': 22.981735944747925,
     'gleu': 49.2881,
     'loss': 0.23779761791229248,
     'precision': 0,
     'recall': 0},
 6: {'f_score': 0,
     'generation_time': 24.38913321495056,
     'gleu': 47.911500000000004,
     'loss': 0.239082470536232,
     'precision': 0,
     'recall': 0},
 7: {'f_score': 0,
     'generation_time': 23.020913124084473,
     'gleu': 47.1887,
     'loss': 0.23864352703094482,
     'precision': 0,
     'recall': 0},
 8: {'f_score': 0,
     'generation_time': 23.469292163848877,
     'gleu': 47.0059,
     'loss': 0.2410372495651245,
     'precision': 0,
     'recall': 0},
 9: {'f_score': 0,
     'generation_time': 23.03948211669922,
     'gleu': 47.2943,
     'loss': 0.24514728784561157,
     'precision': 0,
     'recall': 0},
 10: {'f_score': 0,
      'generation_time': 23.29973840713501,
      'gleu': 46.4471,
      'loss': 0.24525630474090576,
      'precision': 0,
      'recall': 0},
 11: {'f_score': 0,
      'generation_time': 23.657450199127197,
      'gleu': 45.6299,
      'loss': 0.2593468129634857,
      'precision': 0,
      'recall': 0},
 12: {'f_score': 0,
      'generation_time': 23.170488119125366,
      'gleu': 46.3133,
      'loss': 0.25885671377182007,
      'precision': 0,
      'recall': 0},
 13: {'f_score': 0,
      'generation_time': 22.871190547943115,
      'gleu': 46.7304,
      'loss': 0.26199793815612793,
      'precision': 0,
      'recall': 0},
 14: {'f_score': 0,
      'generation_time': 23.156415700912476,
      'gleu': 46.207100000000004,
      'loss': 0.26287832856178284,
      'precision': 0,
      'recall': 0},
 15: {'f_score': 0,
      'gleu': 46.3418,
      'loss': 0.26393136382102966,
      'precision': 0,
      'recall': 0}}

Generation time: 23.05547022819519


EPOCH 16 / VAL_LOSS 0.27 / GLEU 46.07

{0: {'f_score': 0,
     'generation_time': 62.86492466926575,
     'gleu': 43.4314,
     'loss': 0.23398740589618683,
     'precision': 0,
     'recall': 0},
 1: {'f_score': 0,
     'generation_time': 42.50930833816528,
     'gleu': 48.733399999999996,
     'loss': 0.2075790911912918,
     'precision': 0,
     'recall': 0},
 2: {'f_score': 0,
     'generation_time': 35.025469064712524,
     'gleu': 49.7491,
     'loss': 0.21416978538036346,
     'precision': 0,
     'recall': 0},
 3: {'f_score': 0,
     'generation_time': 65.91093063354492,
     'gleu': 49.2506,
     'loss': 0.22213684022426605,
     'precision': 0,
     'recall': 0},
 4: {'f_score': 0,
     'generation_time': 23.449074506759644,
     'gleu': 48.7064,
     'loss': 0.22555886209011078,
     'precision': 0,
     'recall': 0},
 5: {'f_score': 0,
     'generation_time': 22.981735944747925,
     'gleu': 49.2881,
     'loss': 0.23779761791229248,
     'precision': 0,
     'recall': 0},
 6: {'f_score': 0,
     'generation_time': 24.38913321495056,
     'gleu': 47.911500000000004,
     'loss': 0.239082470536232,
     'precision': 0,
     'recall': 0},
 7: {'f_score': 0,
     'generation_time': 23.020913124084473,
     'gleu': 47.1887,
     'loss': 0.23864352703094482,
     'precision': 0,
     'recall': 0},
 8: {'f_score': 0,
     'generation_time': 23.469292163848877,
     'gleu': 47.0059,
     'loss': 0.2410372495651245,
     'precision': 0,
     'recall': 0},
 9: {'f_score': 0,
     'generation_time': 23.03948211669922,
     'gleu': 47.2943,
     'loss': 0.24514728784561157,
     'precision': 0,
     'recall': 0},
 10: {'f_score': 0,
      'generation_time': 23.29973840713501,
      'gleu': 46.4471,
      'loss': 0.24525630474090576,
      'precision': 0,
      'recall': 0},
 11: {'f_score': 0,
      'generation_time': 23.657450199127197,
      'gleu': 45.6299,
      'loss': 0.2593468129634857,
      'precision': 0,
      'recall': 0},
 12: {'f_score': 0,
      'generation_time': 23.170488119125366,
      'gleu': 46.3133,
      'loss': 0.25885671377182007,
      'precision': 0,
      'recall': 0},
 13: {'f_score': 0,
      'generation_time': 22.871190547943115,
      'gleu': 46.7304,
      'loss': 0.26199793815612793,
      'precision': 0,
      'recall': 0},
 14: {'f_score': 0,
      'generation_time': 23.156415700912476,
      'gleu': 46.207100000000004,
      'loss': 0.26287832856178284,
      'precision': 0,
      'recall': 0},
 15: {'f_score': 0,
      'generation_time': 23.05547022819519,
      'gleu': 46.3418,
      'loss': 0.26393136382102966,
      'precision': 0,
      'recall': 0},
 16: {'f_score': 0,
      'gleu': 46.0658,
      'loss': 0.2697450816631317,
      'precision': 0,
      'recall': 0}}

Generation time: 22.85548686981201


EPOCH 17 / VAL_LOSS 0.27 / GLEU 45.95

{0: {'f_score': 0,
     'generation_time': 62.86492466926575,
     'gleu': 43.4314,
     'loss': 0.23398740589618683,
     'precision': 0,
     'recall': 0},
 1: {'f_score': 0,
     'generation_time': 42.50930833816528,
     'gleu': 48.733399999999996,
     'loss': 0.2075790911912918,
     'precision': 0,
     'recall': 0},
 2: {'f_score': 0,
     'generation_time': 35.025469064712524,
     'gleu': 49.7491,
     'loss': 0.21416978538036346,
     'precision': 0,
     'recall': 0},
 3: {'f_score': 0,
     'generation_time': 65.91093063354492,
     'gleu': 49.2506,
     'loss': 0.22213684022426605,
     'precision': 0,
     'recall': 0},
 4: {'f_score': 0,
     'generation_time': 23.449074506759644,
     'gleu': 48.7064,
     'loss': 0.22555886209011078,
     'precision': 0,
     'recall': 0},
 5: {'f_score': 0,
     'generation_time': 22.981735944747925,
     'gleu': 49.2881,
     'loss': 0.23779761791229248,
     'precision': 0,
     'recall': 0},
 6: {'f_score': 0,
     'generation_time': 24.38913321495056,
     'gleu': 47.911500000000004,
     'loss': 0.239082470536232,
     'precision': 0,
     'recall': 0},
 7: {'f_score': 0,
     'generation_time': 23.020913124084473,
     'gleu': 47.1887,
     'loss': 0.23864352703094482,
     'precision': 0,
     'recall': 0},
 8: {'f_score': 0,
     'generation_time': 23.469292163848877,
     'gleu': 47.0059,
     'loss': 0.2410372495651245,
     'precision': 0,
     'recall': 0},
 9: {'f_score': 0,
     'generation_time': 23.03948211669922,
     'gleu': 47.2943,
     'loss': 0.24514728784561157,
     'precision': 0,
     'recall': 0},
 10: {'f_score': 0,
      'generation_time': 23.29973840713501,
      'gleu': 46.4471,
      'loss': 0.24525630474090576,
      'precision': 0,
      'recall': 0},
 11: {'f_score': 0,
      'generation_time': 23.657450199127197,
      'gleu': 45.6299,
      'loss': 0.2593468129634857,
      'precision': 0,
      'recall': 0},
 12: {'f_score': 0,
      'generation_time': 23.170488119125366,
      'gleu': 46.3133,
      'loss': 0.25885671377182007,
      'precision': 0,
      'recall': 0},
 13: {'f_score': 0,
      'generation_time': 22.871190547943115,
      'gleu': 46.7304,
      'loss': 0.26199793815612793,
      'precision': 0,
      'recall': 0},
 14: {'f_score': 0,
      'generation_time': 23.156415700912476,
      'gleu': 46.207100000000004,
      'loss': 0.26287832856178284,
      'precision': 0,
      'recall': 0},
 15: {'f_score': 0,
      'generation_time': 23.05547022819519,
      'gleu': 46.3418,
      'loss': 0.26393136382102966,
      'precision': 0,
      'recall': 0},
 16: {'f_score': 0,
      'generation_time': 22.85548686981201,
      'gleu': 46.0658,
      'loss': 0.2697450816631317,
      'precision': 0,
      'recall': 0},
 17: {'f_score': 0,
      'gleu': 45.9481,
      'loss': 0.2743104100227356,
      'precision': 0,
      'recall': 0}}

Generation time: 22.902693271636963


EPOCH 18 / VAL_LOSS 0.27 / GLEU 46.12

{0: {'f_score': 0,
     'generation_time': 62.86492466926575,
     'gleu': 43.4314,
     'loss': 0.23398740589618683,
     'precision': 0,
     'recall': 0},
 1: {'f_score': 0,
     'generation_time': 42.50930833816528,
     'gleu': 48.733399999999996,
     'loss': 0.2075790911912918,
     'precision': 0,
     'recall': 0},
 2: {'f_score': 0,
     'generation_time': 35.025469064712524,
     'gleu': 49.7491,
     'loss': 0.21416978538036346,
     'precision': 0,
     'recall': 0},
 3: {'f_score': 0,
     'generation_time': 65.91093063354492,
     'gleu': 49.2506,
     'loss': 0.22213684022426605,
     'precision': 0,
     'recall': 0},
 4: {'f_score': 0,
     'generation_time': 23.449074506759644,
     'gleu': 48.7064,
     'loss': 0.22555886209011078,
     'precision': 0,
     'recall': 0},
 5: {'f_score': 0,
     'generation_time': 22.981735944747925,
     'gleu': 49.2881,
     'loss': 0.23779761791229248,
     'precision': 0,
     'recall': 0},
 6: {'f_score': 0,
     'generation_time': 24.38913321495056,
     'gleu': 47.911500000000004,
     'loss': 0.239082470536232,
     'precision': 0,
     'recall': 0},
 7: {'f_score': 0,
     'generation_time': 23.020913124084473,
     'gleu': 47.1887,
     'loss': 0.23864352703094482,
     'precision': 0,
     'recall': 0},
 8: {'f_score': 0,
     'generation_time': 23.469292163848877,
     'gleu': 47.0059,
     'loss': 0.2410372495651245,
     'precision': 0,
     'recall': 0},
 9: {'f_score': 0,
     'generation_time': 23.03948211669922,
     'gleu': 47.2943,
     'loss': 0.24514728784561157,
     'precision': 0,
     'recall': 0},
 10: {'f_score': 0,
      'generation_time': 23.29973840713501,
      'gleu': 46.4471,
      'loss': 0.24525630474090576,
      'precision': 0,
      'recall': 0},
 11: {'f_score': 0,
      'generation_time': 23.657450199127197,
      'gleu': 45.6299,
      'loss': 0.2593468129634857,
      'precision': 0,
      'recall': 0},
 12: {'f_score': 0,
      'generation_time': 23.170488119125366,
      'gleu': 46.3133,
      'loss': 0.25885671377182007,
      'precision': 0,
      'recall': 0},
 13: {'f_score': 0,
      'generation_time': 22.871190547943115,
      'gleu': 46.7304,
      'loss': 0.26199793815612793,
      'precision': 0,
      'recall': 0},
 14: {'f_score': 0,
      'generation_time': 23.156415700912476,
      'gleu': 46.207100000000004,
      'loss': 0.26287832856178284,
      'precision': 0,
      'recall': 0},
 15: {'f_score': 0,
      'generation_time': 23.05547022819519,
      'gleu': 46.3418,
      'loss': 0.26393136382102966,
      'precision': 0,
      'recall': 0},
 16: {'f_score': 0,
      'generation_time': 22.85548686981201,
      'gleu': 46.0658,
      'loss': 0.2697450816631317,
      'precision': 0,
      'recall': 0},
 17: {'f_score': 0,
      'generation_time': 22.902693271636963,
      'gleu': 45.9481,
      'loss': 0.2743104100227356,
      'precision': 0,
      'recall': 0},
 18: {'f_score': 0,
      'gleu': 46.1197,
      'loss': 0.2738957703113556,
      'precision': 0,
      'recall': 0}}

Generation time: 22.92117142677307


EPOCH 19 / VAL_LOSS 0.27 / GLEU 46.12

{0: {'f_score': 0,
     'generation_time': 62.86492466926575,
     'gleu': 43.4314,
     'loss': 0.23398740589618683,
     'precision': 0,
     'recall': 0},
 1: {'f_score': 0,
     'generation_time': 42.50930833816528,
     'gleu': 48.733399999999996,
     'loss': 0.2075790911912918,
     'precision': 0,
     'recall': 0},
 2: {'f_score': 0,
     'generation_time': 35.025469064712524,
     'gleu': 49.7491,
     'loss': 0.21416978538036346,
     'precision': 0,
     'recall': 0},
 3: {'f_score': 0,
     'generation_time': 65.91093063354492,
     'gleu': 49.2506,
     'loss': 0.22213684022426605,
     'precision': 0,
     'recall': 0},
 4: {'f_score': 0,
     'generation_time': 23.449074506759644,
     'gleu': 48.7064,
     'loss': 0.22555886209011078,
     'precision': 0,
     'recall': 0},
 5: {'f_score': 0,
     'generation_time': 22.981735944747925,
     'gleu': 49.2881,
     'loss': 0.23779761791229248,
     'precision': 0,
     'recall': 0},
 6: {'f_score': 0,
     'generation_time': 24.38913321495056,
     'gleu': 47.911500000000004,
     'loss': 0.239082470536232,
     'precision': 0,
     'recall': 0},
 7: {'f_score': 0,
     'generation_time': 23.020913124084473,
     'gleu': 47.1887,
     'loss': 0.23864352703094482,
     'precision': 0,
     'recall': 0},
 8: {'f_score': 0,
     'generation_time': 23.469292163848877,
     'gleu': 47.0059,
     'loss': 0.2410372495651245,
     'precision': 0,
     'recall': 0},
 9: {'f_score': 0,
     'generation_time': 23.03948211669922,
     'gleu': 47.2943,
     'loss': 0.24514728784561157,
     'precision': 0,
     'recall': 0},
 10: {'f_score': 0,
      'generation_time': 23.29973840713501,
      'gleu': 46.4471,
      'loss': 0.24525630474090576,
      'precision': 0,
      'recall': 0},
 11: {'f_score': 0,
      'generation_time': 23.657450199127197,
      'gleu': 45.6299,
      'loss': 0.2593468129634857,
      'precision': 0,
      'recall': 0},
 12: {'f_score': 0,
      'generation_time': 23.170488119125366,
      'gleu': 46.3133,
      'loss': 0.25885671377182007,
      'precision': 0,
      'recall': 0},
 13: {'f_score': 0,
      'generation_time': 22.871190547943115,
      'gleu': 46.7304,
      'loss': 0.26199793815612793,
      'precision': 0,
      'recall': 0},
 14: {'f_score': 0,
      'generation_time': 23.156415700912476,
      'gleu': 46.207100000000004,
      'loss': 0.26287832856178284,
      'precision': 0,
      'recall': 0},
 15: {'f_score': 0,
      'generation_time': 23.05547022819519,
      'gleu': 46.3418,
      'loss': 0.26393136382102966,
      'precision': 0,
      'recall': 0},
 16: {'f_score': 0,
      'generation_time': 22.85548686981201,
      'gleu': 46.0658,
      'loss': 0.2697450816631317,
      'precision': 0,
      'recall': 0},
 17: {'f_score': 0,
      'generation_time': 22.902693271636963,
      'gleu': 45.9481,
      'loss': 0.2743104100227356,
      'precision': 0,
      'recall': 0},
 18: {'f_score': 0,
      'generation_time': 22.92117142677307,
      'gleu': 46.1197,
      'loss': 0.2738957703113556,
      'precision': 0,
      'recall': 0},
 19: {'f_score': 0,
      'gleu': 46.1195,
      'loss': 0.2748647928237915,
      'precision': 0,
      'recall': 0}}

Generation time: 22.936885833740234
Saved final resumable checkpoint: outputs/native/last.ckpt
Epoch 19/19 ━━━━━━━━━━━━━━━━━━━━ 385/385 0:01:19 • 0:00:00 4.88it/s v_num: 0.000
End Time: Fri Jun  5 11:18:02 KST 2026
