==========================================
SLURM_JOB_ID = 751365
SLURM_NODELIST = gpu40
==========================================
Job ID: 751365
Node: gpu40
CUDA_VISIBLE_DEVICES: 0
Start Time: Sun Jun  7 06:55:11 KST 2026
Submit Dir: /scratch/r984a02/PHDQ2
Partition: amd_a100nv_8
Requested GPUs: 1
Requested CPU cores per task: 4
Python: /home01/r984a02/.conda/envs/phdq/bin/python
Torch: 2.12.0+cu130
NumPy: 2.2.6
Auto-resume enabled: no existing last.ckpt found; starting fresh.
Starting BLT-GEC scaffold training on native dataset...
Device: cuda
Backend: mini
Train: /scratch/r984a02/PHDQ2/data/Preprocessed/native/native_train.txt
Val:   /scratch/r984a02/PHDQ2/data/Preprocessed/native/native_val.txt
Test:  /scratch/r984a02/PHDQ2/data/Preprocessed/native/native_test.txt
epoch=0 step=20 loss=12.1538
epoch=0 step=40 loss=6.5887
epoch=0 step=60 loss=4.9167
epoch=0 step=80 loss=4.7150
epoch=0 step=100 loss=4.2474
epoch=0 step=120 loss=4.4337
epoch=0 step=140 loss=4.1251
epoch=0 step=160 loss=3.0714
epoch=0 step=180 loss=4.4716
epoch=0 step=200 loss=3.2536
validation step=200 loss=2.8593
Saved checkpoint: outputs/blt_gec_768x12/native/best.ckpt
epoch=0 step=220 loss=4.2262
epoch=0 step=240 loss=4.0713
epoch=0 step=260 loss=3.5305
epoch=0 step=280 loss=3.5344
epoch=0 step=300 loss=3.3610
epoch=0 step=320 loss=3.8147
epoch=0 step=340 loss=3.3989
epoch=0 step=360 loss=3.6579
epoch=0 step=380 loss=3.6476
epoch=0 step=400 loss=3.2977
validation step=400 loss=2.4144
Saved checkpoint: outputs/blt_gec_768x12/native/best.ckpt
epoch=0 step=420 loss=3.2129
epoch=0 step=440 loss=3.2474
epoch=0 step=460 loss=3.5265
epoch=0 step=480 loss=4.9933
epoch=0 step=500 loss=3.4066
epoch=0 step=520 loss=2.8315
epoch=0 step=540 loss=2.6357
epoch=0 step=560 loss=2.8756
epoch=0 step=580 loss=2.9487
epoch=0 step=600 loss=3.1162
validation step=600 loss=2.2392
Saved checkpoint: outputs/blt_gec_768x12/native/best.ckpt
epoch=0 step=620 loss=3.7083
epoch=0 step=640 loss=3.4409
epoch=0 step=660 loss=3.1025
epoch=0 step=680 loss=3.7391
epoch=0 step=700 loss=2.5283
epoch=0 step=720 loss=3.0767
epoch=0 step=740 loss=2.1572
epoch=0 step=760 loss=2.5785
validation epoch=0 loss=2.3400
Saved checkpoint: outputs/blt_gec_768x12/native/last.ckpt
epoch=1 step=780 loss=2.1687
epoch=1 step=800 loss=2.5084
validation step=800 loss=2.2613
epoch=1 step=820 loss=3.7564
epoch=1 step=840 loss=3.2051
epoch=1 step=860 loss=2.4884
epoch=1 step=880 loss=3.3691
epoch=1 step=900 loss=2.0613
epoch=1 step=920 loss=3.1536
epoch=1 step=940 loss=2.7471
epoch=1 step=960 loss=2.8533
epoch=1 step=980 loss=2.0427
epoch=1 step=1000 loss=2.3333
validation step=1000 loss=2.0762
Saved checkpoint: outputs/blt_gec_768x12/native/best.ckpt
epoch=1 step=1020 loss=2.1046
epoch=1 step=1040 loss=2.5545
epoch=1 step=1060 loss=2.8979
epoch=1 step=1080 loss=1.7874
epoch=1 step=1100 loss=2.9276
epoch=1 step=1120 loss=1.9268
epoch=1 step=1140 loss=2.0008
epoch=1 step=1160 loss=3.1547
epoch=1 step=1180 loss=1.9816
epoch=1 step=1200 loss=2.2628
validation step=1200 loss=1.8867
Saved checkpoint: outputs/blt_gec_768x12/native/best.ckpt
epoch=1 step=1220 loss=1.4576
epoch=1 step=1240 loss=2.7709
epoch=1 step=1260 loss=2.5169
epoch=1 step=1280 loss=1.7364
epoch=1 step=1300 loss=2.1243
epoch=1 step=1320 loss=3.1513
epoch=1 step=1340 loss=2.1299
epoch=1 step=1360 loss=1.4552
epoch=1 step=1380 loss=1.6718
epoch=1 step=1400 loss=3.2596
validation step=1400 loss=1.6381
Saved checkpoint: outputs/blt_gec_768x12/native/best.ckpt
epoch=1 step=1420 loss=1.2995
epoch=1 step=1440 loss=1.6579
epoch=1 step=1460 loss=0.9128
epoch=1 step=1480 loss=1.7038
epoch=1 step=1500 loss=2.5892
epoch=1 step=1520 loss=1.8778
validation epoch=1 loss=1.3570
Saved checkpoint: outputs/blt_gec_768x12/native/best.ckpt
Saved checkpoint: outputs/blt_gec_768x12/native/last.ckpt
epoch=2 step=1540 loss=1.4104
epoch=2 step=1560 loss=0.6156
epoch=2 step=1580 loss=1.2900
epoch=2 step=1600 loss=1.1983
validation step=1600 loss=1.3551
Saved checkpoint: outputs/blt_gec_768x12/native/best.ckpt
epoch=2 step=1620 loss=2.9693
epoch=2 step=1640 loss=0.6440
epoch=2 step=1660 loss=0.7868
epoch=2 step=1680 loss=0.3583
epoch=2 step=1700 loss=2.0757
epoch=2 step=1720 loss=0.6440
epoch=2 step=1740 loss=2.2306
epoch=2 step=1760 loss=2.0499
epoch=2 step=1780 loss=0.8867
epoch=2 step=1800 loss=1.3045
validation step=1800 loss=0.9611
Saved checkpoint: outputs/blt_gec_768x12/native/best.ckpt
epoch=2 step=1820 loss=0.6909
epoch=2 step=1840 loss=0.6926
epoch=2 step=1860 loss=1.7049
epoch=2 step=1880 loss=2.4578
epoch=2 step=1900 loss=1.9111
epoch=2 step=1920 loss=1.3221
epoch=2 step=1940 loss=0.3343
epoch=2 step=1960 loss=0.6118
epoch=2 step=1980 loss=1.7765
epoch=2 step=2000 loss=0.2761
validation step=2000 loss=0.7052
Saved checkpoint: outputs/blt_gec_768x12/native/best.ckpt
epoch=2 step=2020 loss=0.7069
epoch=2 step=2040 loss=0.2111
epoch=2 step=2060 loss=1.4000
epoch=2 step=2080 loss=1.1888
epoch=2 step=2100 loss=0.3802
epoch=2 step=2120 loss=0.0886
epoch=2 step=2140 loss=0.2186
epoch=2 step=2160 loss=1.6449
epoch=2 step=2180 loss=0.4849
epoch=2 step=2200 loss=0.3858
validation step=2200 loss=0.5247
Saved checkpoint: outputs/blt_gec_768x12/native/best.ckpt
epoch=2 step=2220 loss=1.0727
epoch=2 step=2240 loss=1.0411
epoch=2 step=2260 loss=1.0531
epoch=2 step=2280 loss=0.7819
epoch=2 step=2300 loss=0.1326
Saved checkpoint: outputs/blt_gec_768x12/native/last.ckpt
validation epoch=2 loss=0.5154
Saved checkpoint: outputs/blt_gec_768x12/native/best.ckpt
Saved checkpoint: outputs/blt_gec_768x12/native/last.ckpt
epoch=3 step=2320 loss=0.2468
epoch=3 step=2340 loss=0.3561
epoch=3 step=2360 loss=0.2903
epoch=3 step=2380 loss=0.6317
epoch=3 step=2400 loss=0.2752
validation step=2400 loss=0.4603
Saved checkpoint: outputs/blt_gec_768x12/native/best.ckpt
epoch=3 step=2420 loss=0.8201
epoch=3 step=2440 loss=0.2878
epoch=3 step=2460 loss=1.2672
epoch=3 step=2480 loss=0.0534
epoch=3 step=2500 loss=0.0934
epoch=3 step=2520 loss=0.4961
epoch=3 step=2540 loss=0.3562
epoch=3 step=2560 loss=0.6599
epoch=3 step=2580 loss=0.4446
epoch=3 step=2600 loss=0.6826
validation step=2600 loss=0.3862
Saved checkpoint: outputs/blt_gec_768x12/native/best.ckpt
epoch=3 step=2620 loss=1.1882
epoch=3 step=2640 loss=1.2265
epoch=3 step=2660 loss=0.1634
epoch=3 step=2680 loss=0.2666
epoch=3 step=2700 loss=0.0957
epoch=3 step=2720 loss=0.2429
epoch=3 step=2740 loss=0.4089
epoch=3 step=2760 loss=0.0475
epoch=3 step=2780 loss=1.0023
epoch=3 step=2800 loss=0.1787
validation step=2800 loss=0.3306
Saved checkpoint: outputs/blt_gec_768x12/native/best.ckpt
epoch=3 step=2820 loss=0.5457
epoch=3 step=2840 loss=0.8587
epoch=3 step=2860 loss=0.0360
epoch=3 step=2880 loss=0.0389
epoch=3 step=2900 loss=0.1601
epoch=3 step=2920 loss=0.0605
epoch=3 step=2940 loss=1.0713
epoch=3 step=2960 loss=0.1525
epoch=3 step=2980 loss=1.5021
epoch=3 step=3000 loss=0.1035
validation step=3000 loss=0.3045
Saved checkpoint: outputs/blt_gec_768x12/native/best.ckpt
epoch=3 step=3020 loss=0.0393
epoch=3 step=3040 loss=0.3690
epoch=3 step=3060 loss=0.3925
validation epoch=3 loss=0.2991
Saved checkpoint: outputs/blt_gec_768x12/native/best.ckpt
Saved checkpoint: outputs/blt_gec_768x12/native/last.ckpt
epoch=4 step=3080 loss=0.5363
epoch=4 step=3100 loss=0.1315
epoch=4 step=3120 loss=0.3255
epoch=4 step=3140 loss=0.6823
epoch=4 step=3160 loss=0.6763
epoch=4 step=3180 loss=0.0276
epoch=4 step=3200 loss=0.0491
validation step=3200 loss=0.2826
Saved checkpoint: outputs/blt_gec_768x12/native/best.ckpt
epoch=4 step=3220 loss=0.3842
epoch=4 step=3240 loss=0.9109
epoch=4 step=3260 loss=0.2209
epoch=4 step=3280 loss=0.5147
epoch=4 step=3300 loss=0.1230
epoch=4 step=3320 loss=0.8015
epoch=4 step=3340 loss=0.4194
epoch=4 step=3360 loss=0.1561
epoch=4 step=3380 loss=0.4512
epoch=4 step=3400 loss=0.1401
validation step=3400 loss=0.2791
Saved checkpoint: outputs/blt_gec_768x12/native/best.ckpt
epoch=4 step=3420 loss=0.0795
epoch=4 step=3440 loss=0.0390
epoch=4 step=3460 loss=0.2701
epoch=4 step=3480 loss=0.0527
epoch=4 step=3500 loss=0.2699
epoch=4 step=3520 loss=0.6638
epoch=4 step=3540 loss=0.5283
epoch=4 step=3560 loss=0.2954
epoch=4 step=3580 loss=0.1379
epoch=4 step=3600 loss=0.3188
validation step=3600 loss=0.2442
Saved checkpoint: outputs/blt_gec_768x12/native/best.ckpt
epoch=4 step=3620 loss=0.1239
epoch=4 step=3640 loss=0.1799
epoch=4 step=3660 loss=0.5771
epoch=4 step=3680 loss=0.3659
epoch=4 step=3700 loss=0.5443
epoch=4 step=3720 loss=0.3797
epoch=4 step=3740 loss=0.1658
epoch=4 step=3760 loss=0.3810
epoch=4 step=3780 loss=0.0587
epoch=4 step=3800 loss=0.2711
validation step=3800 loss=0.2244
Saved checkpoint: outputs/blt_gec_768x12/native/best.ckpt
epoch=4 step=3820 loss=0.7684
epoch=4 step=3840 loss=0.1292
validation epoch=4 loss=0.2246
Saved checkpoint: outputs/blt_gec_768x12/native/last.ckpt
epoch=5 step=3860 loss=0.0893
epoch=5 step=3880 loss=0.0436
epoch=5 step=3900 loss=0.8820
epoch=5 step=3920 loss=0.2154
epoch=5 step=3940 loss=0.4054
epoch=5 step=3960 loss=0.2844
epoch=5 step=3980 loss=0.1845
epoch=5 step=4000 loss=0.0589
validation step=4000 loss=0.2242
Saved checkpoint: outputs/blt_gec_768x12/native/best.ckpt
epoch=5 step=4020 loss=0.1774
epoch=5 step=4040 loss=0.0864
epoch=5 step=4060 loss=0.1297
epoch=5 step=4080 loss=0.0751
epoch=5 step=4100 loss=0.4639
epoch=5 step=4120 loss=1.3116
epoch=5 step=4140 loss=0.0958
epoch=5 step=4160 loss=0.0918
epoch=5 step=4180 loss=0.2787
epoch=5 step=4200 loss=0.3704
validation step=4200 loss=0.2086
Saved checkpoint: outputs/blt_gec_768x12/native/best.ckpt
epoch=5 step=4220 loss=0.1020
epoch=5 step=4240 loss=0.4014
epoch=5 step=4260 loss=0.3029
epoch=5 step=4280 loss=0.6442
epoch=5 step=4300 loss=0.3351
epoch=5 step=4320 loss=0.1486
epoch=5 step=4340 loss=0.0479
epoch=5 step=4360 loss=0.4750
epoch=5 step=4380 loss=0.0538
epoch=5 step=4400 loss=0.0441
validation step=4400 loss=0.2080
Saved checkpoint: outputs/blt_gec_768x12/native/best.ckpt
epoch=5 step=4420 loss=0.0884
epoch=5 step=4440 loss=0.0429
epoch=5 step=4460 loss=0.3456
epoch=5 step=4480 loss=0.1048
epoch=5 step=4500 loss=0.0288
Saved checkpoint: outputs/blt_gec_768x12/native/last.ckpt
epoch=5 step=4520 loss=0.4198
epoch=5 step=4540 loss=0.1890
epoch=5 step=4560 loss=0.0563
epoch=5 step=4580 loss=0.0642
epoch=5 step=4600 loss=0.0454
validation step=4600 loss=0.1907
Saved checkpoint: outputs/blt_gec_768x12/native/best.ckpt
validation epoch=5 loss=0.2015
Saved checkpoint: outputs/blt_gec_768x12/native/last.ckpt
epoch=6 step=4620 loss=0.0556
epoch=6 step=4640 loss=0.0956
epoch=6 step=4660 loss=0.1396
epoch=6 step=4680 loss=0.1451
epoch=6 step=4700 loss=0.5479
epoch=6 step=4720 loss=0.0317
epoch=6 step=4740 loss=0.5258
epoch=6 step=4760 loss=0.1687
epoch=6 step=4780 loss=0.0422
epoch=6 step=4800 loss=0.0546
validation step=4800 loss=0.1990
epoch=6 step=4820 loss=0.0350
epoch=6 step=4840 loss=0.7730
epoch=6 step=4860 loss=0.3058
epoch=6 step=4880 loss=0.0068
epoch=6 step=4900 loss=0.0132
epoch=6 step=4920 loss=0.0239
epoch=6 step=4940 loss=0.3897
epoch=6 step=4960 loss=0.2208
epoch=6 step=4980 loss=0.0422
epoch=6 step=5000 loss=0.1212
validation step=5000 loss=0.1822
Saved checkpoint: outputs/blt_gec_768x12/native/best.ckpt
epoch=6 step=5020 loss=0.2855
epoch=6 step=5040 loss=0.1207
epoch=6 step=5060 loss=0.0598
epoch=6 step=5080 loss=0.0345
epoch=6 step=5100 loss=0.1637
epoch=6 step=5120 loss=0.1581
epoch=6 step=5140 loss=0.0373
epoch=6 step=5160 loss=0.0236
epoch=6 step=5180 loss=0.0126
epoch=6 step=5200 loss=0.0592
validation step=5200 loss=0.1811
Saved checkpoint: outputs/blt_gec_768x12/native/best.ckpt
epoch=6 step=5220 loss=0.0957
epoch=6 step=5240 loss=0.1536
epoch=6 step=5260 loss=0.4151
epoch=6 step=5280 loss=0.1322
epoch=6 step=5300 loss=0.1149
epoch=6 step=5320 loss=0.0370
epoch=6 step=5340 loss=0.1711
epoch=6 step=5360 loss=0.8947
epoch=6 step=5380 loss=0.2873
validation epoch=6 loss=0.1777
Saved checkpoint: outputs/blt_gec_768x12/native/best.ckpt
Saved checkpoint: outputs/blt_gec_768x12/native/last.ckpt
epoch=7 step=5400 loss=0.2214
validation step=5400 loss=0.1724
Saved checkpoint: outputs/blt_gec_768x12/native/best.ckpt
epoch=7 step=5420 loss=0.2480
epoch=7 step=5440 loss=0.4463
epoch=7 step=5460 loss=0.0158
epoch=7 step=5480 loss=0.0120
epoch=7 step=5500 loss=0.2838
epoch=7 step=5520 loss=0.0783
epoch=7 step=5540 loss=0.0334
epoch=7 step=5560 loss=0.3712
epoch=7 step=5580 loss=0.0888
epoch=7 step=5600 loss=0.6571
validation step=5600 loss=0.1789
epoch=7 step=5620 loss=0.0681
epoch=7 step=5640 loss=0.0869
epoch=7 step=5660 loss=0.1737
epoch=7 step=5680 loss=0.1704
epoch=7 step=5700 loss=0.2901
epoch=7 step=5720 loss=0.4805
epoch=7 step=5740 loss=0.0159
epoch=7 step=5760 loss=0.1814
epoch=7 step=5780 loss=0.0479
epoch=7 step=5800 loss=0.0020
validation step=5800 loss=0.1690
Saved checkpoint: outputs/blt_gec_768x12/native/best.ckpt
epoch=7 step=5820 loss=0.0332
epoch=7 step=5840 loss=0.2667
epoch=7 step=5860 loss=0.2906
epoch=7 step=5880 loss=0.0140
epoch=7 step=5900 loss=0.1511
epoch=7 step=5920 loss=0.0349
epoch=7 step=5940 loss=0.1067
epoch=7 step=5960 loss=0.1009
epoch=7 step=5980 loss=0.0289
epoch=7 step=6000 loss=0.1250
validation step=6000 loss=0.1600
Saved checkpoint: outputs/blt_gec_768x12/native/best.ckpt
epoch=7 step=6020 loss=0.1077
epoch=7 step=6040 loss=0.0594
epoch=7 step=6060 loss=0.0628
epoch=7 step=6080 loss=0.1294
epoch=7 step=6100 loss=0.3671
epoch=7 step=6120 loss=0.3184
epoch=7 step=6140 loss=0.1520
validation epoch=7 loss=0.1586
Saved checkpoint: outputs/blt_gec_768x12/native/best.ckpt
Saved checkpoint: outputs/blt_gec_768x12/native/last.ckpt
epoch=8 step=6160 loss=0.0411
epoch=8 step=6180 loss=0.3043
epoch=8 step=6200 loss=0.0795
validation step=6200 loss=0.1577
Saved checkpoint: outputs/blt_gec_768x12/native/best.ckpt
epoch=8 step=6220 loss=0.2346
epoch=8 step=6240 loss=0.0076
epoch=8 step=6260 loss=0.2400
epoch=8 step=6280 loss=0.2129
epoch=8 step=6300 loss=0.1086
epoch=8 step=6320 loss=0.0073
epoch=8 step=6340 loss=0.0418
epoch=8 step=6360 loss=0.5181
epoch=8 step=6380 loss=0.0905
epoch=8 step=6400 loss=0.0082
validation step=6400 loss=0.1560
Saved checkpoint: outputs/blt_gec_768x12/native/best.ckpt
epoch=8 step=6420 loss=0.0325
epoch=8 step=6440 loss=0.0086
epoch=8 step=6460 loss=0.0997
epoch=8 step=6480 loss=0.1167
epoch=8 step=6500 loss=0.3020
epoch=8 step=6520 loss=0.2232
epoch=8 step=6540 loss=0.0400
epoch=8 step=6560 loss=0.0942
epoch=8 step=6580 loss=0.1125
epoch=8 step=6600 loss=0.0046
validation step=6600 loss=0.1560
Saved checkpoint: outputs/blt_gec_768x12/native/best.ckpt
epoch=8 step=6620 loss=0.0055
epoch=8 step=6640 loss=0.1578
epoch=8 step=6660 loss=0.1563
epoch=8 step=6680 loss=0.1417
epoch=8 step=6700 loss=0.0445
epoch=8 step=6720 loss=0.4773
epoch=8 step=6740 loss=0.0284
epoch=8 step=6760 loss=0.1353
Saved checkpoint: outputs/blt_gec_768x12/native/last.ckpt
epoch=8 step=6780 loss=0.1236
epoch=8 step=6800 loss=0.0098
validation step=6800 loss=0.1511
Saved checkpoint: outputs/blt_gec_768x12/native/best.ckpt
epoch=8 step=6820 loss=0.0952
epoch=8 step=6840 loss=0.3459
epoch=8 step=6860 loss=0.0203
epoch=8 step=6880 loss=0.0468
epoch=8 step=6900 loss=0.0806
epoch=8 step=6920 loss=0.0903
validation epoch=8 loss=0.1542
Saved checkpoint: outputs/blt_gec_768x12/native/last.ckpt
epoch=9 step=6940 loss=0.0358
epoch=9 step=6960 loss=0.0863
epoch=9 step=6980 loss=0.1076
epoch=9 step=7000 loss=0.1541
validation step=7000 loss=0.1515
epoch=9 step=7020 loss=0.0035
epoch=9 step=7040 loss=0.0032
epoch=9 step=7060 loss=0.0062
epoch=9 step=7080 loss=0.2647
epoch=9 step=7100 loss=0.0561
epoch=9 step=7120 loss=0.3144
epoch=9 step=7140 loss=0.0282
epoch=9 step=7160 loss=0.1808
epoch=9 step=7180 loss=0.0054
epoch=9 step=7200 loss=0.0143
validation step=7200 loss=0.1480
Saved checkpoint: outputs/blt_gec_768x12/native/best.ckpt
epoch=9 step=7220 loss=0.0677
epoch=9 step=7240 loss=0.2459
epoch=9 step=7260 loss=0.0788
epoch=9 step=7280 loss=0.0530
epoch=9 step=7300 loss=0.0340
epoch=9 step=7320 loss=0.0111
epoch=9 step=7340 loss=0.0195
epoch=9 step=7360 loss=0.0243
epoch=9 step=7380 loss=0.1097
epoch=9 step=7400 loss=0.0028
validation step=7400 loss=0.1452
Saved checkpoint: outputs/blt_gec_768x12/native/best.ckpt
epoch=9 step=7420 loss=0.1751
epoch=9 step=7440 loss=0.0477
epoch=9 step=7460 loss=0.0273
epoch=9 step=7480 loss=0.0064
epoch=9 step=7500 loss=0.1459
epoch=9 step=7520 loss=0.0099
epoch=9 step=7540 loss=0.0287
epoch=9 step=7560 loss=0.0120
epoch=9 step=7580 loss=0.1178
epoch=9 step=7600 loss=0.0534
validation step=7600 loss=0.1438
Saved checkpoint: outputs/blt_gec_768x12/native/best.ckpt
epoch=9 step=7620 loss=0.0183
epoch=9 step=7640 loss=0.2177
epoch=9 step=7660 loss=0.0100
epoch=9 step=7680 loss=0.2135
validation epoch=9 loss=0.1426
Saved checkpoint: outputs/blt_gec_768x12/native/best.ckpt
Saved checkpoint: outputs/blt_gec_768x12/native/last.ckpt
epoch=10 step=7700 loss=0.1276
epoch=10 step=7720 loss=0.1429
epoch=10 step=7740 loss=0.0105
epoch=10 step=7760 loss=0.0514
epoch=10 step=7780 loss=0.1157
epoch=10 step=7800 loss=0.1916
validation step=7800 loss=0.1577
epoch=10 step=7820 loss=0.0006
epoch=10 step=7840 loss=0.0546
epoch=10 step=7860 loss=0.0170
epoch=10 step=7880 loss=0.0240
epoch=10 step=7900 loss=0.1824
epoch=10 step=7920 loss=0.0176
epoch=10 step=7940 loss=0.0697
epoch=10 step=7960 loss=0.0073
epoch=10 step=7980 loss=0.2458
epoch=10 step=8000 loss=0.0045
validation step=8000 loss=0.1468
epoch=10 step=8020 loss=0.2490
epoch=10 step=8040 loss=0.0102
epoch=10 step=8060 loss=0.0538
epoch=10 step=8080 loss=0.1208
epoch=10 step=8100 loss=0.4348
epoch=10 step=8120 loss=0.2161
epoch=10 step=8140 loss=0.3669
epoch=10 step=8160 loss=0.0132
epoch=10 step=8180 loss=0.1304
epoch=10 step=8200 loss=0.2316
validation step=8200 loss=0.1389
Saved checkpoint: outputs/blt_gec_768x12/native/best.ckpt
epoch=10 step=8220 loss=0.0066
epoch=10 step=8240 loss=0.0393
epoch=10 step=8260 loss=0.0072
epoch=10 step=8280 loss=0.0681
epoch=10 step=8300 loss=0.0172
epoch=10 step=8320 loss=0.3778
epoch=10 step=8340 loss=0.0033
epoch=10 step=8360 loss=0.2298
epoch=10 step=8380 loss=0.0278
epoch=10 step=8400 loss=0.0208
validation step=8400 loss=0.1446
epoch=10 step=8420 loss=0.0298
epoch=10 step=8440 loss=0.0371
validation epoch=10 loss=0.1428
Saved checkpoint: outputs/blt_gec_768x12/native/last.ckpt
epoch=11 step=8460 loss=0.0141
epoch=11 step=8480 loss=0.0037
epoch=11 step=8500 loss=0.1499
epoch=11 step=8520 loss=0.0620
epoch=11 step=8540 loss=0.0310
epoch=11 step=8560 loss=0.2232
epoch=11 step=8580 loss=0.0506
epoch=11 step=8600 loss=0.1189
validation step=8600 loss=0.1450
epoch=11 step=8620 loss=0.1101
epoch=11 step=8640 loss=0.0551
epoch=11 step=8660 loss=0.1317
epoch=11 step=8680 loss=0.0228
epoch=11 step=8700 loss=0.0190
epoch=11 step=8720 loss=0.0056
epoch=11 step=8740 loss=0.0196
epoch=11 step=8760 loss=0.2371
epoch=11 step=8780 loss=0.0273
epoch=11 step=8800 loss=0.0740
validation step=8800 loss=0.1426
epoch=11 step=8820 loss=0.1910
epoch=11 step=8840 loss=0.1235
epoch=11 step=8860 loss=0.0063
epoch=11 step=8880 loss=0.0014
epoch=11 step=8900 loss=0.0188
epoch=11 step=8920 loss=0.0357
epoch=11 step=8940 loss=0.0529
epoch=11 step=8960 loss=0.2047
epoch=11 step=8980 loss=0.0093
epoch=11 step=9000 loss=0.0205
validation step=9000 loss=0.1396
epoch=11 step=9020 loss=0.1032
epoch=11 step=9040 loss=0.0101
epoch=11 step=9060 loss=0.0044
epoch=11 step=9080 loss=0.2377
epoch=11 step=9100 loss=0.0088
epoch=11 step=9120 loss=0.2808
epoch=11 step=9140 loss=0.1053
epoch=11 step=9160 loss=0.0015
epoch=11 step=9180 loss=0.0014
epoch=11 step=9200 loss=0.0245
validation step=9200 loss=0.1387
Saved checkpoint: outputs/blt_gec_768x12/native/best.ckpt
Saved checkpoint: outputs/blt_gec_768x12/native/last.ckpt
epoch=11 step=9220 loss=0.0379
validation epoch=11 loss=0.1372
Saved checkpoint: outputs/blt_gec_768x12/native/best.ckpt
Saved checkpoint: outputs/blt_gec_768x12/native/last.ckpt
epoch=12 step=9240 loss=0.0049
epoch=12 step=9260 loss=0.0002
epoch=12 step=9280 loss=0.0031
epoch=12 step=9300 loss=0.0533
epoch=12 step=9320 loss=0.2951
epoch=12 step=9340 loss=0.0035
epoch=12 step=9360 loss=0.1158
epoch=12 step=9380 loss=0.2193
epoch=12 step=9400 loss=0.0200
validation step=9400 loss=0.1404
epoch=12 step=9420 loss=0.0211
epoch=12 step=9440 loss=0.1176
epoch=12 step=9460 loss=0.2232
epoch=12 step=9480 loss=0.0059
epoch=12 step=9500 loss=0.0776
epoch=12 step=9520 loss=0.1448
epoch=12 step=9540 loss=0.0079
epoch=12 step=9560 loss=0.0589
epoch=12 step=9580 loss=0.2340
epoch=12 step=9600 loss=0.1667
validation step=9600 loss=0.1420
epoch=12 step=9620 loss=0.0010
epoch=12 step=9640 loss=0.0144
epoch=12 step=9660 loss=0.1553
epoch=12 step=9680 loss=0.0924
epoch=12 step=9700 loss=0.0016
epoch=12 step=9720 loss=0.0505
epoch=12 step=9740 loss=0.1526
epoch=12 step=9760 loss=0.0567
epoch=12 step=9780 loss=0.0279
epoch=12 step=9800 loss=0.0123
validation step=9800 loss=0.1459
epoch=12 step=9820 loss=0.3399
epoch=12 step=9840 loss=0.2076
epoch=12 step=9860 loss=0.0140
epoch=12 step=9880 loss=0.4433
epoch=12 step=9900 loss=0.6694
epoch=12 step=9920 loss=0.1433
epoch=12 step=9940 loss=0.0994
epoch=12 step=9960 loss=0.0313
epoch=12 step=9980 loss=0.0677
validation epoch=12 loss=0.1418
Saved checkpoint: outputs/blt_gec_768x12/native/last.ckpt
epoch=13 step=10000 loss=0.0283
validation step=10000 loss=0.1430
epoch=13 step=10020 loss=0.0498
epoch=13 step=10040 loss=0.0027
epoch=13 step=10060 loss=0.0027
epoch=13 step=10080 loss=0.0029
epoch=13 step=10100 loss=0.0451
epoch=13 step=10120 loss=0.0760
epoch=13 step=10140 loss=0.0549
epoch=13 step=10160 loss=0.1085
epoch=13 step=10180 loss=0.0688
epoch=13 step=10200 loss=0.1655
validation step=10200 loss=0.1444
epoch=13 step=10220 loss=0.0005
epoch=13 step=10240 loss=0.0705
epoch=13 step=10260 loss=0.1342
epoch=13 step=10280 loss=0.1889
epoch=13 step=10300 loss=0.0120
epoch=13 step=10320 loss=0.0441
epoch=13 step=10340 loss=0.0245
epoch=13 step=10360 loss=0.0383
epoch=13 step=10380 loss=0.1082
epoch=13 step=10400 loss=0.0142
validation step=10400 loss=0.1462
epoch=13 step=10420 loss=0.0098
epoch=13 step=10440 loss=0.0913
epoch=13 step=10460 loss=0.0381
epoch=13 step=10480 loss=0.0579
epoch=13 step=10500 loss=0.0304
epoch=13 step=10520 loss=0.2073
epoch=13 step=10540 loss=0.0003
epoch=13 step=10560 loss=0.0014
epoch=13 step=10580 loss=0.0009
epoch=13 step=10600 loss=0.1254
validation step=10600 loss=0.1425
epoch=13 step=10620 loss=0.0074
epoch=13 step=10640 loss=0.0969
epoch=13 step=10660 loss=0.2862
epoch=13 step=10680 loss=0.2399
epoch=13 step=10700 loss=0.0304
epoch=13 step=10720 loss=0.1963
epoch=13 step=10740 loss=0.0434
epoch=13 step=10760 loss=0.2281
validation epoch=13 loss=0.1432
Saved checkpoint: outputs/blt_gec_768x12/native/last.ckpt
epoch=14 step=10780 loss=0.0862
epoch=14 step=10800 loss=0.0308
validation step=10800 loss=0.1437
epoch=14 step=10820 loss=0.2783
epoch=14 step=10840 loss=0.0036
epoch=14 step=10860 loss=0.0182
epoch=14 step=10880 loss=0.0050
epoch=14 step=10900 loss=0.0046
epoch=14 step=10920 loss=0.0485
epoch=14 step=10940 loss=0.1801
epoch=14 step=10960 loss=0.0574
epoch=14 step=10980 loss=0.0005
epoch=14 step=11000 loss=0.0572
validation step=11000 loss=0.1533
epoch=14 step=11020 loss=0.1055
epoch=14 step=11040 loss=0.1180
epoch=14 step=11060 loss=0.0034
epoch=14 step=11080 loss=0.3910
epoch=14 step=11100 loss=0.5038
epoch=14 step=11120 loss=0.2975
epoch=14 step=11140 loss=0.0021
epoch=14 step=11160 loss=0.2051
epoch=14 step=11180 loss=0.1126
epoch=14 step=11200 loss=0.0008
validation step=11200 loss=0.1518
epoch=14 step=11220 loss=0.0216
epoch=14 step=11240 loss=0.0007
epoch=14 step=11260 loss=0.2420
epoch=14 step=11280 loss=0.0454
epoch=14 step=11300 loss=0.0797
epoch=14 step=11320 loss=0.0548
epoch=14 step=11340 loss=0.0635
epoch=14 step=11360 loss=0.2214
epoch=14 step=11380 loss=0.0211
epoch=14 step=11400 loss=0.0588
validation step=11400 loss=0.1435
epoch=14 step=11420 loss=0.5773
epoch=14 step=11440 loss=0.0015
epoch=14 step=11460 loss=0.0063
epoch=14 step=11480 loss=0.0649
epoch=14 step=11500 loss=0.0109
epoch=14 step=11520 loss=0.0032
validation epoch=14 loss=0.1364
Saved checkpoint: outputs/blt_gec_768x12/native/best.ckpt
Saved checkpoint: outputs/blt_gec_768x12/native/last.ckpt
epoch=15 step=11540 loss=0.5184
epoch=15 step=11560 loss=0.0069
epoch=15 step=11580 loss=0.0035
epoch=15 step=11600 loss=0.0007
validation step=11600 loss=0.1447
Saved checkpoint: outputs/blt_gec_768x12/native/last.ckpt
epoch=15 step=11620 loss=0.0202
epoch=15 step=11640 loss=0.0148
epoch=15 step=11660 loss=0.0615
epoch=15 step=11680 loss=0.1223
epoch=15 step=11700 loss=0.0711
epoch=15 step=11720 loss=0.0473
epoch=15 step=11740 loss=0.0604
epoch=15 step=11760 loss=0.1404
epoch=15 step=11780 loss=0.0166
epoch=15 step=11800 loss=0.0026
validation step=11800 loss=0.1449
epoch=15 step=11820 loss=0.0108
epoch=15 step=11840 loss=0.0024
epoch=15 step=11860 loss=0.1596
epoch=15 step=11880 loss=0.0915
epoch=15 step=11900 loss=0.0413
epoch=15 step=11920 loss=0.0139
epoch=15 step=11940 loss=0.0042
epoch=15 step=11960 loss=0.0009
epoch=15 step=11980 loss=0.0536
epoch=15 step=12000 loss=0.1597
validation step=12000 loss=0.1471
epoch=15 step=12020 loss=0.0557
epoch=15 step=12040 loss=0.0240
epoch=15 step=12060 loss=0.0002
epoch=15 step=12080 loss=0.0103
epoch=15 step=12100 loss=0.0004
epoch=15 step=12120 loss=0.0030
epoch=15 step=12140 loss=0.0002
epoch=15 step=12160 loss=0.0020
epoch=15 step=12180 loss=0.0126
epoch=15 step=12200 loss=0.3315
validation step=12200 loss=0.1425
epoch=15 step=12220 loss=0.0006
epoch=15 step=12240 loss=0.0636
epoch=15 step=12260 loss=0.0079
epoch=15 step=12280 loss=0.1099
epoch=15 step=12300 loss=0.0004
validation epoch=15 loss=0.1450
Saved checkpoint: outputs/blt_gec_768x12/native/last.ckpt
epoch=16 step=12320 loss=0.0716
epoch=16 step=12340 loss=0.0162
epoch=16 step=12360 loss=0.0548
epoch=16 step=12380 loss=0.0005
epoch=16 step=12400 loss=0.0277
validation step=12400 loss=0.1505
epoch=16 step=12420 loss=0.0121
epoch=16 step=12440 loss=0.0233
epoch=16 step=12460 loss=0.0001
epoch=16 step=12480 loss=0.0479
epoch=16 step=12500 loss=0.1491
epoch=16 step=12520 loss=0.0009
epoch=16 step=12540 loss=0.0148
epoch=16 step=12560 loss=0.1002
epoch=16 step=12580 loss=0.0147
epoch=16 step=12600 loss=0.0260
