==========================================
SLURM_JOB_ID = 753911
SLURM_NODELIST = gpu42
==========================================
Job ID: 753911
Node: gpu42
CUDA_VISIBLE_DEVICES: 0,1
Start Time: Wed Jun 10 09:00:20 KST 2026
Submit Dir: /scratch/r984a02/PHDQ2
Partition: amd_a100nv_8
Requested GPUs: 2
Requested CPU cores per task: 8
Python: /home01/r984a02/.conda/envs/phdq_blt/bin/python
/home01/r984a02/.conda/envs/phdq_blt/lib/python3.12/site-packages/torch/cuda/__init__.py:61: FutureWarning: The pynvml package is deprecated. Please install nvidia-ml-py instead. If you did not install pynvml directly, please report this to the maintainers of the package that installed pynvml for you.
  import pynvml  # type: ignore[import]
Torch: 2.5.1+cu121
NumPy: 2.4.6
Visible CUDA device count: 2
/home01/r984a02/.conda/envs/phdq_blt/lib/python3.12/site-packages/torch/cuda/__init__.py:61: FutureWarning: The pynvml package is deprecated. Please install nvidia-ml-py instead. If you did not install pynvml directly, please report this to the maintainers of the package that installed pynvml for you.
  import pynvml  # type: ignore[import]
Reference BLT import path: /scratch/r984a02/PHDQ2/reference_code/blt
Checkpoint is loadable: outputs/blt_gec/learner/last.ckpt
Resuming from explicit checkpoint: outputs/blt_gec/learner/last.ckpt
Starting reference BLT-GEC fine-tuning on learner dataset...
BLT lr: 1e-5
BLT weight_decay: 0.1
BLT Adam betas: (0.9, 0.95)
BLT scheduler: cosine
BLT warmup_steps: 2000
BLT num_beams: 4
BLT NUM_GPUS: 2
Device: cuda:0
Distributed: True rank=0 world_size=2
Backend: reference_blt
Reference BLT code: /scratch/r984a02/PHDQ2/reference_code/blt
BLT repo: facebook/blt-1b
Entropy repo: facebook/blt-entropy
Train: /scratch/r984a02/PHDQ2/data/Preprocessed/korean_learner/korean_learner_train.txt
Val:   /scratch/r984a02/PHDQ2/data/Preprocessed/korean_learner/korean_learner_val.txt
Test:  /scratch/r984a02/PHDQ2/data/Preprocessed/korean_learner/korean_learner_test.txt
DDP: world_size=2, grad_accum 4 -> 2, effective_batch_size=4
Loaded checkpoint: outputs/blt_gec/learner/last.ckpt (epoch=6, global_step=20204)
epoch=6 step=20210 loss=0.0020 elapsed=0.2m
epoch=6 step=20220 loss=0.0332 elapsed=0.3m
epoch=6 step=20230 loss=0.0508 elapsed=0.4m
epoch=6 step=20240 loss=0.1172 elapsed=0.5m
epoch=6 step=20250 loss=0.0032 elapsed=0.6m
epoch=6 step=20260 loss=0.0438 elapsed=0.7m
epoch=6 step=20270 loss=0.1125 elapsed=0.8m
epoch=6 step=20280 loss=0.0388 elapsed=0.9m
epoch=6 step=20290 loss=0.0569 elapsed=1.0m
epoch=6 step=20300 loss=0.0521 elapsed=1.1m
epoch=6 step=20310 loss=0.1259 elapsed=1.2m
epoch=6 step=20320 loss=0.0056 elapsed=1.3m
epoch=6 step=20330 loss=0.0071 elapsed=1.4m
epoch=6 step=20340 loss=0.1925 elapsed=1.6m
epoch=6 step=20350 loss=0.0762 elapsed=1.7m
epoch=6 step=20360 loss=0.0745 elapsed=1.8m
epoch=6 step=20370 loss=0.0086 elapsed=1.9m
epoch=6 step=20380 loss=0.0029 elapsed=2.0m
epoch=6 step=20390 loss=0.0063 elapsed=2.1m
epoch=6 step=20400 loss=0.0485 elapsed=2.2m
epoch=6 step=20410 loss=0.0040 elapsed=2.3m
epoch=6 step=20420 loss=0.1021 elapsed=2.4m
epoch=6 step=20430 loss=0.1232 elapsed=2.5m
epoch=6 step=20440 loss=0.0774 elapsed=2.6m
epoch=6 step=20450 loss=0.1214 elapsed=2.7m
epoch=6 step=20460 loss=0.1235 elapsed=2.8m
epoch=6 step=20470 loss=0.0054 elapsed=3.0m
epoch=6 step=20480 loss=0.0098 elapsed=3.1m
epoch=6 step=20490 loss=0.0506 elapsed=3.2m
epoch=6 step=20500 loss=0.0265 elapsed=3.3m
epoch=6 step=20510 loss=0.1374 elapsed=3.4m
epoch=6 step=20520 loss=0.0027 elapsed=3.5m
epoch=6 step=20530 loss=0.0013 elapsed=3.6m
epoch=6 step=20540 loss=0.0731 elapsed=3.7m
epoch=6 step=20550 loss=0.0471 elapsed=3.8m
epoch=6 step=20560 loss=0.0675 elapsed=3.9m
epoch=6 step=20570 loss=0.0161 elapsed=4.0m
epoch=6 step=20580 loss=0.0662 elapsed=4.1m
epoch=6 step=20590 loss=0.0090 elapsed=4.2m
epoch=6 step=20600 loss=0.0548 elapsed=4.4m
epoch=6 step=20610 loss=0.0288 elapsed=4.5m
epoch=6 step=20620 loss=0.0616 elapsed=4.6m
epoch=6 step=20630 loss=0.0011 elapsed=4.7m
epoch=6 step=20640 loss=0.0456 elapsed=4.8m
epoch=6 step=20650 loss=0.0732 elapsed=4.9m
epoch=6 step=20660 loss=0.0191 elapsed=5.0m
epoch=6 step=20670 loss=0.0252 elapsed=5.1m
epoch=6 step=20680 loss=0.0494 elapsed=5.2m
epoch=6 step=20690 loss=0.0835 elapsed=5.3m
epoch=6 step=20700 loss=0.0261 elapsed=5.4m
epoch=6 step=20710 loss=0.1847 elapsed=5.5m
epoch=6 step=20720 loss=0.0578 elapsed=5.7m
epoch=6 step=20730 loss=0.0183 elapsed=5.8m
epoch=6 step=20740 loss=0.1493 elapsed=5.9m
epoch=6 step=20750 loss=0.0285 elapsed=6.0m
epoch=6 step=20760 loss=0.1329 elapsed=6.1m
epoch=6 step=20770 loss=0.0168 elapsed=6.2m
epoch=6 step=20780 loss=0.1649 elapsed=6.3m
epoch=6 step=20790 loss=0.0001 elapsed=6.4m
epoch=6 step=20800 loss=0.0097 elapsed=6.5m
epoch=6 step=20810 loss=0.0089 elapsed=6.6m
epoch=6 step=20820 loss=0.0062 elapsed=6.7m
epoch=6 step=20830 loss=0.1450 elapsed=6.8m
epoch=6 step=20840 loss=0.0414 elapsed=7.0m
epoch=6 step=20850 loss=0.0113 elapsed=7.1m
epoch=6 step=20860 loss=0.0172 elapsed=7.2m
epoch=6 step=20870 loss=0.0097 elapsed=7.3m
epoch=6 step=20880 loss=0.0532 elapsed=7.4m
epoch=6 step=20890 loss=0.0918 elapsed=7.5m
epoch=6 step=20900 loss=0.0949 elapsed=7.6m
epoch=6 step=20910 loss=0.0423 elapsed=7.7m
epoch=6 step=20920 loss=0.0006 elapsed=7.8m
epoch=6 step=20930 loss=0.0314 elapsed=7.9m
epoch=6 step=20940 loss=0.0103 elapsed=8.0m
epoch=6 step=20950 loss=0.0019 elapsed=8.1m
epoch=6 step=20960 loss=0.0084 elapsed=8.3m
epoch=6 step=20970 loss=0.0286 elapsed=8.4m
epoch=6 step=20980 loss=0.0535 elapsed=8.5m
epoch=6 step=20990 loss=0.0695 elapsed=8.6m
epoch=6 step=21000 loss=0.0343 elapsed=8.7m
epoch=6 step=21010 loss=0.0352 elapsed=8.8m
epoch=6 step=21020 loss=0.0967 elapsed=8.9m
epoch=6 step=21030 loss=0.0774 elapsed=9.0m
epoch=6 step=21040 loss=0.0572 elapsed=9.1m
epoch=6 step=21050 loss=0.0417 elapsed=9.2m
epoch=6 step=21060 loss=0.0758 elapsed=9.3m
epoch=6 step=21070 loss=0.1009 elapsed=9.4m
epoch=6 step=21080 loss=0.0637 elapsed=9.5m
epoch=6 step=21090 loss=0.0468 elapsed=9.7m
epoch=6 step=21100 loss=0.0607 elapsed=9.8m
epoch=6 step=21110 loss=0.0537 elapsed=9.9m
epoch=6 step=21120 loss=0.0105 elapsed=10.0m
epoch=6 step=21130 loss=0.0195 elapsed=10.1m
epoch=6 step=21140 loss=0.0780 elapsed=10.2m
epoch=6 step=21150 loss=0.0170 elapsed=10.3m
epoch=6 step=21160 loss=0.0043 elapsed=10.4m
epoch=6 step=21170 loss=0.0274 elapsed=10.5m
epoch=6 step=21180 loss=0.2283 elapsed=10.6m
epoch=6 step=21190 loss=0.1326 elapsed=10.7m
epoch=6 step=21200 loss=0.0326 elapsed=10.8m
epoch=6 step=21210 loss=0.0359 elapsed=11.0m
epoch=6 step=21220 loss=0.1951 elapsed=11.1m
epoch=6 step=21230 loss=0.0140 elapsed=11.2m
epoch=6 step=21240 loss=0.0554 elapsed=11.3m
epoch=6 step=21250 loss=0.0007 elapsed=11.4m
epoch=6 step=21260 loss=0.0491 elapsed=11.5m
epoch=6 step=21270 loss=0.0435 elapsed=11.6m
epoch=6 step=21280 loss=0.0075 elapsed=11.7m
epoch=6 step=21290 loss=0.0919 elapsed=11.8m
epoch=6 step=21300 loss=0.0081 elapsed=11.9m
epoch=6 step=21310 loss=0.0110 elapsed=12.0m
epoch=6 step=21320 loss=0.1428 elapsed=12.1m
epoch=6 step=21330 loss=0.0610 elapsed=12.2m
epoch=6 step=21340 loss=0.0585 elapsed=12.4m
epoch=6 step=21350 loss=0.0881 elapsed=12.5m
epoch=6 step=21360 loss=0.0595 elapsed=12.6m
epoch=6 step=21370 loss=0.1815 elapsed=12.7m
epoch=6 step=21380 loss=0.0214 elapsed=12.8m
epoch=6 step=21390 loss=0.0434 elapsed=12.9m
epoch=6 step=21400 loss=0.0476 elapsed=13.0m
epoch=6 step=21410 loss=0.1487 elapsed=13.1m
epoch=6 step=21420 loss=0.0077 elapsed=13.2m
epoch=6 step=21430 loss=0.0044 elapsed=13.3m
epoch=6 step=21440 loss=0.0834 elapsed=13.4m
epoch=6 step=21450 loss=0.0267 elapsed=13.5m
epoch=6 step=21460 loss=0.0280 elapsed=13.7m
epoch=6 step=21470 loss=0.0610 elapsed=13.8m
epoch=6 step=21480 loss=0.1046 elapsed=13.9m
epoch=6 step=21490 loss=0.0013 elapsed=14.0m
epoch=6 step=21500 loss=0.0692 elapsed=14.1m
epoch=6 step=21510 loss=0.0651 elapsed=14.2m
epoch=6 step=21520 loss=0.1153 elapsed=14.3m
epoch=6 step=21530 loss=0.0450 elapsed=14.4m
epoch=6 step=21540 loss=0.0113 elapsed=14.5m
epoch=6 step=21550 loss=0.0017 elapsed=14.6m
epoch=6 step=21560 loss=0.0288 elapsed=14.7m
epoch=6 step=21570 loss=0.1564 elapsed=14.8m
epoch=6 step=21580 loss=0.0007 elapsed=15.0m
epoch=6 step=21590 loss=0.0447 elapsed=15.1m
epoch=6 step=21600 loss=0.0104 elapsed=15.2m
epoch=6 step=21610 loss=0.0460 elapsed=15.3m
epoch=6 step=21620 loss=0.0852 elapsed=15.4m
epoch=6 step=21630 loss=0.0756 elapsed=15.5m
epoch=6 step=21640 loss=0.0301 elapsed=15.6m
epoch=6 step=21650 loss=0.1727 elapsed=15.7m
epoch=6 step=21660 loss=0.0388 elapsed=15.8m
epoch=6 step=21670 loss=0.0573 elapsed=15.9m
epoch=6 step=21680 loss=0.0129 elapsed=16.0m
epoch=6 step=21690 loss=0.1001 elapsed=16.1m
epoch=6 step=21700 loss=0.1096 elapsed=16.2m
epoch=6 step=21710 loss=0.1048 elapsed=16.4m
epoch=6 step=21720 loss=0.0295 elapsed=16.5m
epoch=6 step=21730 loss=0.0320 elapsed=16.6m
epoch=6 step=21740 loss=0.0058 elapsed=16.7m
epoch=6 step=21750 loss=0.0171 elapsed=16.8m
epoch=6 step=21760 loss=0.1062 elapsed=16.9m
epoch=6 step=21770 loss=0.1384 elapsed=17.0m
epoch=6 step=21780 loss=0.0226 elapsed=17.1m
epoch=6 step=21790 loss=0.1594 elapsed=17.2m
epoch=6 step=21800 loss=0.0048 elapsed=17.3m
epoch=6 step=21810 loss=0.0234 elapsed=17.4m
epoch=6 step=21820 loss=0.0758 elapsed=17.5m
epoch=6 step=21830 loss=0.3452 elapsed=17.7m
epoch=6 step=21840 loss=0.0726 elapsed=17.8m
epoch=6 step=21850 loss=0.0411 elapsed=17.9m
epoch=6 step=21860 loss=0.1679 elapsed=18.0m
epoch=6 step=21870 loss=0.1824 elapsed=18.1m
epoch=6 step=21880 loss=0.0979 elapsed=18.2m
epoch=6 step=21890 loss=0.0123 elapsed=18.3m
epoch=6 step=21900 loss=0.0222 elapsed=18.4m
epoch=6 step=21910 loss=0.0292 elapsed=18.5m
epoch=6 step=21920 loss=0.0725 elapsed=18.6m
epoch=6 step=21930 loss=0.0046 elapsed=18.7m
epoch=6 step=21940 loss=0.0217 elapsed=18.8m
epoch=6 step=21950 loss=0.0120 elapsed=18.9m
epoch=6 step=21960 loss=0.1588 elapsed=19.1m
epoch=6 step=21970 loss=0.0150 elapsed=19.2m
epoch=6 step=21980 loss=0.0890 elapsed=19.3m
epoch=6 step=21990 loss=0.0214 elapsed=19.4m
epoch=6 step=22000 loss=0.0075 elapsed=19.5m
epoch=6 step=22010 loss=0.0753 elapsed=19.6m
epoch=6 step=22020 loss=0.0002 elapsed=19.7m
epoch=6 step=22030 loss=0.0126 elapsed=19.8m
epoch=6 step=22040 loss=0.0401 elapsed=19.9m
Saved checkpoint: outputs/blt_gec/learner/last.ckpt
epoch=6 step=22050 loss=0.0082 elapsed=20.8m
epoch=6 step=22060 loss=0.2247 elapsed=20.9m
epoch=6 step=22070 loss=0.0098 elapsed=21.0m
epoch=6 step=22080 loss=0.0088 elapsed=21.1m
epoch=6 step=22090 loss=0.1073 elapsed=21.2m
epoch=6 step=22100 loss=0.0662 elapsed=21.3m
epoch=6 step=22110 loss=0.0212 elapsed=21.4m
epoch=6 step=22120 loss=0.0880 elapsed=21.5m
epoch=6 step=22130 loss=0.0083 elapsed=21.6m
epoch=6 step=22140 loss=0.0662 elapsed=21.7m
epoch=6 step=22150 loss=0.1226 elapsed=21.8m
epoch=6 step=22160 loss=0.0006 elapsed=22.0m
epoch=6 step=22170 loss=0.0687 elapsed=22.1m
epoch=6 step=22180 loss=0.0836 elapsed=22.2m
epoch=6 step=22190 loss=0.0108 elapsed=22.3m
epoch=6 step=22200 loss=0.0845 elapsed=22.4m
epoch=6 step=22210 loss=0.0005 elapsed=22.5m
epoch=6 step=22220 loss=0.0011 elapsed=22.6m
epoch=6 step=22230 loss=0.0446 elapsed=22.7m
epoch=6 step=22240 loss=0.2083 elapsed=22.8m
epoch=6 step=22250 loss=0.2342 elapsed=22.9m
epoch=6 step=22260 loss=0.0205 elapsed=23.0m
epoch=6 step=22270 loss=0.0113 elapsed=23.1m
epoch=6 step=22280 loss=0.0009 elapsed=23.2m
epoch=6 step=22290 loss=0.0155 elapsed=23.3m
epoch=6 step=22300 loss=0.1140 elapsed=23.5m
epoch=6 step=22310 loss=0.0372 elapsed=23.6m
epoch=6 step=22320 loss=0.0254 elapsed=23.7m
epoch=6 step=22330 loss=0.0265 elapsed=23.8m
epoch=6 step=22340 loss=0.0017 elapsed=23.9m
epoch=6 step=22350 loss=0.0122 elapsed=24.0m
epoch=6 step=22360 loss=0.0079 elapsed=24.1m
epoch=6 step=22370 loss=0.0322 elapsed=24.2m
epoch=6 step=22380 loss=0.0030 elapsed=24.3m
epoch=6 step=22390 loss=0.0568 elapsed=24.4m
epoch=6 step=22400 loss=0.1264 elapsed=24.5m
epoch=6 step=22410 loss=0.0017 elapsed=24.6m
epoch=6 step=22420 loss=0.0469 elapsed=24.7m
epoch=6 step=22430 loss=0.1608 elapsed=24.9m
epoch=6 step=22440 loss=0.0164 elapsed=25.0m
epoch=6 step=22450 loss=0.0074 elapsed=25.1m
epoch=6 step=22460 loss=0.0014 elapsed=25.2m
epoch=6 step=22470 loss=0.0059 elapsed=25.3m
epoch=6 step=22480 loss=0.0607 elapsed=25.4m
epoch=6 step=22490 loss=0.0018 elapsed=25.5m
epoch=6 step=22500 loss=0.0299 elapsed=25.6m
epoch=6 step=22510 loss=0.1543 elapsed=25.7m
epoch=6 step=22520 loss=0.1229 elapsed=25.8m
epoch=6 step=22530 loss=0.0493 elapsed=25.9m
epoch=6 step=22540 loss=0.0657 elapsed=26.0m
epoch=6 step=22550 loss=0.0667 elapsed=26.1m
epoch=6 step=22560 loss=0.0870 elapsed=26.2m
epoch=6 step=22570 loss=0.0613 elapsed=26.4m
epoch=6 step=22580 loss=0.1150 elapsed=26.5m
epoch=6 step=22590 loss=0.1389 elapsed=26.6m
epoch=6 step=22600 loss=0.1318 elapsed=26.7m
epoch=6 step=22610 loss=0.0660 elapsed=26.8m
epoch=6 step=22620 loss=0.0022 elapsed=26.9m
epoch=6 step=22630 loss=0.0640 elapsed=27.0m
epoch=6 step=22640 loss=0.1052 elapsed=27.1m
epoch=6 step=22650 loss=0.0527 elapsed=27.2m
epoch=6 step=22660 loss=0.0238 elapsed=27.3m
epoch=6 step=22670 loss=0.0717 elapsed=27.4m
epoch=6 step=22680 loss=0.0025 elapsed=27.5m
epoch=6 step=22690 loss=0.1201 elapsed=27.6m
epoch=6 step=22700 loss=0.1134 elapsed=27.7m
epoch=6 step=22710 loss=0.0128 elapsed=27.9m
epoch=6 step=22720 loss=0.0004 elapsed=28.0m
epoch=6 step=22730 loss=0.0095 elapsed=28.1m
epoch=6 step=22740 loss=0.0056 elapsed=28.2m
epoch=6 step=22750 loss=0.0639 elapsed=28.3m
epoch=6 step=22760 loss=0.2048 elapsed=28.4m
epoch=6 step=22770 loss=0.1188 elapsed=28.5m
epoch=6 step=22780 loss=0.1886 elapsed=28.6m
epoch=6 step=22790 loss=0.1265 elapsed=28.7m
epoch=6 step=22800 loss=0.0154 elapsed=28.8m
epoch=6 step=22810 loss=0.0185 elapsed=28.9m
epoch=6 step=22820 loss=0.0614 elapsed=29.0m
epoch=6 step=22830 loss=0.1131 elapsed=29.1m
epoch=6 step=22840 loss=0.0015 elapsed=29.3m
epoch=6 step=22850 loss=0.1884 elapsed=29.4m
epoch=6 step=22860 loss=0.1030 elapsed=29.5m
epoch=6 step=22870 loss=0.0229 elapsed=29.6m
epoch=6 step=22880 loss=0.0290 elapsed=29.7m
epoch=6 step=22890 loss=0.0994 elapsed=29.8m
epoch=6 step=22900 loss=0.0031 elapsed=29.9m
epoch=6 step=22910 loss=0.0282 elapsed=30.0m
epoch=6 step=22920 loss=0.0085 elapsed=30.1m
epoch=6 step=22930 loss=0.0061 elapsed=30.2m
epoch=6 step=22940 loss=0.0920 elapsed=30.3m
epoch=6 step=22950 loss=0.3210 elapsed=30.4m
epoch=6 step=22960 loss=0.0422 elapsed=30.5m
epoch=6 step=22970 loss=0.0285 elapsed=30.6m
epoch=6 step=22980 loss=0.0284 elapsed=30.8m
epoch=6 step=22990 loss=0.0062 elapsed=30.9m
epoch=6 step=23000 loss=0.0279 elapsed=31.0m
epoch=6 step=23010 loss=0.0094 elapsed=31.1m
epoch=6 step=23020 loss=0.0139 elapsed=31.2m
epoch=6 step=23030 loss=0.0406 elapsed=31.3m
epoch=6 step=23040 loss=0.0232 elapsed=31.4m
epoch=6 step=23050 loss=0.0518 elapsed=31.5m
epoch=6 step=23060 loss=0.1294 elapsed=31.6m
epoch=6 step=23070 loss=0.0523 elapsed=31.7m
epoch=6 step=23080 loss=0.0484 elapsed=31.8m
epoch=6 step=23090 loss=0.1028 elapsed=31.9m
epoch=6 step=23100 loss=0.0337 elapsed=32.0m
epoch=6 step=23110 loss=0.0050 elapsed=32.2m
epoch=6 step=23120 loss=0.0950 elapsed=32.3m
epoch=6 step=23130 loss=0.0454 elapsed=32.4m
epoch=6 step=23140 loss=0.0398 elapsed=32.5m
epoch=6 step=23150 loss=0.0336 elapsed=32.6m
epoch=6 step=23160 loss=0.0270 elapsed=32.7m
epoch=6 step=23170 loss=0.0930 elapsed=32.8m
epoch=6 step=23180 loss=0.2241 elapsed=32.9m
epoch=6 step=23190 loss=0.0206 elapsed=33.0m
epoch=6 step=23200 loss=0.0518 elapsed=33.1m
epoch=6 step=23210 loss=0.0166 elapsed=33.2m
epoch=6 step=23220 loss=0.0691 elapsed=33.3m
epoch=6 step=23230 loss=0.0327 elapsed=33.4m
epoch=6 step=23240 loss=0.0978 elapsed=33.5m
epoch=6 step=23250 loss=0.0637 elapsed=33.7m
epoch=6 step=23260 loss=0.1278 elapsed=33.8m
epoch=6 step=23270 loss=0.0272 elapsed=33.9m
epoch=6 step=23280 loss=0.0567 elapsed=34.0m
epoch=6 step=23290 loss=0.1178 elapsed=34.1m
epoch=6 step=23300 loss=0.0011 elapsed=34.2m
epoch=6 step=23310 loss=0.0013 elapsed=34.3m
epoch=6 step=23320 loss=0.0515 elapsed=34.4m
epoch=6 step=23330 loss=0.0482 elapsed=34.5m
epoch=6 step=23340 loss=0.0502 elapsed=34.6m
epoch=6 step=23350 loss=0.2099 elapsed=34.7m
epoch=6 step=23360 loss=0.2069 elapsed=34.8m
epoch=6 step=23370 loss=0.0303 elapsed=34.9m
epoch=6 step=23380 loss=0.0783 elapsed=35.1m
epoch=6 step=23390 loss=0.0469 elapsed=35.2m
epoch=6 step=23400 loss=0.0683 elapsed=35.3m
epoch=6 step=23410 loss=0.1781 elapsed=35.4m
epoch=6 step=23420 loss=0.0176 elapsed=35.5m
epoch=6 step=23430 loss=0.0132 elapsed=35.6m
epoch=6 step=23440 loss=0.1085 elapsed=35.7m
epoch=6 step=23450 loss=0.0431 elapsed=35.8m
epoch=6 step=23460 loss=0.0040 elapsed=35.9m
epoch=6 step=23470 loss=0.0105 elapsed=36.0m
epoch=6 step=23480 loss=0.0080 elapsed=36.1m
epoch=6 step=23490 loss=0.0093 elapsed=36.2m
epoch=6 step=23500 loss=0.1946 elapsed=36.3m
epoch=6 step=23510 loss=0.0113 elapsed=36.4m
epoch=6 step=23520 loss=0.0926 elapsed=36.6m
epoch=6 step=23530 loss=0.0424 elapsed=36.7m
epoch=6 step=23540 loss=0.0695 elapsed=36.8m
epoch=6 step=23550 loss=0.0091 elapsed=36.9m
epoch=6 step=23560 loss=0.0269 elapsed=37.0m
epoch=6 step=23570 loss=0.0213 elapsed=37.1m
epoch=6 step=23580 loss=0.0006 elapsed=37.2m
epoch=6 step=23590 loss=0.1366 elapsed=37.3m
epoch=6 step=23600 loss=0.0805 elapsed=37.4m
epoch=6 step=23610 loss=0.1689 elapsed=37.5m
epoch=6 step=23620 loss=0.0948 elapsed=37.6m
epoch=6 step=23630 loss=0.1170 elapsed=37.7m
epoch=6 step=23640 loss=0.0111 elapsed=37.8m
epoch=6 step=23650 loss=0.0879 elapsed=37.9m
epoch=6 step=23660 loss=0.0578 elapsed=38.1m
epoch=6 step=23670 loss=0.0273 elapsed=38.2m
epoch=6 step=23680 loss=0.0300 elapsed=38.3m
epoch=6 step=23690 loss=0.0283 elapsed=38.4m
epoch=6 step=23700 loss=0.0344 elapsed=38.5m
epoch=6 step=23710 loss=0.1161 elapsed=38.6m
epoch=6 step=23720 loss=0.1186 elapsed=38.7m
epoch=6 step=23730 loss=0.0101 elapsed=38.8m
epoch=6 step=23740 loss=0.0003 elapsed=38.9m
epoch=6 step=23750 loss=0.0837 elapsed=39.0m
epoch=6 step=23760 loss=0.0413 elapsed=39.1m
epoch=6 step=23770 loss=0.0274 elapsed=39.2m
epoch=6 step=23780 loss=0.0059 elapsed=39.3m
epoch=6 step=23790 loss=0.0976 elapsed=39.5m
epoch=6 step=23800 loss=0.2008 elapsed=39.6m
epoch=6 step=23810 loss=0.1023 elapsed=39.7m
epoch=6 step=23820 loss=0.1998 elapsed=39.8m
epoch=6 step=23830 loss=0.0679 elapsed=39.9m
epoch=6 step=23840 loss=0.0476 elapsed=40.0m
Saved checkpoint: outputs/blt_gec/learner/last.ckpt
epoch=6 step=23850 loss=0.0659 elapsed=40.9m
epoch=6 step=23860 loss=0.0139 elapsed=41.0m
epoch=6 step=23870 loss=0.1547 elapsed=41.1m
epoch=6 step=23880 loss=0.0805 elapsed=41.2m
epoch=6 step=23890 loss=0.0495 elapsed=41.3m
epoch=6 step=23900 loss=0.0233 elapsed=41.4m
epoch=6 step=23910 loss=0.0091 elapsed=41.5m
epoch=6 step=23920 loss=0.0076 elapsed=41.7m
epoch=6 step=23930 loss=0.0219 elapsed=41.8m
epoch=6 step=23940 loss=0.0066 elapsed=41.9m
epoch=6 step=23950 loss=0.0159 elapsed=42.0m
epoch=6 step=23960 loss=0.0264 elapsed=42.1m
epoch=6 step=23970 loss=0.0932 elapsed=42.2m
epoch=6 step=23980 loss=0.0023 elapsed=42.3m
epoch=6 step=23990 loss=0.2033 elapsed=42.4m
epoch=6 step=24000 loss=0.0870 elapsed=42.5m
epoch=6 step=24010 loss=0.0496 elapsed=42.6m
epoch=6 step=24020 loss=0.0277 elapsed=42.7m
epoch=6 step=24030 loss=0.0898 elapsed=42.8m
epoch=6 step=24040 loss=0.1033 elapsed=43.0m
epoch=6 step=24050 loss=0.0628 elapsed=43.1m
epoch=6 step=24060 loss=0.0738 elapsed=43.2m
epoch=6 step=24070 loss=0.0021 elapsed=43.3m
epoch=6 step=24080 loss=0.1579 elapsed=43.4m
epoch=6 step=24090 loss=0.0367 elapsed=43.5m
epoch=6 step=24100 loss=0.0195 elapsed=43.6m
epoch=6 step=24110 loss=0.0467 elapsed=43.7m
epoch=6 step=24120 loss=0.0242 elapsed=43.8m
epoch=6 step=24130 loss=0.2905 elapsed=43.9m
epoch=6 step=24140 loss=0.0060 elapsed=44.0m
epoch=6 step=24150 loss=0.0365 elapsed=44.1m
epoch=6 step=24160 loss=0.0077 elapsed=44.2m
epoch=6 step=24170 loss=0.0955 elapsed=44.4m
epoch=6 step=24180 loss=0.0590 elapsed=44.5m
epoch=6 step=24190 loss=0.0164 elapsed=44.6m
epoch=6 step=24200 loss=0.0806 elapsed=44.7m
epoch=6 step=24210 loss=0.0022 elapsed=44.8m
epoch=6 step=24220 loss=0.0952 elapsed=44.9m
epoch=6 step=24230 loss=0.0481 elapsed=45.0m
epoch=6 step=24240 loss=0.0474 elapsed=45.1m
epoch=6 step=24250 loss=0.0435 elapsed=45.2m
epoch=6 step=24260 loss=0.0111 elapsed=45.3m
epoch=6 step=24270 loss=0.0212 elapsed=45.4m
epoch=6 step=24280 loss=0.1203 elapsed=45.5m
epoch=6 step=24290 loss=0.0064 elapsed=45.6m
epoch=6 step=24300 loss=0.3536 elapsed=45.8m
epoch=6 step=24310 loss=0.0261 elapsed=45.9m
epoch=6 step=24320 loss=0.0022 elapsed=46.0m
epoch=6 step=24330 loss=0.1014 elapsed=46.1m
epoch=6 step=24340 loss=0.0965 elapsed=46.2m
epoch=6 step=24350 loss=0.0456 elapsed=46.3m
epoch=6 step=24360 loss=0.0180 elapsed=46.4m
epoch=6 step=24370 loss=0.0119 elapsed=46.5m
epoch=6 step=24380 loss=0.1725 elapsed=46.6m
epoch=6 step=24390 loss=0.0529 elapsed=46.7m
epoch=6 step=24400 loss=0.0199 elapsed=46.8m
epoch=6 step=24410 loss=0.0072 elapsed=46.9m
epoch=6 step=24420 loss=0.0871 elapsed=47.0m
epoch=6 step=24430 loss=0.1397 elapsed=47.2m
epoch=6 step=24440 loss=0.0782 elapsed=47.3m
epoch=6 step=24450 loss=0.0003 elapsed=47.4m
epoch=6 step=24460 loss=0.0074 elapsed=47.5m
epoch=6 step=24470 loss=0.0684 elapsed=47.6m
epoch=6 step=24480 loss=0.1173 elapsed=47.7m
epoch=6 step=24490 loss=0.0057 elapsed=47.8m
epoch=6 step=24500 loss=0.0220 elapsed=47.9m
epoch=6 step=24510 loss=0.2074 elapsed=48.0m
epoch=6 step=24520 loss=0.0670 elapsed=48.1m
epoch=6 step=24530 loss=0.1447 elapsed=48.2m
epoch=6 step=24540 loss=0.1500 elapsed=48.3m
epoch=6 step=24550 loss=0.0734 elapsed=48.5m
epoch=6 step=24560 loss=0.0023 elapsed=48.6m
epoch=6 step=24570 loss=0.0638 elapsed=48.7m
epoch=6 step=24580 loss=0.0838 elapsed=48.8m
epoch=6 step=24590 loss=0.0993 elapsed=48.9m
epoch=6 step=24600 loss=0.0590 elapsed=49.0m
epoch=6 step=24610 loss=0.0157 elapsed=49.1m
epoch=6 step=24620 loss=0.0222 elapsed=49.2m
epoch=6 step=24630 loss=0.1385 elapsed=49.3m
epoch=6 step=24640 loss=0.0143 elapsed=49.4m
epoch=6 step=24650 loss=0.1180 elapsed=49.5m
epoch=6 step=24660 loss=0.1453 elapsed=49.6m
epoch=6 step=24670 loss=0.0232 elapsed=49.7m
epoch=6 step=24680 loss=0.0004 elapsed=49.9m
epoch=6 step=24690 loss=0.0159 elapsed=50.0m
epoch=6 step=24700 loss=0.2470 elapsed=50.1m
epoch=6 step=24710 loss=0.1091 elapsed=50.2m
epoch=6 step=24720 loss=0.0701 elapsed=50.3m
epoch=6 step=24730 loss=0.0162 elapsed=50.4m
epoch=6 step=24740 loss=0.0786 elapsed=50.5m
epoch=6 step=24750 loss=0.0366 elapsed=50.6m
epoch=6 step=24760 loss=0.1148 elapsed=50.7m
epoch=6 step=24770 loss=0.0285 elapsed=50.8m
epoch=6 step=24780 loss=0.0234 elapsed=50.9m
epoch=6 step=24790 loss=0.0808 elapsed=51.0m
epoch=6 step=24800 loss=0.0280 elapsed=51.1m
epoch=6 step=24810 loss=0.0807 elapsed=51.3m
epoch=6 step=24820 loss=0.0775 elapsed=51.4m
epoch=6 step=24830 loss=0.0497 elapsed=51.5m
epoch=6 step=24840 loss=0.1415 elapsed=51.6m
epoch=6 step=24850 loss=0.1060 elapsed=51.7m
epoch=6 step=24860 loss=0.1408 elapsed=51.8m
epoch=6 step=24870 loss=0.0023 elapsed=51.9m
epoch=6 step=24880 loss=0.0841 elapsed=52.0m
epoch=6 step=24890 loss=0.0052 elapsed=52.1m
epoch=6 step=24900 loss=0.0739 elapsed=52.2m
epoch=6 step=24910 loss=0.0463 elapsed=52.3m
epoch=6 step=24920 loss=0.0102 elapsed=52.4m
epoch=6 step=24930 loss=0.0419 elapsed=52.6m
epoch=6 step=24940 loss=0.0368 elapsed=52.7m
epoch=6 step=24950 loss=0.0141 elapsed=52.8m
epoch=6 step=24960 loss=0.1563 elapsed=52.9m
epoch=6 step=24970 loss=0.1598 elapsed=53.0m
epoch=6 step=24980 loss=0.0746 elapsed=53.1m
epoch=6 step=24990 loss=0.0189 elapsed=53.2m
epoch=6 step=25000 loss=0.1026 elapsed=53.3m
epoch=6 step=25010 loss=0.0627 elapsed=53.4m
epoch=6 step=25020 loss=0.0743 elapsed=53.5m
epoch=6 step=25030 loss=0.0252 elapsed=53.6m
epoch=6 step=25040 loss=0.2668 elapsed=53.7m
epoch=6 step=25050 loss=0.0515 elapsed=53.8m
epoch=6 step=25060 loss=0.0525 elapsed=54.0m
epoch=6 step=25070 loss=0.0135 elapsed=54.1m
epoch=6 step=25080 loss=0.0850 elapsed=54.2m
epoch=6 step=25090 loss=0.0366 elapsed=54.3m
epoch=6 step=25100 loss=0.0165 elapsed=54.4m
epoch=6 step=25110 loss=0.0597 elapsed=54.5m
epoch=6 step=25120 loss=0.0018 elapsed=54.6m
epoch=6 step=25130 loss=0.0198 elapsed=54.7m
epoch=6 step=25140 loss=0.0053 elapsed=54.8m
epoch=6 step=25150 loss=0.1268 elapsed=54.9m
epoch=6 step=25160 loss=0.0616 elapsed=55.0m
epoch=6 step=25170 loss=0.0713 elapsed=55.1m
Received signal 15; will save checkpoint after current step.
