==========================================
SLURM_JOB_ID = 749696
SLURM_NODELIST = gpu38
==========================================
Job ID: 749696
Node: gpu38
CUDA_VISIBLE_DEVICES: 0
Start Time: Fri Jun  5 10:22:53 KST 2026
Submit Dir: /scratch/r984a02/PHDQ2
Partition: amd_a100nv_8
Requested GPUs: 1
Requested CPU cores per task: 4
Python: /home01/r984a02/.conda/envs/phdq/bin/python
/home01/r984a02/.conda/envs/phdq/lib/python3.10/site-packages/torch/_subclasses/functional_tensor.py:362: UserWarning: Failed to initialize NumPy: No module named 'numpy' (Triggered internally at /pytorch/torch/csrc/utils/tensor_numpy.cpp:84.)
  cpu = _conversion_method_template(device=torch.device("cpu"))
Torch: 2.12.0+cu130
Auto-resume enabled: no existing last.ckpt found; starting fresh.
Starting BLT-GEC scaffold training on native dataset...
Device: cuda
Backend: mini
Train: /scratch/r984a02/PHDQ2/data/Preprocessed/native/native_train.txt
Val:   /scratch/r984a02/PHDQ2/data/Preprocessed/native/native_val.txt
Test:  /scratch/r984a02/PHDQ2/data/Preprocessed/native/native_test.txt
epoch=0 step=20 loss=51.8355
epoch=0 step=40 loss=19.2326
epoch=0 step=60 loss=9.7179
epoch=0 step=80 loss=5.8603
epoch=0 step=100 loss=5.6135
epoch=0 step=120 loss=4.2878
epoch=0 step=140 loss=4.3711
epoch=0 step=160 loss=4.2150
epoch=0 step=180 loss=3.8585
epoch=0 step=200 loss=4.0914
validation step=200 loss=2.7765
Saved checkpoint: outputs/blt_gec/native/best.ckpt
epoch=0 step=220 loss=3.8470
epoch=0 step=240 loss=3.8879
epoch=0 step=260 loss=3.6584
epoch=0 step=280 loss=3.7881
epoch=0 step=300 loss=3.8192
epoch=0 step=320 loss=3.6508
epoch=0 step=340 loss=3.3313
epoch=0 step=360 loss=3.4903
epoch=0 step=380 loss=3.5828
epoch=0 step=400 loss=3.4944
validation step=400 loss=2.4872
Saved checkpoint: outputs/blt_gec/native/best.ckpt
epoch=0 step=420 loss=3.5929
epoch=0 step=440 loss=3.3773
epoch=0 step=460 loss=3.2591
epoch=0 step=480 loss=3.2290
epoch=0 step=500 loss=3.1888
epoch=0 step=520 loss=3.1244
epoch=0 step=540 loss=3.1725
epoch=0 step=560 loss=3.2068
epoch=0 step=580 loss=3.2149
epoch=0 step=600 loss=3.1977
validation step=600 loss=2.3891
Saved checkpoint: outputs/blt_gec/native/best.ckpt
epoch=0 step=620 loss=3.3255
epoch=0 step=640 loss=2.9741
epoch=0 step=660 loss=3.2691
epoch=0 step=680 loss=3.1343
epoch=0 step=700 loss=2.9923
epoch=0 step=720 loss=2.8754
epoch=0 step=740 loss=2.7805
epoch=0 step=760 loss=3.0880
validation epoch=0 loss=2.4074
Saved checkpoint: outputs/blt_gec/native/last.ckpt
epoch=1 step=780 loss=2.9829
epoch=1 step=800 loss=2.7829
validation step=800 loss=2.3501
Saved checkpoint: outputs/blt_gec/native/best.ckpt
epoch=1 step=820 loss=2.9637
epoch=1 step=840 loss=2.8820
epoch=1 step=860 loss=2.9852
epoch=1 step=880 loss=2.8996
epoch=1 step=900 loss=3.0407
epoch=1 step=920 loss=2.7408
epoch=1 step=940 loss=2.8270
epoch=1 step=960 loss=2.9779
epoch=1 step=980 loss=2.7122
epoch=1 step=1000 loss=2.8679
validation step=1000 loss=2.3301
Saved checkpoint: outputs/blt_gec/native/best.ckpt
epoch=1 step=1020 loss=2.9372
epoch=1 step=1040 loss=2.7341
epoch=1 step=1060 loss=2.9827
epoch=1 step=1080 loss=2.5950
epoch=1 step=1100 loss=2.7403
epoch=1 step=1120 loss=2.5145
epoch=1 step=1140 loss=2.8111
epoch=1 step=1160 loss=2.6539
epoch=1 step=1180 loss=2.8379
epoch=1 step=1200 loss=2.6767
validation step=1200 loss=2.2794
Saved checkpoint: outputs/blt_gec/native/best.ckpt
epoch=1 step=1220 loss=2.6233
epoch=1 step=1240 loss=2.5475
epoch=1 step=1260 loss=2.6171
epoch=1 step=1280 loss=2.5514
epoch=1 step=1300 loss=2.6520
epoch=1 step=1320 loss=2.8325
epoch=1 step=1340 loss=2.3975
epoch=1 step=1360 loss=2.5386
epoch=1 step=1380 loss=2.6965
epoch=1 step=1400 loss=2.3469
validation step=1400 loss=2.2399
Saved checkpoint: outputs/blt_gec/native/best.ckpt
epoch=1 step=1420 loss=2.7532
epoch=1 step=1440 loss=2.6553
epoch=1 step=1460 loss=2.4470
epoch=1 step=1480 loss=2.7092
epoch=1 step=1500 loss=2.4995
epoch=1 step=1520 loss=2.4126
validation epoch=1 loss=2.2197
Saved checkpoint: outputs/blt_gec/native/best.ckpt
Saved checkpoint: outputs/blt_gec/native/last.ckpt
epoch=2 step=1540 loss=2.6514
epoch=2 step=1560 loss=2.6571
epoch=2 step=1580 loss=2.6438
epoch=2 step=1600 loss=2.4642
validation step=1600 loss=2.2155
Saved checkpoint: outputs/blt_gec/native/best.ckpt
epoch=2 step=1620 loss=2.6028
epoch=2 step=1640 loss=2.5882
epoch=2 step=1660 loss=2.4790
epoch=2 step=1680 loss=2.4163
epoch=2 step=1700 loss=2.6801
epoch=2 step=1720 loss=2.5923
epoch=2 step=1740 loss=2.5223
epoch=2 step=1760 loss=2.5098
epoch=2 step=1780 loss=2.4649
epoch=2 step=1800 loss=2.3818
validation step=1800 loss=2.1906
Saved checkpoint: outputs/blt_gec/native/best.ckpt
epoch=2 step=1820 loss=2.3916
epoch=2 step=1840 loss=2.3388
epoch=2 step=1860 loss=2.4427
epoch=2 step=1880 loss=2.4716
epoch=2 step=1900 loss=2.4030
epoch=2 step=1920 loss=2.4898
epoch=2 step=1940 loss=2.4225
epoch=2 step=1960 loss=2.4732
epoch=2 step=1980 loss=2.4963
epoch=2 step=2000 loss=2.4919
validation step=2000 loss=2.1678
Saved checkpoint: outputs/blt_gec/native/best.ckpt
epoch=2 step=2020 loss=2.1611
epoch=2 step=2040 loss=2.4336
epoch=2 step=2060 loss=2.3488
epoch=2 step=2080 loss=2.4375
epoch=2 step=2100 loss=2.4506
epoch=2 step=2120 loss=2.2547
epoch=2 step=2140 loss=2.2262
epoch=2 step=2160 loss=2.3008
epoch=2 step=2180 loss=2.3884
epoch=2 step=2200 loss=2.2641
validation step=2200 loss=2.1457
Saved checkpoint: outputs/blt_gec/native/best.ckpt
epoch=2 step=2220 loss=2.4522
epoch=2 step=2240 loss=2.1800
epoch=2 step=2260 loss=2.3383
epoch=2 step=2280 loss=2.1941
epoch=2 step=2300 loss=2.2607
validation epoch=2 loss=2.1381
Saved checkpoint: outputs/blt_gec/native/best.ckpt
Saved checkpoint: outputs/blt_gec/native/last.ckpt
epoch=3 step=2320 loss=2.3303
epoch=3 step=2340 loss=2.4807
epoch=3 step=2360 loss=2.4559
epoch=3 step=2380 loss=2.3185
epoch=3 step=2400 loss=2.2124
validation step=2400 loss=2.1293
Saved checkpoint: outputs/blt_gec/native/best.ckpt
epoch=3 step=2420 loss=2.3303
epoch=3 step=2440 loss=2.4372
epoch=3 step=2460 loss=2.2674
epoch=3 step=2480 loss=2.3604
epoch=3 step=2500 loss=2.2568
epoch=3 step=2520 loss=2.1835
epoch=3 step=2540 loss=2.1556
epoch=3 step=2560 loss=2.4601
epoch=3 step=2580 loss=2.3419
epoch=3 step=2600 loss=2.3991
validation step=2600 loss=2.1013
Saved checkpoint: outputs/blt_gec/native/best.ckpt
epoch=3 step=2620 loss=2.4272
epoch=3 step=2640 loss=2.1175
epoch=3 step=2660 loss=2.1050
epoch=3 step=2680 loss=2.0644
epoch=3 step=2700 loss=2.5074
epoch=3 step=2720 loss=2.3584
epoch=3 step=2740 loss=2.3333
epoch=3 step=2760 loss=2.3226
epoch=3 step=2780 loss=2.0062
epoch=3 step=2800 loss=2.3013
validation step=2800 loss=2.0835
Saved checkpoint: outputs/blt_gec/native/best.ckpt
epoch=3 step=2820 loss=2.2878
epoch=3 step=2840 loss=2.4409
epoch=3 step=2860 loss=1.9752
epoch=3 step=2880 loss=2.0618
epoch=3 step=2900 loss=2.1972
epoch=3 step=2920 loss=2.2033
epoch=3 step=2940 loss=2.3742
epoch=3 step=2960 loss=2.2748
epoch=3 step=2980 loss=2.1467
epoch=3 step=3000 loss=2.2847
validation step=3000 loss=2.0617
Saved checkpoint: outputs/blt_gec/native/best.ckpt
epoch=3 step=3020 loss=2.2089
epoch=3 step=3040 loss=2.0680
epoch=3 step=3060 loss=2.1813
validation epoch=3 loss=2.0642
Saved checkpoint: outputs/blt_gec/native/last.ckpt
epoch=4 step=3080 loss=2.4572
epoch=4 step=3100 loss=2.1181
epoch=4 step=3120 loss=2.4107
epoch=4 step=3140 loss=1.8322
epoch=4 step=3160 loss=2.0986
epoch=4 step=3180 loss=2.1934
epoch=4 step=3200 loss=1.9660
validation step=3200 loss=2.0631
epoch=4 step=3220 loss=2.1831
epoch=4 step=3240 loss=2.1481
epoch=4 step=3260 loss=2.1749
epoch=4 step=3280 loss=2.2122
epoch=4 step=3300 loss=2.1405
epoch=4 step=3320 loss=2.1385
epoch=4 step=3340 loss=1.8742
epoch=4 step=3360 loss=2.2689
epoch=4 step=3380 loss=2.0444
epoch=4 step=3400 loss=2.1648
validation step=3400 loss=2.0333
Saved checkpoint: outputs/blt_gec/native/best.ckpt
epoch=4 step=3420 loss=2.1250
epoch=4 step=3440 loss=2.1765
epoch=4 step=3460 loss=2.2531
epoch=4 step=3480 loss=1.9747
epoch=4 step=3500 loss=2.2447
epoch=4 step=3520 loss=2.1336
epoch=4 step=3540 loss=2.3754
epoch=4 step=3560 loss=2.0436
epoch=4 step=3580 loss=2.0360
epoch=4 step=3600 loss=1.8347
validation step=3600 loss=2.0114
Saved checkpoint: outputs/blt_gec/native/best.ckpt
epoch=4 step=3620 loss=2.0372
epoch=4 step=3640 loss=2.3355
epoch=4 step=3660 loss=2.0834
epoch=4 step=3680 loss=2.2328
epoch=4 step=3700 loss=1.9455
epoch=4 step=3720 loss=2.1594
epoch=4 step=3740 loss=2.1530
epoch=4 step=3760 loss=2.1405
epoch=4 step=3780 loss=2.0472
epoch=4 step=3800 loss=2.2717
validation step=3800 loss=1.9964
Saved checkpoint: outputs/blt_gec/native/best.ckpt
epoch=4 step=3820 loss=2.1051
epoch=4 step=3840 loss=2.0976
validation epoch=4 loss=1.9900
Saved checkpoint: outputs/blt_gec/native/best.ckpt
Saved checkpoint: outputs/blt_gec/native/last.ckpt
epoch=5 step=3860 loss=2.1795
epoch=5 step=3880 loss=2.1628
epoch=5 step=3900 loss=2.1202
epoch=5 step=3920 loss=2.0458
epoch=5 step=3940 loss=2.0463
epoch=5 step=3960 loss=1.9123
epoch=5 step=3980 loss=2.0853
epoch=5 step=4000 loss=2.0293
validation step=4000 loss=1.9723
Saved checkpoint: outputs/blt_gec/native/best.ckpt
epoch=5 step=4020 loss=2.2523
epoch=5 step=4040 loss=2.0721
epoch=5 step=4060 loss=2.2886
epoch=5 step=4080 loss=2.0339
epoch=5 step=4100 loss=2.1151
epoch=5 step=4120 loss=2.1280
epoch=5 step=4140 loss=2.1184
epoch=5 step=4160 loss=2.2143
epoch=5 step=4180 loss=2.2344
epoch=5 step=4200 loss=2.1224
validation step=4200 loss=1.9552
Saved checkpoint: outputs/blt_gec/native/best.ckpt
epoch=5 step=4220 loss=1.9278
epoch=5 step=4240 loss=2.2460
epoch=5 step=4260 loss=1.6641
epoch=5 step=4280 loss=2.0072
epoch=5 step=4300 loss=2.0780
epoch=5 step=4320 loss=2.1427
epoch=5 step=4340 loss=2.0485
epoch=5 step=4360 loss=2.0615
epoch=5 step=4380 loss=1.9109
epoch=5 step=4400 loss=2.0372
validation step=4400 loss=1.9273
Saved checkpoint: outputs/blt_gec/native/best.ckpt
epoch=5 step=4420 loss=2.0945
epoch=5 step=4440 loss=2.1050
epoch=5 step=4460 loss=2.1378
epoch=5 step=4480 loss=2.2051
epoch=5 step=4500 loss=2.1130
epoch=5 step=4520 loss=2.1170
epoch=5 step=4540 loss=1.8396
epoch=5 step=4560 loss=2.1013
epoch=5 step=4580 loss=1.9298
epoch=5 step=4600 loss=1.9607
validation step=4600 loss=1.9010
Saved checkpoint: outputs/blt_gec/native/best.ckpt
validation epoch=5 loss=1.9049
Saved checkpoint: outputs/blt_gec/native/last.ckpt
epoch=6 step=4620 loss=2.1063
epoch=6 step=4640 loss=1.9762
epoch=6 step=4660 loss=1.9277
epoch=6 step=4680 loss=1.8401
epoch=6 step=4700 loss=1.9017
epoch=6 step=4720 loss=1.9732
epoch=6 step=4740 loss=1.8644
epoch=6 step=4760 loss=1.9869
epoch=6 step=4780 loss=1.8423
epoch=6 step=4800 loss=2.0662
validation step=4800 loss=1.8843
Saved checkpoint: outputs/blt_gec/native/best.ckpt
epoch=6 step=4820 loss=2.0976
epoch=6 step=4840 loss=1.9131
epoch=6 step=4860 loss=1.9504
epoch=6 step=4880 loss=1.9314
epoch=6 step=4900 loss=1.8661
epoch=6 step=4920 loss=1.9140
epoch=6 step=4940 loss=1.9435
epoch=6 step=4960 loss=1.9794
epoch=6 step=4980 loss=1.6171
epoch=6 step=5000 loss=2.2609
validation step=5000 loss=1.8563
Saved checkpoint: outputs/blt_gec/native/best.ckpt
epoch=6 step=5020 loss=1.4822
epoch=6 step=5040 loss=1.9532
epoch=6 step=5060 loss=2.1449
epoch=6 step=5080 loss=1.9513
epoch=6 step=5100 loss=2.0903
epoch=6 step=5120 loss=1.8564
epoch=6 step=5140 loss=2.1298
epoch=6 step=5160 loss=2.3071
epoch=6 step=5180 loss=1.7449
epoch=6 step=5200 loss=1.9323
validation step=5200 loss=1.8213
Saved checkpoint: outputs/blt_gec/native/best.ckpt
epoch=6 step=5220 loss=1.9364
epoch=6 step=5240 loss=2.0090
epoch=6 step=5260 loss=1.9827
epoch=6 step=5280 loss=1.9486
epoch=6 step=5300 loss=2.0350
epoch=6 step=5320 loss=1.9141
epoch=6 step=5340 loss=1.9761
epoch=6 step=5360 loss=1.8375
epoch=6 step=5380 loss=2.1415
validation epoch=6 loss=1.7978
Saved checkpoint: outputs/blt_gec/native/best.ckpt
Saved checkpoint: outputs/blt_gec/native/last.ckpt
epoch=7 step=5400 loss=1.9523
validation step=5400 loss=1.8028
epoch=7 step=5420 loss=1.5246
epoch=7 step=5440 loss=1.8692
epoch=7 step=5460 loss=2.0158
epoch=7 step=5480 loss=2.1071
epoch=7 step=5500 loss=1.9222
epoch=7 step=5520 loss=2.0795
epoch=7 step=5540 loss=1.8354
epoch=7 step=5560 loss=1.9738
epoch=7 step=5580 loss=2.0543
epoch=7 step=5600 loss=1.8290
validation step=5600 loss=1.7694
Saved checkpoint: outputs/blt_gec/native/best.ckpt
epoch=7 step=5620 loss=1.9906
epoch=7 step=5640 loss=1.6911
epoch=7 step=5660 loss=1.7660
epoch=7 step=5680 loss=1.7852
epoch=7 step=5700 loss=1.5256
epoch=7 step=5720 loss=1.8782
epoch=7 step=5740 loss=1.8290
epoch=7 step=5760 loss=1.8051
epoch=7 step=5780 loss=1.7271
epoch=7 step=5800 loss=1.7282
validation step=5800 loss=1.7427
Saved checkpoint: outputs/blt_gec/native/best.ckpt
epoch=7 step=5820 loss=1.7002
epoch=7 step=5840 loss=1.8623
epoch=7 step=5860 loss=2.0563
epoch=7 step=5880 loss=2.0766
epoch=7 step=5900 loss=1.8259
epoch=7 step=5920 loss=1.8979
epoch=7 step=5940 loss=1.9439
epoch=7 step=5960 loss=2.2206
epoch=7 step=5980 loss=2.0889
epoch=7 step=6000 loss=1.8292
validation step=6000 loss=1.7068
Saved checkpoint: outputs/blt_gec/native/best.ckpt
epoch=7 step=6020 loss=1.9554
epoch=7 step=6040 loss=1.8979
epoch=7 step=6060 loss=1.9588
epoch=7 step=6080 loss=1.9105
epoch=7 step=6100 loss=1.6871
epoch=7 step=6120 loss=1.9622
epoch=7 step=6140 loss=1.8221
validation epoch=7 loss=1.6887
Saved checkpoint: outputs/blt_gec/native/best.ckpt
Saved checkpoint: outputs/blt_gec/native/last.ckpt
epoch=8 step=6160 loss=1.8650
epoch=8 step=6180 loss=1.8359
epoch=8 step=6200 loss=1.6911
validation step=6200 loss=1.6741
Saved checkpoint: outputs/blt_gec/native/best.ckpt
epoch=8 step=6220 loss=1.6314
epoch=8 step=6240 loss=2.0495
epoch=8 step=6260 loss=1.4557
epoch=8 step=6280 loss=1.7243
epoch=8 step=6300 loss=1.8054
epoch=8 step=6320 loss=1.3286
epoch=8 step=6340 loss=1.4526
epoch=8 step=6360 loss=1.8932
epoch=8 step=6380 loss=1.7653
epoch=8 step=6400 loss=1.8151
validation step=6400 loss=1.6420
Saved checkpoint: outputs/blt_gec/native/best.ckpt
epoch=8 step=6420 loss=1.5831
epoch=8 step=6440 loss=1.4991
epoch=8 step=6460 loss=1.6276
epoch=8 step=6480 loss=1.4481
epoch=8 step=6500 loss=2.0454
epoch=8 step=6520 loss=1.9495
epoch=8 step=6540 loss=1.9401
epoch=8 step=6560 loss=1.8941
epoch=8 step=6580 loss=1.7658
epoch=8 step=6600 loss=1.7917
validation step=6600 loss=1.6015
Saved checkpoint: outputs/blt_gec/native/best.ckpt
epoch=8 step=6620 loss=1.7566
epoch=8 step=6640 loss=1.3939
epoch=8 step=6660 loss=1.7774
epoch=8 step=6680 loss=1.9970
epoch=8 step=6700 loss=1.9504
epoch=8 step=6720 loss=1.8120
epoch=8 step=6740 loss=1.4477
epoch=8 step=6760 loss=1.6689
epoch=8 step=6780 loss=2.0406
epoch=8 step=6800 loss=1.2377
validation step=6800 loss=1.5652
Saved checkpoint: outputs/blt_gec/native/best.ckpt
epoch=8 step=6820 loss=2.0748
epoch=8 step=6840 loss=1.6232
epoch=8 step=6860 loss=1.8042
epoch=8 step=6880 loss=1.6264
epoch=8 step=6900 loss=1.7860
epoch=8 step=6920 loss=1.6640
validation epoch=8 loss=1.5382
Saved checkpoint: outputs/blt_gec/native/best.ckpt
Saved checkpoint: outputs/blt_gec/native/last.ckpt
epoch=9 step=6940 loss=1.8209
epoch=9 step=6960 loss=1.8020
epoch=9 step=6980 loss=1.8173
epoch=9 step=7000 loss=1.9647
validation step=7000 loss=1.5239
Saved checkpoint: outputs/blt_gec/native/best.ckpt
epoch=9 step=7020 loss=1.3619
epoch=9 step=7040 loss=1.6878
epoch=9 step=7060 loss=1.1267
epoch=9 step=7080 loss=1.8501
epoch=9 step=7100 loss=1.9170
epoch=9 step=7120 loss=1.5777
epoch=9 step=7140 loss=1.8113
epoch=9 step=7160 loss=1.8669
epoch=9 step=7180 loss=1.7417
epoch=9 step=7200 loss=1.7641
validation step=7200 loss=1.4718
Saved checkpoint: outputs/blt_gec/native/best.ckpt
epoch=9 step=7220 loss=1.7417
epoch=9 step=7240 loss=1.5977
epoch=9 step=7260 loss=1.5023
epoch=9 step=7280 loss=1.7692
epoch=9 step=7300 loss=1.2308
epoch=9 step=7320 loss=1.4455
epoch=9 step=7340 loss=1.4127
epoch=9 step=7360 loss=1.3689
epoch=9 step=7380 loss=1.7146
epoch=9 step=7400 loss=1.7156
validation step=7400 loss=1.4135
Saved checkpoint: outputs/blt_gec/native/best.ckpt
epoch=9 step=7420 loss=1.3824
epoch=9 step=7440 loss=1.8608
epoch=9 step=7460 loss=1.5455
epoch=9 step=7480 loss=1.9544
epoch=9 step=7500 loss=1.6332
epoch=9 step=7520 loss=1.8819
epoch=9 step=7540 loss=1.5619
epoch=9 step=7560 loss=1.5995
epoch=9 step=7580 loss=1.0076
epoch=9 step=7600 loss=1.5794
validation step=7600 loss=1.3453
Saved checkpoint: outputs/blt_gec/native/best.ckpt
epoch=9 step=7620 loss=1.1098
epoch=9 step=7640 loss=1.0565
epoch=9 step=7660 loss=1.2933
epoch=9 step=7680 loss=1.5479
validation epoch=9 loss=1.3246
Saved checkpoint: outputs/blt_gec/native/best.ckpt
Saved checkpoint: outputs/blt_gec/native/last.ckpt
epoch=10 step=7700 loss=1.6836
epoch=10 step=7720 loss=1.4586
epoch=10 step=7740 loss=0.9691
epoch=10 step=7760 loss=1.3919
epoch=10 step=7780 loss=1.7277
epoch=10 step=7800 loss=1.6326
validation step=7800 loss=1.2768
Saved checkpoint: outputs/blt_gec/native/best.ckpt
epoch=10 step=7820 loss=1.4019
epoch=10 step=7840 loss=0.9616
epoch=10 step=7860 loss=1.5184
epoch=10 step=7880 loss=1.8423
epoch=10 step=7900 loss=1.4523
epoch=10 step=7920 loss=1.4788
epoch=10 step=7940 loss=1.1055
epoch=10 step=7960 loss=1.1536
epoch=10 step=7980 loss=1.0496
epoch=10 step=8000 loss=1.5039
validation step=8000 loss=1.2035
Saved checkpoint: outputs/blt_gec/native/best.ckpt
epoch=10 step=8020 loss=1.2858
epoch=10 step=8040 loss=0.9886
epoch=10 step=8060 loss=1.6320
epoch=10 step=8080 loss=1.5422
epoch=10 step=8100 loss=1.4950
epoch=10 step=8120 loss=1.2771
epoch=10 step=8140 loss=0.9621
epoch=10 step=8160 loss=1.2855
epoch=10 step=8180 loss=1.4670
epoch=10 step=8200 loss=1.6485
validation step=8200 loss=1.1369
Saved checkpoint: outputs/blt_gec/native/best.ckpt
epoch=10 step=8220 loss=0.8403
epoch=10 step=8240 loss=1.2197
epoch=10 step=8260 loss=1.2417
epoch=10 step=8280 loss=1.1821
epoch=10 step=8300 loss=1.1647
epoch=10 step=8320 loss=1.4534
epoch=10 step=8340 loss=1.2666
epoch=10 step=8360 loss=1.3837
epoch=10 step=8380 loss=1.3186
epoch=10 step=8400 loss=1.2460
validation step=8400 loss=1.0644
Saved checkpoint: outputs/blt_gec/native/best.ckpt
epoch=10 step=8420 loss=0.8965
epoch=10 step=8440 loss=1.3741
validation epoch=10 loss=1.0601
Saved checkpoint: outputs/blt_gec/native/best.ckpt
Saved checkpoint: outputs/blt_gec/native/last.ckpt
epoch=11 step=8460 loss=0.8208
epoch=11 step=8480 loss=1.1116
epoch=11 step=8500 loss=1.0262
epoch=11 step=8520 loss=1.1152
epoch=11 step=8540 loss=1.1719
epoch=11 step=8560 loss=1.4279
epoch=11 step=8580 loss=1.3342
epoch=11 step=8600 loss=0.6219
validation step=8600 loss=1.0029
Saved checkpoint: outputs/blt_gec/native/best.ckpt
epoch=11 step=8620 loss=1.2904
epoch=11 step=8640 loss=1.3994
epoch=11 step=8660 loss=1.1706
epoch=11 step=8680 loss=1.1732
epoch=11 step=8700 loss=1.3455
epoch=11 step=8720 loss=1.3578
epoch=11 step=8740 loss=1.2397
epoch=11 step=8760 loss=0.8704
epoch=11 step=8780 loss=1.1682
epoch=11 step=8800 loss=0.7758
validation step=8800 loss=0.9396
Saved checkpoint: outputs/blt_gec/native/best.ckpt
epoch=11 step=8820 loss=1.1009
epoch=11 step=8840 loss=0.9058
epoch=11 step=8860 loss=1.0586
epoch=11 step=8880 loss=1.3946
epoch=11 step=8900 loss=1.4428
epoch=11 step=8920 loss=1.1855
epoch=11 step=8940 loss=1.2495
epoch=11 step=8960 loss=0.9678
epoch=11 step=8980 loss=0.7659
epoch=11 step=9000 loss=0.7022
validation step=9000 loss=0.8892
Saved checkpoint: outputs/blt_gec/native/best.ckpt
epoch=11 step=9020 loss=0.7922
epoch=11 step=9040 loss=1.0450
epoch=11 step=9060 loss=0.8015
epoch=11 step=9080 loss=1.3451
epoch=11 step=9100 loss=0.9372
epoch=11 step=9120 loss=0.9643
epoch=11 step=9140 loss=1.1494
epoch=11 step=9160 loss=1.1373
epoch=11 step=9180 loss=0.8781
epoch=11 step=9200 loss=1.0528
validation step=9200 loss=0.8351
Saved checkpoint: outputs/blt_gec/native/best.ckpt
epoch=11 step=9220 loss=0.9581
validation epoch=11 loss=0.8345
Saved checkpoint: outputs/blt_gec/native/best.ckpt
Saved checkpoint: outputs/blt_gec/native/last.ckpt
epoch=12 step=9240 loss=0.6927
epoch=12 step=9260 loss=0.8942
epoch=12 step=9280 loss=1.6654
epoch=12 step=9300 loss=0.9834
epoch=12 step=9320 loss=0.8623
epoch=12 step=9340 loss=0.6165
epoch=12 step=9360 loss=1.3704
epoch=12 step=9380 loss=0.5392
epoch=12 step=9400 loss=1.0446
validation step=9400 loss=0.7764
Saved checkpoint: outputs/blt_gec/native/best.ckpt
epoch=12 step=9420 loss=1.3488
epoch=12 step=9440 loss=0.6036
epoch=12 step=9460 loss=1.1333
epoch=12 step=9480 loss=0.5808
epoch=12 step=9500 loss=0.4706
epoch=12 step=9520 loss=1.0503
epoch=12 step=9540 loss=1.0398
epoch=12 step=9560 loss=1.0079
epoch=12 step=9580 loss=1.1056
epoch=12 step=9600 loss=0.6149
validation step=9600 loss=0.7073
Saved checkpoint: outputs/blt_gec/native/best.ckpt
epoch=12 step=9620 loss=0.4817
epoch=12 step=9640 loss=1.2819
epoch=12 step=9660 loss=0.9240
epoch=12 step=9680 loss=1.0723
epoch=12 step=9700 loss=0.7885
epoch=12 step=9720 loss=0.6451
epoch=12 step=9740 loss=0.5854
epoch=12 step=9760 loss=1.0126
epoch=12 step=9780 loss=0.9141
epoch=12 step=9800 loss=0.9627
validation step=9800 loss=0.6515
Saved checkpoint: outputs/blt_gec/native/best.ckpt
epoch=12 step=9820 loss=0.4078
epoch=12 step=9840 loss=0.9933
epoch=12 step=9860 loss=0.7988
epoch=12 step=9880 loss=0.7623
epoch=12 step=9900 loss=0.8985
epoch=12 step=9920 loss=0.4918
epoch=12 step=9940 loss=0.6702
epoch=12 step=9960 loss=1.0395
epoch=12 step=9980 loss=0.8656
validation epoch=12 loss=0.5946
Saved checkpoint: outputs/blt_gec/native/best.ckpt
Saved checkpoint: outputs/blt_gec/native/last.ckpt
epoch=13 step=10000 loss=0.7406
validation step=10000 loss=0.6031
epoch=13 step=10020 loss=1.2592
epoch=13 step=10040 loss=0.6883
epoch=13 step=10060 loss=0.8753
epoch=13 step=10080 loss=0.4970
epoch=13 step=10100 loss=0.7355
epoch=13 step=10120 loss=0.5860
epoch=13 step=10140 loss=0.8220
epoch=13 step=10160 loss=0.7481
epoch=13 step=10180 loss=0.4506
epoch=13 step=10200 loss=0.5703
validation step=10200 loss=0.5490
Saved checkpoint: outputs/blt_gec/native/best.ckpt
epoch=13 step=10220 loss=0.7471
epoch=13 step=10240 loss=0.4803
epoch=13 step=10260 loss=1.1981
epoch=13 step=10280 loss=0.9175
epoch=13 step=10300 loss=0.7790
epoch=13 step=10320 loss=0.7506
epoch=13 step=10340 loss=0.8998
epoch=13 step=10360 loss=0.5951
epoch=13 step=10380 loss=0.6474
epoch=13 step=10400 loss=0.7726
validation step=10400 loss=0.5158
Saved checkpoint: outputs/blt_gec/native/best.ckpt
epoch=13 step=10420 loss=0.7648
epoch=13 step=10440 loss=0.7748
epoch=13 step=10460 loss=0.5096
epoch=13 step=10480 loss=0.4498
epoch=13 step=10500 loss=0.7982
epoch=13 step=10520 loss=0.5364
epoch=13 step=10540 loss=1.0217
epoch=13 step=10560 loss=0.7432
epoch=13 step=10580 loss=0.6275
epoch=13 step=10600 loss=0.7298
validation step=10600 loss=0.4749
Saved checkpoint: outputs/blt_gec/native/best.ckpt
epoch=13 step=10620 loss=0.3372
epoch=13 step=10640 loss=0.5808
epoch=13 step=10660 loss=0.8433
epoch=13 step=10680 loss=0.6316
epoch=13 step=10700 loss=0.7157
epoch=13 step=10720 loss=0.8966
epoch=13 step=10740 loss=0.7697
epoch=13 step=10760 loss=0.3601
validation epoch=13 loss=0.4843
Saved checkpoint: outputs/blt_gec/native/last.ckpt
epoch=14 step=10780 loss=0.6861
epoch=14 step=10800 loss=0.9494
validation step=10800 loss=0.4558
Saved checkpoint: outputs/blt_gec/native/best.ckpt
epoch=14 step=10820 loss=0.4984
epoch=14 step=10840 loss=0.8358
epoch=14 step=10860 loss=1.0335
epoch=14 step=10880 loss=0.4869
epoch=14 step=10900 loss=0.5401
epoch=14 step=10920 loss=0.9215
epoch=14 step=10940 loss=0.6996
epoch=14 step=10960 loss=1.0664
epoch=14 step=10980 loss=0.4032
epoch=14 step=11000 loss=0.4750
validation step=11000 loss=0.4298
Saved checkpoint: outputs/blt_gec/native/best.ckpt
epoch=14 step=11020 loss=0.3755
epoch=14 step=11040 loss=0.7895
epoch=14 step=11060 loss=0.6343
epoch=14 step=11080 loss=0.7327
epoch=14 step=11100 loss=0.5598
epoch=14 step=11120 loss=0.3297
epoch=14 step=11140 loss=0.5790
epoch=14 step=11160 loss=0.7690
epoch=14 step=11180 loss=0.3473
epoch=14 step=11200 loss=0.4706
validation step=11200 loss=0.4152
Saved checkpoint: outputs/blt_gec/native/best.ckpt
epoch=14 step=11220 loss=0.5757
epoch=14 step=11240 loss=0.5953
epoch=14 step=11260 loss=0.9920
epoch=14 step=11280 loss=0.3208
epoch=14 step=11300 loss=0.4385
epoch=14 step=11320 loss=0.6646
epoch=14 step=11340 loss=0.7107
epoch=14 step=11360 loss=0.5808
epoch=14 step=11380 loss=0.7613
epoch=14 step=11400 loss=0.5188
validation step=11400 loss=0.4159
epoch=14 step=11420 loss=0.3910
epoch=14 step=11440 loss=0.5837
epoch=14 step=11460 loss=0.2403
epoch=14 step=11480 loss=0.6311
epoch=14 step=11500 loss=0.3261
epoch=14 step=11520 loss=0.6499
validation epoch=14 loss=0.3728
Saved checkpoint: outputs/blt_gec/native/best.ckpt
Saved checkpoint: outputs/blt_gec/native/last.ckpt
epoch=15 step=11540 loss=0.5362
epoch=15 step=11560 loss=0.5957
epoch=15 step=11580 loss=0.2591
epoch=15 step=11600 loss=0.6066
validation step=11600 loss=0.3679
Saved checkpoint: outputs/blt_gec/native/best.ckpt
epoch=15 step=11620 loss=0.5820
epoch=15 step=11640 loss=0.6291
epoch=15 step=11660 loss=0.6964
epoch=15 step=11680 loss=0.2953
epoch=15 step=11700 loss=0.6810
epoch=15 step=11720 loss=0.5879
epoch=15 step=11740 loss=0.6078
epoch=15 step=11760 loss=0.6109
epoch=15 step=11780 loss=0.7376
epoch=15 step=11800 loss=0.4702
validation step=11800 loss=0.3705
epoch=15 step=11820 loss=0.7207
epoch=15 step=11840 loss=0.4067
epoch=15 step=11860 loss=0.5942
epoch=15 step=11880 loss=0.3938
epoch=15 step=11900 loss=0.6534
epoch=15 step=11920 loss=0.5198
epoch=15 step=11940 loss=0.9611
epoch=15 step=11960 loss=0.5634
epoch=15 step=11980 loss=0.6428
epoch=15 step=12000 loss=0.5820
validation step=12000 loss=0.3432
Saved checkpoint: outputs/blt_gec/native/best.ckpt
epoch=15 step=12020 loss=0.5021
epoch=15 step=12040 loss=0.5269
epoch=15 step=12060 loss=0.7008
epoch=15 step=12080 loss=0.3648
epoch=15 step=12100 loss=0.8602
epoch=15 step=12120 loss=0.5240
epoch=15 step=12140 loss=0.4628
epoch=15 step=12160 loss=0.2905
epoch=15 step=12180 loss=0.5625
epoch=15 step=12200 loss=0.4705
validation step=12200 loss=0.3483
epoch=15 step=12220 loss=0.4499
epoch=15 step=12240 loss=0.7141
epoch=15 step=12260 loss=0.5592
epoch=15 step=12280 loss=0.6992
epoch=15 step=12300 loss=0.5418
validation epoch=15 loss=0.3273
Saved checkpoint: outputs/blt_gec/native/best.ckpt
Saved checkpoint: outputs/blt_gec/native/last.ckpt
epoch=16 step=12320 loss=0.5105
epoch=16 step=12340 loss=0.6724
epoch=16 step=12360 loss=0.3933
epoch=16 step=12380 loss=0.5563
epoch=16 step=12400 loss=0.3010
validation step=12400 loss=0.3341
epoch=16 step=12420 loss=0.6203
epoch=16 step=12440 loss=0.4823
epoch=16 step=12460 loss=0.8523
epoch=16 step=12480 loss=0.4817
epoch=16 step=12500 loss=0.6768
epoch=16 step=12520 loss=0.4508
epoch=16 step=12540 loss=0.6235
epoch=16 step=12560 loss=0.5853
epoch=16 step=12580 loss=0.4533
epoch=16 step=12600 loss=0.2206
validation step=12600 loss=0.3479
epoch=16 step=12620 loss=0.3694
epoch=16 step=12640 loss=0.2249
epoch=16 step=12660 loss=0.6956
epoch=16 step=12680 loss=0.4648
epoch=16 step=12700 loss=0.2351
epoch=16 step=12720 loss=0.2408
epoch=16 step=12740 loss=0.4179
epoch=16 step=12760 loss=0.4230
epoch=16 step=12780 loss=0.4724
epoch=16 step=12800 loss=0.2851
validation step=12800 loss=0.3051
Saved checkpoint: outputs/blt_gec/native/best.ckpt
epoch=16 step=12820 loss=0.6600
epoch=16 step=12840 loss=0.3990
epoch=16 step=12860 loss=0.4585
epoch=16 step=12880 loss=0.6780
epoch=16 step=12900 loss=0.6402
epoch=16 step=12920 loss=0.5249
epoch=16 step=12940 loss=0.4962
epoch=16 step=12960 loss=0.5867
epoch=16 step=12980 loss=0.5829
epoch=16 step=13000 loss=0.6034
validation step=13000 loss=0.2892
Saved checkpoint: outputs/blt_gec/native/best.ckpt
epoch=16 step=13020 loss=0.2879
epoch=16 step=13040 loss=0.6401
epoch=16 step=13060 loss=0.3267
validation epoch=16 loss=0.3084
Saved checkpoint: outputs/blt_gec/native/last.ckpt
epoch=17 step=13080 loss=0.2474
epoch=17 step=13100 loss=0.6040
epoch=17 step=13120 loss=0.5498
epoch=17 step=13140 loss=0.5039
epoch=17 step=13160 loss=0.3432
epoch=17 step=13180 loss=0.5158
epoch=17 step=13200 loss=0.1742
validation step=13200 loss=0.2944
epoch=17 step=13220 loss=0.7974
epoch=17 step=13240 loss=0.5915
epoch=17 step=13260 loss=0.4876
epoch=17 step=13280 loss=0.2367
epoch=17 step=13300 loss=0.4075
epoch=17 step=13320 loss=0.5479
epoch=17 step=13340 loss=0.6582
epoch=17 step=13360 loss=0.6230
epoch=17 step=13380 loss=0.3799
epoch=17 step=13400 loss=0.5083
validation step=13400 loss=0.2943
epoch=17 step=13420 loss=0.3358
epoch=17 step=13440 loss=0.2363
epoch=17 step=13460 loss=0.5108
epoch=17 step=13480 loss=0.5242
epoch=17 step=13500 loss=0.5888
epoch=17 step=13520 loss=0.5551
epoch=17 step=13540 loss=0.5912
epoch=17 step=13560 loss=0.2593
epoch=17 step=13580 loss=0.6423
epoch=17 step=13600 loss=0.3140
validation step=13600 loss=0.2923
epoch=17 step=13620 loss=0.4054
epoch=17 step=13640 loss=0.3238
epoch=17 step=13660 loss=0.4500
epoch=17 step=13680 loss=0.4153
epoch=17 step=13700 loss=0.4671
epoch=17 step=13720 loss=0.3681
epoch=17 step=13740 loss=0.3737
epoch=17 step=13760 loss=0.4619
epoch=17 step=13780 loss=0.4277
epoch=17 step=13800 loss=0.5487
validation step=13800 loss=0.2665
Saved checkpoint: outputs/blt_gec/native/best.ckpt
epoch=17 step=13820 loss=0.3206
epoch=17 step=13840 loss=0.4730
validation epoch=17 loss=0.2658
Saved checkpoint: outputs/blt_gec/native/best.ckpt
Saved checkpoint: outputs/blt_gec/native/last.ckpt
epoch=18 step=13860 loss=0.4087
epoch=18 step=13880 loss=0.1543
epoch=18 step=13900 loss=0.5282
epoch=18 step=13920 loss=0.3813
epoch=18 step=13940 loss=0.3001
epoch=18 step=13960 loss=0.3472
epoch=18 step=13980 loss=0.2701
epoch=18 step=14000 loss=0.1705
validation step=14000 loss=0.2744
epoch=18 step=14020 loss=0.6929
epoch=18 step=14040 loss=0.3990
epoch=18 step=14060 loss=0.3215
epoch=18 step=14080 loss=0.3681
epoch=18 step=14100 loss=0.2761
epoch=18 step=14120 loss=0.3679
epoch=18 step=14140 loss=0.5411
epoch=18 step=14160 loss=0.5411
epoch=18 step=14180 loss=0.2088
epoch=18 step=14200 loss=0.3442
validation step=14200 loss=0.2595
Saved checkpoint: outputs/blt_gec/native/best.ckpt
epoch=18 step=14220 loss=0.3847
epoch=18 step=14240 loss=0.3646
epoch=18 step=14260 loss=0.5324
epoch=18 step=14280 loss=0.3396
epoch=18 step=14300 loss=0.4688
epoch=18 step=14320 loss=0.3851
epoch=18 step=14340 loss=0.5364
epoch=18 step=14360 loss=0.4101
epoch=18 step=14380 loss=0.5319
epoch=18 step=14400 loss=0.5304
validation step=14400 loss=0.2524
Saved checkpoint: outputs/blt_gec/native/best.ckpt
epoch=18 step=14420 loss=0.5459
epoch=18 step=14440 loss=0.3278
epoch=18 step=14460 loss=0.4134
epoch=18 step=14480 loss=0.2836
epoch=18 step=14500 loss=0.3539
epoch=18 step=14520 loss=0.1716
epoch=18 step=14540 loss=0.4934
epoch=18 step=14560 loss=0.1943
epoch=18 step=14580 loss=0.4699
epoch=18 step=14600 loss=0.3280
validation step=14600 loss=0.2489
Saved checkpoint: outputs/blt_gec/native/best.ckpt
validation epoch=18 loss=0.2555
Saved checkpoint: outputs/blt_gec/native/last.ckpt
epoch=19 step=14620 loss=0.2823
epoch=19 step=14640 loss=0.2031
epoch=19 step=14660 loss=0.5241
epoch=19 step=14680 loss=0.1618
epoch=19 step=14700 loss=0.3650
epoch=19 step=14720 loss=0.1869
epoch=19 step=14740 loss=0.5302
epoch=19 step=14760 loss=0.3169
epoch=19 step=14780 loss=0.3784
epoch=19 step=14800 loss=0.3066
validation step=14800 loss=0.2635
epoch=19 step=14820 loss=0.4455
epoch=19 step=14840 loss=0.6375
epoch=19 step=14860 loss=0.2987
epoch=19 step=14880 loss=0.3931
epoch=19 step=14900 loss=0.3666
epoch=19 step=14920 loss=0.3831
epoch=19 step=14940 loss=0.4872
epoch=19 step=14960 loss=0.3694
epoch=19 step=14980 loss=0.3193
epoch=19 step=15000 loss=0.1567
validation step=15000 loss=0.2432
Saved checkpoint: outputs/blt_gec/native/best.ckpt
epoch=19 step=15020 loss=0.5746
epoch=19 step=15040 loss=0.4121
epoch=19 step=15060 loss=0.4552
epoch=19 step=15080 loss=0.4014
epoch=19 step=15100 loss=0.3803
epoch=19 step=15120 loss=0.2972
epoch=19 step=15140 loss=0.3077
epoch=19 step=15160 loss=0.3038
epoch=19 step=15180 loss=0.3187
epoch=19 step=15200 loss=0.4835
validation step=15200 loss=0.2393
Saved checkpoint: outputs/blt_gec/native/best.ckpt
epoch=19 step=15220 loss=0.3702
epoch=19 step=15240 loss=0.1575
epoch=19 step=15260 loss=0.5136
epoch=19 step=15280 loss=0.3242
epoch=19 step=15300 loss=0.3499
epoch=19 step=15320 loss=0.4745
epoch=19 step=15340 loss=0.2207
epoch=19 step=15360 loss=0.3626
epoch=19 step=15380 loss=0.2650
validation epoch=19 loss=0.2287
Saved checkpoint: outputs/blt_gec/native/best.ckpt
Saved checkpoint: outputs/blt_gec/native/last.ckpt
Training complete.
End Time: Fri Jun  5 10:39:10 KST 2026
