==========================================
SLURM_JOB_ID = 753882
SLURM_NODELIST = gpu43
==========================================
Job ID: 753882
Node: gpu43
CUDA_VISIBLE_DEVICES: 0
Start Time: Wed Jun 10 07:52:32 KST 2026
Submit Dir: /scratch/r984a02/PHDQ2
Partition: amd_a100nv_8
Requested GPUs: 1
Requested CPU cores per task: 4
Python: /home01/r984a02/.conda/envs/phdq_blt/bin/python
/home01/r984a02/.conda/envs/phdq_blt/lib/python3.12/site-packages/torch/cuda/__init__.py:61: FutureWarning: The pynvml package is deprecated. Please install nvidia-ml-py instead. If you did not install pynvml directly, please report this to the maintainers of the package that installed pynvml for you.
  import pynvml  # type: ignore[import]
Torch: 2.5.1+cu121
NumPy: 2.4.6
Visible CUDA device count: 1
/home01/r984a02/.conda/envs/phdq_blt/lib/python3.12/site-packages/torch/cuda/__init__.py:61: FutureWarning: The pynvml package is deprecated. Please install nvidia-ml-py instead. If you did not install pynvml directly, please report this to the maintainers of the package that installed pynvml for you.
  import pynvml  # type: ignore[import]
Reference BLT import path: /scratch/r984a02/PHDQ2/reference_code/blt
Checkpoint is loadable: outputs/blt_gec/native/last.ckpt
Resuming from explicit checkpoint: outputs/blt_gec/native/last.ckpt
Starting reference BLT-GEC fine-tuning on native dataset...
BLT lr: 1e-5
BLT weight_decay: 0.1
BLT Adam betas: (0.9, 0.95)
BLT scheduler: cosine
BLT warmup_steps: 2000
BLT num_beams: 4
BLT NUM_GPUS: 1
Device: cuda
Distributed: False rank=0 world_size=1
Backend: reference_blt
Reference BLT code: /scratch/r984a02/PHDQ2/reference_code/blt
BLT repo: facebook/blt-1b
Entropy repo: facebook/blt-entropy
Train: /scratch/r984a02/PHDQ2/data/Preprocessed/native/native_train.txt
Val:   /scratch/r984a02/PHDQ2/data/Preprocessed/native/native_val.txt
Test:  /scratch/r984a02/PHDQ2/data/Preprocessed/native/native_test.txt
Loaded checkpoint: outputs/blt_gec/native/last.ckpt (epoch=7, global_step=18463)
epoch=7 step=18470 loss=0.0052 elapsed=0.3m
epoch=7 step=18480 loss=0.0004 elapsed=0.6m
epoch=7 step=18490 loss=0.0001 elapsed=1.0m
epoch=7 step=18500 loss=0.0016 elapsed=1.3m
epoch=7 step=18510 loss=0.0699 elapsed=1.6m
epoch=7 step=18520 loss=0.0016 elapsed=1.9m
epoch=7 step=18530 loss=0.0642 elapsed=2.2m
epoch=7 step=18540 loss=0.0007 elapsed=2.6m
epoch=7 step=18550 loss=0.0025 elapsed=2.9m
epoch=7 step=18560 loss=0.0243 elapsed=3.2m
epoch=7 step=18570 loss=0.0014 elapsed=3.5m
epoch=7 step=18580 loss=0.0010 elapsed=3.8m
epoch=7 step=18590 loss=0.0240 elapsed=4.2m
epoch=7 step=18600 loss=0.0009 elapsed=4.5m
epoch=7 step=18610 loss=0.0001 elapsed=4.8m
epoch=7 step=18620 loss=0.0008 elapsed=5.1m
epoch=7 step=18630 loss=0.0001 elapsed=5.4m
epoch=7 step=18640 loss=0.0064 elapsed=5.8m
epoch=7 step=18650 loss=0.0001 elapsed=6.1m
epoch=7 step=18660 loss=0.0002 elapsed=6.4m
epoch=7 step=18670 loss=0.0004 elapsed=6.7m
epoch=7 step=18680 loss=0.0476 elapsed=7.0m
epoch=7 step=18690 loss=0.0082 elapsed=7.3m
epoch=7 step=18700 loss=0.0120 elapsed=7.7m
epoch=7 step=18710 loss=0.1238 elapsed=8.0m
epoch=7 step=18720 loss=0.0352 elapsed=8.3m
epoch=7 step=18730 loss=0.0011 elapsed=8.6m
epoch=7 step=18740 loss=0.0009 elapsed=8.9m
epoch=7 step=18750 loss=0.0000 elapsed=9.3m
epoch=7 step=18760 loss=0.0001 elapsed=9.6m
epoch=7 step=18770 loss=0.0000 elapsed=9.9m
epoch=7 step=18780 loss=0.0015 elapsed=10.2m
epoch=7 step=18790 loss=0.0011 elapsed=10.5m
epoch=7 step=18800 loss=0.0003 elapsed=10.9m
epoch=7 step=18810 loss=0.0017 elapsed=11.2m
epoch=7 step=18820 loss=0.0006 elapsed=11.5m
epoch=7 step=18830 loss=0.0002 elapsed=11.8m
epoch=7 step=18840 loss=0.0122 elapsed=12.1m
epoch=7 step=18850 loss=0.0014 elapsed=12.5m
epoch=7 step=18860 loss=0.0021 elapsed=12.8m
epoch=7 step=18870 loss=0.0027 elapsed=13.1m
epoch=7 step=18880 loss=0.0047 elapsed=13.4m
epoch=7 step=18890 loss=0.0001 elapsed=13.7m
epoch=7 step=18900 loss=0.0003 elapsed=14.1m
epoch=7 step=18910 loss=0.0016 elapsed=14.4m
epoch=7 step=18920 loss=0.0035 elapsed=14.7m
epoch=7 step=18930 loss=0.0003 elapsed=15.0m
epoch=7 step=18940 loss=0.1014 elapsed=15.3m
epoch=7 step=18950 loss=0.0000 elapsed=15.7m
epoch=7 step=18960 loss=0.0002 elapsed=16.0m
epoch=7 step=18970 loss=0.0001 elapsed=16.3m
epoch=7 step=18980 loss=0.0007 elapsed=16.6m
epoch=7 step=18990 loss=0.0004 elapsed=16.9m
epoch=7 step=19000 loss=0.0016 elapsed=17.3m
epoch=7 step=19010 loss=0.0000 elapsed=17.6m
epoch=7 step=19020 loss=0.0005 elapsed=17.9m
epoch=7 step=19030 loss=0.0273 elapsed=18.2m
epoch=7 step=19040 loss=0.0001 elapsed=18.5m
epoch=7 step=19050 loss=0.0006 elapsed=18.9m
epoch=7 step=19060 loss=0.0005 elapsed=19.2m
epoch=7 step=19070 loss=0.0002 elapsed=19.5m
epoch=7 step=19080 loss=0.0001 elapsed=19.8m
Saved checkpoint: outputs/blt_gec/native/last.ckpt
epoch=7 step=19090 loss=0.0037 elapsed=20.9m
epoch=7 step=19100 loss=0.0001 elapsed=21.2m
epoch=7 step=19110 loss=0.0027 elapsed=21.5m
epoch=7 step=19120 loss=0.0037 elapsed=21.9m
epoch=7 step=19130 loss=0.0003 elapsed=22.2m
epoch=7 step=19140 loss=0.0058 elapsed=22.5m
epoch=7 step=19150 loss=0.0001 elapsed=22.8m
epoch=7 step=19160 loss=0.0049 elapsed=23.1m
epoch=7 step=19170 loss=0.0011 elapsed=23.5m
epoch=7 step=19180 loss=0.2109 elapsed=23.8m
epoch=7 step=19190 loss=0.0009 elapsed=24.1m
epoch=7 step=19200 loss=0.0002 elapsed=24.4m
epoch=7 step=19210 loss=0.0560 elapsed=24.7m
epoch=7 step=19220 loss=0.0017 elapsed=25.1m
epoch=7 step=19230 loss=0.0010 elapsed=25.4m
epoch=7 step=19240 loss=0.0002 elapsed=25.7m
epoch=7 step=19250 loss=0.0024 elapsed=26.0m
epoch=7 step=19260 loss=0.0008 elapsed=26.3m
epoch=7 step=19270 loss=0.0002 elapsed=26.7m
epoch=7 step=19280 loss=0.0002 elapsed=27.0m
epoch=7 step=19290 loss=0.0003 elapsed=27.3m
epoch=7 step=19300 loss=0.0000 elapsed=27.6m
epoch=7 step=19310 loss=0.0012 elapsed=27.9m
epoch=7 step=19320 loss=0.0046 elapsed=28.3m
epoch=7 step=19330 loss=0.0003 elapsed=28.6m
epoch=7 step=19340 loss=0.0017 elapsed=28.9m
epoch=7 step=19350 loss=0.0002 elapsed=29.2m
epoch=7 step=19360 loss=0.0003 elapsed=29.5m
epoch=7 step=19370 loss=0.0014 elapsed=29.9m
epoch=7 step=19380 loss=0.0002 elapsed=30.2m
epoch=7 step=19390 loss=0.0032 elapsed=30.5m
epoch=7 step=19400 loss=0.0150 elapsed=30.8m
epoch=7 step=19410 loss=0.0267 elapsed=31.1m
epoch=7 step=19420 loss=0.0012 elapsed=31.5m
epoch=7 step=19430 loss=0.0075 elapsed=31.8m
epoch=7 step=19440 loss=0.0164 elapsed=32.1m
epoch=7 step=19450 loss=0.0013 elapsed=32.4m
epoch=7 step=19460 loss=0.0004 elapsed=32.7m
epoch=7 step=19470 loss=0.0008 elapsed=33.1m
epoch=7 step=19480 loss=0.0003 elapsed=33.4m
epoch=7 step=19490 loss=0.0019 elapsed=33.7m
epoch=7 step=19500 loss=0.0774 elapsed=34.0m
epoch=7 step=19510 loss=0.0017 elapsed=34.3m
epoch=7 step=19520 loss=0.0011 elapsed=34.7m
epoch=7 step=19530 loss=0.0005 elapsed=35.0m
epoch=7 step=19540 loss=0.0011 elapsed=35.3m
epoch=7 step=19550 loss=0.0005 elapsed=35.6m
epoch=7 step=19560 loss=0.0001 elapsed=35.9m
epoch=7 step=19570 loss=0.0005 elapsed=36.3m
epoch=7 step=19580 loss=0.0096 elapsed=36.6m
epoch=7 step=19590 loss=0.0040 elapsed=36.9m
epoch=7 step=19600 loss=0.0006 elapsed=37.2m
epoch=7 step=19610 loss=0.0004 elapsed=37.5m
epoch=7 step=19620 loss=0.0002 elapsed=37.9m
epoch=7 step=19630 loss=0.0012 elapsed=38.2m
epoch=7 step=19640 loss=0.0011 elapsed=38.5m
epoch=7 step=19650 loss=0.0013 elapsed=38.8m
epoch=7 step=19660 loss=0.0001 elapsed=39.1m
epoch=7 step=19670 loss=0.0002 elapsed=39.5m
epoch=7 step=19680 loss=0.0055 elapsed=39.8m
Saved checkpoint: outputs/blt_gec/native/last.ckpt
epoch=7 step=19690 loss=0.0001 elapsed=40.9m
epoch=7 step=19700 loss=0.0037 elapsed=41.2m
epoch=7 step=19710 loss=0.0306 elapsed=41.5m
epoch=7 step=19720 loss=0.0003 elapsed=41.8m
epoch=7 step=19730 loss=0.0083 elapsed=42.1m
epoch=7 step=19740 loss=0.0002 elapsed=42.5m
epoch=7 step=19750 loss=0.1162 elapsed=42.8m
epoch=7 step=19760 loss=0.0001 elapsed=43.1m
epoch=7 step=19770 loss=0.0009 elapsed=43.4m
epoch=7 step=19780 loss=0.0002 elapsed=43.7m
epoch=7 step=19790 loss=0.0027 elapsed=44.1m
epoch=7 step=19800 loss=0.0000 elapsed=44.4m
epoch=7 step=19810 loss=0.0005 elapsed=44.7m
epoch=7 step=19820 loss=0.0034 elapsed=45.0m
epoch=7 step=19830 loss=0.0013 elapsed=45.3m
epoch=7 step=19840 loss=0.0185 elapsed=45.7m
epoch=7 step=19850 loss=0.0001 elapsed=46.0m
epoch=7 step=19860 loss=0.0001 elapsed=46.3m
epoch=7 step=19870 loss=0.0001 elapsed=46.6m
epoch=7 step=19880 loss=0.0754 elapsed=46.9m
epoch=7 step=19890 loss=0.0001 elapsed=47.3m
epoch=7 step=19900 loss=0.0001 elapsed=47.6m
epoch=7 step=19910 loss=0.0720 elapsed=47.9m
epoch=7 step=19920 loss=0.0001 elapsed=48.2m
epoch=7 step=19930 loss=0.0529 elapsed=48.5m
epoch=7 step=19940 loss=0.0006 elapsed=48.9m
epoch=7 step=19950 loss=0.0004 elapsed=49.2m
epoch=7 step=19960 loss=0.0001 elapsed=49.5m
epoch=7 step=19970 loss=0.0031 elapsed=49.8m
epoch=7 step=19980 loss=0.0002 elapsed=50.1m
epoch=7 step=19990 loss=0.0010 elapsed=50.4m
epoch=7 step=20000 loss=0.0007 elapsed=50.8m
epoch=7 validation loss=0.0752
Saved checkpoint: outputs/blt_gec/native/last.ckpt
epoch=8 step=20010 loss=0.0011 elapsed=58.4m
epoch=8 step=20020 loss=0.0001 elapsed=58.7m
epoch=8 step=20030 loss=0.0011 elapsed=59.0m
epoch=8 step=20040 loss=0.0006 elapsed=59.3m
epoch=8 step=20050 loss=0.0004 elapsed=59.7m
epoch=8 step=20060 loss=0.0004 elapsed=60.0m
Saved checkpoint: outputs/blt_gec/native/last.ckpt
epoch=8 step=20070 loss=0.0007 elapsed=61.1m
epoch=8 step=20080 loss=0.0006 elapsed=61.4m
epoch=8 step=20090 loss=0.0001 elapsed=61.7m
epoch=8 step=20100 loss=0.0001 elapsed=62.0m
epoch=8 step=20110 loss=0.0001 elapsed=62.3m
epoch=8 step=20120 loss=0.0001 elapsed=62.7m
epoch=8 step=20130 loss=0.0019 elapsed=63.0m
epoch=8 step=20140 loss=0.0018 elapsed=63.3m
epoch=8 step=20150 loss=0.0005 elapsed=63.6m
epoch=8 step=20160 loss=0.0002 elapsed=64.0m
epoch=8 step=20170 loss=0.0183 elapsed=64.3m
epoch=8 step=20180 loss=0.0524 elapsed=64.6m
epoch=8 step=20190 loss=0.0002 elapsed=65.0m
epoch=8 step=20200 loss=0.0003 elapsed=65.3m
epoch=8 step=20210 loss=0.0001 elapsed=65.6m
epoch=8 step=20220 loss=0.0001 elapsed=65.9m
epoch=8 step=20230 loss=0.0003 elapsed=66.2m
epoch=8 step=20240 loss=0.0005 elapsed=66.6m
epoch=8 step=20250 loss=0.0299 elapsed=66.9m
epoch=8 step=20260 loss=0.0020 elapsed=67.2m
epoch=8 step=20270 loss=0.0004 elapsed=67.5m
epoch=8 step=20280 loss=0.0003 elapsed=67.8m
epoch=8 step=20290 loss=0.0001 elapsed=68.2m
epoch=8 step=20300 loss=0.0001 elapsed=68.5m
epoch=8 step=20310 loss=0.0017 elapsed=68.8m
epoch=8 step=20320 loss=0.0004 elapsed=69.1m
epoch=8 step=20330 loss=0.0735 elapsed=69.4m
epoch=8 step=20340 loss=0.0012 elapsed=69.7m
epoch=8 step=20350 loss=0.0002 elapsed=70.1m
epoch=8 step=20360 loss=0.0002 elapsed=70.4m
epoch=8 step=20370 loss=0.0002 elapsed=70.7m
epoch=8 step=20380 loss=0.0007 elapsed=71.0m
epoch=8 step=20390 loss=0.0006 elapsed=71.3m
epoch=8 step=20400 loss=0.0002 elapsed=71.7m
epoch=8 step=20410 loss=0.0149 elapsed=72.0m
epoch=8 step=20420 loss=0.0015 elapsed=72.3m
epoch=8 step=20430 loss=0.0932 elapsed=72.6m
epoch=8 step=20440 loss=0.0022 elapsed=72.9m
epoch=8 step=20450 loss=0.0001 elapsed=73.3m
epoch=8 step=20460 loss=0.0186 elapsed=73.6m
epoch=8 step=20470 loss=0.0655 elapsed=73.9m
epoch=8 step=20480 loss=0.0005 elapsed=74.2m
epoch=8 step=20490 loss=0.0002 elapsed=74.5m
epoch=8 step=20500 loss=0.2833 elapsed=74.8m
epoch=8 step=20510 loss=0.0002 elapsed=75.2m
epoch=8 step=20520 loss=0.0015 elapsed=75.5m
epoch=8 step=20530 loss=0.0012 elapsed=75.8m
epoch=8 step=20540 loss=0.0003 elapsed=76.1m
epoch=8 step=20550 loss=0.0043 elapsed=76.4m
epoch=8 step=20560 loss=0.0006 elapsed=76.8m
epoch=8 step=20570 loss=0.0001 elapsed=77.1m
epoch=8 step=20580 loss=0.0006 elapsed=77.4m
epoch=8 step=20590 loss=0.0008 elapsed=77.7m
epoch=8 step=20600 loss=0.0012 elapsed=78.0m
epoch=8 step=20610 loss=0.0004 elapsed=78.3m
epoch=8 step=20620 loss=0.0002 elapsed=78.7m
epoch=8 step=20630 loss=0.0002 elapsed=79.0m
epoch=8 step=20640 loss=0.0003 elapsed=79.3m
epoch=8 step=20650 loss=0.0002 elapsed=79.6m
epoch=8 step=20660 loss=0.0013 elapsed=79.9m
Saved checkpoint: outputs/blt_gec/native/last.ckpt
epoch=8 step=20670 loss=0.0001 elapsed=81.0m
epoch=8 step=20680 loss=0.0006 elapsed=81.3m
epoch=8 step=20690 loss=0.0001 elapsed=81.6m
epoch=8 step=20700 loss=0.0033 elapsed=82.0m
epoch=8 step=20710 loss=0.0003 elapsed=82.3m
epoch=8 step=20720 loss=0.0001 elapsed=82.6m
epoch=8 step=20730 loss=0.0002 elapsed=82.9m
epoch=8 step=20740 loss=0.0001 elapsed=83.2m
epoch=8 step=20750 loss=0.0002 elapsed=83.6m
epoch=8 step=20760 loss=0.0031 elapsed=83.9m
epoch=8 step=20770 loss=0.0001 elapsed=84.2m
epoch=8 step=20780 loss=0.0003 elapsed=84.5m
epoch=8 step=20790 loss=0.0007 elapsed=84.8m
epoch=8 step=20800 loss=0.0030 elapsed=85.1m
epoch=8 step=20810 loss=0.0013 elapsed=85.5m
epoch=8 step=20820 loss=0.0009 elapsed=85.8m
epoch=8 step=20830 loss=0.0002 elapsed=86.1m
epoch=8 step=20840 loss=0.0002 elapsed=86.4m
epoch=8 step=20850 loss=0.0001 elapsed=86.7m
epoch=8 step=20860 loss=0.0001 elapsed=87.0m
epoch=8 step=20870 loss=0.0026 elapsed=87.4m
epoch=8 step=20880 loss=0.0003 elapsed=87.7m
epoch=8 step=20890 loss=0.0014 elapsed=88.0m
epoch=8 step=20900 loss=0.0006 elapsed=88.3m
epoch=8 step=20910 loss=0.1190 elapsed=88.6m
epoch=8 step=20920 loss=0.0005 elapsed=89.0m
epoch=8 step=20930 loss=0.0010 elapsed=89.3m
epoch=8 step=20940 loss=0.0607 elapsed=89.6m
epoch=8 step=20950 loss=0.0084 elapsed=89.9m
epoch=8 step=20960 loss=0.0008 elapsed=90.2m
epoch=8 step=20970 loss=0.0002 elapsed=90.5m
epoch=8 step=20980 loss=0.0019 elapsed=90.9m
epoch=8 step=20990 loss=0.0087 elapsed=91.2m
epoch=8 step=21000 loss=0.0025 elapsed=91.5m
epoch=8 step=21010 loss=0.0026 elapsed=91.8m
epoch=8 step=21020 loss=0.0001 elapsed=92.1m
epoch=8 step=21030 loss=0.0000 elapsed=92.4m
epoch=8 step=21040 loss=0.0026 elapsed=92.8m
epoch=8 step=21050 loss=0.0164 elapsed=93.1m
epoch=8 step=21060 loss=0.0558 elapsed=93.4m
epoch=8 step=21070 loss=0.0002 elapsed=93.7m
epoch=8 step=21080 loss=0.0003 elapsed=94.0m
epoch=8 step=21090 loss=0.0970 elapsed=94.4m
epoch=8 step=21100 loss=0.0683 elapsed=94.7m
epoch=8 step=21110 loss=0.1476 elapsed=95.0m
epoch=8 step=21120 loss=0.0001 elapsed=95.3m
epoch=8 step=21130 loss=0.0009 elapsed=95.6m
epoch=8 step=21140 loss=0.0625 elapsed=95.9m
epoch=8 step=21150 loss=0.0035 elapsed=96.3m
epoch=8 step=21160 loss=0.0013 elapsed=96.6m
epoch=8 step=21170 loss=0.0011 elapsed=96.9m
epoch=8 step=21180 loss=0.0120 elapsed=97.2m
epoch=8 step=21190 loss=0.0002 elapsed=97.5m
epoch=8 step=21200 loss=0.0000 elapsed=97.8m
epoch=8 step=21210 loss=0.0013 elapsed=98.2m
epoch=8 step=21220 loss=0.0010 elapsed=98.5m
epoch=8 step=21230 loss=0.0001 elapsed=98.8m
epoch=8 step=21240 loss=0.0165 elapsed=99.1m
epoch=8 step=21250 loss=0.0002 elapsed=99.4m
epoch=8 step=21260 loss=0.0032 elapsed=99.8m
epoch=8 step=21270 loss=0.0001 elapsed=100.1m
Saved checkpoint: outputs/blt_gec/native/last.ckpt
epoch=8 step=21280 loss=0.0022 elapsed=101.1m
epoch=8 step=21290 loss=0.0001 elapsed=101.5m
epoch=8 step=21300 loss=0.0003 elapsed=101.8m
epoch=8 step=21310 loss=0.0017 elapsed=102.1m
epoch=8 step=21320 loss=0.0159 elapsed=102.4m
epoch=8 step=21330 loss=0.0004 elapsed=102.7m
epoch=8 step=21340 loss=0.0001 elapsed=103.1m
epoch=8 step=21350 loss=0.0002 elapsed=103.4m
epoch=8 step=21360 loss=0.1027 elapsed=103.7m
epoch=8 step=21370 loss=0.0001 elapsed=104.0m
epoch=8 step=21380 loss=0.0001 elapsed=104.3m
epoch=8 step=21390 loss=0.0002 elapsed=104.6m
epoch=8 step=21400 loss=0.0160 elapsed=105.0m
Saved checkpoint: outputs/blt_gec/native/last.ckpt
Stopping early to preserve checkpoint before time limit.
End Time: Wed Jun 10 09:42:02 KST 2026
