==========================================
SLURM_JOB_ID = 753981
SLURM_NODELIST = gpu43
==========================================
Job ID: 753981
Node: gpu43
CUDA_VISIBLE_DEVICES: 0
Start Time: Wed Jun 10 10:26:38 KST 2026
Submit Dir: /scratch/r984a02/PHDQ2
Partition: amd_a100nv_8
Requested GPUs: 1
Requested CPU cores per task: 4
Python: /home01/r984a02/.conda/envs/phdq_blt/bin/python
/home01/r984a02/.conda/envs/phdq_blt/lib/python3.12/site-packages/torch/cuda/__init__.py:61: FutureWarning: The pynvml package is deprecated. Please install nvidia-ml-py instead. If you did not install pynvml directly, please report this to the maintainers of the package that installed pynvml for you.
  import pynvml  # type: ignore[import]
Torch: 2.5.1+cu121
NumPy: 2.4.6
Visible CUDA device count: 1
/home01/r984a02/.conda/envs/phdq_blt/lib/python3.12/site-packages/torch/cuda/__init__.py:61: FutureWarning: The pynvml package is deprecated. Please install nvidia-ml-py instead. If you did not install pynvml directly, please report this to the maintainers of the package that installed pynvml for you.
  import pynvml  # type: ignore[import]
Reference BLT import path: /scratch/r984a02/PHDQ2/reference_code/blt
Checkpoint is loadable: outputs/blt_gec/learner/last.ckpt
Resuming from explicit checkpoint: outputs/blt_gec/learner/last.ckpt
Starting reference BLT-GEC fine-tuning on learner dataset...
BLT lr: 1e-5
BLT weight_decay: 0.1
BLT Adam betas: (0.9, 0.95)
BLT scheduler: cosine
BLT warmup_steps: 2000
BLT num_beams: 4
BLT NUM_GPUS: 1
BLT checkpoint interval minutes: 20
BLT train max_time: 00:12:00:00
Device: cuda
Distributed: False rank=0 world_size=1
Backend: reference_blt
Reference BLT code: /scratch/r984a02/PHDQ2/reference_code/blt
BLT repo: facebook/blt-1b
Entropy repo: facebook/blt-entropy
Train: /scratch/r984a02/PHDQ2/data/Preprocessed/korean_learner/korean_learner_train.txt
Val:   /scratch/r984a02/PHDQ2/data/Preprocessed/korean_learner/korean_learner_val.txt
Test:  /scratch/r984a02/PHDQ2/data/Preprocessed/korean_learner/korean_learner_test.txt
Loaded checkpoint: outputs/blt_gec/learner/last.ckpt (epoch=6, global_step=23842)
epoch=6 step=23850 loss=0.0008 elapsed=0.3m
epoch=6 step=23860 loss=0.0104 elapsed=0.6m
epoch=6 step=23870 loss=0.0630 elapsed=0.9m
epoch=6 step=23880 loss=0.0094 elapsed=1.2m
epoch=6 step=23890 loss=0.0771 elapsed=1.5m
epoch=6 step=23900 loss=0.0906 elapsed=1.9m
epoch=6 step=23910 loss=0.0607 elapsed=2.2m
epoch=6 step=23920 loss=0.0725 elapsed=2.5m
epoch=6 step=23930 loss=0.0008 elapsed=2.8m
epoch=6 step=23940 loss=0.0867 elapsed=3.2m
epoch=6 step=23950 loss=0.0355 elapsed=3.5m
epoch=6 step=23960 loss=0.0067 elapsed=3.8m
epoch=6 step=23970 loss=0.1379 elapsed=4.1m
epoch=6 step=23980 loss=0.0543 elapsed=4.4m
epoch=6 step=23990 loss=0.0680 elapsed=4.8m
epoch=6 step=24000 loss=0.0532 elapsed=5.1m
epoch=6 step=24010 loss=0.2428 elapsed=5.4m
epoch=6 step=24020 loss=0.0161 elapsed=5.7m
epoch=6 step=24030 loss=0.1261 elapsed=6.0m
epoch=6 step=24040 loss=0.0964 elapsed=6.4m
epoch=6 step=24050 loss=0.0802 elapsed=6.7m
epoch=6 step=24060 loss=0.0885 elapsed=7.0m
epoch=6 step=24070 loss=0.0231 elapsed=7.3m
epoch=6 step=24080 loss=0.0910 elapsed=7.7m
epoch=6 step=24090 loss=0.1881 elapsed=8.0m
epoch=6 step=24100 loss=0.1443 elapsed=8.3m
epoch=6 step=24110 loss=0.0603 elapsed=8.6m
epoch=6 step=24120 loss=0.0129 elapsed=8.9m
epoch=6 step=24130 loss=0.0539 elapsed=9.3m
epoch=6 step=24140 loss=0.0054 elapsed=9.6m
epoch=6 step=24150 loss=0.0487 elapsed=9.9m
epoch=6 step=24160 loss=0.1083 elapsed=10.2m
epoch=6 step=24170 loss=0.0013 elapsed=10.5m
epoch=6 step=24180 loss=0.0794 elapsed=10.9m
epoch=6 step=24190 loss=0.0518 elapsed=11.2m
epoch=6 step=24200 loss=0.0874 elapsed=11.5m
epoch=6 step=24210 loss=0.0775 elapsed=11.8m
epoch=6 step=24220 loss=0.1273 elapsed=12.2m
epoch=6 step=24230 loss=0.1164 elapsed=12.5m
epoch=6 step=24240 loss=0.1568 elapsed=12.8m
epoch=6 step=24250 loss=0.1367 elapsed=13.1m
epoch=6 step=24260 loss=0.0827 elapsed=13.4m
epoch=6 step=24270 loss=0.0572 elapsed=13.8m
epoch=6 step=24280 loss=0.0808 elapsed=14.1m
epoch=6 step=24290 loss=0.0472 elapsed=14.4m
epoch=6 step=24300 loss=0.1286 elapsed=14.7m
epoch=6 step=24310 loss=0.0472 elapsed=15.1m
epoch=6 step=24320 loss=0.1064 elapsed=15.4m
epoch=6 step=24330 loss=0.1182 elapsed=15.7m
epoch=6 step=24340 loss=0.0042 elapsed=16.0m
epoch=6 step=24350 loss=0.0359 elapsed=16.4m
epoch=6 step=24360 loss=0.0209 elapsed=16.7m
epoch=6 step=24370 loss=0.0118 elapsed=17.0m
epoch=6 step=24380 loss=0.0091 elapsed=17.4m
epoch=6 step=24390 loss=0.0181 elapsed=17.7m
epoch=6 step=24400 loss=0.1175 elapsed=18.1m
epoch=6 step=24410 loss=0.0318 elapsed=18.4m
epoch=6 step=24420 loss=0.0018 elapsed=18.7m
epoch=6 step=24430 loss=0.0508 elapsed=19.0m
epoch=6 step=24440 loss=0.0116 elapsed=19.4m
epoch=6 step=24450 loss=0.0380 elapsed=19.7m
epoch=6 step=24460 loss=0.1452 elapsed=20.0m
Saved checkpoint: outputs/blt_gec/learner/last.ckpt
epoch=6 step=24470 loss=0.0881 elapsed=21.1m
epoch=6 step=24480 loss=0.0500 elapsed=21.5m
epoch=6 step=24490 loss=0.1532 elapsed=21.8m
epoch=6 step=24500 loss=0.0010 elapsed=22.1m
epoch=6 step=24510 loss=0.1391 elapsed=22.4m
epoch=6 step=24520 loss=0.0813 elapsed=22.8m
epoch=6 step=24530 loss=0.0285 elapsed=23.1m
epoch=6 step=24540 loss=0.0018 elapsed=23.4m
epoch=6 step=24550 loss=0.0102 elapsed=23.7m
epoch=6 step=24560 loss=0.0290 elapsed=24.0m
epoch=6 step=24570 loss=0.1052 elapsed=24.4m
epoch=6 step=24580 loss=0.0868 elapsed=24.7m
epoch=6 step=24590 loss=0.0874 elapsed=25.0m
epoch=6 step=24600 loss=0.0114 elapsed=25.3m
epoch=6 step=24610 loss=0.0028 elapsed=25.6m
epoch=6 step=24620 loss=0.0258 elapsed=26.0m
epoch=6 step=24630 loss=0.0048 elapsed=26.3m
epoch=6 step=24640 loss=0.0107 elapsed=26.6m
epoch=6 step=24650 loss=0.1127 elapsed=26.9m
epoch=6 step=24660 loss=0.1117 elapsed=27.3m
epoch=6 step=24670 loss=0.1500 elapsed=27.6m
epoch=6 step=24680 loss=0.0663 elapsed=27.9m
epoch=6 step=24690 loss=0.0434 elapsed=28.2m
epoch=6 step=24700 loss=0.0473 elapsed=28.5m
epoch=6 step=24710 loss=0.0691 elapsed=28.9m
epoch=6 step=24720 loss=0.0630 elapsed=29.2m
epoch=6 step=24730 loss=0.1317 elapsed=29.5m
epoch=6 step=24740 loss=0.0937 elapsed=29.8m
epoch=6 step=24750 loss=0.1030 elapsed=30.2m
epoch=6 step=24760 loss=0.0049 elapsed=30.5m
epoch=6 step=24770 loss=0.1187 elapsed=30.8m
epoch=6 step=24780 loss=0.1693 elapsed=31.1m
epoch=6 step=24790 loss=0.1337 elapsed=31.4m
epoch=6 step=24800 loss=0.0002 elapsed=31.8m
epoch=6 step=24810 loss=0.2473 elapsed=32.1m
epoch=6 step=24820 loss=0.1776 elapsed=32.4m
epoch=6 step=24830 loss=0.0108 elapsed=32.7m
epoch=6 step=24840 loss=0.0075 elapsed=33.0m
epoch=6 step=24850 loss=0.0596 elapsed=33.4m
epoch=6 step=24860 loss=0.0566 elapsed=33.7m
epoch=6 step=24870 loss=0.0280 elapsed=34.0m
epoch=6 step=24880 loss=0.1852 elapsed=34.3m
epoch=6 step=24890 loss=0.0987 elapsed=34.7m
epoch=6 step=24900 loss=0.1772 elapsed=35.0m
epoch=6 step=24910 loss=0.0591 elapsed=35.3m
epoch=6 step=24920 loss=0.0336 elapsed=35.6m
epoch=6 step=24930 loss=0.0097 elapsed=35.9m
epoch=6 step=24940 loss=0.0030 elapsed=36.3m
epoch=6 step=24950 loss=0.0057 elapsed=36.6m
epoch=6 step=24960 loss=0.0275 elapsed=36.9m
epoch=6 step=24970 loss=0.0295 elapsed=37.2m
epoch=6 step=24980 loss=0.0209 elapsed=37.6m
epoch=6 step=24990 loss=0.0236 elapsed=37.9m
epoch=6 step=25000 loss=0.0039 elapsed=38.2m
epoch=6 step=25010 loss=0.0176 elapsed=38.5m
epoch=6 step=25020 loss=0.0562 elapsed=38.8m
epoch=6 step=25030 loss=0.0113 elapsed=39.2m
epoch=6 step=25040 loss=0.0428 elapsed=39.5m
epoch=6 step=25050 loss=0.0628 elapsed=39.8m
Saved checkpoint: outputs/blt_gec/learner/last.ckpt
epoch=6 step=25060 loss=0.0111 elapsed=41.0m
epoch=6 step=25070 loss=0.0096 elapsed=41.3m
epoch=6 step=25080 loss=0.0432 elapsed=41.6m
epoch=6 step=25090 loss=0.0225 elapsed=41.9m
epoch=6 step=25100 loss=0.0122 elapsed=42.3m
epoch=6 step=25110 loss=0.1827 elapsed=42.6m
epoch=6 step=25120 loss=0.0973 elapsed=42.9m
epoch=6 step=25130 loss=0.0078 elapsed=43.3m
epoch=6 step=25140 loss=0.0568 elapsed=43.6m
epoch=6 step=25150 loss=0.0763 elapsed=43.9m
epoch=6 step=25160 loss=0.0010 elapsed=44.3m
epoch=6 step=25170 loss=0.0230 elapsed=44.6m
epoch=6 step=25180 loss=0.1079 elapsed=45.0m
epoch=6 step=25190 loss=0.1538 elapsed=45.3m
epoch=6 step=25200 loss=0.0149 elapsed=45.6m
epoch=6 step=25210 loss=0.0225 elapsed=46.0m
epoch=6 step=25220 loss=0.0180 elapsed=46.3m
epoch=6 step=25230 loss=0.2750 elapsed=46.6m
epoch=6 step=25240 loss=0.0781 elapsed=47.0m
epoch=6 step=25250 loss=0.0572 elapsed=47.3m
epoch=6 step=25260 loss=0.0246 elapsed=47.6m
epoch=6 step=25270 loss=0.0663 elapsed=48.0m
epoch=6 step=25280 loss=0.1484 elapsed=48.3m
epoch=6 step=25290 loss=0.0059 elapsed=48.7m
epoch=6 step=25300 loss=0.0055 elapsed=49.0m
epoch=6 step=25310 loss=0.0045 elapsed=49.3m
epoch=6 step=25320 loss=0.0665 elapsed=49.7m
epoch=6 step=25330 loss=0.0734 elapsed=50.0m
epoch=6 step=25340 loss=0.0153 elapsed=50.3m
epoch=6 step=25350 loss=0.1498 elapsed=50.7m
epoch=6 step=25360 loss=0.0340 elapsed=51.0m
epoch=6 step=25370 loss=0.0045 elapsed=51.3m
epoch=6 step=25380 loss=0.0761 elapsed=51.7m
epoch=6 step=25390 loss=0.1616 elapsed=52.0m
epoch=6 step=25400 loss=0.0859 elapsed=52.3m
epoch=6 step=25410 loss=0.1519 elapsed=52.6m
epoch=6 step=25420 loss=0.0057 elapsed=53.0m
epoch=6 step=25430 loss=0.0119 elapsed=53.3m
epoch=6 step=25440 loss=0.1477 elapsed=53.6m
epoch=6 step=25450 loss=0.1473 elapsed=53.9m
epoch=6 step=25460 loss=0.0798 elapsed=54.2m
epoch=6 step=25470 loss=0.0338 elapsed=54.6m
epoch=6 step=25480 loss=0.1868 elapsed=54.9m
epoch=6 step=25490 loss=0.3782 elapsed=55.2m
epoch=6 step=25500 loss=0.0616 elapsed=55.5m
epoch=6 step=25510 loss=0.3307 elapsed=55.8m
epoch=6 step=25520 loss=0.0468 elapsed=56.2m
epoch=6 step=25530 loss=0.2475 elapsed=56.5m
epoch=6 step=25540 loss=0.0194 elapsed=56.8m
epoch=6 step=25550 loss=0.0697 elapsed=57.1m
epoch=6 step=25560 loss=0.0871 elapsed=57.4m
epoch=6 step=25570 loss=0.0338 elapsed=57.8m
epoch=6 step=25580 loss=0.0471 elapsed=58.1m
epoch=6 step=25590 loss=0.0991 elapsed=58.4m
epoch=6 step=25600 loss=0.0335 elapsed=58.7m
epoch=6 step=25610 loss=0.0688 elapsed=59.1m
epoch=6 step=25620 loss=0.1357 elapsed=59.4m
epoch=6 step=25630 loss=0.1882 elapsed=59.7m
epoch=6 step=25640 loss=0.0276 elapsed=60.0m
Saved checkpoint: outputs/blt_gec/learner/last.ckpt
epoch=6 step=25650 loss=0.1557 elapsed=61.1m
epoch=6 step=25660 loss=0.0459 elapsed=61.4m
epoch=6 step=25670 loss=0.0173 elapsed=61.7m
epoch=6 step=25680 loss=0.0177 elapsed=62.1m
epoch=6 step=25690 loss=0.1238 elapsed=62.4m
epoch=6 step=25700 loss=0.0256 elapsed=62.7m
epoch=6 step=25710 loss=0.0859 elapsed=63.0m
epoch=6 step=25720 loss=0.0393 elapsed=63.4m
epoch=6 step=25730 loss=0.0216 elapsed=63.7m
epoch=6 step=25740 loss=0.2146 elapsed=64.0m
epoch=6 step=25750 loss=0.0029 elapsed=64.3m
epoch=6 step=25760 loss=0.0875 elapsed=64.6m
epoch=6 step=25770 loss=0.0309 elapsed=65.0m
epoch=6 step=25780 loss=0.0354 elapsed=65.3m
epoch=6 step=25790 loss=0.2094 elapsed=65.6m
epoch=6 step=25800 loss=0.0075 elapsed=65.9m
epoch=6 step=25810 loss=0.0265 elapsed=66.2m
epoch=6 step=25820 loss=0.1085 elapsed=66.6m
epoch=6 step=25830 loss=0.1321 elapsed=66.9m
epoch=6 step=25840 loss=0.1867 elapsed=67.2m
epoch=6 step=25850 loss=0.0350 elapsed=67.5m
epoch=6 step=25860 loss=0.1307 elapsed=67.8m
epoch=6 step=25870 loss=0.0389 elapsed=68.2m
epoch=6 step=25880 loss=0.0135 elapsed=68.5m
epoch=6 step=25890 loss=0.0067 elapsed=68.8m
epoch=6 step=25900 loss=0.0708 elapsed=69.1m
epoch=6 step=25910 loss=0.0294 elapsed=69.4m
epoch=6 step=25920 loss=0.0462 elapsed=69.8m
epoch=6 step=25930 loss=0.2413 elapsed=70.1m
epoch=6 step=25940 loss=0.0253 elapsed=70.4m
epoch=6 step=25950 loss=0.0312 elapsed=70.7m
epoch=6 step=25960 loss=0.0022 elapsed=71.0m
epoch=6 step=25970 loss=0.1577 elapsed=71.4m
epoch=6 step=25980 loss=0.2020 elapsed=71.7m
epoch=6 step=25990 loss=0.0537 elapsed=72.0m
epoch=6 step=26000 loss=0.0594 elapsed=72.3m
epoch=6 step=26010 loss=0.0109 elapsed=72.6m
epoch=6 step=26020 loss=0.0970 elapsed=73.0m
epoch=6 step=26030 loss=0.2285 elapsed=73.3m
epoch=6 step=26040 loss=0.1866 elapsed=73.6m
epoch=6 step=26050 loss=0.2506 elapsed=73.9m
epoch=6 step=26060 loss=0.0149 elapsed=74.2m
epoch=6 step=26070 loss=0.0154 elapsed=74.6m
epoch=6 step=26080 loss=0.1173 elapsed=74.9m
epoch=6 step=26090 loss=0.0204 elapsed=75.2m
epoch=6 step=26100 loss=0.0664 elapsed=75.5m
epoch=6 step=26110 loss=0.0513 elapsed=75.8m
epoch=6 step=26120 loss=0.1122 elapsed=76.1m
epoch=6 step=26130 loss=0.0730 elapsed=76.5m
epoch=6 step=26140 loss=0.1221 elapsed=76.8m
epoch=6 step=26150 loss=0.0215 elapsed=77.1m
epoch=6 step=26160 loss=0.1512 elapsed=77.4m
epoch=6 step=26170 loss=0.0051 elapsed=77.7m
epoch=6 step=26180 loss=0.2236 elapsed=78.1m
epoch=6 step=26190 loss=0.1315 elapsed=78.4m
epoch=6 step=26200 loss=0.0187 elapsed=78.7m
epoch=6 step=26210 loss=0.1062 elapsed=79.0m
epoch=6 step=26220 loss=0.0099 elapsed=79.3m
epoch=6 step=26230 loss=0.0306 elapsed=79.7m
epoch=6 step=26240 loss=0.1495 elapsed=80.0m
Saved checkpoint: outputs/blt_gec/learner/last.ckpt
epoch=6 step=26250 loss=0.0759 elapsed=81.0m
epoch=6 step=26260 loss=0.0060 elapsed=81.4m
epoch=6 step=26270 loss=0.0769 elapsed=81.7m
epoch=6 step=26280 loss=0.0023 elapsed=82.0m
epoch=6 step=26290 loss=0.0817 elapsed=82.3m
epoch=6 step=26300 loss=0.0019 elapsed=82.6m
epoch=6 step=26310 loss=0.0045 elapsed=83.0m
epoch=6 step=26320 loss=0.0851 elapsed=83.3m
epoch=6 step=26330 loss=0.0043 elapsed=83.6m
epoch=6 validation loss=0.1498
Saved checkpoint: outputs/blt_gec/learner/last.ckpt
epoch=7 step=26340 loss=0.0011 elapsed=95.2m
epoch=7 step=26350 loss=0.0839 elapsed=95.5m
epoch=7 step=26360 loss=0.0689 elapsed=95.9m
epoch=7 step=26370 loss=0.0028 elapsed=96.2m
epoch=7 step=26380 loss=0.0062 elapsed=96.5m
epoch=7 step=26390 loss=0.1131 elapsed=96.8m
epoch=7 step=26400 loss=0.0398 elapsed=97.1m
epoch=7 step=26410 loss=0.2937 elapsed=97.5m
epoch=7 step=26420 loss=0.0281 elapsed=97.8m
epoch=7 step=26430 loss=0.0719 elapsed=98.1m
epoch=7 step=26440 loss=0.0794 elapsed=98.4m
epoch=7 step=26450 loss=0.0004 elapsed=98.7m
epoch=7 step=26460 loss=0.0220 elapsed=99.0m
epoch=7 step=26470 loss=0.0568 elapsed=99.4m
epoch=7 step=26480 loss=0.0589 elapsed=99.7m
epoch=7 step=26490 loss=0.0426 elapsed=100.0m
Saved checkpoint: outputs/blt_gec/learner/last.ckpt
epoch=7 step=26500 loss=0.0017 elapsed=101.1m
epoch=7 step=26510 loss=0.0052 elapsed=101.4m
epoch=7 step=26520 loss=0.0671 elapsed=101.7m
epoch=7 step=26530 loss=0.0201 elapsed=102.0m
epoch=7 step=26540 loss=0.0175 elapsed=102.4m
epoch=7 step=26550 loss=0.0368 elapsed=102.7m
epoch=7 step=26560 loss=0.0286 elapsed=103.0m
epoch=7 step=26570 loss=0.0058 elapsed=103.3m
epoch=7 step=26580 loss=0.1599 elapsed=103.6m
epoch=7 step=26590 loss=0.2632 elapsed=104.0m
epoch=7 step=26600 loss=0.0071 elapsed=104.3m
epoch=7 step=26610 loss=0.1075 elapsed=104.6m
epoch=7 step=26620 loss=0.0172 elapsed=104.9m
epoch=7 step=26630 loss=0.0104 elapsed=105.2m
epoch=7 step=26640 loss=0.0629 elapsed=105.6m
epoch=7 step=26650 loss=0.0235 elapsed=105.9m
epoch=7 step=26660 loss=0.0002 elapsed=106.2m
epoch=7 step=26670 loss=0.0028 elapsed=106.5m
epoch=7 step=26680 loss=0.0017 elapsed=106.8m
epoch=7 step=26690 loss=0.0176 elapsed=107.1m
epoch=7 step=26700 loss=0.0035 elapsed=107.5m
epoch=7 step=26710 loss=0.0768 elapsed=107.8m
epoch=7 step=26720 loss=0.0870 elapsed=108.1m
epoch=7 step=26730 loss=0.0293 elapsed=108.4m
epoch=7 step=26740 loss=0.0908 elapsed=108.7m
epoch=7 step=26750 loss=0.0271 elapsed=109.1m
epoch=7 step=26760 loss=0.0045 elapsed=109.4m
epoch=7 step=26770 loss=0.0047 elapsed=109.7m
epoch=7 step=26780 loss=0.0128 elapsed=110.0m
epoch=7 step=26790 loss=0.0121 elapsed=110.3m
epoch=7 step=26800 loss=0.0061 elapsed=110.7m
epoch=7 step=26810 loss=0.0042 elapsed=111.0m
epoch=7 step=26820 loss=0.0184 elapsed=111.3m
epoch=7 step=26830 loss=0.0020 elapsed=111.6m
epoch=7 step=26840 loss=0.0184 elapsed=111.9m
epoch=7 step=26850 loss=0.0319 elapsed=112.3m
epoch=7 step=26860 loss=0.0138 elapsed=112.6m
epoch=7 step=26870 loss=0.1815 elapsed=112.9m
epoch=7 step=26880 loss=0.0837 elapsed=113.2m
epoch=7 step=26890 loss=0.0282 elapsed=113.5m
epoch=7 step=26900 loss=0.0112 elapsed=113.9m
epoch=7 step=26910 loss=0.0190 elapsed=114.2m
epoch=7 step=26920 loss=0.0014 elapsed=114.5m
epoch=7 step=26930 loss=0.3515 elapsed=114.8m
epoch=7 step=26940 loss=0.0211 elapsed=115.1m
epoch=7 step=26950 loss=0.0017 elapsed=115.4m
epoch=7 step=26960 loss=0.0391 elapsed=115.8m
epoch=7 step=26970 loss=0.0148 elapsed=116.1m
epoch=7 step=26980 loss=0.1216 elapsed=116.4m
epoch=7 step=26990 loss=0.1331 elapsed=116.7m
epoch=7 step=27000 loss=0.1432 elapsed=117.0m
epoch=7 step=27010 loss=0.0145 elapsed=117.4m
epoch=7 step=27020 loss=0.0659 elapsed=117.7m
epoch=7 step=27030 loss=0.0534 elapsed=118.0m
epoch=7 step=27040 loss=0.0021 elapsed=118.3m
epoch=7 step=27050 loss=0.1544 elapsed=118.6m
epoch=7 step=27060 loss=0.0371 elapsed=119.0m
epoch=7 step=27070 loss=0.0146 elapsed=119.3m
epoch=7 step=27080 loss=0.0005 elapsed=119.6m
epoch=7 step=27090 loss=0.1330 elapsed=119.9m
Saved checkpoint: outputs/blt_gec/learner/last.ckpt
epoch=7 step=27100 loss=0.0724 elapsed=121.0m
epoch=7 step=27110 loss=0.0321 elapsed=121.4m
epoch=7 step=27120 loss=0.0002 elapsed=121.7m
epoch=7 step=27130 loss=0.1738 elapsed=122.0m
epoch=7 step=27140 loss=0.0207 elapsed=122.3m
epoch=7 step=27150 loss=0.0059 elapsed=122.6m
epoch=7 step=27160 loss=0.0812 elapsed=123.0m
epoch=7 step=27170 loss=0.0012 elapsed=123.3m
epoch=7 step=27180 loss=0.1860 elapsed=123.6m
epoch=7 step=27190 loss=0.1078 elapsed=123.9m
epoch=7 step=27200 loss=0.0221 elapsed=124.2m
epoch=7 step=27210 loss=0.0760 elapsed=124.6m
epoch=7 step=27220 loss=0.0859 elapsed=124.9m
epoch=7 step=27230 loss=0.0832 elapsed=125.2m
epoch=7 step=27240 loss=0.0089 elapsed=125.5m
epoch=7 step=27250 loss=0.0042 elapsed=125.8m
epoch=7 step=27260 loss=0.0310 elapsed=126.2m
epoch=7 step=27270 loss=0.1555 elapsed=126.5m
epoch=7 step=27280 loss=0.0038 elapsed=126.8m
epoch=7 step=27290 loss=0.0045 elapsed=127.1m
epoch=7 step=27300 loss=0.2005 elapsed=127.4m
epoch=7 step=27310 loss=0.0407 elapsed=127.7m
epoch=7 step=27320 loss=0.0426 elapsed=128.1m
epoch=7 step=27330 loss=0.3286 elapsed=128.4m
epoch=7 step=27340 loss=0.1628 elapsed=128.7m
epoch=7 step=27350 loss=0.0334 elapsed=129.0m
epoch=7 step=27360 loss=0.0327 elapsed=129.3m
epoch=7 step=27370 loss=0.1045 elapsed=129.7m
epoch=7 step=27380 loss=0.0705 elapsed=130.0m
epoch=7 step=27390 loss=0.0013 elapsed=130.3m
epoch=7 step=27400 loss=0.2521 elapsed=130.6m
epoch=7 step=27410 loss=0.1590 elapsed=130.9m
epoch=7 step=27420 loss=0.0352 elapsed=131.3m
epoch=7 step=27430 loss=0.0488 elapsed=131.6m
epoch=7 step=27440 loss=0.0259 elapsed=131.9m
epoch=7 step=27450 loss=0.0986 elapsed=132.2m
epoch=7 step=27460 loss=0.0493 elapsed=132.5m
epoch=7 step=27470 loss=0.0076 elapsed=132.8m
epoch=7 step=27480 loss=0.1130 elapsed=133.2m
epoch=7 step=27490 loss=0.1079 elapsed=133.5m
epoch=7 step=27500 loss=0.0141 elapsed=133.8m
epoch=7 step=27510 loss=0.0012 elapsed=134.1m
epoch=7 step=27520 loss=0.0753 elapsed=134.4m
epoch=7 step=27530 loss=0.0078 elapsed=134.8m
epoch=7 step=27540 loss=0.0100 elapsed=135.1m
epoch=7 step=27550 loss=0.0564 elapsed=135.4m
epoch=7 step=27560 loss=0.0014 elapsed=135.7m
epoch=7 step=27570 loss=0.0618 elapsed=136.0m
epoch=7 step=27580 loss=0.0529 elapsed=136.4m
epoch=7 step=27590 loss=0.0007 elapsed=136.7m
epoch=7 step=27600 loss=0.0023 elapsed=137.0m
epoch=7 step=27610 loss=0.1471 elapsed=137.3m
epoch=7 step=27620 loss=0.0710 elapsed=137.6m
epoch=7 step=27630 loss=0.0058 elapsed=138.0m
epoch=7 step=27640 loss=0.1793 elapsed=138.3m
epoch=7 step=27650 loss=0.2598 elapsed=138.6m
epoch=7 step=27660 loss=0.1048 elapsed=138.9m
epoch=7 step=27670 loss=0.0582 elapsed=139.2m
epoch=7 step=27680 loss=0.1607 elapsed=139.5m
epoch=7 step=27690 loss=0.1844 elapsed=139.9m
Saved checkpoint: outputs/blt_gec/learner/last.ckpt
epoch=7 step=27700 loss=0.1260 elapsed=140.9m
epoch=7 step=27710 loss=0.0052 elapsed=141.2m
epoch=7 step=27720 loss=0.0219 elapsed=141.6m
epoch=7 step=27730 loss=0.1156 elapsed=141.9m
epoch=7 step=27740 loss=0.0946 elapsed=142.2m
epoch=7 step=27750 loss=0.1254 elapsed=142.5m
epoch=7 step=27760 loss=0.0062 elapsed=142.8m
epoch=7 step=27770 loss=0.0204 elapsed=143.2m
epoch=7 step=27780 loss=0.0700 elapsed=143.5m
epoch=7 step=27790 loss=0.0029 elapsed=143.8m
epoch=7 step=27800 loss=0.0545 elapsed=144.1m
epoch=7 step=27810 loss=0.0261 elapsed=144.4m
epoch=7 step=27820 loss=0.1772 elapsed=144.8m
epoch=7 step=27830 loss=0.0522 elapsed=145.1m
epoch=7 step=27840 loss=0.0379 elapsed=145.4m
epoch=7 step=27850 loss=0.0771 elapsed=145.7m
epoch=7 step=27860 loss=0.0127 elapsed=146.0m
epoch=7 step=27870 loss=0.0032 elapsed=146.4m
epoch=7 step=27880 loss=0.0667 elapsed=146.7m
epoch=7 step=27890 loss=0.0856 elapsed=147.0m
epoch=7 step=27900 loss=0.0078 elapsed=147.3m
epoch=7 step=27910 loss=0.1025 elapsed=147.6m
epoch=7 step=27920 loss=0.0543 elapsed=148.0m
epoch=7 step=27930 loss=0.0011 elapsed=148.3m
epoch=7 step=27940 loss=0.0989 elapsed=148.6m
epoch=7 step=27950 loss=0.0027 elapsed=148.9m
epoch=7 step=27960 loss=0.0633 elapsed=149.2m
epoch=7 step=27970 loss=0.0804 elapsed=149.6m
epoch=7 step=27980 loss=0.1022 elapsed=149.9m
epoch=7 step=27990 loss=0.1202 elapsed=150.2m
epoch=7 step=28000 loss=0.0167 elapsed=150.5m
epoch=7 step=28010 loss=0.0357 elapsed=150.8m
epoch=7 step=28020 loss=0.1987 elapsed=151.1m
epoch=7 step=28030 loss=0.0299 elapsed=151.5m
epoch=7 step=28040 loss=0.0985 elapsed=151.8m
epoch=7 step=28050 loss=0.0680 elapsed=152.1m
epoch=7 step=28060 loss=0.0588 elapsed=152.4m
epoch=7 step=28070 loss=0.0180 elapsed=152.7m
epoch=7 step=28080 loss=0.0160 elapsed=153.0m
epoch=7 step=28090 loss=0.0133 elapsed=153.4m
epoch=7 step=28100 loss=0.0116 elapsed=153.7m
epoch=7 step=28110 loss=0.0169 elapsed=154.0m
epoch=7 step=28120 loss=0.0642 elapsed=154.3m
epoch=7 step=28130 loss=0.0043 elapsed=154.6m
epoch=7 step=28140 loss=0.0238 elapsed=154.9m
epoch=7 step=28150 loss=0.0162 elapsed=155.3m
epoch=7 step=28160 loss=0.0851 elapsed=155.6m
epoch=7 step=28170 loss=0.0005 elapsed=155.9m
epoch=7 step=28180 loss=0.0069 elapsed=156.2m
epoch=7 step=28190 loss=0.1436 elapsed=156.5m
epoch=7 step=28200 loss=0.0089 elapsed=156.9m
epoch=7 step=28210 loss=0.0005 elapsed=157.2m
epoch=7 step=28220 loss=0.1513 elapsed=157.5m
epoch=7 step=28230 loss=0.1901 elapsed=157.8m
epoch=7 step=28240 loss=0.0491 elapsed=158.1m
epoch=7 step=28250 loss=0.3208 elapsed=158.4m
epoch=7 step=28260 loss=0.0436 elapsed=158.8m
epoch=7 step=28270 loss=0.0731 elapsed=159.1m
epoch=7 step=28280 loss=0.0704 elapsed=159.4m
epoch=7 step=28290 loss=0.0342 elapsed=159.7m
epoch=7 step=28300 loss=0.1026 elapsed=160.0m
Saved checkpoint: outputs/blt_gec/learner/last.ckpt
epoch=7 step=28310 loss=0.0852 elapsed=161.1m
epoch=7 step=28320 loss=0.0208 elapsed=161.4m
epoch=7 step=28330 loss=0.0012 elapsed=161.7m
epoch=7 step=28340 loss=0.0050 elapsed=162.1m
epoch=7 step=28350 loss=0.1499 elapsed=162.4m
epoch=7 step=28360 loss=0.0273 elapsed=162.7m
epoch=7 step=28370 loss=0.0135 elapsed=163.0m
epoch=7 step=28380 loss=0.0396 elapsed=163.3m
epoch=7 step=28390 loss=0.0150 elapsed=163.6m
epoch=7 step=28400 loss=0.0620 elapsed=164.0m
epoch=7 step=28410 loss=0.0011 elapsed=164.3m
epoch=7 step=28420 loss=0.0328 elapsed=164.6m
epoch=7 step=28430 loss=0.0599 elapsed=164.9m
epoch=7 step=28440 loss=0.0051 elapsed=165.2m
epoch=7 step=28450 loss=0.1929 elapsed=165.6m
epoch=7 step=28460 loss=0.0650 elapsed=165.9m
epoch=7 step=28470 loss=0.0014 elapsed=166.2m
epoch=7 step=28480 loss=0.0840 elapsed=166.5m
epoch=7 step=28490 loss=0.1430 elapsed=166.9m
epoch=7 step=28500 loss=0.0296 elapsed=167.2m
epoch=7 step=28510 loss=0.0049 elapsed=167.5m
epoch=7 step=28520 loss=0.0116 elapsed=167.8m
epoch=7 step=28530 loss=0.1123 elapsed=168.1m
epoch=7 step=28540 loss=0.0611 elapsed=168.4m
epoch=7 step=28550 loss=0.2517 elapsed=168.8m
epoch=7 step=28560 loss=0.0195 elapsed=169.1m
epoch=7 step=28570 loss=0.0813 elapsed=169.4m
epoch=7 step=28580 loss=0.0571 elapsed=169.7m
epoch=7 step=28590 loss=0.0019 elapsed=170.0m
epoch=7 step=28600 loss=0.1413 elapsed=170.4m
epoch=7 step=28610 loss=0.1351 elapsed=170.7m
epoch=7 step=28620 loss=0.0695 elapsed=171.0m
epoch=7 step=28630 loss=0.0694 elapsed=171.3m
epoch=7 step=28640 loss=0.0241 elapsed=171.7m
epoch=7 step=28650 loss=0.1070 elapsed=172.0m
epoch=7 step=28660 loss=0.0276 elapsed=172.3m
epoch=7 step=28670 loss=0.1314 elapsed=172.6m
epoch=7 step=28680 loss=0.0006 elapsed=172.9m
epoch=7 step=28690 loss=0.0366 elapsed=173.3m
epoch=7 step=28700 loss=0.0016 elapsed=173.6m
epoch=7 step=28710 loss=0.0602 elapsed=173.9m
epoch=7 step=28720 loss=0.1143 elapsed=174.2m
epoch=7 step=28730 loss=0.0677 elapsed=174.5m
epoch=7 step=28740 loss=0.1517 elapsed=174.8m
epoch=7 step=28750 loss=0.0013 elapsed=175.2m
epoch=7 step=28760 loss=0.1208 elapsed=175.5m
epoch=7 step=28770 loss=0.1005 elapsed=175.8m
epoch=7 step=28780 loss=0.0544 elapsed=176.1m
epoch=7 step=28790 loss=0.0957 elapsed=176.4m
epoch=7 step=28800 loss=0.0051 elapsed=176.8m
epoch=7 step=28810 loss=0.0857 elapsed=177.1m
epoch=7 validation loss=0.1502
Saved checkpoint: outputs/blt_gec/learner/last.ckpt
Saved checkpoint: outputs/blt_gec/learner/last.ckpt
epoch=8 step=28820 loss=0.0007 elapsed=189.5m
epoch=8 step=28830 loss=0.0062 elapsed=189.8m
epoch=8 step=28840 loss=0.0972 elapsed=190.1m
epoch=8 step=28850 loss=0.0246 elapsed=190.4m
epoch=8 step=28860 loss=0.0729 elapsed=190.7m
epoch=8 step=28870 loss=0.0178 elapsed=191.1m
epoch=8 step=28880 loss=0.0907 elapsed=191.4m
epoch=8 step=28890 loss=0.0785 elapsed=191.7m
epoch=8 step=28900 loss=0.0948 elapsed=192.0m
epoch=8 step=28910 loss=0.2736 elapsed=192.3m
epoch=8 step=28920 loss=0.0786 elapsed=192.7m
epoch=8 step=28930 loss=0.0022 elapsed=193.0m
epoch=8 step=28940 loss=0.1843 elapsed=193.3m
epoch=8 step=28950 loss=0.0291 elapsed=193.6m
epoch=8 step=28960 loss=0.0319 elapsed=193.9m
epoch=8 step=28970 loss=0.0051 elapsed=194.3m
epoch=8 step=28980 loss=0.0078 elapsed=194.6m
epoch=8 step=28990 loss=0.0396 elapsed=194.9m
epoch=8 step=29000 loss=0.0032 elapsed=195.2m
epoch=8 step=29010 loss=0.1856 elapsed=195.5m
epoch=8 step=29020 loss=0.0481 elapsed=195.9m
epoch=8 step=29030 loss=0.0030 elapsed=196.2m
epoch=8 step=29040 loss=0.1249 elapsed=196.5m
epoch=8 step=29050 loss=0.0531 elapsed=196.8m
epoch=8 step=29060 loss=0.0541 elapsed=197.1m
epoch=8 step=29070 loss=0.0056 elapsed=197.5m
epoch=8 step=29080 loss=0.0163 elapsed=197.8m
epoch=8 step=29090 loss=0.1259 elapsed=198.1m
epoch=8 step=29100 loss=0.1406 elapsed=198.4m
epoch=8 step=29110 loss=0.0373 elapsed=198.7m
epoch=8 step=29120 loss=0.0873 elapsed=199.1m
epoch=8 step=29130 loss=0.0447 elapsed=199.4m
epoch=8 step=29140 loss=0.0347 elapsed=199.7m
epoch=8 step=29150 loss=0.0482 elapsed=200.0m
epoch=8 step=29160 loss=0.1091 elapsed=200.3m
epoch=8 step=29170 loss=0.0270 elapsed=200.7m
epoch=8 step=29180 loss=0.0761 elapsed=201.0m
epoch=8 step=29190 loss=0.0045 elapsed=201.3m
epoch=8 step=29200 loss=0.1870 elapsed=201.6m
epoch=8 step=29210 loss=0.1569 elapsed=201.9m
epoch=8 step=29220 loss=0.0314 elapsed=202.3m
epoch=8 step=29230 loss=0.1011 elapsed=202.6m
epoch=8 step=29240 loss=0.0306 elapsed=202.9m
epoch=8 step=29250 loss=0.0232 elapsed=203.2m
epoch=8 step=29260 loss=0.0459 elapsed=203.5m
epoch=8 step=29270 loss=0.0128 elapsed=203.9m
epoch=8 step=29280 loss=0.0361 elapsed=204.2m
epoch=8 step=29290 loss=0.0021 elapsed=204.5m
epoch=8 step=29300 loss=0.0018 elapsed=204.8m
epoch=8 step=29310 loss=0.0203 elapsed=205.1m
epoch=8 step=29320 loss=0.0516 elapsed=205.5m
epoch=8 step=29330 loss=0.0024 elapsed=205.8m
epoch=8 step=29340 loss=0.0231 elapsed=206.1m
epoch=8 step=29350 loss=0.0363 elapsed=206.4m
epoch=8 step=29360 loss=0.0980 elapsed=206.7m
epoch=8 step=29370 loss=0.0016 elapsed=207.0m
epoch=8 step=29380 loss=0.0140 elapsed=207.4m
epoch=8 step=29390 loss=0.0872 elapsed=207.7m
epoch=8 step=29400 loss=0.0666 elapsed=208.0m
epoch=8 step=29410 loss=0.0012 elapsed=208.3m
epoch=8 step=29420 loss=0.0015 elapsed=208.6m
Saved checkpoint: outputs/blt_gec/learner/last.ckpt
epoch=8 step=29430 loss=0.0094 elapsed=209.7m
epoch=8 step=29440 loss=0.0140 elapsed=210.0m
epoch=8 step=29450 loss=0.0575 elapsed=210.4m
epoch=8 step=29460 loss=0.1898 elapsed=210.7m
epoch=8 step=29470 loss=0.0824 elapsed=211.0m
epoch=8 step=29480 loss=0.1548 elapsed=211.3m
epoch=8 step=29490 loss=0.1204 elapsed=211.6m
epoch=8 step=29500 loss=0.0180 elapsed=212.0m
epoch=8 step=29510 loss=0.0466 elapsed=212.3m
epoch=8 step=29520 loss=0.0373 elapsed=212.6m
epoch=8 step=29530 loss=0.0028 elapsed=212.9m
epoch=8 step=29540 loss=0.0440 elapsed=213.2m
epoch=8 step=29550 loss=0.0152 elapsed=213.6m
epoch=8 step=29560 loss=0.0117 elapsed=213.9m
epoch=8 step=29570 loss=0.0511 elapsed=214.2m
epoch=8 step=29580 loss=0.0106 elapsed=214.5m
epoch=8 step=29590 loss=0.0526 elapsed=214.8m
epoch=8 step=29600 loss=0.0592 elapsed=215.2m
epoch=8 step=29610 loss=0.0060 elapsed=215.5m
epoch=8 step=29620 loss=0.0011 elapsed=215.8m
epoch=8 step=29630 loss=0.0936 elapsed=216.1m
epoch=8 step=29640 loss=0.0075 elapsed=216.5m
epoch=8 step=29650 loss=0.0597 elapsed=216.8m
epoch=8 step=29660 loss=0.0588 elapsed=217.1m
epoch=8 step=29670 loss=0.0591 elapsed=217.4m
epoch=8 step=29680 loss=0.0100 elapsed=217.7m
epoch=8 step=29690 loss=0.2321 elapsed=218.1m
epoch=8 step=29700 loss=0.0657 elapsed=218.4m
epoch=8 step=29710 loss=0.0041 elapsed=218.7m
epoch=8 step=29720 loss=0.0335 elapsed=219.0m
epoch=8 step=29730 loss=0.0225 elapsed=219.4m
epoch=8 step=29740 loss=0.0024 elapsed=219.7m
epoch=8 step=29750 loss=0.0180 elapsed=220.0m
epoch=8 step=29760 loss=0.0833 elapsed=220.3m
epoch=8 step=29770 loss=0.0421 elapsed=220.6m
epoch=8 step=29780 loss=0.0611 elapsed=221.0m
epoch=8 step=29790 loss=0.0809 elapsed=221.3m
epoch=8 step=29800 loss=0.0544 elapsed=221.6m
epoch=8 step=29810 loss=0.2237 elapsed=221.9m
epoch=8 step=29820 loss=0.0280 elapsed=222.2m
epoch=8 step=29830 loss=0.0192 elapsed=222.6m
epoch=8 step=29840 loss=0.0796 elapsed=222.9m
epoch=8 step=29850 loss=0.0002 elapsed=223.2m
epoch=8 step=29860 loss=0.1614 elapsed=223.5m
epoch=8 step=29870 loss=0.0153 elapsed=223.8m
epoch=8 step=29880 loss=0.0261 elapsed=224.2m
epoch=8 step=29890 loss=0.1330 elapsed=224.5m
epoch=8 step=29900 loss=0.0055 elapsed=224.8m
epoch=8 step=29910 loss=0.1207 elapsed=225.1m
epoch=8 step=29920 loss=0.0303 elapsed=225.4m
epoch=8 step=29930 loss=0.1012 elapsed=225.8m
epoch=8 step=29940 loss=0.0098 elapsed=226.1m
epoch=8 step=29950 loss=0.0561 elapsed=226.4m
epoch=8 step=29960 loss=0.0133 elapsed=226.7m
epoch=8 step=29970 loss=0.0429 elapsed=227.0m
epoch=8 step=29980 loss=0.0505 elapsed=227.3m
epoch=8 step=29990 loss=0.0365 elapsed=227.7m
epoch=8 step=30000 loss=0.0114 elapsed=228.0m
epoch=8 step=30010 loss=0.0613 elapsed=228.3m
epoch=8 step=30020 loss=0.0008 elapsed=228.6m
Saved checkpoint: outputs/blt_gec/learner/last.ckpt
epoch=8 step=30030 loss=0.0164 elapsed=229.7m
epoch=8 step=30040 loss=0.0284 elapsed=230.1m
epoch=8 step=30050 loss=0.0468 elapsed=230.4m
epoch=8 step=30060 loss=0.0033 elapsed=230.7m
epoch=8 step=30070 loss=0.2178 elapsed=231.0m
epoch=8 step=30080 loss=0.0045 elapsed=231.3m
epoch=8 step=30090 loss=0.0994 elapsed=231.7m
epoch=8 step=30100 loss=0.0294 elapsed=232.0m
epoch=8 step=30110 loss=0.0043 elapsed=232.3m
epoch=8 step=30120 loss=0.2496 elapsed=232.6m
epoch=8 step=30130 loss=0.0664 elapsed=232.9m
epoch=8 step=30140 loss=0.0068 elapsed=233.3m
epoch=8 step=30150 loss=0.0003 elapsed=233.6m
epoch=8 step=30160 loss=0.0047 elapsed=233.9m
epoch=8 step=30170 loss=0.0007 elapsed=234.2m
epoch=8 step=30180 loss=0.0384 elapsed=234.5m
epoch=8 step=30190 loss=0.0254 elapsed=234.9m
epoch=8 step=30200 loss=0.0153 elapsed=235.2m
epoch=8 step=30210 loss=0.0014 elapsed=235.6m
epoch=8 step=30220 loss=0.0203 elapsed=235.9m
epoch=8 step=30230 loss=0.1129 elapsed=236.2m
epoch=8 step=30240 loss=0.0074 elapsed=236.5m
epoch=8 step=30250 loss=0.1073 elapsed=236.9m
epoch=8 step=30260 loss=0.0251 elapsed=237.2m
epoch=8 step=30270 loss=0.0897 elapsed=237.5m
epoch=8 step=30280 loss=0.0117 elapsed=237.8m
epoch=8 step=30290 loss=0.1854 elapsed=238.2m
epoch=8 step=30300 loss=0.0649 elapsed=238.5m
epoch=8 step=30310 loss=0.1304 elapsed=238.8m
epoch=8 step=30320 loss=0.0331 elapsed=239.1m
epoch=8 step=30330 loss=0.0619 elapsed=239.4m
epoch=8 step=30340 loss=0.0115 elapsed=239.8m
epoch=8 step=30350 loss=0.0427 elapsed=240.1m
epoch=8 step=30360 loss=0.0285 elapsed=240.4m
epoch=8 step=30370 loss=0.0041 elapsed=240.7m
epoch=8 step=30380 loss=0.0053 elapsed=241.0m
epoch=8 step=30390 loss=0.0603 elapsed=241.4m
epoch=8 step=30400 loss=0.0046 elapsed=241.7m
epoch=8 step=30410 loss=0.0167 elapsed=242.0m
epoch=8 step=30420 loss=0.1024 elapsed=242.3m
epoch=8 step=30430 loss=0.0580 elapsed=242.6m
epoch=8 step=30440 loss=0.0020 elapsed=243.0m
epoch=8 step=30450 loss=0.0504 elapsed=243.3m
epoch=8 step=30460 loss=0.0009 elapsed=243.6m
epoch=8 step=30470 loss=0.1165 elapsed=243.9m
epoch=8 step=30480 loss=0.0106 elapsed=244.2m
epoch=8 step=30490 loss=0.1028 elapsed=244.6m
epoch=8 step=30500 loss=0.0040 elapsed=244.9m
epoch=8 step=30510 loss=0.0412 elapsed=245.2m
epoch=8 step=30520 loss=0.0628 elapsed=245.5m
epoch=8 step=30530 loss=0.0032 elapsed=245.8m
epoch=8 step=30540 loss=0.0348 elapsed=246.2m
epoch=8 step=30550 loss=0.0214 elapsed=246.5m
epoch=8 step=30560 loss=0.0312 elapsed=246.8m
epoch=8 step=30570 loss=0.0067 elapsed=247.1m
epoch=8 step=30580 loss=0.0056 elapsed=247.4m
epoch=8 step=30590 loss=0.0776 elapsed=247.8m
epoch=8 step=30600 loss=0.0699 elapsed=248.1m
epoch=8 step=30610 loss=0.1045 elapsed=248.4m
epoch=8 step=30620 loss=0.0202 elapsed=248.7m
Saved checkpoint: outputs/blt_gec/learner/last.ckpt
epoch=8 step=30630 loss=0.0318 elapsed=249.8m
epoch=8 step=30640 loss=0.0841 elapsed=250.1m
epoch=8 step=30650 loss=0.0076 elapsed=250.4m
epoch=8 step=30660 loss=0.0097 elapsed=250.8m
epoch=8 step=30670 loss=0.0229 elapsed=251.1m
epoch=8 step=30680 loss=0.1207 elapsed=251.4m
epoch=8 step=30690 loss=0.0815 elapsed=251.7m
epoch=8 step=30700 loss=0.1242 elapsed=252.0m
epoch=8 step=30710 loss=0.0004 elapsed=252.4m
epoch=8 step=30720 loss=0.1638 elapsed=252.7m
epoch=8 step=30730 loss=0.0830 elapsed=253.0m
epoch=8 step=30740 loss=0.0192 elapsed=253.3m
epoch=8 step=30750 loss=0.0124 elapsed=253.6m
epoch=8 step=30760 loss=0.0347 elapsed=254.0m
epoch=8 step=30770 loss=0.0536 elapsed=254.3m
epoch=8 step=30780 loss=0.0792 elapsed=254.6m
epoch=8 step=30790 loss=0.1435 elapsed=254.9m
epoch=8 step=30800 loss=0.3359 elapsed=255.2m
epoch=8 step=30810 loss=0.0071 elapsed=255.6m
epoch=8 step=30820 loss=0.0076 elapsed=255.9m
epoch=8 step=30830 loss=0.0206 elapsed=256.2m
epoch=8 step=30840 loss=0.0275 elapsed=256.5m
epoch=8 step=30850 loss=0.0325 elapsed=256.8m
epoch=8 step=30860 loss=0.0007 elapsed=257.2m
epoch=8 step=30870 loss=0.1138 elapsed=257.5m
epoch=8 step=30880 loss=0.0274 elapsed=257.8m
epoch=8 step=30890 loss=0.0002 elapsed=258.1m
epoch=8 step=30900 loss=0.3207 elapsed=258.4m
epoch=8 step=30910 loss=0.0268 elapsed=258.8m
epoch=8 step=30920 loss=0.0263 elapsed=259.1m
epoch=8 step=30930 loss=0.1358 elapsed=259.4m
epoch=8 step=30940 loss=0.0067 elapsed=259.7m
epoch=8 step=30950 loss=0.0245 elapsed=260.0m
epoch=8 step=30960 loss=0.0739 elapsed=260.4m
epoch=8 step=30970 loss=0.0058 elapsed=260.7m
epoch=8 step=30980 loss=0.2361 elapsed=261.0m
epoch=8 step=30990 loss=0.0650 elapsed=261.3m
epoch=8 step=31000 loss=0.0043 elapsed=261.6m
epoch=8 step=31010 loss=0.0101 elapsed=262.0m
epoch=8 step=31020 loss=0.1263 elapsed=262.3m
epoch=8 step=31030 loss=0.1548 elapsed=262.6m
epoch=8 step=31040 loss=0.0470 elapsed=262.9m
epoch=8 step=31050 loss=0.0137 elapsed=263.2m
epoch=8 step=31060 loss=0.0901 elapsed=263.6m
epoch=8 step=31070 loss=0.0235 elapsed=263.9m
epoch=8 step=31080 loss=0.0192 elapsed=264.2m
epoch=8 step=31090 loss=0.0767 elapsed=264.5m
epoch=8 step=31100 loss=0.0730 elapsed=264.8m
epoch=8 step=31110 loss=0.0297 elapsed=265.2m
epoch=8 step=31120 loss=0.0034 elapsed=265.5m
epoch=8 step=31130 loss=0.0870 elapsed=265.8m
epoch=8 step=31140 loss=0.1130 elapsed=266.1m
epoch=8 step=31150 loss=0.0569 elapsed=266.4m
epoch=8 step=31160 loss=0.0383 elapsed=266.8m
epoch=8 step=31170 loss=0.0070 elapsed=267.1m
epoch=8 step=31180 loss=0.0129 elapsed=267.4m
epoch=8 step=31190 loss=0.0232 elapsed=267.7m
epoch=8 step=31200 loss=0.1627 elapsed=268.1m
epoch=8 step=31210 loss=0.0545 elapsed=268.4m
epoch=8 step=31220 loss=0.1737 elapsed=268.7m
Saved checkpoint: outputs/blt_gec/learner/last.ckpt
epoch=8 step=31230 loss=0.0245 elapsed=269.8m
epoch=8 step=31240 loss=0.2145 elapsed=270.1m
epoch=8 step=31250 loss=0.0134 elapsed=270.4m
epoch=8 step=31260 loss=0.0338 elapsed=270.7m
epoch=8 step=31270 loss=0.0209 elapsed=271.1m
epoch=8 step=31280 loss=0.2571 elapsed=271.4m
epoch=8 step=31290 loss=0.0061 elapsed=271.7m
epoch=8 step=31300 loss=0.0038 elapsed=272.0m
epoch=8 validation loss=0.1529
Saved checkpoint: outputs/blt_gec/learner/last.ckpt
epoch=9 step=31310 loss=0.0189 elapsed=283.7m
epoch=9 step=31320 loss=0.0023 elapsed=284.0m
epoch=9 step=31330 loss=0.0437 elapsed=284.3m
epoch=9 step=31340 loss=0.0717 elapsed=284.6m
epoch=9 step=31350 loss=0.0796 elapsed=284.9m
epoch=9 step=31360 loss=0.0082 elapsed=285.3m
epoch=9 step=31370 loss=0.0119 elapsed=285.6m
epoch=9 step=31380 loss=0.1181 elapsed=285.9m
epoch=9 step=31390 loss=0.0216 elapsed=286.2m
epoch=9 step=31400 loss=0.0017 elapsed=286.5m
epoch=9 step=31410 loss=0.0064 elapsed=286.9m
epoch=9 step=31420 loss=0.0502 elapsed=287.2m
epoch=9 step=31430 loss=0.0554 elapsed=287.5m
epoch=9 step=31440 loss=0.1696 elapsed=287.8m
epoch=9 step=31450 loss=0.0034 elapsed=288.1m
epoch=9 step=31460 loss=0.0726 elapsed=288.5m
epoch=9 step=31470 loss=0.0431 elapsed=288.8m
Saved checkpoint: outputs/blt_gec/learner/last.ckpt
epoch=9 step=31480 loss=0.1243 elapsed=289.9m
epoch=9 step=31490 loss=0.1922 elapsed=290.2m
epoch=9 step=31500 loss=0.0594 elapsed=290.5m
epoch=9 step=31510 loss=0.0517 elapsed=290.8m
epoch=9 step=31520 loss=0.0425 elapsed=291.1m
epoch=9 step=31530 loss=0.1319 elapsed=291.5m
epoch=9 step=31540 loss=0.1160 elapsed=291.8m
epoch=9 step=31550 loss=0.0524 elapsed=292.1m
epoch=9 step=31560 loss=0.0320 elapsed=292.4m
epoch=9 step=31570 loss=0.0139 elapsed=292.7m
epoch=9 step=31580 loss=0.0010 elapsed=293.1m
epoch=9 step=31590 loss=0.0581 elapsed=293.4m
epoch=9 step=31600 loss=0.0025 elapsed=293.7m
epoch=9 step=31610 loss=0.0008 elapsed=294.0m
epoch=9 step=31620 loss=0.0478 elapsed=294.3m
epoch=9 step=31630 loss=0.0017 elapsed=294.7m
epoch=9 step=31640 loss=0.0283 elapsed=295.0m
epoch=9 step=31650 loss=0.0414 elapsed=295.3m
epoch=9 step=31660 loss=0.2070 elapsed=295.6m
epoch=9 step=31670 loss=0.0220 elapsed=295.9m
epoch=9 step=31680 loss=0.0316 elapsed=296.3m
epoch=9 step=31690 loss=0.0335 elapsed=296.6m
epoch=9 step=31700 loss=0.0554 elapsed=296.9m
epoch=9 step=31710 loss=0.1353 elapsed=297.2m
epoch=9 step=31720 loss=0.0037 elapsed=297.5m
epoch=9 step=31730 loss=0.0705 elapsed=297.9m
epoch=9 step=31740 loss=0.0536 elapsed=298.2m
epoch=9 step=31750 loss=0.0466 elapsed=298.5m
epoch=9 step=31760 loss=0.0718 elapsed=298.8m
epoch=9 step=31770 loss=0.0995 elapsed=299.2m
epoch=9 step=31780 loss=0.1504 elapsed=299.5m
epoch=9 step=31790 loss=0.0331 elapsed=299.8m
epoch=9 step=31800 loss=0.1445 elapsed=300.1m
epoch=9 step=31810 loss=0.0718 elapsed=300.4m
epoch=9 step=31820 loss=0.1432 elapsed=300.8m
epoch=9 step=31830 loss=0.0070 elapsed=301.1m
epoch=9 step=31840 loss=0.0739 elapsed=301.4m
epoch=9 step=31850 loss=0.0577 elapsed=301.7m
epoch=9 step=31860 loss=0.1011 elapsed=302.1m
epoch=9 step=31870 loss=0.0732 elapsed=302.4m
epoch=9 step=31880 loss=0.0181 elapsed=302.7m
epoch=9 step=31890 loss=0.0339 elapsed=303.0m
epoch=9 step=31900 loss=0.0073 elapsed=303.3m
epoch=9 step=31910 loss=0.0536 elapsed=303.7m
epoch=9 step=31920 loss=0.2041 elapsed=304.0m
epoch=9 step=31930 loss=0.0036 elapsed=304.3m
epoch=9 step=31940 loss=0.0318 elapsed=304.6m
epoch=9 step=31950 loss=0.0366 elapsed=304.9m
epoch=9 step=31960 loss=0.0081 elapsed=305.3m
epoch=9 step=31970 loss=0.0266 elapsed=305.6m
epoch=9 step=31980 loss=0.0145 elapsed=305.9m
epoch=9 step=31990 loss=0.2298 elapsed=306.2m
epoch=9 step=32000 loss=0.0429 elapsed=306.5m
epoch=9 step=32010 loss=0.0633 elapsed=306.9m
epoch=9 step=32020 loss=0.0886 elapsed=307.2m
epoch=9 step=32030 loss=0.0503 elapsed=307.5m
epoch=9 step=32040 loss=0.1833 elapsed=307.8m
epoch=9 step=32050 loss=0.1735 elapsed=308.1m
epoch=9 step=32060 loss=0.0963 elapsed=308.5m
epoch=9 step=32070 loss=0.0817 elapsed=308.8m
Saved checkpoint: outputs/blt_gec/learner/last.ckpt
epoch=9 step=32080 loss=0.0036 elapsed=309.9m
epoch=9 step=32090 loss=0.0592 elapsed=310.2m
epoch=9 step=32100 loss=0.0549 elapsed=310.5m
epoch=9 step=32110 loss=0.0023 elapsed=310.8m
epoch=9 step=32120 loss=0.1191 elapsed=311.1m
epoch=9 step=32130 loss=0.1202 elapsed=311.5m
epoch=9 step=32140 loss=0.0788 elapsed=311.8m
epoch=9 step=32150 loss=0.0687 elapsed=312.1m
epoch=9 step=32160 loss=0.0214 elapsed=312.4m
epoch=9 step=32170 loss=0.0056 elapsed=312.7m
epoch=9 step=32180 loss=0.0298 elapsed=313.1m
epoch=9 step=32190 loss=0.0056 elapsed=313.4m
epoch=9 step=32200 loss=0.0149 elapsed=313.7m
epoch=9 step=32210 loss=0.0184 elapsed=314.0m
epoch=9 step=32220 loss=0.0225 elapsed=314.3m
epoch=9 step=32230 loss=0.0137 elapsed=314.7m
epoch=9 step=32240 loss=0.1101 elapsed=315.0m
epoch=9 step=32250 loss=0.0103 elapsed=315.3m
epoch=9 step=32260 loss=0.0156 elapsed=315.6m
epoch=9 step=32270 loss=0.0768 elapsed=315.9m
epoch=9 step=32280 loss=0.0096 elapsed=316.3m
epoch=9 step=32290 loss=0.0044 elapsed=316.6m
epoch=9 step=32300 loss=0.1237 elapsed=317.0m
epoch=9 step=32310 loss=0.0042 elapsed=317.3m
epoch=9 step=32320 loss=0.1781 elapsed=317.6m
epoch=9 step=32330 loss=0.0913 elapsed=318.0m
epoch=9 step=32340 loss=0.0868 elapsed=318.3m
epoch=9 step=32350 loss=0.0071 elapsed=318.6m
epoch=9 step=32360 loss=0.0581 elapsed=318.9m
epoch=9 step=32370 loss=0.0016 elapsed=319.3m
epoch=9 step=32380 loss=0.2172 elapsed=319.6m
epoch=9 step=32390 loss=0.0963 elapsed=319.9m
epoch=9 step=32400 loss=0.1222 elapsed=320.2m
epoch=9 step=32410 loss=0.0974 elapsed=320.5m
epoch=9 step=32420 loss=0.1032 elapsed=320.9m
epoch=9 step=32430 loss=0.1419 elapsed=321.2m
epoch=9 step=32440 loss=0.0139 elapsed=321.5m
epoch=9 step=32450 loss=0.0371 elapsed=321.8m
epoch=9 step=32460 loss=0.0138 elapsed=322.1m
epoch=9 step=32470 loss=0.2140 elapsed=322.5m
epoch=9 step=32480 loss=0.1929 elapsed=322.8m
epoch=9 step=32490 loss=0.0654 elapsed=323.1m
epoch=9 step=32500 loss=0.1066 elapsed=323.4m
epoch=9 step=32510 loss=0.0096 elapsed=323.7m
epoch=9 step=32520 loss=0.0338 elapsed=324.1m
epoch=9 step=32530 loss=0.1230 elapsed=324.4m
epoch=9 step=32540 loss=0.0262 elapsed=324.7m
epoch=9 step=32550 loss=0.0778 elapsed=325.0m
epoch=9 step=32560 loss=0.0443 elapsed=325.3m
epoch=9 step=32570 loss=0.1516 elapsed=325.7m
epoch=9 step=32580 loss=0.0765 elapsed=326.0m
epoch=9 step=32590 loss=0.4292 elapsed=326.3m
epoch=9 step=32600 loss=0.0280 elapsed=326.6m
epoch=9 step=32610 loss=0.0131 elapsed=326.9m
epoch=9 step=32620 loss=0.2304 elapsed=327.3m
epoch=9 step=32630 loss=0.1505 elapsed=327.6m
epoch=9 step=32640 loss=0.2302 elapsed=327.9m
epoch=9 step=32650 loss=0.0059 elapsed=328.2m
epoch=9 step=32660 loss=0.0199 elapsed=328.5m
Saved checkpoint: outputs/blt_gec/learner/last.ckpt
epoch=9 step=32670 loss=0.0218 elapsed=329.6m
epoch=9 step=32680 loss=0.0207 elapsed=329.9m
epoch=9 step=32690 loss=0.1088 elapsed=330.3m
epoch=9 step=32700 loss=0.0138 elapsed=330.6m
epoch=9 step=32710 loss=0.0063 elapsed=330.9m
epoch=9 step=32720 loss=0.0247 elapsed=331.2m
epoch=9 step=32730 loss=0.0307 elapsed=331.5m
epoch=9 step=32740 loss=0.0033 elapsed=331.9m
epoch=9 step=32750 loss=0.0050 elapsed=332.2m
epoch=9 step=32760 loss=0.0721 elapsed=332.5m
epoch=9 step=32770 loss=0.0018 elapsed=332.8m
epoch=9 step=32780 loss=0.1357 elapsed=333.1m
epoch=9 step=32790 loss=0.0016 elapsed=333.5m
epoch=9 step=32800 loss=0.0462 elapsed=333.8m
epoch=9 step=32810 loss=0.0699 elapsed=334.1m
epoch=9 step=32820 loss=0.0015 elapsed=334.4m
epoch=9 step=32830 loss=0.1240 elapsed=334.7m
epoch=9 step=32840 loss=0.0041 elapsed=335.1m
epoch=9 step=32850 loss=0.0011 elapsed=335.4m
epoch=9 step=32860 loss=0.0148 elapsed=335.7m
epoch=9 step=32870 loss=0.0167 elapsed=336.0m
epoch=9 step=32880 loss=0.0962 elapsed=336.4m
epoch=9 step=32890 loss=0.1320 elapsed=336.7m
epoch=9 step=32900 loss=0.1581 elapsed=337.0m
epoch=9 step=32910 loss=0.0153 elapsed=337.3m
epoch=9 step=32920 loss=0.0896 elapsed=337.6m
epoch=9 step=32930 loss=0.0227 elapsed=338.0m
epoch=9 step=32940 loss=0.0053 elapsed=338.3m
epoch=9 step=32950 loss=0.0182 elapsed=338.6m
epoch=9 step=32960 loss=0.0660 elapsed=338.9m
epoch=9 step=32970 loss=0.0741 elapsed=339.2m
epoch=9 step=32980 loss=0.1082 elapsed=339.6m
epoch=9 step=32990 loss=0.0876 elapsed=339.9m
epoch=9 step=33000 loss=0.1421 elapsed=340.2m
epoch=9 step=33010 loss=0.0300 elapsed=340.5m
epoch=9 step=33020 loss=0.0504 elapsed=340.8m
epoch=9 step=33030 loss=0.0861 elapsed=341.2m
epoch=9 step=33040 loss=0.0767 elapsed=341.5m
epoch=9 step=33050 loss=0.0427 elapsed=341.8m
epoch=9 step=33060 loss=0.1069 elapsed=342.1m
epoch=9 step=33070 loss=0.1422 elapsed=342.4m
epoch=9 step=33080 loss=0.0354 elapsed=342.8m
epoch=9 step=33090 loss=0.0092 elapsed=343.1m
epoch=9 step=33100 loss=0.1711 elapsed=343.4m
epoch=9 step=33110 loss=0.3103 elapsed=343.7m
epoch=9 step=33120 loss=0.0766 elapsed=344.1m
epoch=9 step=33130 loss=0.0088 elapsed=344.4m
epoch=9 step=33140 loss=0.0049 elapsed=344.7m
epoch=9 step=33150 loss=0.0767 elapsed=345.0m
epoch=9 step=33160 loss=0.0053 elapsed=345.3m
epoch=9 step=33170 loss=0.0419 elapsed=345.7m
epoch=9 step=33180 loss=0.0557 elapsed=346.0m
epoch=9 step=33190 loss=0.0660 elapsed=346.3m
epoch=9 step=33200 loss=0.0059 elapsed=346.6m
epoch=9 step=33210 loss=0.0144 elapsed=346.9m
epoch=9 step=33220 loss=0.0020 elapsed=347.3m
epoch=9 step=33230 loss=0.0087 elapsed=347.6m
epoch=9 step=33240 loss=0.0931 elapsed=347.9m
epoch=9 step=33250 loss=0.0125 elapsed=348.2m
epoch=9 step=33260 loss=0.0089 elapsed=348.5m
Saved checkpoint: outputs/blt_gec/learner/last.ckpt
epoch=9 step=33270 loss=0.0366 elapsed=349.6m
epoch=9 step=33280 loss=0.1112 elapsed=349.9m
epoch=9 step=33290 loss=0.0103 elapsed=350.3m
epoch=9 step=33300 loss=0.0410 elapsed=350.6m
epoch=9 step=33310 loss=0.1149 elapsed=350.9m
epoch=9 step=33320 loss=0.0095 elapsed=351.2m
epoch=9 step=33330 loss=0.0306 elapsed=351.5m
epoch=9 step=33340 loss=0.0375 elapsed=351.9m
epoch=9 step=33350 loss=0.0419 elapsed=352.2m
epoch=9 step=33360 loss=0.1147 elapsed=352.5m
epoch=9 step=33370 loss=0.2315 elapsed=352.8m
epoch=9 step=33380 loss=0.1106 elapsed=353.2m
epoch=9 step=33390 loss=0.0814 elapsed=353.5m
epoch=9 step=33400 loss=0.1069 elapsed=353.8m
epoch=9 step=33410 loss=0.2783 elapsed=354.1m
epoch=9 step=33420 loss=0.0033 elapsed=354.4m
epoch=9 step=33430 loss=0.0415 elapsed=354.8m
epoch=9 step=33440 loss=0.2704 elapsed=355.1m
epoch=9 step=33450 loss=0.6179 elapsed=355.4m
epoch=9 step=33460 loss=0.0243 elapsed=355.7m
epoch=9 step=33470 loss=0.0438 elapsed=356.0m
epoch=9 step=33480 loss=0.0452 elapsed=356.4m
epoch=9 step=33490 loss=0.0110 elapsed=356.7m
epoch=9 step=33500 loss=0.0123 elapsed=357.0m
epoch=9 step=33510 loss=0.0075 elapsed=357.3m
epoch=9 step=33520 loss=0.0009 elapsed=357.7m
epoch=9 step=33530 loss=0.1352 elapsed=358.0m
epoch=9 step=33540 loss=0.0024 elapsed=358.3m
epoch=9 step=33550 loss=0.0402 elapsed=358.6m
epoch=9 step=33560 loss=0.0790 elapsed=358.9m
epoch=9 step=33570 loss=0.0037 elapsed=359.3m
epoch=9 step=33580 loss=0.0890 elapsed=359.6m
epoch=9 step=33590 loss=0.0046 elapsed=359.9m
epoch=9 step=33600 loss=0.0458 elapsed=360.2m
epoch=9 step=33610 loss=0.0780 elapsed=360.5m
epoch=9 step=33620 loss=0.0330 elapsed=360.9m
epoch=9 step=33630 loss=0.0477 elapsed=361.2m
epoch=9 step=33640 loss=0.1340 elapsed=361.5m
epoch=9 step=33650 loss=0.0534 elapsed=361.8m
epoch=9 step=33660 loss=0.0026 elapsed=362.1m
epoch=9 step=33670 loss=0.0323 elapsed=362.5m
epoch=9 step=33680 loss=0.0166 elapsed=362.8m
epoch=9 step=33690 loss=0.0061 elapsed=363.1m
epoch=9 step=33700 loss=0.0016 elapsed=363.4m
epoch=9 step=33710 loss=0.0651 elapsed=363.8m
epoch=9 step=33720 loss=0.1611 elapsed=364.1m
epoch=9 step=33730 loss=0.0629 elapsed=364.4m
epoch=9 step=33740 loss=0.0034 elapsed=364.7m
epoch=9 step=33750 loss=0.2383 elapsed=365.0m
epoch=9 step=33760 loss=0.0827 elapsed=365.4m
epoch=9 step=33770 loss=0.0818 elapsed=365.7m
epoch=9 step=33780 loss=0.0029 elapsed=366.0m
epoch=9 step=33790 loss=0.0008 elapsed=366.3m
epoch=9 validation loss=0.1541
Saved checkpoint: outputs/blt_gec/learner/last.ckpt
Training complete.
End Time: Wed Jun 10 16:46:28 KST 2026
