==========================================
SLURM_JOB_ID = 753861
SLURM_NODELIST = gpu43
==========================================
Job ID: 753861
Node: gpu43
CUDA_VISIBLE_DEVICES: 0,1
Start Time: Wed Jun 10 05:42:14 KST 2026
Submit Dir: /scratch/r984a02/PHDQ2
Partition: amd_a100nv_8
Requested GPUs: 2
Requested CPU cores per task: 8
Python: /home01/r984a02/.conda/envs/phdq_blt/bin/python
/home01/r984a02/.conda/envs/phdq_blt/lib/python3.12/site-packages/torch/cuda/__init__.py:61: FutureWarning: The pynvml package is deprecated. Please install nvidia-ml-py instead. If you did not install pynvml directly, please report this to the maintainers of the package that installed pynvml for you.
  import pynvml  # type: ignore[import]
Torch: 2.5.1+cu121
NumPy: 2.4.6
Visible CUDA device count: 2
/home01/r984a02/.conda/envs/phdq_blt/lib/python3.12/site-packages/torch/cuda/__init__.py:61: FutureWarning: The pynvml package is deprecated. Please install nvidia-ml-py instead. If you did not install pynvml directly, please report this to the maintainers of the package that installed pynvml for you.
  import pynvml  # type: ignore[import]
Reference BLT import path: /scratch/r984a02/PHDQ2/reference_code/blt
Checkpoint is loadable: outputs/blt_gec/native/last.ckpt
Resuming from explicit checkpoint: outputs/blt_gec/native/last.ckpt
Starting reference BLT-GEC fine-tuning on native dataset...
BLT lr: 1e-5
BLT weight_decay: 0.1
BLT Adam betas: (0.9, 0.95)
BLT scheduler: cosine
BLT warmup_steps: 2000
BLT num_beams: 4
BLT NUM_GPUS: 2
Device: cuda:0
Distributed: True rank=0 world_size=2
Backend: reference_blt
Reference BLT code: /scratch/r984a02/PHDQ2/reference_code/blt
BLT repo: facebook/blt-1b
Entropy repo: facebook/blt-entropy
Train: /scratch/r984a02/PHDQ2/data/Preprocessed/native/native_train.txt
Val:   /scratch/r984a02/PHDQ2/data/Preprocessed/native/native_val.txt
Test:  /scratch/r984a02/PHDQ2/data/Preprocessed/native/native_test.txt
DDP: world_size=2, grad_accum 4 -> 2, effective_batch_size=4
Loaded checkpoint: outputs/blt_gec/native/last.ckpt (epoch=5, global_step=10475)
epoch=5 step=10480 loss=0.0174 elapsed=0.2m
epoch=5 step=10490 loss=0.0017 elapsed=0.3m
epoch=5 step=10500 loss=0.0002 elapsed=0.4m
epoch=5 step=10510 loss=0.0003 elapsed=0.5m
epoch=5 step=10520 loss=0.0012 elapsed=0.7m
epoch=5 step=10530 loss=0.0033 elapsed=0.8m
epoch=5 step=10540 loss=0.0002 elapsed=0.9m
epoch=5 step=10550 loss=0.0069 elapsed=1.0m
epoch=5 step=10560 loss=0.0043 elapsed=1.1m
epoch=5 step=10570 loss=0.1687 elapsed=1.2m
epoch=5 step=10580 loss=0.0190 elapsed=1.3m
epoch=5 step=10590 loss=0.0034 elapsed=1.4m
epoch=5 step=10600 loss=0.0006 elapsed=1.5m
epoch=5 step=10610 loss=0.0006 elapsed=1.6m
epoch=5 step=10620 loss=0.0296 elapsed=1.7m
epoch=5 step=10630 loss=0.1095 elapsed=1.8m
epoch=5 step=10640 loss=0.0003 elapsed=1.9m
epoch=5 step=10650 loss=0.0257 elapsed=2.1m
epoch=5 step=10660 loss=0.1299 elapsed=2.2m
epoch=5 step=10670 loss=0.0004 elapsed=2.3m
epoch=5 step=10680 loss=0.0071 elapsed=2.4m
epoch=5 step=10690 loss=0.0004 elapsed=2.5m
epoch=5 step=10700 loss=0.0010 elapsed=2.6m
epoch=5 step=10710 loss=0.0094 elapsed=2.7m
epoch=5 step=10720 loss=0.0349 elapsed=2.8m
epoch=5 step=10730 loss=0.0039 elapsed=2.9m
epoch=5 step=10740 loss=0.0648 elapsed=3.0m
epoch=5 step=10750 loss=0.0007 elapsed=3.1m
epoch=5 step=10760 loss=0.0003 elapsed=3.2m
epoch=5 step=10770 loss=0.0135 elapsed=3.4m
epoch=5 step=10780 loss=0.0016 elapsed=3.5m
epoch=5 step=10790 loss=0.0005 elapsed=3.6m
epoch=5 step=10800 loss=0.0007 elapsed=3.7m
epoch=5 step=10810 loss=0.0934 elapsed=3.8m
epoch=5 step=10820 loss=0.0002 elapsed=3.9m
epoch=5 step=10830 loss=0.0040 elapsed=4.0m
epoch=5 step=10840 loss=0.0103 elapsed=4.1m
epoch=5 step=10850 loss=0.0096 elapsed=4.2m
epoch=5 step=10860 loss=0.0627 elapsed=4.3m
epoch=5 step=10870 loss=0.0009 elapsed=4.4m
epoch=5 step=10880 loss=0.0060 elapsed=4.5m
epoch=5 step=10890 loss=0.0009 elapsed=4.6m
epoch=5 step=10900 loss=0.0076 elapsed=4.8m
epoch=5 step=10910 loss=0.0071 elapsed=4.9m
epoch=5 step=10920 loss=0.2408 elapsed=5.0m
epoch=5 step=10930 loss=0.0039 elapsed=5.1m
epoch=5 step=10940 loss=0.0004 elapsed=5.2m
epoch=5 step=10950 loss=0.0081 elapsed=5.3m
epoch=5 step=10960 loss=0.1006 elapsed=5.4m
epoch=5 step=10970 loss=0.0005 elapsed=5.5m
epoch=5 step=10980 loss=0.0078 elapsed=5.6m
epoch=5 step=10990 loss=0.0008 elapsed=5.7m
epoch=5 step=11000 loss=0.0010 elapsed=5.8m
epoch=5 step=11010 loss=0.0009 elapsed=5.9m
epoch=5 step=11020 loss=0.0023 elapsed=6.0m
epoch=5 step=11030 loss=0.0716 elapsed=6.2m
epoch=5 step=11040 loss=0.0027 elapsed=6.3m
epoch=5 step=11050 loss=0.0011 elapsed=6.4m
epoch=5 step=11060 loss=0.0584 elapsed=6.5m
epoch=5 step=11070 loss=0.0074 elapsed=6.6m
epoch=5 step=11080 loss=0.0237 elapsed=6.7m
epoch=5 step=11090 loss=0.0012 elapsed=6.8m
epoch=5 step=11100 loss=0.0012 elapsed=6.9m
epoch=5 step=11110 loss=0.0227 elapsed=7.0m
epoch=5 step=11120 loss=0.0005 elapsed=7.1m
epoch=5 step=11130 loss=0.0021 elapsed=7.2m
epoch=5 step=11140 loss=0.1925 elapsed=7.3m
epoch=5 step=11150 loss=0.0010 elapsed=7.5m
epoch=5 step=11160 loss=0.0001 elapsed=7.6m
epoch=5 step=11170 loss=0.0100 elapsed=7.7m
epoch=5 step=11180 loss=0.0091 elapsed=7.8m
epoch=5 step=11190 loss=0.0002 elapsed=7.9m
epoch=5 step=11200 loss=0.0002 elapsed=8.0m
epoch=5 step=11210 loss=0.0006 elapsed=8.1m
epoch=5 step=11220 loss=0.0018 elapsed=8.2m
epoch=5 step=11230 loss=0.0089 elapsed=8.3m
epoch=5 step=11240 loss=0.0003 elapsed=8.4m
epoch=5 step=11250 loss=0.1275 elapsed=8.5m
epoch=5 step=11260 loss=0.0016 elapsed=8.6m
epoch=5 step=11270 loss=0.0055 elapsed=8.7m
epoch=5 step=11280 loss=0.0025 elapsed=8.9m
epoch=5 step=11290 loss=0.0035 elapsed=9.0m
epoch=5 step=11300 loss=0.0030 elapsed=9.1m
epoch=5 step=11310 loss=0.0008 elapsed=9.2m
epoch=5 step=11320 loss=0.0005 elapsed=9.3m
epoch=5 step=11330 loss=0.0005 elapsed=9.4m
epoch=5 step=11340 loss=0.0753 elapsed=9.5m
epoch=5 step=11350 loss=0.0032 elapsed=9.6m
epoch=5 step=11360 loss=0.0471 elapsed=9.7m
epoch=5 step=11370 loss=0.1235 elapsed=9.8m
epoch=5 step=11380 loss=0.0041 elapsed=9.9m
epoch=5 step=11390 loss=0.0087 elapsed=10.0m
epoch=5 step=11400 loss=0.0015 elapsed=10.2m
epoch=5 step=11410 loss=0.0007 elapsed=10.3m
epoch=5 step=11420 loss=0.0011 elapsed=10.4m
epoch=5 step=11430 loss=0.0003 elapsed=10.5m
epoch=5 step=11440 loss=0.0539 elapsed=10.6m
epoch=5 step=11450 loss=0.0793 elapsed=10.7m
epoch=5 step=11460 loss=0.0147 elapsed=10.8m
epoch=5 step=11470 loss=0.0632 elapsed=10.9m
epoch=5 step=11480 loss=0.0355 elapsed=11.0m
epoch=5 step=11490 loss=0.0014 elapsed=11.1m
epoch=5 step=11500 loss=0.0118 elapsed=11.2m
epoch=5 step=11510 loss=0.0007 elapsed=11.3m
epoch=5 step=11520 loss=0.0318 elapsed=11.4m
epoch=5 step=11530 loss=0.0025 elapsed=11.6m
epoch=5 step=11540 loss=0.1165 elapsed=11.7m
epoch=5 step=11550 loss=0.0379 elapsed=11.8m
epoch=5 step=11560 loss=0.0393 elapsed=11.9m
epoch=5 step=11570 loss=0.0017 elapsed=12.0m
epoch=5 step=11580 loss=0.0002 elapsed=12.1m
epoch=5 step=11590 loss=0.0006 elapsed=12.2m
epoch=5 step=11600 loss=0.0012 elapsed=12.3m
epoch=5 step=11610 loss=0.0002 elapsed=12.4m
epoch=5 step=11620 loss=0.0598 elapsed=12.5m
epoch=5 step=11630 loss=0.0005 elapsed=12.6m
epoch=5 step=11640 loss=0.0434 elapsed=12.7m
epoch=5 step=11650 loss=0.0001 elapsed=12.8m
epoch=5 step=11660 loss=0.0008 elapsed=13.0m
epoch=5 step=11670 loss=0.3025 elapsed=13.1m
epoch=5 step=11680 loss=0.0008 elapsed=13.2m
epoch=5 step=11690 loss=0.0006 elapsed=13.3m
epoch=5 step=11700 loss=0.0401 elapsed=13.4m
epoch=5 step=11710 loss=0.0033 elapsed=13.5m
epoch=5 step=11720 loss=0.0194 elapsed=13.6m
epoch=5 step=11730 loss=0.0492 elapsed=13.7m
epoch=5 step=11740 loss=0.0576 elapsed=13.8m
epoch=5 step=11750 loss=0.0881 elapsed=13.9m
epoch=5 step=11760 loss=0.0002 elapsed=14.0m
epoch=5 step=11770 loss=0.0001 elapsed=14.1m
epoch=5 step=11780 loss=0.0005 elapsed=14.2m
epoch=5 step=11790 loss=0.0003 elapsed=14.4m
epoch=5 step=11800 loss=0.0009 elapsed=14.5m
epoch=5 step=11810 loss=0.1709 elapsed=14.6m
epoch=5 step=11820 loss=0.0671 elapsed=14.7m
epoch=5 step=11830 loss=0.0476 elapsed=14.8m
epoch=5 step=11840 loss=0.0001 elapsed=14.9m
epoch=5 step=11850 loss=0.0427 elapsed=15.0m
epoch=5 step=11860 loss=0.1282 elapsed=15.1m
epoch=5 step=11870 loss=0.0198 elapsed=15.2m
epoch=5 step=11880 loss=0.0045 elapsed=15.3m
epoch=5 step=11890 loss=0.0073 elapsed=15.4m
epoch=5 step=11900 loss=0.0870 elapsed=15.5m
epoch=5 step=11910 loss=0.0733 elapsed=15.6m
epoch=5 step=11920 loss=0.0245 elapsed=15.8m
epoch=5 step=11930 loss=0.0011 elapsed=15.9m
epoch=5 step=11940 loss=0.1013 elapsed=16.0m
epoch=5 step=11950 loss=0.0233 elapsed=16.1m
epoch=5 step=11960 loss=0.0022 elapsed=16.2m
epoch=5 step=11970 loss=0.0564 elapsed=16.3m
epoch=5 step=11980 loss=0.0041 elapsed=16.4m
epoch=5 step=11990 loss=0.0024 elapsed=16.5m
epoch=5 step=12000 loss=0.0002 elapsed=16.6m
epoch=5 step=12010 loss=0.0229 elapsed=16.7m
epoch=5 step=12020 loss=0.0122 elapsed=16.8m
epoch=5 step=12030 loss=0.0015 elapsed=16.9m
epoch=5 step=12040 loss=0.0309 elapsed=17.1m
epoch=5 step=12050 loss=0.0071 elapsed=17.2m
epoch=5 step=12060 loss=0.0048 elapsed=17.3m
epoch=5 step=12070 loss=0.0016 elapsed=17.4m
epoch=5 step=12080 loss=0.0033 elapsed=17.5m
epoch=5 step=12090 loss=0.0099 elapsed=17.6m
epoch=5 step=12100 loss=0.0000 elapsed=17.7m
epoch=5 step=12110 loss=0.0002 elapsed=17.8m
epoch=5 step=12120 loss=0.0032 elapsed=17.9m
epoch=5 step=12130 loss=0.0104 elapsed=18.0m
epoch=5 step=12140 loss=0.0002 elapsed=18.1m
epoch=5 step=12150 loss=0.0227 elapsed=18.2m
epoch=5 step=12160 loss=0.0004 elapsed=18.3m
epoch=5 step=12170 loss=0.0656 elapsed=18.5m
epoch=5 step=12180 loss=0.0226 elapsed=18.6m
epoch=5 step=12190 loss=0.0013 elapsed=18.7m
epoch=5 step=12200 loss=0.0004 elapsed=18.8m
epoch=5 step=12210 loss=0.0027 elapsed=18.9m
epoch=5 step=12220 loss=0.0008 elapsed=19.0m
epoch=5 step=12230 loss=0.0026 elapsed=19.1m
epoch=5 step=12240 loss=0.0002 elapsed=19.2m
epoch=5 step=12250 loss=0.0001 elapsed=19.3m
epoch=5 step=12260 loss=0.0114 elapsed=19.4m
epoch=5 step=12270 loss=0.0010 elapsed=19.5m
epoch=5 step=12280 loss=0.0010 elapsed=19.6m
epoch=5 step=12290 loss=0.0001 elapsed=19.7m
epoch=5 step=12300 loss=0.0010 elapsed=19.9m
epoch=5 step=12310 loss=0.2873 elapsed=20.0m
Saved checkpoint: outputs/blt_gec/native/last.ckpt
epoch=5 step=12320 loss=0.0086 elapsed=20.9m
epoch=5 step=12330 loss=0.0949 elapsed=21.0m
epoch=5 step=12340 loss=0.0003 elapsed=21.1m
epoch=5 step=12350 loss=0.0002 elapsed=21.2m
epoch=5 step=12360 loss=0.0012 elapsed=21.3m
epoch=5 step=12370 loss=0.0043 elapsed=21.4m
epoch=5 step=12380 loss=0.0223 elapsed=21.5m
epoch=5 step=12390 loss=0.0465 elapsed=21.6m
epoch=5 step=12400 loss=0.0005 elapsed=21.8m
epoch=5 step=12410 loss=0.0002 elapsed=21.9m
epoch=5 step=12420 loss=0.0001 elapsed=22.0m
epoch=5 step=12430 loss=0.0001 elapsed=22.1m
epoch=5 step=12440 loss=0.0006 elapsed=22.2m
epoch=5 step=12450 loss=0.0952 elapsed=22.3m
epoch=5 step=12460 loss=0.0007 elapsed=22.4m
epoch=5 step=12470 loss=0.0064 elapsed=22.5m
epoch=5 step=12480 loss=0.0005 elapsed=22.6m
epoch=5 step=12490 loss=0.0003 elapsed=22.7m
epoch=5 step=12500 loss=0.0197 elapsed=22.8m
epoch=5 step=12510 loss=0.0556 elapsed=22.9m
epoch=5 step=12520 loss=0.0003 elapsed=23.1m
epoch=5 step=12530 loss=0.0006 elapsed=23.2m
epoch=5 step=12540 loss=0.1475 elapsed=23.3m
epoch=5 step=12550 loss=0.0053 elapsed=23.4m
epoch=5 step=12560 loss=0.0007 elapsed=23.5m
epoch=5 step=12570 loss=0.0003 elapsed=23.6m
epoch=5 step=12580 loss=0.0268 elapsed=23.7m
epoch=5 step=12590 loss=0.0360 elapsed=23.8m
epoch=5 step=12600 loss=0.0002 elapsed=23.9m
epoch=5 step=12610 loss=0.0028 elapsed=24.0m
epoch=5 step=12620 loss=0.0930 elapsed=24.1m
epoch=5 step=12630 loss=0.0004 elapsed=24.2m
epoch=5 step=12640 loss=0.0009 elapsed=24.3m
epoch=5 step=12650 loss=0.0018 elapsed=24.5m
epoch=5 step=12660 loss=0.0882 elapsed=24.6m
epoch=5 step=12670 loss=0.0037 elapsed=24.7m
epoch=5 step=12680 loss=0.0003 elapsed=24.8m
epoch=5 step=12690 loss=0.0131 elapsed=24.9m
epoch=5 step=12700 loss=0.0031 elapsed=25.0m
epoch=5 step=12710 loss=0.1632 elapsed=25.1m
epoch=5 step=12720 loss=0.0037 elapsed=25.2m
epoch=5 step=12730 loss=0.0052 elapsed=25.3m
epoch=5 step=12740 loss=0.0050 elapsed=25.4m
epoch=5 step=12750 loss=0.0007 elapsed=25.5m
epoch=5 step=12760 loss=0.0017 elapsed=25.6m
epoch=5 step=12770 loss=0.0029 elapsed=25.7m
epoch=5 step=12780 loss=0.0015 elapsed=25.9m
epoch=5 step=12790 loss=0.1338 elapsed=26.0m
epoch=5 step=12800 loss=0.2336 elapsed=26.1m
epoch=5 step=12810 loss=0.2221 elapsed=26.2m
epoch=5 step=12820 loss=0.0557 elapsed=26.3m
epoch=5 step=12830 loss=0.0007 elapsed=26.4m
epoch=5 step=12840 loss=0.0213 elapsed=26.5m
epoch=5 step=12850 loss=0.0387 elapsed=26.6m
epoch=5 step=12860 loss=0.0003 elapsed=26.7m
epoch=5 step=12870 loss=0.2565 elapsed=26.8m
epoch=5 step=12880 loss=0.0002 elapsed=26.9m
epoch=5 step=12890 loss=0.0002 elapsed=27.0m
epoch=5 step=12900 loss=0.0006 elapsed=27.1m
epoch=5 step=12910 loss=0.0526 elapsed=27.3m
epoch=5 step=12920 loss=0.0058 elapsed=27.4m
epoch=5 step=12930 loss=0.0006 elapsed=27.5m
epoch=5 step=12940 loss=0.0050 elapsed=27.6m
epoch=5 step=12950 loss=0.0059 elapsed=27.7m
epoch=5 step=12960 loss=0.0040 elapsed=27.8m
epoch=5 step=12970 loss=0.0064 elapsed=27.9m
epoch=5 step=12980 loss=0.0001 elapsed=28.0m
epoch=5 step=12990 loss=0.0002 elapsed=28.1m
epoch=5 step=13000 loss=0.0009 elapsed=28.2m
epoch=5 step=13010 loss=0.0067 elapsed=28.3m
epoch=5 step=13020 loss=0.0322 elapsed=28.4m
epoch=5 step=13030 loss=0.0027 elapsed=28.5m
epoch=5 step=13040 loss=0.1239 elapsed=28.7m
epoch=5 step=13050 loss=0.0071 elapsed=28.8m
epoch=5 step=13060 loss=0.0001 elapsed=28.9m
epoch=5 step=13070 loss=0.0077 elapsed=29.0m
epoch=5 step=13080 loss=0.0004 elapsed=29.1m
epoch=5 step=13090 loss=1.1285 elapsed=29.2m
epoch=5 step=13100 loss=0.0697 elapsed=29.3m
epoch=5 step=13110 loss=0.0047 elapsed=29.4m
epoch=5 step=13120 loss=0.0122 elapsed=29.5m
epoch=5 step=13130 loss=0.0005 elapsed=29.6m
epoch=5 step=13140 loss=0.0018 elapsed=29.7m
epoch=5 step=13150 loss=0.0190 elapsed=29.8m
epoch=5 step=13160 loss=0.0666 elapsed=29.9m
epoch=5 step=13170 loss=0.0002 elapsed=30.1m
epoch=5 step=13180 loss=0.0001 elapsed=30.2m
epoch=5 step=13190 loss=0.0016 elapsed=30.3m
epoch=5 step=13200 loss=0.0013 elapsed=30.4m
epoch=5 step=13210 loss=0.0311 elapsed=30.5m
epoch=5 step=13220 loss=0.0014 elapsed=30.6m
epoch=5 step=13230 loss=0.0241 elapsed=30.7m
epoch=5 step=13240 loss=0.0053 elapsed=30.8m
epoch=5 step=13250 loss=0.0217 elapsed=30.9m
epoch=5 step=13260 loss=0.0906 elapsed=31.0m
epoch=5 step=13270 loss=0.0033 elapsed=31.1m
epoch=5 step=13280 loss=0.0719 elapsed=31.2m
epoch=5 step=13290 loss=0.0001 elapsed=31.4m
epoch=5 step=13300 loss=0.1273 elapsed=31.5m
epoch=5 step=13310 loss=0.0024 elapsed=31.6m
epoch=5 step=13320 loss=0.0136 elapsed=31.7m
epoch=5 step=13330 loss=0.0006 elapsed=31.8m
epoch=5 step=13340 loss=0.0724 elapsed=31.9m
epoch=5 step=13350 loss=0.0009 elapsed=32.0m
epoch=5 step=13360 loss=0.0009 elapsed=32.1m
epoch=5 step=13370 loss=0.0148 elapsed=32.2m
epoch=5 step=13380 loss=0.0005 elapsed=32.3m
epoch=5 step=13390 loss=0.0338 elapsed=32.4m
epoch=5 step=13400 loss=0.0029 elapsed=32.5m
epoch=5 step=13410 loss=0.0313 elapsed=32.6m
epoch=5 step=13420 loss=0.0004 elapsed=32.8m
epoch=5 step=13430 loss=0.0031 elapsed=32.9m
epoch=5 step=13440 loss=0.0027 elapsed=33.0m
epoch=5 step=13450 loss=0.0622 elapsed=33.1m
epoch=5 step=13460 loss=0.0008 elapsed=33.2m
epoch=5 step=13470 loss=0.0535 elapsed=33.3m
epoch=5 step=13480 loss=0.0016 elapsed=33.4m
epoch=5 step=13490 loss=0.0221 elapsed=33.5m
epoch=5 step=13500 loss=0.0001 elapsed=33.6m
epoch=5 step=13510 loss=0.0004 elapsed=33.7m
epoch=5 step=13520 loss=0.0807 elapsed=33.8m
epoch=5 step=13530 loss=0.0056 elapsed=33.9m
epoch=5 step=13540 loss=0.0004 elapsed=34.0m
epoch=5 validation loss=0.0664
Saved checkpoint: outputs/blt_gec/native/last.ckpt
Saved checkpoint: outputs/blt_gec/native/last.ckpt
epoch=6 step=13550 loss=0.0353 elapsed=42.2m
epoch=6 step=13560 loss=0.0008 elapsed=42.3m
epoch=6 step=13570 loss=0.0002 elapsed=42.4m
epoch=6 step=13580 loss=0.0002 elapsed=42.6m
epoch=6 step=13590 loss=0.1694 elapsed=42.7m
epoch=6 step=13600 loss=0.0046 elapsed=42.8m
epoch=6 step=13610 loss=0.0038 elapsed=42.9m
epoch=6 step=13620 loss=0.0001 elapsed=43.0m
epoch=6 step=13630 loss=0.0028 elapsed=43.1m
epoch=6 step=13640 loss=0.0000 elapsed=43.2m
epoch=6 step=13650 loss=0.0005 elapsed=43.3m
epoch=6 step=13660 loss=0.0006 elapsed=43.4m
epoch=6 step=13670 loss=0.0004 elapsed=43.5m
epoch=6 step=13680 loss=0.0001 elapsed=43.7m
epoch=6 step=13690 loss=0.0043 elapsed=43.8m
epoch=6 step=13700 loss=0.0818 elapsed=43.9m
epoch=6 step=13710 loss=0.0024 elapsed=44.0m
epoch=6 step=13720 loss=0.0003 elapsed=44.1m
epoch=6 step=13730 loss=0.0007 elapsed=44.2m
epoch=6 step=13740 loss=0.0002 elapsed=44.3m
epoch=6 step=13750 loss=0.0002 elapsed=44.4m
epoch=6 step=13760 loss=0.0021 elapsed=44.5m
epoch=6 step=13770 loss=0.0001 elapsed=44.6m
epoch=6 step=13780 loss=0.0007 elapsed=44.7m
epoch=6 step=13790 loss=0.0006 elapsed=44.9m
epoch=6 step=13800 loss=0.0002 elapsed=45.0m
epoch=6 step=13810 loss=0.0027 elapsed=45.1m
epoch=6 step=13820 loss=0.0028 elapsed=45.2m
epoch=6 step=13830 loss=0.0005 elapsed=45.3m
epoch=6 step=13840 loss=0.0000 elapsed=45.4m
epoch=6 step=13850 loss=0.0013 elapsed=45.5m
epoch=6 step=13860 loss=0.0205 elapsed=45.6m
epoch=6 step=13870 loss=0.0014 elapsed=45.7m
epoch=6 step=13880 loss=0.0093 elapsed=45.8m
epoch=6 step=13890 loss=0.0042 elapsed=45.9m
epoch=6 step=13900 loss=0.0001 elapsed=46.1m
epoch=6 step=13910 loss=0.0034 elapsed=46.2m
epoch=6 step=13920 loss=0.0001 elapsed=46.3m
epoch=6 step=13930 loss=0.0001 elapsed=46.4m
epoch=6 step=13940 loss=0.0002 elapsed=46.5m
epoch=6 step=13950 loss=0.0046 elapsed=46.6m
epoch=6 step=13960 loss=0.1226 elapsed=46.7m
epoch=6 step=13970 loss=0.1601 elapsed=46.8m
epoch=6 step=13980 loss=0.1198 elapsed=46.9m
epoch=6 step=13990 loss=0.0001 elapsed=47.0m
epoch=6 step=14000 loss=0.0001 elapsed=47.1m
epoch=6 step=14010 loss=0.0014 elapsed=47.3m
epoch=6 step=14020 loss=0.0023 elapsed=47.4m
epoch=6 step=14030 loss=0.0327 elapsed=47.5m
epoch=6 step=14040 loss=0.0090 elapsed=47.6m
epoch=6 step=14050 loss=0.0114 elapsed=47.7m
epoch=6 step=14060 loss=0.0003 elapsed=47.8m
epoch=6 step=14070 loss=0.0004 elapsed=47.9m
epoch=6 step=14080 loss=0.0008 elapsed=48.0m
epoch=6 step=14090 loss=0.0008 elapsed=48.1m
epoch=6 step=14100 loss=0.1242 elapsed=48.2m
epoch=6 step=14110 loss=0.0002 elapsed=48.3m
epoch=6 step=14120 loss=0.0001 elapsed=48.5m
epoch=6 step=14130 loss=0.0787 elapsed=48.6m
epoch=6 step=14140 loss=0.0001 elapsed=48.7m
epoch=6 step=14150 loss=0.0011 elapsed=48.8m
epoch=6 step=14160 loss=0.0009 elapsed=48.9m
epoch=6 step=14170 loss=0.0003 elapsed=49.0m
epoch=6 step=14180 loss=0.0036 elapsed=49.1m
epoch=6 step=14190 loss=0.0017 elapsed=49.2m
epoch=6 step=14200 loss=0.0005 elapsed=49.3m
epoch=6 step=14210 loss=0.0010 elapsed=49.4m
epoch=6 step=14220 loss=0.0008 elapsed=49.5m
epoch=6 step=14230 loss=0.0009 elapsed=49.7m
epoch=6 step=14240 loss=0.0027 elapsed=49.8m
epoch=6 step=14250 loss=0.0028 elapsed=49.9m
epoch=6 step=14260 loss=0.0005 elapsed=50.0m
epoch=6 step=14270 loss=0.0003 elapsed=50.1m
epoch=6 step=14280 loss=0.0001 elapsed=50.2m
epoch=6 step=14290 loss=0.0011 elapsed=50.3m
epoch=6 step=14300 loss=0.0391 elapsed=50.4m
epoch=6 step=14310 loss=0.0010 elapsed=50.5m
epoch=6 step=14320 loss=0.0047 elapsed=50.6m
epoch=6 step=14330 loss=0.0015 elapsed=50.8m
epoch=6 step=14340 loss=0.0007 elapsed=50.9m
epoch=6 step=14350 loss=0.0282 elapsed=51.0m
epoch=6 step=14360 loss=0.0004 elapsed=51.1m
epoch=6 step=14370 loss=0.0105 elapsed=51.2m
epoch=6 step=14380 loss=0.0028 elapsed=51.3m
epoch=6 step=14390 loss=0.0001 elapsed=51.4m
epoch=6 step=14400 loss=0.0035 elapsed=51.5m
epoch=6 step=14410 loss=0.0071 elapsed=51.6m
epoch=6 step=14420 loss=0.0009 elapsed=51.7m
epoch=6 step=14430 loss=0.0254 elapsed=51.8m
epoch=6 step=14440 loss=0.0001 elapsed=52.0m
epoch=6 step=14450 loss=0.0115 elapsed=52.1m
epoch=6 step=14460 loss=0.0020 elapsed=52.2m
epoch=6 step=14470 loss=0.0130 elapsed=52.3m
epoch=6 step=14480 loss=0.0102 elapsed=52.4m
epoch=6 step=14490 loss=0.0010 elapsed=52.5m
epoch=6 step=14500 loss=0.0028 elapsed=52.6m
epoch=6 step=14510 loss=0.0001 elapsed=52.7m
epoch=6 step=14520 loss=0.0015 elapsed=52.8m
epoch=6 step=14530 loss=0.0129 elapsed=52.9m
epoch=6 step=14540 loss=0.0552 elapsed=53.0m
epoch=6 step=14550 loss=0.0158 elapsed=53.2m
epoch=6 step=14560 loss=0.0002 elapsed=53.3m
epoch=6 step=14570 loss=0.0003 elapsed=53.4m
epoch=6 step=14580 loss=0.0021 elapsed=53.5m
epoch=6 step=14590 loss=0.0188 elapsed=53.6m
epoch=6 step=14600 loss=0.0010 elapsed=53.7m
epoch=6 step=14610 loss=0.0013 elapsed=53.8m
epoch=6 step=14620 loss=0.0499 elapsed=53.9m
epoch=6 step=14630 loss=0.0016 elapsed=54.0m
epoch=6 step=14640 loss=0.0046 elapsed=54.1m
epoch=6 step=14650 loss=0.0002 elapsed=54.2m
epoch=6 step=14660 loss=0.0018 elapsed=54.4m
epoch=6 step=14670 loss=0.1272 elapsed=54.5m
epoch=6 step=14680 loss=0.0139 elapsed=54.6m
epoch=6 step=14690 loss=0.0331 elapsed=54.7m
epoch=6 step=14700 loss=0.0002 elapsed=54.8m
epoch=6 step=14710 loss=0.0006 elapsed=54.9m
epoch=6 step=14720 loss=0.0001 elapsed=55.0m
epoch=6 step=14730 loss=0.0095 elapsed=55.1m
epoch=6 step=14740 loss=0.0695 elapsed=55.2m
epoch=6 step=14750 loss=0.0013 elapsed=55.3m
epoch=6 step=14760 loss=0.0004 elapsed=55.4m
epoch=6 step=14770 loss=0.0008 elapsed=55.6m
epoch=6 step=14780 loss=0.0015 elapsed=55.7m
epoch=6 step=14790 loss=0.0831 elapsed=55.8m
epoch=6 step=14800 loss=0.0002 elapsed=55.9m
epoch=6 step=14810 loss=0.0038 elapsed=56.0m
epoch=6 step=14820 loss=0.0001 elapsed=56.1m
epoch=6 step=14830 loss=0.0001 elapsed=56.2m
epoch=6 step=14840 loss=0.0043 elapsed=56.3m
epoch=6 step=14850 loss=0.0808 elapsed=56.4m
epoch=6 step=14860 loss=0.0006 elapsed=56.5m
epoch=6 step=14870 loss=0.0005 elapsed=56.6m
epoch=6 step=14880 loss=0.0087 elapsed=56.8m
epoch=6 step=14890 loss=0.0012 elapsed=56.9m
epoch=6 step=14900 loss=0.0003 elapsed=57.0m
epoch=6 step=14910 loss=0.0011 elapsed=57.1m
epoch=6 step=14920 loss=0.0192 elapsed=57.2m
epoch=6 step=14930 loss=0.0033 elapsed=57.3m
epoch=6 step=14940 loss=0.0013 elapsed=57.4m
epoch=6 step=14950 loss=0.0289 elapsed=57.5m
epoch=6 step=14960 loss=0.0006 elapsed=57.6m
epoch=6 step=14970 loss=0.0948 elapsed=57.7m
epoch=6 step=14980 loss=0.0925 elapsed=57.9m
epoch=6 step=14990 loss=0.0005 elapsed=58.0m
epoch=6 step=15000 loss=0.3196 elapsed=58.1m
epoch=6 step=15010 loss=0.0034 elapsed=58.2m
epoch=6 step=15020 loss=0.0408 elapsed=58.3m
epoch=6 step=15030 loss=0.0000 elapsed=58.4m
epoch=6 step=15040 loss=0.0003 elapsed=58.5m
epoch=6 step=15050 loss=0.0007 elapsed=58.6m
epoch=6 step=15060 loss=0.0006 elapsed=58.7m
epoch=6 step=15070 loss=0.0000 elapsed=58.8m
epoch=6 step=15080 loss=0.0006 elapsed=58.9m
epoch=6 step=15090 loss=0.0525 elapsed=59.1m
epoch=6 step=15100 loss=0.2258 elapsed=59.2m
epoch=6 step=15110 loss=0.0027 elapsed=59.3m
epoch=6 step=15120 loss=0.0051 elapsed=59.4m
epoch=6 step=15130 loss=0.0003 elapsed=59.5m
epoch=6 step=15140 loss=0.0206 elapsed=59.6m
epoch=6 step=15150 loss=0.0013 elapsed=59.7m
epoch=6 step=15160 loss=0.0106 elapsed=59.8m
epoch=6 step=15170 loss=0.0455 elapsed=59.9m
epoch=6 step=15180 loss=0.0006 elapsed=60.0m
epoch=6 step=15190 loss=0.0170 elapsed=60.1m
epoch=6 step=15200 loss=0.0217 elapsed=60.3m
epoch=6 step=15210 loss=0.0009 elapsed=60.4m
epoch=6 step=15220 loss=0.0402 elapsed=60.5m
epoch=6 step=15230 loss=0.0010 elapsed=60.6m
epoch=6 step=15240 loss=0.0002 elapsed=60.7m
epoch=6 step=15250 loss=0.0024 elapsed=60.8m
epoch=6 step=15260 loss=0.0114 elapsed=60.9m
epoch=6 step=15270 loss=0.0007 elapsed=61.0m
epoch=6 step=15280 loss=0.0260 elapsed=61.1m
epoch=6 step=15290 loss=0.0002 elapsed=61.2m
epoch=6 step=15300 loss=0.0648 elapsed=61.3m
Saved checkpoint: outputs/blt_gec/native/last.ckpt
epoch=6 step=15310 loss=0.0049 elapsed=62.2m
epoch=6 step=15320 loss=0.0002 elapsed=62.3m
epoch=6 step=15330 loss=0.0002 elapsed=62.4m
epoch=6 step=15340 loss=0.0003 elapsed=62.6m
epoch=6 step=15350 loss=0.0018 elapsed=62.7m
epoch=6 step=15360 loss=0.0045 elapsed=62.8m
epoch=6 step=15370 loss=0.2095 elapsed=62.9m
epoch=6 step=15380 loss=0.0004 elapsed=63.0m
epoch=6 step=15390 loss=0.0071 elapsed=63.1m
epoch=6 step=15400 loss=0.0024 elapsed=63.2m
epoch=6 step=15410 loss=0.0001 elapsed=63.3m
epoch=6 step=15420 loss=0.0003 elapsed=63.4m
epoch=6 step=15430 loss=0.0008 elapsed=63.5m
epoch=6 step=15440 loss=0.0014 elapsed=63.7m
epoch=6 step=15450 loss=0.0007 elapsed=63.8m
epoch=6 step=15460 loss=0.0000 elapsed=63.9m
epoch=6 step=15470 loss=0.0156 elapsed=64.0m
epoch=6 step=15480 loss=0.0005 elapsed=64.1m
epoch=6 step=15490 loss=0.0019 elapsed=64.2m
epoch=6 step=15500 loss=0.0039 elapsed=64.3m
epoch=6 step=15510 loss=0.0005 elapsed=64.5m
epoch=6 step=15520 loss=0.0898 elapsed=64.6m
epoch=6 step=15530 loss=0.0007 elapsed=64.7m
epoch=6 step=15540 loss=0.0016 elapsed=64.8m
epoch=6 step=15550 loss=0.0021 elapsed=64.9m
epoch=6 step=15560 loss=0.0382 elapsed=65.0m
epoch=6 step=15570 loss=0.0005 elapsed=65.1m
epoch=6 step=15580 loss=0.0005 elapsed=65.2m
epoch=6 step=15590 loss=0.0015 elapsed=65.3m
epoch=6 step=15600 loss=0.0002 elapsed=65.4m
epoch=6 step=15610 loss=0.0003 elapsed=65.6m
epoch=6 step=15620 loss=0.0003 elapsed=65.7m
epoch=6 step=15630 loss=0.0038 elapsed=65.8m
epoch=6 step=15640 loss=0.1455 elapsed=65.9m
epoch=6 step=15650 loss=0.0001 elapsed=66.0m
epoch=6 step=15660 loss=0.0084 elapsed=66.1m
epoch=6 step=15670 loss=0.0012 elapsed=66.2m
epoch=6 step=15680 loss=0.0002 elapsed=66.3m
epoch=6 step=15690 loss=0.0057 elapsed=66.4m
epoch=6 step=15700 loss=0.1028 elapsed=66.5m
epoch=6 step=15710 loss=0.0255 elapsed=66.6m
epoch=6 step=15720 loss=0.0053 elapsed=66.7m
epoch=6 step=15730 loss=0.0026 elapsed=66.8m
epoch=6 step=15740 loss=0.0699 elapsed=67.0m
epoch=6 step=15750 loss=0.0068 elapsed=67.1m
epoch=6 step=15760 loss=0.0000 elapsed=67.2m
epoch=6 step=15770 loss=0.0001 elapsed=67.3m
epoch=6 step=15780 loss=0.0003 elapsed=67.4m
epoch=6 step=15790 loss=0.0006 elapsed=67.5m
epoch=6 step=15800 loss=0.0002 elapsed=67.6m
epoch=6 step=15810 loss=0.0003 elapsed=67.7m
epoch=6 step=15820 loss=0.0001 elapsed=67.8m
epoch=6 step=15830 loss=0.0117 elapsed=67.9m
epoch=6 step=15840 loss=0.0481 elapsed=68.0m
epoch=6 step=15850 loss=0.0034 elapsed=68.1m
epoch=6 step=15860 loss=0.0029 elapsed=68.2m
epoch=6 step=15870 loss=0.0017 elapsed=68.4m
epoch=6 step=15880 loss=0.0015 elapsed=68.5m
epoch=6 step=15890 loss=0.0000 elapsed=68.6m
epoch=6 step=15900 loss=0.0069 elapsed=68.7m
epoch=6 step=15910 loss=0.0012 elapsed=68.8m
epoch=6 step=15920 loss=0.0009 elapsed=68.9m
epoch=6 step=15930 loss=0.0008 elapsed=69.0m
epoch=6 step=15940 loss=0.0015 elapsed=69.1m
epoch=6 step=15950 loss=0.0004 elapsed=69.2m
epoch=6 step=15960 loss=0.0008 elapsed=69.3m
epoch=6 step=15970 loss=0.0001 elapsed=69.4m
epoch=6 step=15980 loss=0.0003 elapsed=69.5m
epoch=6 step=15990 loss=0.0006 elapsed=69.6m
epoch=6 step=16000 loss=0.0004 elapsed=69.8m
epoch=6 step=16010 loss=0.0008 elapsed=69.9m
epoch=6 step=16020 loss=0.0024 elapsed=70.0m
epoch=6 step=16030 loss=0.0036 elapsed=70.1m
epoch=6 step=16040 loss=0.0004 elapsed=70.2m
epoch=6 step=16050 loss=0.1295 elapsed=70.3m
epoch=6 step=16060 loss=0.0001 elapsed=70.4m
epoch=6 step=16070 loss=0.0002 elapsed=70.5m
epoch=6 step=16080 loss=0.0014 elapsed=70.6m
epoch=6 step=16090 loss=0.0001 elapsed=70.7m
epoch=6 step=16100 loss=0.0054 elapsed=70.8m
epoch=6 step=16110 loss=0.1826 elapsed=70.9m
epoch=6 step=16120 loss=0.0000 elapsed=71.0m
epoch=6 step=16130 loss=0.0006 elapsed=71.1m
epoch=6 step=16140 loss=0.0005 elapsed=71.3m
epoch=6 step=16150 loss=0.0394 elapsed=71.4m
epoch=6 step=16160 loss=0.0017 elapsed=71.5m
epoch=6 step=16170 loss=0.0011 elapsed=71.6m
epoch=6 step=16180 loss=0.1873 elapsed=71.7m
epoch=6 step=16190 loss=0.0001 elapsed=71.8m
epoch=6 step=16200 loss=0.0001 elapsed=71.9m
epoch=6 step=16210 loss=0.0772 elapsed=72.0m
epoch=6 step=16220 loss=0.0057 elapsed=72.1m
epoch=6 step=16230 loss=0.0274 elapsed=72.2m
epoch=6 step=16240 loss=0.0010 elapsed=72.3m
epoch=6 step=16250 loss=0.0017 elapsed=72.4m
epoch=6 step=16260 loss=0.0002 elapsed=72.5m
epoch=6 step=16270 loss=0.0059 elapsed=72.7m
epoch=6 step=16280 loss=0.0002 elapsed=72.8m
epoch=6 step=16290 loss=0.0720 elapsed=72.9m
epoch=6 step=16300 loss=0.0078 elapsed=73.0m
epoch=6 step=16310 loss=0.0020 elapsed=73.1m
epoch=6 step=16320 loss=0.0041 elapsed=73.2m
epoch=6 step=16330 loss=0.1177 elapsed=73.3m
epoch=6 step=16340 loss=0.0278 elapsed=73.4m
epoch=6 step=16350 loss=0.0268 elapsed=73.5m
epoch=6 step=16360 loss=0.0289 elapsed=73.6m
epoch=6 step=16370 loss=0.0016 elapsed=73.7m
epoch=6 step=16380 loss=0.0041 elapsed=73.8m
epoch=6 step=16390 loss=0.0019 elapsed=73.9m
epoch=6 step=16400 loss=0.0004 elapsed=74.1m
epoch=6 step=16410 loss=0.0000 elapsed=74.2m
epoch=6 step=16420 loss=0.0001 elapsed=74.3m
epoch=6 step=16430 loss=0.0003 elapsed=74.4m
epoch=6 step=16440 loss=0.0004 elapsed=74.5m
epoch=6 step=16450 loss=0.0773 elapsed=74.6m
epoch=6 step=16460 loss=0.0000 elapsed=74.7m
epoch=6 step=16470 loss=0.0015 elapsed=74.8m
epoch=6 step=16480 loss=0.0048 elapsed=74.9m
epoch=6 step=16490 loss=0.0123 elapsed=75.0m
epoch=6 step=16500 loss=0.0294 elapsed=75.1m
epoch=6 step=16510 loss=0.0002 elapsed=75.2m
epoch=6 step=16520 loss=0.0450 elapsed=75.3m
epoch=6 step=16530 loss=0.0177 elapsed=75.4m
epoch=6 step=16540 loss=0.0002 elapsed=75.6m
epoch=6 step=16550 loss=0.0021 elapsed=75.7m
epoch=6 step=16560 loss=0.0038 elapsed=75.8m
epoch=6 step=16570 loss=0.0017 elapsed=75.9m
epoch=6 step=16580 loss=0.0109 elapsed=76.0m
epoch=6 step=16590 loss=0.0005 elapsed=76.1m
epoch=6 step=16600 loss=0.0110 elapsed=76.2m
epoch=6 step=16610 loss=0.1510 elapsed=76.3m
epoch=6 step=16620 loss=0.0005 elapsed=76.4m
epoch=6 validation loss=0.0692
Saved checkpoint: outputs/blt_gec/native/last.ckpt
Saved checkpoint: outputs/blt_gec/native/last.ckpt
epoch=7 step=16630 loss=0.0001 elapsed=84.5m
epoch=7 step=16640 loss=0.0002 elapsed=84.6m
epoch=7 step=16650 loss=0.0004 elapsed=84.7m
epoch=7 step=16660 loss=0.0004 elapsed=84.8m
epoch=7 step=16670 loss=0.0020 elapsed=84.9m
epoch=7 step=16680 loss=0.0003 elapsed=85.0m
epoch=7 step=16690 loss=0.0011 elapsed=85.1m
epoch=7 step=16700 loss=0.0004 elapsed=85.3m
epoch=7 step=16710 loss=0.0002 elapsed=85.4m
epoch=7 step=16720 loss=0.0157 elapsed=85.5m
epoch=7 step=16730 loss=0.0009 elapsed=85.6m
epoch=7 step=16740 loss=0.0040 elapsed=85.7m
epoch=7 step=16750 loss=0.0010 elapsed=85.8m
epoch=7 step=16760 loss=0.0022 elapsed=85.9m
epoch=7 step=16770 loss=0.0001 elapsed=86.0m
epoch=7 step=16780 loss=0.0035 elapsed=86.1m
epoch=7 step=16790 loss=0.0195 elapsed=86.2m
epoch=7 step=16800 loss=0.0008 elapsed=86.3m
epoch=7 step=16810 loss=0.0003 elapsed=86.4m
epoch=7 step=16820 loss=0.0007 elapsed=86.5m
epoch=7 step=16830 loss=0.0011 elapsed=86.6m
epoch=7 step=16840 loss=0.0008 elapsed=86.8m
epoch=7 step=16850 loss=0.0019 elapsed=86.9m
epoch=7 step=16860 loss=0.0001 elapsed=87.0m
epoch=7 step=16870 loss=0.0012 elapsed=87.1m
epoch=7 step=16880 loss=0.0021 elapsed=87.2m
epoch=7 step=16890 loss=0.0016 elapsed=87.3m
epoch=7 step=16900 loss=0.1262 elapsed=87.4m
epoch=7 step=16910 loss=0.0003 elapsed=87.5m
epoch=7 step=16920 loss=0.0002 elapsed=87.6m
epoch=7 step=16930 loss=0.0001 elapsed=87.7m
epoch=7 step=16940 loss=0.0015 elapsed=87.8m
epoch=7 step=16950 loss=0.0007 elapsed=88.0m
epoch=7 step=16960 loss=0.0205 elapsed=88.1m
epoch=7 step=16970 loss=0.0002 elapsed=88.2m
epoch=7 step=16980 loss=0.0009 elapsed=88.3m
epoch=7 step=16990 loss=0.0578 elapsed=88.4m
epoch=7 step=17000 loss=0.0001 elapsed=88.5m
epoch=7 step=17010 loss=0.2856 elapsed=88.6m
epoch=7 step=17020 loss=0.0002 elapsed=88.7m
epoch=7 step=17030 loss=0.0044 elapsed=88.8m
epoch=7 step=17040 loss=0.0047 elapsed=88.9m
epoch=7 step=17050 loss=0.0046 elapsed=89.0m
epoch=7 step=17060 loss=0.0021 elapsed=89.1m
epoch=7 step=17070 loss=0.0075 elapsed=89.2m
epoch=7 step=17080 loss=0.0559 elapsed=89.4m
epoch=7 step=17090 loss=0.0048 elapsed=89.5m
epoch=7 step=17100 loss=0.0009 elapsed=89.6m
epoch=7 step=17110 loss=0.0009 elapsed=89.7m
epoch=7 step=17120 loss=0.0030 elapsed=89.8m
epoch=7 step=17130 loss=0.0102 elapsed=89.9m
epoch=7 step=17140 loss=0.0001 elapsed=90.0m
epoch=7 step=17150 loss=0.0002 elapsed=90.1m
epoch=7 step=17160 loss=0.0154 elapsed=90.2m
epoch=7 step=17170 loss=0.0018 elapsed=90.3m
epoch=7 step=17180 loss=0.0004 elapsed=90.4m
epoch=7 step=17190 loss=0.0023 elapsed=90.5m
epoch=7 step=17200 loss=0.0010 elapsed=90.6m
epoch=7 step=17210 loss=0.0002 elapsed=90.7m
epoch=7 step=17220 loss=0.0038 elapsed=90.9m
epoch=7 step=17230 loss=0.0016 elapsed=91.0m
epoch=7 step=17240 loss=0.0039 elapsed=91.1m
epoch=7 step=17250 loss=0.0007 elapsed=91.2m
epoch=7 step=17260 loss=0.0068 elapsed=91.3m
epoch=7 step=17270 loss=0.0013 elapsed=91.4m
epoch=7 step=17280 loss=0.0126 elapsed=91.5m
epoch=7 step=17290 loss=0.0009 elapsed=91.6m
epoch=7 step=17300 loss=0.0002 elapsed=91.7m
epoch=7 step=17310 loss=0.0024 elapsed=91.8m
epoch=7 step=17320 loss=0.0006 elapsed=91.9m
epoch=7 step=17330 loss=0.0004 elapsed=92.0m
epoch=7 step=17340 loss=0.0002 elapsed=92.1m
epoch=7 step=17350 loss=0.0007 elapsed=92.3m
epoch=7 step=17360 loss=0.0001 elapsed=92.4m
epoch=7 step=17370 loss=0.0175 elapsed=92.5m
epoch=7 step=17380 loss=0.0002 elapsed=92.6m
epoch=7 step=17390 loss=0.0001 elapsed=92.7m
epoch=7 step=17400 loss=0.0016 elapsed=92.8m
epoch=7 step=17410 loss=0.0135 elapsed=92.9m
epoch=7 step=17420 loss=0.0001 elapsed=93.0m
epoch=7 step=17430 loss=0.0032 elapsed=93.1m
epoch=7 step=17440 loss=0.0004 elapsed=93.2m
epoch=7 step=17450 loss=0.0002 elapsed=93.3m
epoch=7 step=17460 loss=0.0038 elapsed=93.4m
epoch=7 step=17470 loss=0.0266 elapsed=93.5m
epoch=7 step=17480 loss=0.0003 elapsed=93.6m
epoch=7 step=17490 loss=0.0011 elapsed=93.8m
epoch=7 step=17500 loss=0.0317 elapsed=93.9m
epoch=7 step=17510 loss=0.0007 elapsed=94.0m
epoch=7 step=17520 loss=0.0001 elapsed=94.1m
epoch=7 step=17530 loss=0.0435 elapsed=94.2m
epoch=7 step=17540 loss=0.0001 elapsed=94.3m
epoch=7 step=17550 loss=0.1937 elapsed=94.4m
epoch=7 step=17560 loss=0.0000 elapsed=94.5m
epoch=7 step=17570 loss=0.0049 elapsed=94.6m
epoch=7 step=17580 loss=0.0006 elapsed=94.7m
epoch=7 step=17590 loss=0.0001 elapsed=94.8m
epoch=7 step=17600 loss=0.0003 elapsed=94.9m
epoch=7 step=17610 loss=0.0016 elapsed=95.0m
epoch=7 step=17620 loss=0.0004 elapsed=95.1m
epoch=7 step=17630 loss=0.0100 elapsed=95.3m
epoch=7 step=17640 loss=0.0002 elapsed=95.4m
epoch=7 step=17650 loss=0.0003 elapsed=95.5m
epoch=7 step=17660 loss=0.0006 elapsed=95.6m
epoch=7 step=17670 loss=0.0000 elapsed=95.7m
epoch=7 step=17680 loss=0.0025 elapsed=95.8m
epoch=7 step=17690 loss=0.0102 elapsed=95.9m
epoch=7 step=17700 loss=0.0041 elapsed=96.0m
epoch=7 step=17710 loss=0.0420 elapsed=96.1m
epoch=7 step=17720 loss=0.0003 elapsed=96.2m
epoch=7 step=17730 loss=0.0020 elapsed=96.3m
epoch=7 step=17740 loss=0.0003 elapsed=96.4m
epoch=7 step=17750 loss=0.0031 elapsed=96.5m
epoch=7 step=17760 loss=0.0082 elapsed=96.7m
epoch=7 step=17770 loss=0.0087 elapsed=96.8m
epoch=7 step=17780 loss=0.0001 elapsed=96.9m
epoch=7 step=17790 loss=0.0324 elapsed=97.0m
epoch=7 step=17800 loss=0.0001 elapsed=97.1m
epoch=7 step=17810 loss=0.0001 elapsed=97.2m
epoch=7 step=17820 loss=0.0005 elapsed=97.3m
epoch=7 step=17830 loss=0.0005 elapsed=97.4m
epoch=7 step=17840 loss=0.0076 elapsed=97.5m
epoch=7 step=17850 loss=0.0061 elapsed=97.6m
epoch=7 step=17860 loss=0.0001 elapsed=97.7m
epoch=7 step=17870 loss=0.0002 elapsed=97.8m
epoch=7 step=17880 loss=0.0021 elapsed=97.9m
epoch=7 step=17890 loss=0.0442 elapsed=98.0m
epoch=7 step=17900 loss=0.0002 elapsed=98.2m
epoch=7 step=17910 loss=0.0025 elapsed=98.3m
epoch=7 step=17920 loss=0.0004 elapsed=98.4m
epoch=7 step=17930 loss=0.0023 elapsed=98.5m
epoch=7 step=17940 loss=0.0011 elapsed=98.6m
epoch=7 step=17950 loss=0.0005 elapsed=98.7m
epoch=7 step=17960 loss=0.0003 elapsed=98.8m
epoch=7 step=17970 loss=0.0025 elapsed=98.9m
epoch=7 step=17980 loss=0.0012 elapsed=99.0m
epoch=7 step=17990 loss=0.0023 elapsed=99.1m
epoch=7 step=18000 loss=0.0003 elapsed=99.2m
epoch=7 step=18010 loss=0.0042 elapsed=99.3m
epoch=7 step=18020 loss=0.0007 elapsed=99.4m
epoch=7 step=18030 loss=0.0006 elapsed=99.5m
epoch=7 step=18040 loss=0.0011 elapsed=99.7m
epoch=7 step=18050 loss=0.0002 elapsed=99.8m
epoch=7 step=18060 loss=0.0006 elapsed=99.9m
epoch=7 step=18070 loss=0.0001 elapsed=100.0m
epoch=7 step=18080 loss=0.0005 elapsed=100.1m
epoch=7 step=18090 loss=0.0010 elapsed=100.2m
epoch=7 step=18100 loss=0.0002 elapsed=100.3m
epoch=7 step=18110 loss=0.0203 elapsed=100.4m
epoch=7 step=18120 loss=0.0002 elapsed=100.5m
epoch=7 step=18130 loss=0.0004 elapsed=100.6m
epoch=7 step=18140 loss=0.0011 elapsed=100.7m
epoch=7 step=18150 loss=0.0015 elapsed=100.8m
epoch=7 step=18160 loss=0.0665 elapsed=100.9m
epoch=7 step=18170 loss=0.0010 elapsed=101.1m
epoch=7 step=18180 loss=0.0011 elapsed=101.2m
epoch=7 step=18190 loss=0.0021 elapsed=101.3m
epoch=7 step=18200 loss=0.0002 elapsed=101.4m
epoch=7 step=18210 loss=0.0003 elapsed=101.5m
epoch=7 step=18220 loss=0.0001 elapsed=101.6m
epoch=7 step=18230 loss=0.0012 elapsed=101.7m
epoch=7 step=18240 loss=0.0006 elapsed=101.8m
epoch=7 step=18250 loss=0.0135 elapsed=101.9m
epoch=7 step=18260 loss=0.0014 elapsed=102.0m
epoch=7 step=18270 loss=0.0118 elapsed=102.1m
epoch=7 step=18280 loss=0.0197 elapsed=102.2m
epoch=7 step=18290 loss=0.0018 elapsed=102.3m
epoch=7 step=18300 loss=0.0002 elapsed=102.4m
epoch=7 step=18310 loss=0.0007 elapsed=102.6m
epoch=7 step=18320 loss=0.0004 elapsed=102.7m
epoch=7 step=18330 loss=0.0062 elapsed=102.8m
epoch=7 step=18340 loss=0.0605 elapsed=102.9m
epoch=7 step=18350 loss=0.0026 elapsed=103.0m
epoch=7 step=18360 loss=0.0001 elapsed=103.1m
epoch=7 step=18370 loss=0.0001 elapsed=103.2m
epoch=7 step=18380 loss=0.0019 elapsed=103.3m
epoch=7 step=18390 loss=0.0001 elapsed=103.4m
epoch=7 step=18400 loss=0.0010 elapsed=103.5m
epoch=7 step=18410 loss=0.0708 elapsed=103.6m
Saved checkpoint: outputs/blt_gec/native/last.ckpt
epoch=7 step=18420 loss=0.0001 elapsed=104.5m
epoch=7 step=18430 loss=0.0045 elapsed=104.6m
epoch=7 step=18440 loss=0.0001 elapsed=104.8m
epoch=7 step=18450 loss=0.0007 elapsed=104.9m
epoch=7 step=18460 loss=0.0035 elapsed=105.0m
