==========================================
SLURM_JOB_ID = 753644
SLURM_NODELIST = gpu55
==========================================
Job ID: 753644
Node: gpu55
CUDA_VISIBLE_DEVICES: 0
Start Time: Tue Jun  9 20:59:07 KST 2026
Submit Dir: /scratch/r984a02/PHDQ2
Partition: amd_a100nv_8
Requested GPUs: 1
Requested CPU cores per task: 4
Python: /home01/r984a02/.conda/envs/phdq_blt/bin/python
/home01/r984a02/.conda/envs/phdq_blt/lib/python3.12/site-packages/torch/cuda/__init__.py:61: FutureWarning: The pynvml package is deprecated. Please install nvidia-ml-py instead. If you did not install pynvml directly, please report this to the maintainers of the package that installed pynvml for you.
  import pynvml  # type: ignore[import]
Torch: 2.5.1+cu121
NumPy: 2.4.6
Visible CUDA device count: 1
/home01/r984a02/.conda/envs/phdq_blt/lib/python3.12/site-packages/torch/cuda/__init__.py:61: FutureWarning: The pynvml package is deprecated. Please install nvidia-ml-py instead. If you did not install pynvml directly, please report this to the maintainers of the package that installed pynvml for you.
  import pynvml  # type: ignore[import]
Reference BLT import path: /scratch/r984a02/PHDQ2/reference_code/blt
Checkpoint is loadable: outputs/blt_gec/native/last.ckpt
Resuming from explicit checkpoint: outputs/blt_gec/native/last.ckpt
Starting reference BLT-GEC fine-tuning on native dataset...
BLT lr: 1e-5
BLT weight_decay: 0.1
BLT Adam betas: (0.9, 0.95)
BLT scheduler: cosine
BLT warmup_steps: 2000
BLT num_beams: 4
BLT NUM_GPUS: 1
Device: cuda
Distributed: False rank=0 world_size=1
Backend: reference_blt
Reference BLT code: /scratch/r984a02/PHDQ2/reference_code/blt
BLT repo: facebook/blt-1b
Entropy repo: facebook/blt-entropy
Train: /scratch/r984a02/PHDQ2/data/Preprocessed/native/native_train.txt
Val:   /scratch/r984a02/PHDQ2/data/Preprocessed/native/native_val.txt
Test:  /scratch/r984a02/PHDQ2/data/Preprocessed/native/native_test.txt
Loaded checkpoint: outputs/blt_gec/native/last.ckpt (epoch=3, global_step=4611)
epoch=3 step=4620 loss=0.0255 elapsed=0.3m
epoch=3 step=4630 loss=0.0047 elapsed=0.5m
epoch=3 step=4640 loss=0.0143 elapsed=0.6m
epoch=3 step=4650 loss=0.0517 elapsed=0.7m
epoch=3 step=4660 loss=0.0137 elapsed=0.9m
epoch=3 step=4670 loss=0.0210 elapsed=1.0m
epoch=3 step=4680 loss=0.1561 elapsed=1.2m
epoch=3 step=4690 loss=0.0041 elapsed=1.3m
epoch=3 step=4700 loss=0.0126 elapsed=1.5m
epoch=3 step=4710 loss=0.0016 elapsed=1.6m
epoch=3 step=4720 loss=0.0024 elapsed=1.7m
epoch=3 step=4730 loss=0.0110 elapsed=1.9m
epoch=3 step=4740 loss=0.0074 elapsed=2.0m
epoch=3 step=4750 loss=0.0085 elapsed=2.2m
epoch=3 step=4760 loss=0.0049 elapsed=2.3m
epoch=3 step=4770 loss=0.0108 elapsed=2.5m
epoch=3 step=4780 loss=0.0018 elapsed=2.6m
epoch=3 step=4790 loss=0.0023 elapsed=2.8m
epoch=3 step=4800 loss=0.1821 elapsed=2.9m
epoch=3 step=4810 loss=0.0717 elapsed=3.0m
epoch=3 step=4820 loss=0.0259 elapsed=3.2m
epoch=3 step=4830 loss=0.0038 elapsed=3.3m
epoch=3 step=4840 loss=0.0025 elapsed=3.5m
epoch=3 step=4850 loss=0.0033 elapsed=3.6m
epoch=3 step=4860 loss=0.0036 elapsed=3.8m
epoch=3 step=4870 loss=0.0028 elapsed=3.9m
epoch=3 step=4880 loss=0.0214 elapsed=4.0m
epoch=3 step=4890 loss=0.1208 elapsed=4.2m
epoch=3 step=4900 loss=0.0866 elapsed=4.3m
epoch=3 step=4910 loss=0.0324 elapsed=4.5m
epoch=3 step=4920 loss=0.0132 elapsed=4.6m
epoch=3 step=4930 loss=0.0058 elapsed=4.8m
epoch=3 step=4940 loss=0.0066 elapsed=4.9m
epoch=3 step=4950 loss=0.0281 elapsed=5.0m
epoch=3 step=4960 loss=0.2350 elapsed=5.2m
epoch=3 step=4970 loss=0.0337 elapsed=5.3m
epoch=3 step=4980 loss=0.0015 elapsed=5.5m
epoch=3 step=4990 loss=0.0012 elapsed=5.6m
epoch=3 step=5000 loss=0.0154 elapsed=5.8m
epoch=3 step=5010 loss=0.1090 elapsed=5.9m
epoch=3 step=5020 loss=0.0082 elapsed=6.0m
epoch=3 step=5030 loss=0.0395 elapsed=6.2m
epoch=3 step=5040 loss=0.0127 elapsed=6.3m
epoch=3 step=5050 loss=0.0969 elapsed=6.5m
epoch=3 step=5060 loss=0.0109 elapsed=6.6m
epoch=3 step=5070 loss=0.0041 elapsed=6.8m
epoch=3 step=5080 loss=0.0110 elapsed=6.9m
epoch=3 step=5090 loss=0.0212 elapsed=7.1m
epoch=3 step=5100 loss=0.1639 elapsed=7.2m
epoch=3 step=5110 loss=0.0003 elapsed=7.3m
epoch=3 step=5120 loss=0.0494 elapsed=7.5m
epoch=3 step=5130 loss=0.0193 elapsed=7.6m
epoch=3 step=5140 loss=0.0667 elapsed=7.8m
epoch=3 step=5150 loss=0.0014 elapsed=7.9m
epoch=3 step=5160 loss=0.0005 elapsed=8.1m
epoch=3 step=5170 loss=0.0055 elapsed=8.2m
epoch=3 step=5180 loss=0.0070 elapsed=8.3m
epoch=3 step=5190 loss=0.0018 elapsed=8.5m
epoch=3 step=5200 loss=0.0098 elapsed=8.6m
epoch=3 step=5210 loss=0.0065 elapsed=8.8m
epoch=3 step=5220 loss=0.0390 elapsed=8.9m
epoch=3 step=5230 loss=0.1485 elapsed=9.1m
epoch=3 step=5240 loss=0.0006 elapsed=9.2m
epoch=3 step=5250 loss=0.7580 elapsed=9.3m
epoch=3 step=5260 loss=0.0505 elapsed=9.5m
epoch=3 step=5270 loss=0.0007 elapsed=9.6m
epoch=3 step=5280 loss=0.0016 elapsed=9.8m
epoch=3 step=5290 loss=0.0462 elapsed=9.9m
epoch=3 step=5300 loss=0.0138 elapsed=10.1m
epoch=3 step=5310 loss=0.1523 elapsed=10.2m
epoch=3 step=5320 loss=0.1577 elapsed=10.4m
epoch=3 step=5330 loss=0.0042 elapsed=10.5m
epoch=3 step=5340 loss=0.0027 elapsed=10.6m
epoch=3 step=5350 loss=0.2437 elapsed=10.8m
epoch=3 step=5360 loss=0.0058 elapsed=10.9m
epoch=3 step=5370 loss=0.0152 elapsed=11.1m
epoch=3 step=5380 loss=0.0003 elapsed=11.2m
epoch=3 step=5390 loss=0.0045 elapsed=11.4m
epoch=3 step=5400 loss=0.0075 elapsed=11.5m
epoch=3 step=5410 loss=0.0218 elapsed=11.6m
epoch=3 step=5420 loss=0.0620 elapsed=11.8m
epoch=3 step=5430 loss=0.0692 elapsed=11.9m
epoch=3 step=5440 loss=0.0088 elapsed=12.1m
epoch=3 step=5450 loss=0.1728 elapsed=12.2m
epoch=3 step=5460 loss=0.0099 elapsed=12.4m
epoch=3 step=5470 loss=0.0098 elapsed=12.5m
epoch=3 step=5480 loss=0.0030 elapsed=12.6m
epoch=3 step=5490 loss=0.0111 elapsed=12.8m
epoch=3 step=5500 loss=0.0014 elapsed=12.9m
epoch=3 step=5510 loss=0.0850 elapsed=13.1m
epoch=3 step=5520 loss=0.0159 elapsed=13.2m
epoch=3 step=5530 loss=0.0256 elapsed=13.4m
epoch=3 step=5540 loss=0.0011 elapsed=13.5m
epoch=3 step=5550 loss=0.0387 elapsed=13.7m
epoch=3 step=5560 loss=0.0936 elapsed=13.8m
epoch=3 step=5570 loss=0.0113 elapsed=13.9m
epoch=3 step=5580 loss=0.0034 elapsed=14.1m
epoch=3 step=5590 loss=0.0030 elapsed=14.2m
epoch=3 step=5600 loss=0.0067 elapsed=14.4m
epoch=3 step=5610 loss=0.0050 elapsed=14.5m
epoch=3 step=5620 loss=0.0047 elapsed=14.7m
epoch=3 step=5630 loss=0.1006 elapsed=14.8m
epoch=3 step=5640 loss=0.0467 elapsed=14.9m
epoch=3 step=5650 loss=0.0300 elapsed=15.1m
epoch=3 step=5660 loss=0.0003 elapsed=15.2m
epoch=3 step=5670 loss=0.0058 elapsed=15.4m
epoch=3 step=5680 loss=0.0907 elapsed=15.5m
epoch=3 step=5690 loss=0.2459 elapsed=15.7m
epoch=3 step=5700 loss=0.0072 elapsed=15.8m
epoch=3 step=5710 loss=0.0639 elapsed=15.9m
epoch=3 step=5720 loss=0.0157 elapsed=16.1m
epoch=3 step=5730 loss=0.0728 elapsed=16.2m
epoch=3 step=5740 loss=0.0066 elapsed=16.4m
epoch=3 step=5750 loss=0.0851 elapsed=16.5m
epoch=3 step=5760 loss=0.0018 elapsed=16.7m
epoch=3 step=5770 loss=0.0185 elapsed=16.8m
epoch=3 step=5780 loss=0.0403 elapsed=16.9m
epoch=3 step=5790 loss=0.0742 elapsed=17.1m
epoch=3 step=5800 loss=0.0067 elapsed=17.2m
epoch=3 step=5810 loss=0.0141 elapsed=17.4m
epoch=3 step=5820 loss=0.0151 elapsed=17.5m
epoch=3 step=5830 loss=0.0023 elapsed=17.7m
epoch=3 step=5840 loss=0.0019 elapsed=17.8m
epoch=3 step=5850 loss=0.0128 elapsed=18.0m
epoch=3 step=5860 loss=0.0084 elapsed=18.1m
epoch=3 step=5870 loss=0.0178 elapsed=18.2m
epoch=3 step=5880 loss=0.0787 elapsed=18.4m
epoch=3 step=5890 loss=0.1229 elapsed=18.5m
epoch=3 step=5900 loss=0.0189 elapsed=18.7m
epoch=3 step=5910 loss=0.0824 elapsed=18.8m
epoch=3 step=5920 loss=0.0095 elapsed=19.0m
epoch=3 step=5930 loss=0.3850 elapsed=19.1m
epoch=3 step=5940 loss=0.0006 elapsed=19.2m
epoch=3 step=5950 loss=0.0026 elapsed=19.4m
epoch=3 step=5960 loss=0.1145 elapsed=19.5m
epoch=3 step=5970 loss=0.0058 elapsed=19.7m
epoch=3 step=5980 loss=0.0008 elapsed=19.8m
epoch=3 step=5990 loss=0.0273 elapsed=20.0m
Saved checkpoint: outputs/blt_gec/native/last.ckpt
epoch=3 step=6000 loss=0.0661 elapsed=20.6m
epoch=3 step=6010 loss=0.0068 elapsed=20.7m
epoch=3 step=6020 loss=0.0161 elapsed=20.9m
epoch=3 step=6030 loss=0.0008 elapsed=21.0m
epoch=3 step=6040 loss=0.0055 elapsed=21.2m
epoch=3 step=6050 loss=0.0113 elapsed=21.3m
epoch=3 step=6060 loss=0.0007 elapsed=21.5m
epoch=3 step=6070 loss=0.1092 elapsed=21.6m
epoch=3 step=6080 loss=0.0459 elapsed=21.7m
epoch=3 step=6090 loss=0.0122 elapsed=21.9m
epoch=3 step=6100 loss=0.0987 elapsed=22.0m
epoch=3 step=6110 loss=0.0040 elapsed=22.2m
epoch=3 step=6120 loss=0.0210 elapsed=22.3m
epoch=3 step=6130 loss=0.0015 elapsed=22.5m
epoch=3 step=6140 loss=0.0187 elapsed=22.6m
epoch=3 validation loss=0.0562
Saved checkpoint: outputs/blt_gec/native/best.ckpt
Saved checkpoint: outputs/blt_gec/native/last.ckpt
epoch=4 step=6150 loss=0.0763 elapsed=26.3m
epoch=4 step=6160 loss=0.0041 elapsed=26.5m
epoch=4 step=6170 loss=0.0130 elapsed=26.6m
epoch=4 step=6180 loss=0.0015 elapsed=26.8m
epoch=4 step=6190 loss=0.1033 elapsed=26.9m
epoch=4 step=6200 loss=0.0579 elapsed=27.1m
epoch=4 step=6210 loss=0.0010 elapsed=27.2m
epoch=4 step=6220 loss=0.0163 elapsed=27.3m
epoch=4 step=6230 loss=0.0014 elapsed=27.5m
epoch=4 step=6240 loss=0.0069 elapsed=27.6m
epoch=4 step=6250 loss=0.0007 elapsed=27.8m
epoch=4 step=6260 loss=0.0004 elapsed=27.9m
epoch=4 step=6270 loss=0.0013 elapsed=28.1m
epoch=4 step=6280 loss=0.0373 elapsed=28.2m
epoch=4 step=6290 loss=0.0316 elapsed=28.3m
epoch=4 step=6300 loss=0.0019 elapsed=28.5m
epoch=4 step=6310 loss=0.0267 elapsed=28.6m
epoch=4 step=6320 loss=0.0088 elapsed=28.8m
epoch=4 step=6330 loss=0.0155 elapsed=28.9m
epoch=4 step=6340 loss=0.0213 elapsed=29.1m
epoch=4 step=6350 loss=0.0195 elapsed=29.2m
epoch=4 step=6360 loss=0.0092 elapsed=29.3m
epoch=4 step=6370 loss=0.0240 elapsed=29.5m
epoch=4 step=6380 loss=0.0279 elapsed=29.6m
epoch=4 step=6390 loss=0.0308 elapsed=29.8m
epoch=4 step=6400 loss=0.0043 elapsed=29.9m
epoch=4 step=6410 loss=0.0017 elapsed=30.1m
epoch=4 step=6420 loss=0.0021 elapsed=30.2m
epoch=4 step=6430 loss=0.1611 elapsed=30.4m
epoch=4 step=6440 loss=0.0001 elapsed=30.5m
epoch=4 step=6450 loss=0.0271 elapsed=30.6m
epoch=4 step=6460 loss=0.0051 elapsed=30.8m
epoch=4 step=6470 loss=0.0005 elapsed=30.9m
epoch=4 step=6480 loss=0.0023 elapsed=31.1m
epoch=4 step=6490 loss=0.0652 elapsed=31.2m
epoch=4 step=6500 loss=0.0896 elapsed=31.4m
epoch=4 step=6510 loss=0.0044 elapsed=31.5m
epoch=4 step=6520 loss=0.0026 elapsed=31.6m
epoch=4 step=6530 loss=0.1140 elapsed=31.8m
epoch=4 step=6540 loss=0.0031 elapsed=31.9m
epoch=4 step=6550 loss=0.0129 elapsed=32.1m
epoch=4 step=6560 loss=0.0011 elapsed=32.2m
epoch=4 step=6570 loss=0.0616 elapsed=32.4m
epoch=4 step=6580 loss=0.2132 elapsed=32.5m
epoch=4 step=6590 loss=0.0076 elapsed=32.6m
epoch=4 step=6600 loss=0.0416 elapsed=32.8m
epoch=4 step=6610 loss=0.0180 elapsed=32.9m
epoch=4 step=6620 loss=0.1138 elapsed=33.1m
epoch=4 step=6630 loss=0.0027 elapsed=33.2m
epoch=4 step=6640 loss=0.0054 elapsed=33.4m
epoch=4 step=6650 loss=0.0132 elapsed=33.5m
epoch=4 step=6660 loss=0.0038 elapsed=33.7m
epoch=4 step=6670 loss=0.0092 elapsed=33.8m
epoch=4 step=6680 loss=0.0288 elapsed=33.9m
epoch=4 step=6690 loss=0.0022 elapsed=34.1m
epoch=4 step=6700 loss=0.0802 elapsed=34.2m
epoch=4 step=6710 loss=0.0059 elapsed=34.4m
epoch=4 step=6720 loss=0.0032 elapsed=34.5m
epoch=4 step=6730 loss=0.0020 elapsed=34.7m
epoch=4 step=6740 loss=0.0005 elapsed=34.8m
epoch=4 step=6750 loss=0.0075 elapsed=34.9m
epoch=4 step=6760 loss=0.0003 elapsed=35.1m
epoch=4 step=6770 loss=0.0022 elapsed=35.2m
epoch=4 step=6780 loss=0.0032 elapsed=35.4m
epoch=4 step=6790 loss=0.0357 elapsed=35.5m
epoch=4 step=6800 loss=0.0394 elapsed=35.7m
epoch=4 step=6810 loss=0.0019 elapsed=35.8m
epoch=4 step=6820 loss=0.0003 elapsed=35.9m
epoch=4 step=6830 loss=0.0843 elapsed=36.1m
epoch=4 step=6840 loss=0.0353 elapsed=36.2m
epoch=4 step=6850 loss=0.0588 elapsed=36.4m
epoch=4 step=6860 loss=0.0004 elapsed=36.5m
epoch=4 step=6870 loss=0.0093 elapsed=36.7m
epoch=4 step=6880 loss=0.2000 elapsed=36.8m
epoch=4 step=6890 loss=0.0002 elapsed=37.0m
epoch=4 step=6900 loss=0.0285 elapsed=37.1m
epoch=4 step=6910 loss=0.0034 elapsed=37.2m
epoch=4 step=6920 loss=0.0075 elapsed=37.4m
epoch=4 step=6930 loss=0.0005 elapsed=37.5m
epoch=4 step=6940 loss=0.0006 elapsed=37.7m
epoch=4 step=6950 loss=0.0039 elapsed=37.8m
epoch=4 step=6960 loss=0.0011 elapsed=38.0m
epoch=4 step=6970 loss=0.0137 elapsed=38.1m
epoch=4 step=6980 loss=0.0020 elapsed=38.2m
epoch=4 step=6990 loss=0.0001 elapsed=38.4m
epoch=4 step=7000 loss=0.0022 elapsed=38.5m
epoch=4 step=7010 loss=0.0039 elapsed=38.7m
epoch=4 step=7020 loss=0.3258 elapsed=38.8m
epoch=4 step=7030 loss=0.0037 elapsed=39.0m
epoch=4 step=7040 loss=0.0029 elapsed=39.1m
epoch=4 step=7050 loss=0.0117 elapsed=39.2m
epoch=4 step=7060 loss=0.0269 elapsed=39.4m
epoch=4 step=7070 loss=0.0004 elapsed=39.5m
epoch=4 step=7080 loss=0.0881 elapsed=39.7m
epoch=4 step=7090 loss=0.0335 elapsed=39.8m
epoch=4 step=7100 loss=0.0007 elapsed=40.0m
Saved checkpoint: outputs/blt_gec/native/last.ckpt
epoch=4 step=7110 loss=0.3775 elapsed=40.5m
epoch=4 step=7120 loss=0.0640 elapsed=40.6m
epoch=4 step=7130 loss=0.0016 elapsed=40.8m
epoch=4 step=7140 loss=0.1689 elapsed=40.9m
epoch=4 step=7150 loss=0.0013 elapsed=41.1m
epoch=4 step=7160 loss=0.0686 elapsed=41.2m
epoch=4 step=7170 loss=0.1153 elapsed=41.4m
epoch=4 step=7180 loss=0.0047 elapsed=41.5m
epoch=4 step=7190 loss=0.0200 elapsed=41.6m
epoch=4 step=7200 loss=0.0913 elapsed=41.8m
epoch=4 step=7210 loss=0.0505 elapsed=41.9m
epoch=4 step=7220 loss=0.0010 elapsed=42.1m
epoch=4 step=7230 loss=0.0569 elapsed=42.2m
epoch=4 step=7240 loss=0.0021 elapsed=42.4m
epoch=4 step=7250 loss=0.0089 elapsed=42.5m
epoch=4 step=7260 loss=0.0745 elapsed=42.6m
epoch=4 step=7270 loss=0.0021 elapsed=42.8m
epoch=4 step=7280 loss=0.0053 elapsed=42.9m
epoch=4 step=7290 loss=0.0067 elapsed=43.1m
epoch=4 step=7300 loss=0.0027 elapsed=43.2m
epoch=4 step=7310 loss=0.0137 elapsed=43.4m
epoch=4 step=7320 loss=0.0678 elapsed=43.5m
epoch=4 step=7330 loss=0.0011 elapsed=43.6m
epoch=4 step=7340 loss=0.1445 elapsed=43.8m
epoch=4 step=7350 loss=0.0037 elapsed=43.9m
epoch=4 step=7360 loss=0.0013 elapsed=44.1m
epoch=4 step=7370 loss=0.0013 elapsed=44.2m
epoch=4 step=7380 loss=0.2823 elapsed=44.4m
epoch=4 step=7390 loss=0.0015 elapsed=44.5m
epoch=4 step=7400 loss=0.0160 elapsed=44.7m
epoch=4 step=7410 loss=0.1850 elapsed=44.8m
epoch=4 step=7420 loss=0.0031 elapsed=44.9m
epoch=4 step=7430 loss=0.0093 elapsed=45.1m
epoch=4 step=7440 loss=0.0213 elapsed=45.2m
epoch=4 step=7450 loss=0.0492 elapsed=45.4m
epoch=4 step=7460 loss=0.0008 elapsed=45.5m
epoch=4 step=7470 loss=0.0556 elapsed=45.7m
epoch=4 step=7480 loss=0.0001 elapsed=45.8m
epoch=4 step=7490 loss=0.0048 elapsed=45.9m
epoch=4 step=7500 loss=0.0168 elapsed=46.1m
epoch=4 step=7510 loss=0.0176 elapsed=46.2m
epoch=4 step=7520 loss=0.0693 elapsed=46.4m
epoch=4 step=7530 loss=0.0001 elapsed=46.5m
epoch=4 step=7540 loss=0.0949 elapsed=46.7m
epoch=4 step=7550 loss=0.0031 elapsed=46.8m
epoch=4 step=7560 loss=0.0655 elapsed=46.9m
epoch=4 step=7570 loss=0.0032 elapsed=47.1m
epoch=4 step=7580 loss=0.1218 elapsed=47.2m
epoch=4 step=7590 loss=0.0039 elapsed=47.4m
epoch=4 step=7600 loss=0.0017 elapsed=47.5m
epoch=4 step=7610 loss=0.0009 elapsed=47.7m
epoch=4 step=7620 loss=0.0055 elapsed=47.8m
epoch=4 step=7630 loss=0.0091 elapsed=48.0m
epoch=4 step=7640 loss=0.0759 elapsed=48.1m
epoch=4 step=7650 loss=1.0115 elapsed=48.2m
epoch=4 step=7660 loss=0.0008 elapsed=48.4m
epoch=4 step=7670 loss=0.0004 elapsed=48.5m
epoch=4 step=7680 loss=0.0031 elapsed=48.7m
epoch=4 validation loss=0.0570
Saved checkpoint: outputs/blt_gec/native/last.ckpt
epoch=5 step=7690 loss=0.0503 elapsed=52.1m
epoch=5 step=7700 loss=0.0071 elapsed=52.2m
epoch=5 step=7710 loss=0.0519 elapsed=52.3m
epoch=5 step=7720 loss=0.1332 elapsed=52.5m
epoch=5 step=7730 loss=0.0047 elapsed=52.6m
epoch=5 step=7740 loss=0.0003 elapsed=52.8m
epoch=5 step=7750 loss=0.0005 elapsed=52.9m
epoch=5 step=7760 loss=0.0637 elapsed=53.1m
epoch=5 step=7770 loss=0.0002 elapsed=53.2m
epoch=5 step=7780 loss=0.0033 elapsed=53.3m
epoch=5 step=7790 loss=0.1414 elapsed=53.5m
epoch=5 step=7800 loss=0.0023 elapsed=53.6m
epoch=5 step=7810 loss=0.0008 elapsed=53.8m
epoch=5 step=7820 loss=0.0958 elapsed=53.9m
epoch=5 step=7830 loss=0.0002 elapsed=54.1m
epoch=5 step=7840 loss=0.0004 elapsed=54.2m
epoch=5 step=7850 loss=0.1659 elapsed=54.3m
epoch=5 step=7860 loss=0.0004 elapsed=54.5m
epoch=5 step=7870 loss=0.0869 elapsed=54.6m
epoch=5 step=7880 loss=0.1078 elapsed=54.8m
epoch=5 step=7890 loss=0.1076 elapsed=54.9m
epoch=5 step=7900 loss=0.0004 elapsed=55.1m
epoch=5 step=7910 loss=0.0094 elapsed=55.2m
epoch=5 step=7920 loss=0.0104 elapsed=55.3m
epoch=5 step=7930 loss=0.0004 elapsed=55.5m
epoch=5 step=7940 loss=0.0072 elapsed=55.6m
epoch=5 step=7950 loss=0.0028 elapsed=55.8m
epoch=5 step=7960 loss=0.0713 elapsed=55.9m
epoch=5 step=7970 loss=0.0001 elapsed=56.1m
epoch=5 step=7980 loss=0.0103 elapsed=56.2m
epoch=5 step=7990 loss=0.0151 elapsed=56.3m
epoch=5 step=8000 loss=0.0004 elapsed=56.5m
epoch=5 step=8010 loss=0.0004 elapsed=56.6m
epoch=5 step=8020 loss=0.0027 elapsed=56.8m
epoch=5 step=8030 loss=0.0002 elapsed=56.9m
epoch=5 step=8040 loss=0.0023 elapsed=57.1m
epoch=5 step=8050 loss=0.0046 elapsed=57.2m
epoch=5 step=8060 loss=0.0016 elapsed=57.3m
epoch=5 step=8070 loss=0.0011 elapsed=57.5m
epoch=5 step=8080 loss=0.0029 elapsed=57.6m
epoch=5 step=8090 loss=0.0001 elapsed=57.8m
epoch=5 step=8100 loss=0.0015 elapsed=57.9m
epoch=5 step=8110 loss=0.0013 elapsed=58.1m
epoch=5 step=8120 loss=0.0042 elapsed=58.2m
epoch=5 step=8130 loss=0.0048 elapsed=58.3m
epoch=5 step=8140 loss=0.0049 elapsed=58.5m
epoch=5 step=8150 loss=0.0689 elapsed=58.6m
epoch=5 step=8160 loss=0.0176 elapsed=58.8m
epoch=5 step=8170 loss=0.0009 elapsed=58.9m
epoch=5 step=8180 loss=0.0002 elapsed=59.1m
epoch=5 step=8190 loss=0.0474 elapsed=59.2m
epoch=5 step=8200 loss=0.0278 elapsed=59.4m
epoch=5 step=8210 loss=0.0782 elapsed=59.5m
epoch=5 step=8220 loss=0.0223 elapsed=59.6m
epoch=5 step=8230 loss=0.0059 elapsed=59.8m
epoch=5 step=8240 loss=0.0014 elapsed=59.9m
Saved checkpoint: outputs/blt_gec/native/last.ckpt
epoch=5 step=8250 loss=0.0017 elapsed=60.6m
epoch=5 step=8260 loss=0.0035 elapsed=60.7m
epoch=5 step=8270 loss=0.0002 elapsed=60.9m
epoch=5 step=8280 loss=0.0007 elapsed=61.0m
epoch=5 step=8290 loss=0.0012 elapsed=61.1m
epoch=5 step=8300 loss=0.0218 elapsed=61.3m
epoch=5 step=8310 loss=0.0676 elapsed=61.4m
epoch=5 step=8320 loss=0.0015 elapsed=61.6m
epoch=5 step=8330 loss=0.0011 elapsed=61.7m
epoch=5 step=8340 loss=0.0008 elapsed=61.9m
epoch=5 step=8350 loss=0.0010 elapsed=62.0m
epoch=5 step=8360 loss=0.1259 elapsed=62.2m
epoch=5 step=8370 loss=0.0002 elapsed=62.3m
epoch=5 step=8380 loss=0.0299 elapsed=62.5m
epoch=5 step=8390 loss=0.0047 elapsed=62.6m
epoch=5 step=8400 loss=0.0004 elapsed=62.7m
epoch=5 step=8410 loss=0.0034 elapsed=62.9m
epoch=5 step=8420 loss=0.0022 elapsed=63.0m
epoch=5 step=8430 loss=0.0003 elapsed=63.2m
epoch=5 step=8440 loss=0.0379 elapsed=63.3m
epoch=5 step=8450 loss=0.0043 elapsed=63.5m
epoch=5 step=8460 loss=0.0139 elapsed=63.7m
epoch=5 step=8470 loss=0.0032 elapsed=63.8m
epoch=5 step=8480 loss=0.0033 elapsed=64.0m
epoch=5 step=8490 loss=0.0088 elapsed=64.1m
epoch=5 step=8500 loss=0.0013 elapsed=64.3m
epoch=5 step=8510 loss=0.0617 elapsed=64.4m
epoch=5 step=8520 loss=0.0011 elapsed=64.6m
epoch=5 step=8530 loss=0.1840 elapsed=64.7m
epoch=5 step=8540 loss=0.1201 elapsed=64.8m
epoch=5 step=8550 loss=0.0151 elapsed=65.0m
epoch=5 step=8560 loss=0.0011 elapsed=65.1m
epoch=5 step=8570 loss=0.0168 elapsed=65.3m
epoch=5 step=8580 loss=0.0388 elapsed=65.4m
epoch=5 step=8590 loss=0.0015 elapsed=65.6m
epoch=5 step=8600 loss=0.0002 elapsed=65.7m
epoch=5 step=8610 loss=0.0007 elapsed=65.8m
epoch=5 step=8620 loss=0.1119 elapsed=66.0m
epoch=5 step=8630 loss=0.2470 elapsed=66.1m
epoch=5 step=8640 loss=0.0023 elapsed=66.3m
epoch=5 step=8650 loss=0.0002 elapsed=66.4m
epoch=5 step=8660 loss=0.0591 elapsed=66.6m
epoch=5 step=8670 loss=0.0155 elapsed=66.7m
epoch=5 step=8680 loss=0.0478 elapsed=66.8m
epoch=5 step=8690 loss=0.0002 elapsed=67.0m
epoch=5 step=8700 loss=0.0004 elapsed=67.1m
epoch=5 step=8710 loss=0.0611 elapsed=67.3m
epoch=5 step=8720 loss=0.0183 elapsed=67.4m
epoch=5 step=8730 loss=0.0126 elapsed=67.6m
epoch=5 step=8740 loss=0.0011 elapsed=67.7m
epoch=5 step=8750 loss=0.0014 elapsed=67.8m
epoch=5 step=8760 loss=0.0583 elapsed=68.0m
epoch=5 step=8770 loss=0.0294 elapsed=68.1m
epoch=5 step=8780 loss=0.0034 elapsed=68.3m
epoch=5 step=8790 loss=0.0165 elapsed=68.4m
epoch=5 step=8800 loss=0.0205 elapsed=68.6m
epoch=5 step=8810 loss=0.0011 elapsed=68.7m
epoch=5 step=8820 loss=0.0024 elapsed=68.8m
epoch=5 step=8830 loss=0.0026 elapsed=69.0m
epoch=5 step=8840 loss=0.0004 elapsed=69.1m
epoch=5 step=8850 loss=0.0010 elapsed=69.3m
epoch=5 step=8860 loss=0.0004 elapsed=69.4m
epoch=5 step=8870 loss=0.0638 elapsed=69.6m
epoch=5 step=8880 loss=0.0016 elapsed=69.7m
epoch=5 step=8890 loss=0.0008 elapsed=69.9m
epoch=5 step=8900 loss=0.0011 elapsed=70.0m
epoch=5 step=8910 loss=0.0070 elapsed=70.1m
epoch=5 step=8920 loss=0.0778 elapsed=70.3m
epoch=5 step=8930 loss=0.0868 elapsed=70.4m
epoch=5 step=8940 loss=0.0040 elapsed=70.6m
epoch=5 step=8950 loss=0.0004 elapsed=70.7m
epoch=5 step=8960 loss=0.0472 elapsed=70.9m
epoch=5 step=8970 loss=0.0065 elapsed=71.0m
epoch=5 step=8980 loss=0.0017 elapsed=71.1m
epoch=5 step=8990 loss=0.0022 elapsed=71.3m
epoch=5 step=9000 loss=0.0030 elapsed=71.4m
epoch=5 step=9010 loss=0.0030 elapsed=71.6m
epoch=5 step=9020 loss=0.0013 elapsed=71.7m
epoch=5 step=9030 loss=0.1581 elapsed=71.9m
epoch=5 step=9040 loss=0.0164 elapsed=72.0m
epoch=5 step=9050 loss=0.0263 elapsed=72.1m
epoch=5 step=9060 loss=0.0845 elapsed=72.3m
epoch=5 step=9070 loss=0.0002 elapsed=72.4m
epoch=5 step=9080 loss=0.0696 elapsed=72.6m
epoch=5 step=9090 loss=0.0070 elapsed=72.7m
epoch=5 step=9100 loss=0.0073 elapsed=72.9m
epoch=5 step=9110 loss=0.0039 elapsed=73.0m
epoch=5 step=9120 loss=0.0168 elapsed=73.1m
epoch=5 step=9130 loss=0.0035 elapsed=73.3m
epoch=5 step=9140 loss=0.0010 elapsed=73.4m
epoch=5 step=9150 loss=0.0144 elapsed=73.6m
epoch=5 step=9160 loss=0.0705 elapsed=73.7m
epoch=5 step=9170 loss=0.0021 elapsed=73.9m
epoch=5 step=9180 loss=0.0007 elapsed=74.0m
epoch=5 step=9190 loss=0.0032 elapsed=74.1m
epoch=5 step=9200 loss=0.0011 elapsed=74.3m
epoch=5 step=9210 loss=0.0106 elapsed=74.4m
epoch=5 step=9220 loss=0.0740 elapsed=74.6m
epoch=5 validation loss=0.0613
Saved checkpoint: outputs/blt_gec/native/last.ckpt
epoch=6 step=9230 loss=0.0082 elapsed=78.0m
epoch=6 step=9240 loss=0.0002 elapsed=78.1m
epoch=6 step=9250 loss=0.0003 elapsed=78.3m
epoch=6 step=9260 loss=0.0226 elapsed=78.4m
epoch=6 step=9270 loss=0.0005 elapsed=78.5m
epoch=6 step=9280 loss=0.1309 elapsed=78.7m
epoch=6 step=9290 loss=0.1409 elapsed=78.9m
epoch=6 step=9300 loss=0.0034 elapsed=79.0m
epoch=6 step=9310 loss=0.0002 elapsed=79.1m
epoch=6 step=9320 loss=0.0003 elapsed=79.3m
epoch=6 step=9330 loss=0.0072 elapsed=79.4m
epoch=6 step=9340 loss=0.0032 elapsed=79.6m
epoch=6 step=9350 loss=0.0018 elapsed=79.7m
epoch=6 step=9360 loss=0.0009 elapsed=79.9m
epoch=6 step=9370 loss=0.0116 elapsed=80.0m
Saved checkpoint: outputs/blt_gec/native/last.ckpt
epoch=6 step=9380 loss=0.1613 elapsed=80.5m
epoch=6 step=9390 loss=0.0016 elapsed=80.7m
epoch=6 step=9400 loss=0.0246 elapsed=80.8m
epoch=6 step=9410 loss=0.0042 elapsed=81.0m
epoch=6 step=9420 loss=0.0050 elapsed=81.1m
epoch=6 step=9430 loss=0.0004 elapsed=81.3m
epoch=6 step=9440 loss=0.0015 elapsed=81.4m
epoch=6 step=9450 loss=0.0017 elapsed=81.5m
epoch=6 step=9460 loss=0.0096 elapsed=81.7m
epoch=6 step=9470 loss=0.0071 elapsed=81.8m
epoch=6 step=9480 loss=0.0008 elapsed=82.0m
epoch=6 step=9490 loss=0.0001 elapsed=82.1m
epoch=6 step=9500 loss=0.0008 elapsed=82.3m
epoch=6 step=9510 loss=0.0001 elapsed=82.4m
epoch=6 step=9520 loss=0.0054 elapsed=82.5m
epoch=6 step=9530 loss=0.0002 elapsed=82.7m
epoch=6 step=9540 loss=0.1487 elapsed=82.8m
epoch=6 step=9550 loss=0.0008 elapsed=83.0m
epoch=6 step=9560 loss=0.0102 elapsed=83.1m
epoch=6 step=9570 loss=0.2370 elapsed=83.3m
epoch=6 step=9580 loss=0.0171 elapsed=83.4m
epoch=6 step=9590 loss=0.0018 elapsed=83.6m
epoch=6 step=9600 loss=0.0139 elapsed=83.7m
epoch=6 step=9610 loss=0.0658 elapsed=83.8m
epoch=6 step=9620 loss=0.0008 elapsed=84.0m
epoch=6 step=9630 loss=0.0006 elapsed=84.1m
epoch=6 step=9640 loss=0.0387 elapsed=84.3m
epoch=6 step=9650 loss=0.0191 elapsed=84.4m
epoch=6 step=9660 loss=0.0002 elapsed=84.6m
epoch=6 step=9670 loss=0.0055 elapsed=84.7m
epoch=6 step=9680 loss=0.0459 elapsed=84.8m
epoch=6 step=9690 loss=0.0132 elapsed=85.0m
epoch=6 step=9700 loss=0.0532 elapsed=85.1m
epoch=6 step=9710 loss=0.0004 elapsed=85.3m
epoch=6 step=9720 loss=0.1550 elapsed=85.4m
epoch=6 step=9730 loss=0.0022 elapsed=85.6m
epoch=6 step=9740 loss=0.0054 elapsed=85.7m
epoch=6 step=9750 loss=0.1455 elapsed=85.8m
epoch=6 step=9760 loss=0.0305 elapsed=86.0m
epoch=6 step=9770 loss=0.1240 elapsed=86.1m
epoch=6 step=9780 loss=0.0001 elapsed=86.3m
epoch=6 step=9790 loss=0.0030 elapsed=86.4m
epoch=6 step=9800 loss=0.0210 elapsed=86.6m
epoch=6 step=9810 loss=0.0054 elapsed=86.7m
epoch=6 step=9820 loss=0.0015 elapsed=86.8m
epoch=6 step=9830 loss=0.1307 elapsed=87.0m
epoch=6 step=9840 loss=0.0766 elapsed=87.1m
epoch=6 step=9850 loss=0.0002 elapsed=87.3m
epoch=6 step=9860 loss=0.0111 elapsed=87.4m
epoch=6 step=9870 loss=0.0033 elapsed=87.6m
epoch=6 step=9880 loss=0.0055 elapsed=87.7m
epoch=6 step=9890 loss=0.0067 elapsed=87.8m
epoch=6 step=9900 loss=0.0048 elapsed=88.0m
epoch=6 step=9910 loss=0.1383 elapsed=88.1m
epoch=6 step=9920 loss=0.0014 elapsed=88.3m
epoch=6 step=9930 loss=0.0121 elapsed=88.4m
epoch=6 step=9940 loss=0.0546 elapsed=88.6m
epoch=6 step=9950 loss=0.0008 elapsed=88.7m
epoch=6 step=9960 loss=0.0064 elapsed=88.9m
epoch=6 step=9970 loss=0.0014 elapsed=89.0m
epoch=6 step=9980 loss=0.0001 elapsed=89.1m
epoch=6 step=9990 loss=0.0027 elapsed=89.3m
epoch=6 step=10000 loss=0.0036 elapsed=89.4m
epoch=6 step=10010 loss=0.0011 elapsed=89.6m
epoch=6 step=10020 loss=0.0001 elapsed=89.7m
epoch=6 step=10030 loss=0.0006 elapsed=89.9m
epoch=6 step=10040 loss=0.0842 elapsed=90.0m
epoch=6 step=10050 loss=0.0001 elapsed=90.1m
epoch=6 step=10060 loss=0.0002 elapsed=90.3m
epoch=6 step=10070 loss=0.0018 elapsed=90.4m
epoch=6 step=10080 loss=0.0777 elapsed=90.6m
epoch=6 step=10090 loss=0.0666 elapsed=90.7m
epoch=6 step=10100 loss=0.0090 elapsed=90.9m
epoch=6 step=10110 loss=0.0002 elapsed=91.0m
epoch=6 step=10120 loss=0.1403 elapsed=91.1m
epoch=6 step=10130 loss=0.0102 elapsed=91.3m
epoch=6 step=10140 loss=0.0044 elapsed=91.4m
epoch=6 step=10150 loss=0.0073 elapsed=91.6m
epoch=6 step=10160 loss=0.0120 elapsed=91.7m
epoch=6 step=10170 loss=0.0017 elapsed=91.9m
epoch=6 step=10180 loss=0.0525 elapsed=92.0m
epoch=6 step=10190 loss=0.0056 elapsed=92.1m
epoch=6 step=10200 loss=0.0204 elapsed=92.3m
epoch=6 step=10210 loss=0.0026 elapsed=92.4m
epoch=6 step=10220 loss=0.0007 elapsed=92.6m
epoch=6 step=10230 loss=0.0009 elapsed=92.7m
epoch=6 step=10240 loss=0.1228 elapsed=92.9m
epoch=6 step=10250 loss=0.0031 elapsed=93.0m
epoch=6 step=10260 loss=0.0005 elapsed=93.1m
epoch=6 step=10270 loss=0.0173 elapsed=93.3m
epoch=6 step=10280 loss=0.0087 elapsed=93.4m
epoch=6 step=10290 loss=0.0044 elapsed=93.6m
epoch=6 step=10300 loss=0.0003 elapsed=93.7m
epoch=6 step=10310 loss=0.0044 elapsed=93.9m
epoch=6 step=10320 loss=0.0011 elapsed=94.0m
epoch=6 step=10330 loss=0.0032 elapsed=94.2m
epoch=6 step=10340 loss=0.0002 elapsed=94.3m
epoch=6 step=10350 loss=0.0023 elapsed=94.4m
epoch=6 step=10360 loss=0.0001 elapsed=94.6m
epoch=6 step=10370 loss=0.0088 elapsed=94.7m
epoch=6 step=10380 loss=0.0080 elapsed=94.9m
epoch=6 step=10390 loss=0.0009 elapsed=95.0m
epoch=6 step=10400 loss=0.0316 elapsed=95.2m
epoch=6 step=10410 loss=0.0005 elapsed=95.3m
epoch=6 step=10420 loss=0.0060 elapsed=95.4m
epoch=6 step=10430 loss=0.0181 elapsed=95.6m
epoch=6 step=10440 loss=0.0002 elapsed=95.7m
epoch=6 step=10450 loss=0.0229 elapsed=95.9m
epoch=6 step=10460 loss=0.0020 elapsed=96.0m
epoch=6 step=10470 loss=0.0002 elapsed=96.2m
epoch=6 step=10480 loss=0.0126 elapsed=96.3m
epoch=6 step=10490 loss=0.0002 elapsed=96.4m
epoch=6 step=10500 loss=0.0002 elapsed=96.6m
epoch=6 step=10510 loss=0.0017 elapsed=96.7m
epoch=6 step=10520 loss=0.1457 elapsed=96.9m
epoch=6 step=10530 loss=0.0037 elapsed=97.0m
epoch=6 step=10540 loss=0.0002 elapsed=97.2m
epoch=6 step=10550 loss=0.0025 elapsed=97.3m
epoch=6 step=10560 loss=0.0632 elapsed=97.4m
epoch=6 step=10570 loss=0.0177 elapsed=97.6m
epoch=6 step=10580 loss=0.0374 elapsed=97.7m
epoch=6 step=10590 loss=0.0077 elapsed=97.9m
epoch=6 step=10600 loss=0.0480 elapsed=98.0m
epoch=6 step=10610 loss=0.0108 elapsed=98.2m
epoch=6 step=10620 loss=0.0013 elapsed=98.3m
epoch=6 step=10630 loss=0.0007 elapsed=98.4m
epoch=6 step=10640 loss=0.0044 elapsed=98.6m
epoch=6 step=10650 loss=0.0090 elapsed=98.7m
epoch=6 step=10660 loss=0.0003 elapsed=98.9m
epoch=6 step=10670 loss=0.1159 elapsed=99.0m
epoch=6 step=10680 loss=0.0002 elapsed=99.2m
epoch=6 step=10690 loss=0.0081 elapsed=99.3m
epoch=6 step=10700 loss=0.0022 elapsed=99.4m
epoch=6 step=10710 loss=0.0084 elapsed=99.6m
epoch=6 step=10720 loss=0.0026 elapsed=99.7m
epoch=6 step=10730 loss=0.1714 elapsed=99.9m
epoch=6 step=10740 loss=0.0042 elapsed=100.0m
Saved checkpoint: outputs/blt_gec/native/last.ckpt
epoch=6 step=10750 loss=0.0021 elapsed=100.6m
epoch=6 validation loss=0.0631
