==========================================
SLURM_JOB_ID = 751388
SLURM_NODELIST = gpu39
==========================================
Job ID: 751388
Node: gpu39
CUDA_VISIBLE_DEVICES: 0
Start Time: Sun Jun  7 10:42:03 KST 2026
Submit Dir: /scratch/r984a02/PHDQ2
Partition: amd_a100nv_8
Requested GPUs: 1
Requested CPU cores per task: 4
Python: /home01/r984a02/.conda/envs/phdq_blt/bin/python
/home01/r984a02/.conda/envs/phdq_blt/lib/python3.12/site-packages/torch/cuda/__init__.py:61: FutureWarning: The pynvml package is deprecated. Please install nvidia-ml-py instead. If you did not install pynvml directly, please report this to the maintainers of the package that installed pynvml for you.
  import pynvml  # type: ignore[import]
Torch: 2.6.0.dev20241112+cu121
NumPy: 2.4.6
/home01/r984a02/.conda/envs/phdq_blt/lib/python3.12/site-packages/torch/cuda/__init__.py:61: FutureWarning: The pynvml package is deprecated. Please install nvidia-ml-py instead. If you did not install pynvml directly, please report this to the maintainers of the package that installed pynvml for you.
  import pynvml  # type: ignore[import]
Traceback (most recent call last):
  File "<stdin>", line 6, in <module>
  File "/scratch/r984a02/PHDQ2/reference_code/blt/bytelatent/hf.py", line 12, in <module>
    from bytelatent.args import TrainArgs
  File "/scratch/r984a02/PHDQ2/reference_code/blt/bytelatent/args.py", line 14, in <module>
    from bytelatent.data.iterators.arrow_iterator import ArrowFileIterator
  File "/scratch/r984a02/PHDQ2/reference_code/blt/bytelatent/data/iterators/arrow_iterator.py", line 22, in <module>
    from bytelatent.preprocess.preprocess_entropies import get_id_key, get_text
  File "/scratch/r984a02/PHDQ2/reference_code/blt/bytelatent/preprocess/preprocess_entropies.py", line 5, in <module>
    import jsonlines
ModuleNotFoundError: No module named 'jsonlines'
Error: reference BLT package cannot be imported.
Install reference_code/blt requirements in the selected conda env.
