==========================================
SLURM_JOB_ID = 753950
SLURM_NODELIST = gpu43
==========================================
Job ID: 753950
Node: gpu43
CUDA_VISIBLE_DEVICES: 0,1
Start Time: Wed Jun 10 10:00:03 KST 2026
Submit Dir: /scratch/r984a02/PHDQ2
Partition: amd_a100nv_8
Requested GPUs: 2
Requested CPU cores per task: 8
Python: /home01/r984a02/.conda/envs/phdq_blt/bin/python
/home01/r984a02/.conda/envs/phdq_blt/lib/python3.12/site-packages/torch/cuda/__init__.py:61: FutureWarning: The pynvml package is deprecated. Please install nvidia-ml-py instead. If you did not install pynvml directly, please report this to the maintainers of the package that installed pynvml for you.
  import pynvml  # type: ignore[import]
Torch: 2.5.1+cu121
NumPy: 2.4.6
Visible CUDA device count: 2
/home01/r984a02/.conda/envs/phdq_blt/lib/python3.12/site-packages/torch/cuda/__init__.py:61: FutureWarning: The pynvml package is deprecated. Please install nvidia-ml-py instead. If you did not install pynvml directly, please report this to the maintainers of the package that installed pynvml for you.
  import pynvml  # type: ignore[import]
Reference BLT import path: /scratch/r984a02/PHDQ2/reference_code/blt
Checkpoint is loadable: outputs/blt_gec/native/last.ckpt
Resuming from explicit checkpoint: outputs/blt_gec/native/last.ckpt
Starting reference BLT-GEC fine-tuning on native dataset...
BLT lr: 1e-5
BLT weight_decay: 0.1
BLT Adam betas: (0.9, 0.95)
BLT scheduler: cosine
BLT warmup_steps: 2000
BLT num_beams: 4
BLT NUM_GPUS: 2
Device: cuda:0
Distributed: True rank=0 world_size=2
Backend: reference_blt
Reference BLT code: /scratch/r984a02/PHDQ2/reference_code/blt
BLT repo: facebook/blt-1b
Entropy repo: facebook/blt-entropy
Train: /scratch/r984a02/PHDQ2/data/Preprocessed/native/native_train.txt
Val:   /scratch/r984a02/PHDQ2/data/Preprocessed/native/native_val.txt
Test:  /scratch/r984a02/PHDQ2/data/Preprocessed/native/native_test.txt
DDP: world_size=2, grad_accum 4 -> 2, effective_batch_size=4
Loaded checkpoint: outputs/blt_gec/native/last.ckpt (epoch=8, global_step=21402)
epoch=8 step=21410 loss=0.0255 elapsed=0.1m
epoch=8 step=21420 loss=0.0001 elapsed=0.2m
epoch=8 step=21430 loss=0.0175 elapsed=0.3m
epoch=8 step=21440 loss=0.0076 elapsed=0.4m
epoch=8 step=21450 loss=0.0013 elapsed=0.5m
epoch=8 step=21460 loss=0.0013 elapsed=0.6m
epoch=8 step=21470 loss=0.0004 elapsed=0.7m
epoch=8 step=21480 loss=0.0001 elapsed=0.9m
epoch=8 step=21490 loss=0.0006 elapsed=1.0m
epoch=8 step=21500 loss=0.0263 elapsed=1.1m
epoch=8 step=21510 loss=0.0020 elapsed=1.2m
epoch=8 step=21520 loss=0.0001 elapsed=1.3m
epoch=8 step=21530 loss=0.0008 elapsed=1.4m
epoch=8 step=21540 loss=0.0715 elapsed=1.5m
epoch=8 step=21550 loss=0.0002 elapsed=1.6m
epoch=8 step=21560 loss=0.0048 elapsed=1.7m
epoch=8 step=21570 loss=0.0003 elapsed=1.8m
epoch=8 step=21580 loss=0.0012 elapsed=1.9m
epoch=8 step=21590 loss=0.0052 elapsed=2.0m
epoch=8 step=21600 loss=0.0030 elapsed=2.1m
epoch=8 step=21610 loss=0.0004 elapsed=2.3m
epoch=8 step=21620 loss=0.0017 elapsed=2.4m
epoch=8 step=21630 loss=0.0001 elapsed=2.5m
epoch=8 step=21640 loss=0.0004 elapsed=2.6m
epoch=8 step=21650 loss=0.0012 elapsed=2.7m
epoch=8 step=21660 loss=0.0458 elapsed=2.8m
epoch=8 step=21670 loss=0.0003 elapsed=2.9m
epoch=8 step=21680 loss=0.0001 elapsed=3.0m
epoch=8 step=21690 loss=0.0001 elapsed=3.1m
epoch=8 step=21700 loss=0.0003 elapsed=3.2m
epoch=8 step=21710 loss=0.0004 elapsed=3.3m
epoch=8 step=21720 loss=0.0005 elapsed=3.4m
epoch=8 step=21730 loss=0.0065 elapsed=3.5m
epoch=8 step=21740 loss=0.0051 elapsed=3.7m
epoch=8 step=21750 loss=0.0005 elapsed=3.8m
epoch=8 step=21760 loss=0.0001 elapsed=3.9m
epoch=8 step=21770 loss=0.0665 elapsed=4.0m
epoch=8 step=21780 loss=0.0007 elapsed=4.1m
epoch=8 step=21790 loss=0.0782 elapsed=4.2m
epoch=8 step=21800 loss=0.0002 elapsed=4.3m
epoch=8 step=21810 loss=0.0003 elapsed=4.4m
epoch=8 step=21820 loss=0.0010 elapsed=4.5m
epoch=8 step=21830 loss=0.0007 elapsed=4.6m
epoch=8 step=21840 loss=0.0007 elapsed=4.7m
epoch=8 step=21850 loss=0.0047 elapsed=4.8m
epoch=8 step=21860 loss=0.0025 elapsed=4.9m
epoch=8 step=21870 loss=0.0004 elapsed=5.1m
epoch=8 step=21880 loss=0.0023 elapsed=5.2m
epoch=8 step=21890 loss=0.0015 elapsed=5.3m
epoch=8 step=21900 loss=0.0001 elapsed=5.4m
epoch=8 step=21910 loss=0.0277 elapsed=5.5m
epoch=8 step=21920 loss=0.0117 elapsed=5.6m
epoch=8 step=21930 loss=0.0000 elapsed=5.7m
epoch=8 step=21940 loss=0.0002 elapsed=5.8m
epoch=8 step=21950 loss=0.0023 elapsed=5.9m
epoch=8 step=21960 loss=0.0013 elapsed=6.0m
epoch=8 step=21970 loss=0.0219 elapsed=6.1m
epoch=8 step=21980 loss=0.0012 elapsed=6.2m
epoch=8 step=21990 loss=0.0008 elapsed=6.3m
epoch=8 step=22000 loss=0.0008 elapsed=6.5m
epoch=8 step=22010 loss=0.0313 elapsed=6.6m
epoch=8 step=22020 loss=0.0044 elapsed=6.7m
epoch=8 step=22030 loss=0.0002 elapsed=6.8m
epoch=8 step=22040 loss=0.0002 elapsed=6.9m
epoch=8 step=22050 loss=0.0001 elapsed=7.0m
epoch=8 step=22060 loss=0.0004 elapsed=7.1m
epoch=8 step=22070 loss=0.0002 elapsed=7.2m
epoch=8 step=22080 loss=0.0004 elapsed=7.3m
epoch=8 step=22090 loss=0.0002 elapsed=7.4m
epoch=8 step=22100 loss=0.0003 elapsed=7.5m
epoch=8 step=22110 loss=0.0001 elapsed=7.6m
epoch=8 step=22120 loss=0.0096 elapsed=7.7m
epoch=8 step=22130 loss=0.0004 elapsed=7.9m
epoch=8 step=22140 loss=0.0003 elapsed=8.0m
epoch=8 step=22150 loss=0.0003 elapsed=8.1m
epoch=8 step=22160 loss=0.0003 elapsed=8.2m
epoch=8 step=22170 loss=0.0521 elapsed=8.3m
epoch=8 step=22180 loss=0.0019 elapsed=8.4m
epoch=8 step=22190 loss=0.0007 elapsed=8.5m
epoch=8 step=22200 loss=0.0060 elapsed=8.6m
epoch=8 step=22210 loss=0.0011 elapsed=8.7m
epoch=8 step=22220 loss=0.0079 elapsed=8.8m
epoch=8 step=22230 loss=0.0005 elapsed=8.9m
epoch=8 step=22240 loss=0.0415 elapsed=9.0m
epoch=8 step=22250 loss=0.0033 elapsed=9.1m
epoch=8 step=22260 loss=0.0005 elapsed=9.3m
epoch=8 step=22270 loss=0.0016 elapsed=9.4m
epoch=8 step=22280 loss=0.0423 elapsed=9.5m
epoch=8 step=22290 loss=0.0022 elapsed=9.6m
epoch=8 step=22300 loss=0.0003 elapsed=9.7m
epoch=8 step=22310 loss=0.0003 elapsed=9.8m
epoch=8 step=22320 loss=0.0005 elapsed=9.9m
epoch=8 step=22330 loss=0.0005 elapsed=10.0m
epoch=8 step=22340 loss=0.0001 elapsed=10.1m
epoch=8 step=22350 loss=0.0003 elapsed=10.2m
epoch=8 step=22360 loss=0.0092 elapsed=10.3m
epoch=8 step=22370 loss=0.0001 elapsed=10.4m
epoch=8 step=22380 loss=0.0027 elapsed=10.5m
epoch=8 step=22390 loss=0.0001 elapsed=10.7m
epoch=8 step=22400 loss=0.0001 elapsed=10.8m
epoch=8 step=22410 loss=0.0807 elapsed=10.9m
epoch=8 step=22420 loss=0.0005 elapsed=11.0m
epoch=8 step=22430 loss=0.0018 elapsed=11.1m
epoch=8 step=22440 loss=0.0013 elapsed=11.2m
epoch=8 step=22450 loss=0.0068 elapsed=11.3m
epoch=8 step=22460 loss=0.0094 elapsed=11.4m
epoch=8 step=22470 loss=0.0001 elapsed=11.5m
epoch=8 step=22480 loss=0.0001 elapsed=11.6m
epoch=8 step=22490 loss=0.0012 elapsed=11.7m
epoch=8 step=22500 loss=0.0012 elapsed=11.8m
epoch=8 step=22510 loss=0.0001 elapsed=11.9m
epoch=8 step=22520 loss=0.0007 elapsed=12.1m
epoch=8 step=22530 loss=0.0014 elapsed=12.2m
epoch=8 step=22540 loss=0.0005 elapsed=12.3m
epoch=8 step=22550 loss=0.0005 elapsed=12.4m
epoch=8 step=22560 loss=0.0002 elapsed=12.5m
epoch=8 step=22570 loss=0.0008 elapsed=12.6m
epoch=8 step=22580 loss=0.0002 elapsed=12.7m
epoch=8 step=22590 loss=0.0002 elapsed=12.8m
epoch=8 step=22600 loss=0.0014 elapsed=12.9m
epoch=8 step=22610 loss=0.0004 elapsed=13.0m
epoch=8 step=22620 loss=0.0002 elapsed=13.1m
epoch=8 step=22630 loss=0.0005 elapsed=13.2m
epoch=8 step=22640 loss=0.0003 elapsed=13.3m
epoch=8 step=22650 loss=0.0015 elapsed=13.4m
epoch=8 step=22660 loss=0.0000 elapsed=13.6m
epoch=8 step=22670 loss=0.0004 elapsed=13.7m
epoch=8 step=22680 loss=0.0003 elapsed=13.8m
epoch=8 step=22690 loss=0.0022 elapsed=13.9m
epoch=8 step=22700 loss=0.1078 elapsed=14.0m
epoch=8 step=22710 loss=0.0001 elapsed=14.1m
epoch=8 step=22720 loss=0.0000 elapsed=14.2m
epoch=8 step=22730 loss=0.0002 elapsed=14.3m
epoch=8 step=22740 loss=0.0008 elapsed=14.4m
epoch=8 step=22750 loss=0.0840 elapsed=14.5m
epoch=8 step=22760 loss=0.1183 elapsed=14.6m
epoch=8 step=22770 loss=0.0021 elapsed=14.7m
epoch=8 step=22780 loss=0.0020 elapsed=14.8m
epoch=8 step=22790 loss=0.0005 elapsed=15.0m
epoch=8 step=22800 loss=0.0014 elapsed=15.1m
epoch=8 step=22810 loss=0.0018 elapsed=15.2m
epoch=8 step=22820 loss=0.0369 elapsed=15.3m
epoch=8 step=22830 loss=0.0003 elapsed=15.4m
epoch=8 step=22840 loss=0.0009 elapsed=15.5m
epoch=8 step=22850 loss=0.0877 elapsed=15.6m
epoch=8 step=22860 loss=0.0001 elapsed=15.7m
epoch=8 step=22870 loss=0.0012 elapsed=15.8m
epoch=8 step=22880 loss=0.0034 elapsed=15.9m
epoch=8 step=22890 loss=0.0002 elapsed=16.0m
epoch=8 step=22900 loss=0.0008 elapsed=16.1m
epoch=8 step=22910 loss=0.0001 elapsed=16.2m
epoch=8 step=22920 loss=0.0002 elapsed=16.3m
epoch=8 step=22930 loss=0.0158 elapsed=16.5m
epoch=8 step=22940 loss=0.0128 elapsed=16.6m
epoch=8 step=22950 loss=0.0082 elapsed=16.7m
epoch=8 step=22960 loss=0.0001 elapsed=16.8m
epoch=8 step=22970 loss=0.0067 elapsed=16.9m
epoch=8 step=22980 loss=0.0004 elapsed=17.0m
epoch=8 step=22990 loss=0.0002 elapsed=17.1m
epoch=8 step=23000 loss=0.0023 elapsed=17.2m
epoch=8 step=23010 loss=0.0009 elapsed=17.3m
epoch=8 step=23020 loss=0.0265 elapsed=17.4m
epoch=8 step=23030 loss=0.0069 elapsed=17.5m
epoch=8 step=23040 loss=0.0001 elapsed=17.6m
epoch=8 step=23050 loss=0.0003 elapsed=17.7m
epoch=8 step=23060 loss=0.0009 elapsed=17.9m
epoch=8 step=23070 loss=0.0000 elapsed=18.0m
epoch=8 step=23080 loss=0.0293 elapsed=18.1m
epoch=8 step=23090 loss=0.0003 elapsed=18.2m
epoch=8 step=23100 loss=0.1074 elapsed=18.3m
epoch=8 step=23110 loss=0.0003 elapsed=18.4m
epoch=8 step=23120 loss=0.0609 elapsed=18.5m
epoch=8 step=23130 loss=0.0003 elapsed=18.6m
epoch=8 step=23140 loss=0.0004 elapsed=18.7m
epoch=8 step=23150 loss=0.0001 elapsed=18.8m
epoch=8 step=23160 loss=0.0002 elapsed=18.9m
epoch=8 step=23170 loss=0.0030 elapsed=19.0m
epoch=8 step=23180 loss=0.0002 elapsed=19.1m
epoch=8 step=23190 loss=0.0004 elapsed=19.2m
epoch=8 step=23200 loss=0.0103 elapsed=19.4m
epoch=8 step=23210 loss=0.0387 elapsed=19.5m
epoch=8 step=23220 loss=0.1608 elapsed=19.6m
epoch=8 step=23230 loss=0.0002 elapsed=19.7m
epoch=8 step=23240 loss=0.0001 elapsed=19.8m
epoch=8 step=23250 loss=0.0012 elapsed=19.9m
epoch=8 step=23260 loss=0.0001 elapsed=20.0m
Saved checkpoint: outputs/blt_gec/native/last.ckpt
epoch=8 step=23270 loss=0.0181 elapsed=20.9m
epoch=8 step=23280 loss=0.0002 elapsed=21.0m
epoch=8 step=23290 loss=0.0018 elapsed=21.1m
epoch=8 step=23300 loss=0.0001 elapsed=21.2m
epoch=8 step=23310 loss=0.0216 elapsed=21.3m
epoch=8 step=23320 loss=0.0001 elapsed=21.4m
epoch=8 step=23330 loss=0.0003 elapsed=21.5m
epoch=8 step=23340 loss=0.0627 elapsed=21.6m
epoch=8 step=23350 loss=0.0022 elapsed=21.7m
epoch=8 step=23360 loss=0.0002 elapsed=21.8m
epoch=8 step=23370 loss=0.0005 elapsed=21.9m
epoch=8 step=23380 loss=0.0005 elapsed=22.1m
epoch=8 step=23390 loss=0.0007 elapsed=22.2m
epoch=8 step=23400 loss=0.0003 elapsed=22.3m
epoch=8 step=23410 loss=0.0010 elapsed=22.4m
epoch=8 step=23420 loss=0.0006 elapsed=22.5m
epoch=8 step=23430 loss=0.1415 elapsed=22.6m
epoch=8 step=23440 loss=0.0025 elapsed=22.7m
epoch=8 step=23450 loss=0.0007 elapsed=22.8m
epoch=8 step=23460 loss=0.0004 elapsed=22.9m
epoch=8 step=23470 loss=0.0007 elapsed=23.0m
epoch=8 step=23480 loss=0.0708 elapsed=23.1m
epoch=8 step=23490 loss=0.0394 elapsed=23.2m
epoch=8 step=23500 loss=0.0020 elapsed=23.3m
epoch=8 step=23510 loss=0.0003 elapsed=23.4m
epoch=8 step=23520 loss=0.0783 elapsed=23.6m
epoch=8 step=23530 loss=0.0182 elapsed=23.7m
epoch=8 step=23540 loss=0.0464 elapsed=23.8m
epoch=8 step=23550 loss=0.0164 elapsed=23.9m
epoch=8 step=23560 loss=0.0659 elapsed=24.0m
epoch=8 step=23570 loss=0.0085 elapsed=24.1m
epoch=8 step=23580 loss=0.0025 elapsed=24.2m
epoch=8 step=23590 loss=0.0001 elapsed=24.3m
epoch=8 step=23600 loss=0.0209 elapsed=24.4m
epoch=8 step=23610 loss=0.0003 elapsed=24.5m
epoch=8 step=23620 loss=0.0023 elapsed=24.6m
epoch=8 step=23630 loss=0.0001 elapsed=24.7m
epoch=8 step=23640 loss=0.0005 elapsed=24.8m
epoch=8 step=23650 loss=0.0007 elapsed=24.9m
epoch=8 step=23660 loss=0.0027 elapsed=25.1m
epoch=8 step=23670 loss=0.0468 elapsed=25.2m
epoch=8 step=23680 loss=0.0005 elapsed=25.3m
epoch=8 step=23690 loss=0.0003 elapsed=25.4m
epoch=8 step=23700 loss=0.0001 elapsed=25.5m
epoch=8 step=23710 loss=0.0003 elapsed=25.6m
epoch=8 step=23720 loss=0.0001 elapsed=25.7m
epoch=8 step=23730 loss=0.0160 elapsed=25.8m
epoch=8 step=23740 loss=0.0001 elapsed=25.9m
epoch=8 step=23750 loss=0.0009 elapsed=26.0m
epoch=8 step=23760 loss=0.0030 elapsed=26.1m
epoch=8 step=23770 loss=0.0019 elapsed=26.2m
epoch=8 step=23780 loss=0.0008 elapsed=26.3m
epoch=8 step=23790 loss=0.0005 elapsed=26.5m
epoch=8 step=23800 loss=0.0001 elapsed=26.6m
epoch=8 step=23810 loss=0.0003 elapsed=26.7m
epoch=8 step=23820 loss=0.0533 elapsed=26.8m
epoch=8 step=23830 loss=0.0499 elapsed=26.9m
epoch=8 step=23840 loss=0.0017 elapsed=27.0m
epoch=8 step=23850 loss=0.0003 elapsed=27.1m
epoch=8 step=23860 loss=0.0016 elapsed=27.2m
epoch=8 step=23870 loss=0.0016 elapsed=27.3m
epoch=8 step=23880 loss=0.0001 elapsed=27.4m
epoch=8 step=23890 loss=0.0019 elapsed=27.5m
epoch=8 step=23900 loss=0.0013 elapsed=27.6m
epoch=8 step=23910 loss=0.0001 elapsed=27.7m
epoch=8 step=23920 loss=0.0001 elapsed=27.9m
epoch=8 step=23930 loss=0.0004 elapsed=28.0m
epoch=8 step=23940 loss=0.0049 elapsed=28.1m
epoch=8 step=23950 loss=0.0004 elapsed=28.2m
epoch=8 step=23960 loss=0.0044 elapsed=28.3m
epoch=8 step=23970 loss=0.0005 elapsed=28.4m
epoch=8 step=23980 loss=0.0004 elapsed=28.5m
epoch=8 step=23990 loss=0.0000 elapsed=28.6m
epoch=8 step=24000 loss=0.0008 elapsed=28.7m
epoch=8 step=24010 loss=0.0006 elapsed=28.8m
epoch=8 step=24020 loss=0.0483 elapsed=28.9m
epoch=8 step=24030 loss=0.0001 elapsed=29.0m
epoch=8 step=24040 loss=0.0649 elapsed=29.1m
epoch=8 step=24050 loss=0.0009 elapsed=29.3m
epoch=8 step=24060 loss=0.2018 elapsed=29.4m
epoch=8 step=24070 loss=0.0640 elapsed=29.5m
epoch=8 step=24080 loss=0.0001 elapsed=29.6m
epoch=8 step=24090 loss=0.0009 elapsed=29.7m
epoch=8 step=24100 loss=0.0017 elapsed=29.8m
epoch=8 step=24110 loss=0.0016 elapsed=29.9m
epoch=8 step=24120 loss=0.0448 elapsed=30.0m
epoch=8 step=24130 loss=0.0536 elapsed=30.1m
epoch=8 step=24140 loss=0.0018 elapsed=30.2m
epoch=8 step=24150 loss=0.0031 elapsed=30.3m
epoch=8 step=24160 loss=0.0561 elapsed=30.4m
epoch=8 step=24170 loss=0.0017 elapsed=30.5m
epoch=8 step=24180 loss=0.0001 elapsed=30.6m
epoch=8 step=24190 loss=0.0957 elapsed=30.8m
epoch=8 step=24200 loss=0.0004 elapsed=30.9m
epoch=8 step=24210 loss=0.0001 elapsed=31.0m
epoch=8 step=24220 loss=0.0006 elapsed=31.1m
epoch=8 step=24230 loss=0.0067 elapsed=31.2m
epoch=8 step=24240 loss=0.0005 elapsed=31.3m
epoch=8 step=24250 loss=0.0001 elapsed=31.4m
epoch=8 step=24260 loss=0.0061 elapsed=31.5m
epoch=8 step=24270 loss=0.0015 elapsed=31.6m
epoch=8 step=24280 loss=0.0032 elapsed=31.7m
epoch=8 step=24290 loss=0.0005 elapsed=31.8m
epoch=8 step=24300 loss=0.0001 elapsed=31.9m
epoch=8 step=24310 loss=0.0000 elapsed=32.0m
epoch=8 step=24320 loss=0.0637 elapsed=32.1m
epoch=8 step=24330 loss=0.0003 elapsed=32.3m
epoch=8 step=24340 loss=0.0514 elapsed=32.4m
epoch=8 step=24350 loss=0.0008 elapsed=32.5m
epoch=8 step=24360 loss=0.0025 elapsed=32.6m
epoch=8 step=24370 loss=0.0092 elapsed=32.7m
epoch=8 step=24380 loss=0.0023 elapsed=32.8m
epoch=8 step=24390 loss=0.0007 elapsed=32.9m
epoch=8 step=24400 loss=0.0004 elapsed=33.0m
epoch=8 step=24410 loss=0.0017 elapsed=33.1m
epoch=8 step=24420 loss=0.0009 elapsed=33.2m
epoch=8 step=24430 loss=0.0002 elapsed=33.3m
epoch=8 step=24440 loss=0.0006 elapsed=33.4m
epoch=8 step=24450 loss=0.0001 elapsed=33.5m
epoch=8 step=24460 loss=0.0241 elapsed=33.7m
epoch=8 step=24470 loss=0.0053 elapsed=33.8m
epoch=8 validation loss=0.0777
Saved checkpoint: outputs/blt_gec/native/last.ckpt
Saved checkpoint: outputs/blt_gec/native/last.ckpt
epoch=9 step=24480 loss=0.0570 elapsed=41.9m
epoch=9 step=24490 loss=0.0006 elapsed=42.0m
epoch=9 step=24500 loss=0.0007 elapsed=42.1m
epoch=9 step=24510 loss=0.0001 elapsed=42.2m
epoch=9 step=24520 loss=0.0001 elapsed=42.3m
epoch=9 step=24530 loss=0.0004 elapsed=42.4m
epoch=9 step=24540 loss=0.0071 elapsed=42.5m
epoch=9 step=24550 loss=0.0001 elapsed=42.7m
epoch=9 step=24560 loss=0.0029 elapsed=42.8m
epoch=9 step=24570 loss=0.0002 elapsed=42.9m
epoch=9 step=24580 loss=0.0000 elapsed=43.0m
epoch=9 step=24590 loss=0.0003 elapsed=43.1m
epoch=9 step=24600 loss=0.0009 elapsed=43.2m
epoch=9 step=24610 loss=0.0012 elapsed=43.3m
epoch=9 step=24620 loss=0.0027 elapsed=43.4m
epoch=9 step=24630 loss=0.0039 elapsed=43.5m
epoch=9 step=24640 loss=0.0006 elapsed=43.6m
epoch=9 step=24650 loss=0.0004 elapsed=43.7m
epoch=9 step=24660 loss=0.0000 elapsed=43.8m
epoch=9 step=24670 loss=0.0009 elapsed=43.9m
epoch=9 step=24680 loss=0.0004 elapsed=44.0m
epoch=9 step=24690 loss=0.0612 elapsed=44.2m
epoch=9 step=24700 loss=0.0063 elapsed=44.3m
epoch=9 step=24710 loss=0.0023 elapsed=44.4m
epoch=9 step=24720 loss=0.0013 elapsed=44.5m
epoch=9 step=24730 loss=0.0012 elapsed=44.6m
epoch=9 step=24740 loss=0.0001 elapsed=44.7m
epoch=9 step=24750 loss=0.0689 elapsed=44.8m
epoch=9 step=24760 loss=0.0001 elapsed=44.9m
epoch=9 step=24770 loss=0.0001 elapsed=45.1m
epoch=9 step=24780 loss=0.0009 elapsed=45.2m
epoch=9 step=24790 loss=0.0021 elapsed=45.3m
epoch=9 step=24800 loss=0.0025 elapsed=45.4m
epoch=9 step=24810 loss=0.0229 elapsed=45.5m
epoch=9 step=24820 loss=0.0003 elapsed=45.6m
epoch=9 step=24830 loss=0.0003 elapsed=45.7m
epoch=9 step=24840 loss=0.0008 elapsed=45.8m
epoch=9 step=24850 loss=0.0003 elapsed=46.0m
epoch=9 step=24860 loss=0.0005 elapsed=46.1m
epoch=9 step=24870 loss=0.0010 elapsed=46.2m
epoch=9 step=24880 loss=0.0011 elapsed=46.3m
epoch=9 step=24890 loss=0.0023 elapsed=46.4m
epoch=9 step=24900 loss=0.1185 elapsed=46.5m
epoch=9 step=24910 loss=0.0011 elapsed=46.6m
epoch=9 step=24920 loss=0.0004 elapsed=46.7m
epoch=9 step=24930 loss=0.0002 elapsed=46.8m
epoch=9 step=24940 loss=0.0059 elapsed=46.9m
epoch=9 step=24950 loss=0.0002 elapsed=47.0m
epoch=9 step=24960 loss=0.0004 elapsed=47.1m
epoch=9 step=24970 loss=0.0013 elapsed=47.2m
epoch=9 step=24980 loss=0.0001 elapsed=47.3m
epoch=9 step=24990 loss=0.0002 elapsed=47.5m
epoch=9 step=25000 loss=0.0007 elapsed=47.6m
epoch=9 step=25010 loss=0.1174 elapsed=47.7m
epoch=9 step=25020 loss=0.0036 elapsed=47.8m
epoch=9 step=25030 loss=0.0001 elapsed=47.9m
epoch=9 step=25040 loss=0.0003 elapsed=48.0m
epoch=9 step=25050 loss=0.0002 elapsed=48.1m
epoch=9 step=25060 loss=0.0002 elapsed=48.2m
epoch=9 step=25070 loss=0.0007 elapsed=48.3m
epoch=9 step=25080 loss=0.0004 elapsed=48.4m
epoch=9 step=25090 loss=0.0012 elapsed=48.5m
epoch=9 step=25100 loss=0.0013 elapsed=48.6m
epoch=9 step=25110 loss=0.0003 elapsed=48.7m
epoch=9 step=25120 loss=0.1043 elapsed=48.8m
epoch=9 step=25130 loss=0.0441 elapsed=49.0m
epoch=9 step=25140 loss=0.0906 elapsed=49.1m
epoch=9 step=25150 loss=0.0069 elapsed=49.2m
epoch=9 step=25160 loss=0.0003 elapsed=49.3m
epoch=9 step=25170 loss=0.0338 elapsed=49.4m
epoch=9 step=25180 loss=0.0005 elapsed=49.5m
epoch=9 step=25190 loss=0.0002 elapsed=49.6m
epoch=9 step=25200 loss=0.0001 elapsed=49.7m
epoch=9 step=25210 loss=0.0029 elapsed=49.8m
epoch=9 step=25220 loss=0.0000 elapsed=49.9m
epoch=9 step=25230 loss=0.0000 elapsed=50.0m
epoch=9 step=25240 loss=0.0003 elapsed=50.1m
epoch=9 step=25250 loss=0.0880 elapsed=50.2m
epoch=9 step=25260 loss=0.0014 elapsed=50.3m
epoch=9 step=25270 loss=0.0319 elapsed=50.5m
epoch=9 step=25280 loss=0.0028 elapsed=50.6m
epoch=9 step=25290 loss=0.0007 elapsed=50.7m
epoch=9 step=25300 loss=0.0001 elapsed=50.8m
epoch=9 step=25310 loss=0.0012 elapsed=50.9m
epoch=9 step=25320 loss=0.0002 elapsed=51.0m
epoch=9 step=25330 loss=0.0001 elapsed=51.1m
epoch=9 step=25340 loss=0.0009 elapsed=51.2m
epoch=9 step=25350 loss=0.0027 elapsed=51.3m
epoch=9 step=25360 loss=0.0002 elapsed=51.4m
epoch=9 step=25370 loss=0.0003 elapsed=51.5m
epoch=9 step=25380 loss=0.0005 elapsed=51.6m
epoch=9 step=25390 loss=0.0006 elapsed=51.7m
epoch=9 step=25400 loss=0.0001 elapsed=51.8m
epoch=9 step=25410 loss=0.0045 elapsed=52.0m
epoch=9 step=25420 loss=0.0002 elapsed=52.1m
epoch=9 step=25430 loss=0.0007 elapsed=52.2m
epoch=9 step=25440 loss=0.0009 elapsed=52.3m
epoch=9 step=25450 loss=0.0270 elapsed=52.4m
epoch=9 step=25460 loss=0.0006 elapsed=52.5m
epoch=9 step=25470 loss=0.0063 elapsed=52.6m
epoch=9 step=25480 loss=0.0002 elapsed=52.7m
epoch=9 step=25490 loss=0.0032 elapsed=52.8m
epoch=9 step=25500 loss=0.0005 elapsed=52.9m
epoch=9 step=25510 loss=0.0001 elapsed=53.0m
epoch=9 step=25520 loss=0.0002 elapsed=53.1m
epoch=9 step=25530 loss=0.0010 elapsed=53.2m
epoch=9 step=25540 loss=0.0012 elapsed=53.4m
epoch=9 step=25550 loss=0.0015 elapsed=53.5m
epoch=9 step=25560 loss=0.0079 elapsed=53.6m
epoch=9 step=25570 loss=0.0004 elapsed=53.7m
epoch=9 step=25580 loss=0.0173 elapsed=53.8m
epoch=9 step=25590 loss=0.0035 elapsed=53.9m
epoch=9 step=25600 loss=0.0006 elapsed=54.0m
epoch=9 step=25610 loss=0.0006 elapsed=54.1m
epoch=9 step=25620 loss=0.0039 elapsed=54.2m
epoch=9 step=25630 loss=0.0007 elapsed=54.3m
epoch=9 step=25640 loss=0.0002 elapsed=54.4m
epoch=9 step=25650 loss=0.0002 elapsed=54.5m
epoch=9 step=25660 loss=0.0095 elapsed=54.6m
epoch=9 step=25670 loss=0.0024 elapsed=54.7m
epoch=9 step=25680 loss=0.0019 elapsed=54.9m
epoch=9 step=25690 loss=0.0001 elapsed=55.0m
epoch=9 step=25700 loss=0.1060 elapsed=55.1m
epoch=9 step=25710 loss=0.1251 elapsed=55.2m
epoch=9 step=25720 loss=0.0001 elapsed=55.3m
epoch=9 step=25730 loss=0.0018 elapsed=55.4m
epoch=9 step=25740 loss=0.0006 elapsed=55.5m
epoch=9 step=25750 loss=0.0006 elapsed=55.6m
epoch=9 step=25760 loss=0.0037 elapsed=55.7m
epoch=9 step=25770 loss=0.0014 elapsed=55.8m
epoch=9 step=25780 loss=0.0003 elapsed=55.9m
epoch=9 step=25790 loss=0.0008 elapsed=56.0m
epoch=9 step=25800 loss=0.0006 elapsed=56.1m
epoch=9 step=25810 loss=0.0017 elapsed=56.2m
epoch=9 step=25820 loss=0.0017 elapsed=56.4m
epoch=9 step=25830 loss=0.0021 elapsed=56.5m
epoch=9 step=25840 loss=0.0019 elapsed=56.6m
epoch=9 step=25850 loss=0.0012 elapsed=56.7m
epoch=9 step=25860 loss=0.0004 elapsed=56.8m
epoch=9 step=25870 loss=0.0009 elapsed=56.9m
epoch=9 step=25880 loss=0.0027 elapsed=57.0m
epoch=9 step=25890 loss=0.0021 elapsed=57.1m
epoch=9 step=25900 loss=0.0075 elapsed=57.2m
epoch=9 step=25910 loss=0.0002 elapsed=57.3m
epoch=9 step=25920 loss=0.1148 elapsed=57.4m
epoch=9 step=25930 loss=0.0033 elapsed=57.5m
epoch=9 step=25940 loss=0.0001 elapsed=57.6m
epoch=9 step=25950 loss=0.0007 elapsed=57.7m
epoch=9 step=25960 loss=0.0013 elapsed=57.9m
epoch=9 step=25970 loss=0.0008 elapsed=58.0m
epoch=9 step=25980 loss=0.0001 elapsed=58.1m
epoch=9 step=25990 loss=0.0002 elapsed=58.2m
epoch=9 step=26000 loss=0.0001 elapsed=58.3m
epoch=9 step=26010 loss=0.0000 elapsed=58.4m
epoch=9 step=26020 loss=0.0204 elapsed=58.5m
epoch=9 step=26030 loss=0.0001 elapsed=58.6m
epoch=9 step=26040 loss=0.0004 elapsed=58.7m
epoch=9 step=26050 loss=0.0015 elapsed=58.8m
epoch=9 step=26060 loss=0.0409 elapsed=58.9m
epoch=9 step=26070 loss=0.0167 elapsed=59.0m
epoch=9 step=26080 loss=0.0002 elapsed=59.1m
epoch=9 step=26090 loss=0.0001 elapsed=59.3m
epoch=9 step=26100 loss=0.0001 elapsed=59.4m
epoch=9 step=26110 loss=0.0002 elapsed=59.5m
epoch=9 step=26120 loss=0.0001 elapsed=59.6m
epoch=9 step=26130 loss=0.0001 elapsed=59.7m
epoch=9 step=26140 loss=0.0435 elapsed=59.8m
epoch=9 step=26150 loss=0.0001 elapsed=59.9m
epoch=9 step=26160 loss=0.0001 elapsed=60.0m
epoch=9 step=26170 loss=0.0003 elapsed=60.1m
epoch=9 step=26180 loss=0.0167 elapsed=60.2m
epoch=9 step=26190 loss=0.0002 elapsed=60.3m
epoch=9 step=26200 loss=0.0001 elapsed=60.4m
epoch=9 step=26210 loss=0.0567 elapsed=60.5m
epoch=9 step=26220 loss=0.0083 elapsed=60.6m
epoch=9 step=26230 loss=0.0012 elapsed=60.8m
epoch=9 step=26240 loss=0.0019 elapsed=60.9m
epoch=9 step=26250 loss=0.1986 elapsed=61.0m
Saved checkpoint: outputs/blt_gec/native/last.ckpt
epoch=9 step=26260 loss=0.0040 elapsed=61.9m
epoch=9 step=26270 loss=0.0038 elapsed=62.0m
epoch=9 step=26280 loss=0.0003 elapsed=62.1m
epoch=9 step=26290 loss=0.0014 elapsed=62.2m
epoch=9 step=26300 loss=0.0014 elapsed=62.3m
epoch=9 step=26310 loss=0.0013 elapsed=62.4m
epoch=9 step=26320 loss=0.2250 elapsed=62.5m
epoch=9 step=26330 loss=0.0001 elapsed=62.6m
epoch=9 step=26340 loss=0.0010 elapsed=62.7m
epoch=9 step=26350 loss=0.0003 elapsed=62.8m
epoch=9 step=26360 loss=0.0023 elapsed=62.9m
epoch=9 step=26370 loss=0.0041 elapsed=63.0m
epoch=9 step=26380 loss=0.0009 elapsed=63.2m
epoch=9 step=26390 loss=0.0003 elapsed=63.3m
epoch=9 step=26400 loss=0.0025 elapsed=63.4m
epoch=9 step=26410 loss=0.0003 elapsed=63.5m
epoch=9 step=26420 loss=0.0007 elapsed=63.6m
epoch=9 step=26430 loss=0.0004 elapsed=63.7m
epoch=9 step=26440 loss=0.0004 elapsed=63.8m
epoch=9 step=26450 loss=0.0006 elapsed=63.9m
epoch=9 step=26460 loss=0.0007 elapsed=64.0m
epoch=9 step=26470 loss=0.0001 elapsed=64.1m
epoch=9 step=26480 loss=0.0002 elapsed=64.2m
epoch=9 step=26490 loss=0.0005 elapsed=64.3m
epoch=9 step=26500 loss=0.0002 elapsed=64.4m
epoch=9 step=26510 loss=0.0002 elapsed=64.5m
epoch=9 step=26520 loss=0.0018 elapsed=64.7m
epoch=9 step=26530 loss=0.0002 elapsed=64.8m
epoch=9 step=26540 loss=0.0042 elapsed=64.9m
epoch=9 step=26550 loss=0.0003 elapsed=65.0m
epoch=9 step=26560 loss=0.0004 elapsed=65.1m
epoch=9 step=26570 loss=0.0002 elapsed=65.2m
epoch=9 step=26580 loss=0.0008 elapsed=65.3m
epoch=9 step=26590 loss=0.0009 elapsed=65.4m
epoch=9 step=26600 loss=0.0191 elapsed=65.5m
epoch=9 step=26610 loss=0.0027 elapsed=65.6m
epoch=9 step=26620 loss=0.0320 elapsed=65.7m
epoch=9 step=26630 loss=0.0035 elapsed=65.8m
epoch=9 step=26640 loss=0.2171 elapsed=65.9m
epoch=9 step=26650 loss=0.0011 elapsed=66.1m
epoch=9 step=26660 loss=0.0004 elapsed=66.2m
epoch=9 step=26670 loss=0.0002 elapsed=66.3m
epoch=9 step=26680 loss=0.0006 elapsed=66.4m
epoch=9 step=26690 loss=0.0011 elapsed=66.5m
epoch=9 step=26700 loss=0.0838 elapsed=66.6m
epoch=9 step=26710 loss=0.0005 elapsed=66.7m
epoch=9 step=26720 loss=0.1531 elapsed=66.8m
epoch=9 step=26730 loss=0.0048 elapsed=66.9m
epoch=9 step=26740 loss=0.0309 elapsed=67.0m
epoch=9 step=26750 loss=0.0003 elapsed=67.1m
epoch=9 step=26760 loss=0.0004 elapsed=67.2m
epoch=9 step=26770 loss=0.0004 elapsed=67.3m
epoch=9 step=26780 loss=0.0002 elapsed=67.4m
epoch=9 step=26790 loss=0.0016 elapsed=67.6m
epoch=9 step=26800 loss=0.0009 elapsed=67.7m
epoch=9 step=26810 loss=0.0022 elapsed=67.8m
epoch=9 step=26820 loss=0.0991 elapsed=67.9m
epoch=9 step=26830 loss=0.0025 elapsed=68.0m
epoch=9 step=26840 loss=0.0216 elapsed=68.1m
epoch=9 step=26850 loss=0.0006 elapsed=68.2m
epoch=9 step=26860 loss=0.0001 elapsed=68.3m
epoch=9 step=26870 loss=0.0006 elapsed=68.4m
epoch=9 step=26880 loss=0.0010 elapsed=68.5m
epoch=9 step=26890 loss=0.0002 elapsed=68.6m
epoch=9 step=26900 loss=0.0052 elapsed=68.7m
epoch=9 step=26910 loss=0.0008 elapsed=68.8m
epoch=9 step=26920 loss=0.0002 elapsed=69.0m
epoch=9 step=26930 loss=0.0011 elapsed=69.1m
epoch=9 step=26940 loss=0.0001 elapsed=69.2m
epoch=9 step=26950 loss=0.0805 elapsed=69.3m
epoch=9 step=26960 loss=0.0000 elapsed=69.4m
epoch=9 step=26970 loss=0.0007 elapsed=69.5m
epoch=9 step=26980 loss=0.0001 elapsed=69.6m
epoch=9 step=26990 loss=0.0021 elapsed=69.7m
epoch=9 step=27000 loss=0.0025 elapsed=69.8m
epoch=9 step=27010 loss=0.0024 elapsed=69.9m
epoch=9 step=27020 loss=0.0011 elapsed=70.0m
epoch=9 step=27030 loss=0.0030 elapsed=70.1m
epoch=9 step=27040 loss=0.0014 elapsed=70.2m
epoch=9 step=27050 loss=0.0003 elapsed=70.3m
epoch=9 step=27060 loss=0.1645 elapsed=70.5m
epoch=9 step=27070 loss=0.0042 elapsed=70.6m
epoch=9 step=27080 loss=0.0002 elapsed=70.7m
epoch=9 step=27090 loss=0.0002 elapsed=70.8m
epoch=9 step=27100 loss=0.1241 elapsed=70.9m
epoch=9 step=27110 loss=0.0003 elapsed=71.0m
epoch=9 step=27120 loss=0.0004 elapsed=71.1m
epoch=9 step=27130 loss=0.0002 elapsed=71.2m
epoch=9 step=27140 loss=0.0002 elapsed=71.3m
epoch=9 step=27150 loss=0.0006 elapsed=71.4m
epoch=9 step=27160 loss=0.0023 elapsed=71.5m
epoch=9 step=27170 loss=0.0009 elapsed=71.6m
epoch=9 step=27180 loss=0.0025 elapsed=71.7m
epoch=9 step=27190 loss=0.0026 elapsed=71.9m
epoch=9 step=27200 loss=0.0006 elapsed=72.0m
epoch=9 step=27210 loss=0.0003 elapsed=72.1m
epoch=9 step=27220 loss=0.0003 elapsed=72.2m
epoch=9 step=27230 loss=0.0035 elapsed=72.3m
epoch=9 step=27240 loss=0.0003 elapsed=72.4m
epoch=9 step=27250 loss=0.0008 elapsed=72.5m
epoch=9 step=27260 loss=0.0003 elapsed=72.6m
epoch=9 step=27270 loss=0.0824 elapsed=72.7m
epoch=9 step=27280 loss=0.0746 elapsed=72.8m
epoch=9 step=27290 loss=0.0002 elapsed=72.9m
epoch=9 step=27300 loss=0.0055 elapsed=73.0m
epoch=9 step=27310 loss=0.0572 elapsed=73.1m
epoch=9 step=27320 loss=0.0000 elapsed=73.3m
epoch=9 step=27330 loss=0.0375 elapsed=73.4m
epoch=9 step=27340 loss=0.0013 elapsed=73.5m
epoch=9 step=27350 loss=0.0010 elapsed=73.6m
epoch=9 step=27360 loss=0.0005 elapsed=73.7m
epoch=9 step=27370 loss=0.0003 elapsed=73.8m
epoch=9 step=27380 loss=0.0012 elapsed=73.9m
epoch=9 step=27390 loss=0.0007 elapsed=74.0m
epoch=9 step=27400 loss=0.0001 elapsed=74.1m
epoch=9 step=27410 loss=0.0006 elapsed=74.2m
epoch=9 step=27420 loss=0.0011 elapsed=74.3m
epoch=9 step=27430 loss=0.0003 elapsed=74.4m
epoch=9 step=27440 loss=0.0002 elapsed=74.5m
epoch=9 step=27450 loss=0.0423 elapsed=74.6m
epoch=9 step=27460 loss=0.0003 elapsed=74.8m
epoch=9 step=27470 loss=0.0012 elapsed=74.9m
epoch=9 step=27480 loss=0.0009 elapsed=75.0m
epoch=9 step=27490 loss=0.2036 elapsed=75.1m
epoch=9 step=27500 loss=0.0001 elapsed=75.2m
epoch=9 step=27510 loss=0.0035 elapsed=75.3m
epoch=9 step=27520 loss=0.0009 elapsed=75.4m
epoch=9 step=27530 loss=0.0001 elapsed=75.5m
epoch=9 step=27540 loss=0.0005 elapsed=75.6m
epoch=9 validation loss=0.0782
Saved checkpoint: outputs/blt_gec/native/last.ckpt
Training complete.
End Time: Wed Jun 10 11:24:33 KST 2026
