==========================================
SLURM_JOB_ID = 752389
SLURM_NODELIST = gpu54
==========================================
Job ID: 752389
Node: gpu54
CUDA_VISIBLE_DEVICES: 0
Start Time: Mon Jun  8 20:52:18 KST 2026
Submit Dir: /scratch/r984a02/PHDQ2
Partition: amd_a100nv_8
Requested GPUs: 1
Requested CPU cores per task: 4
Python: /home01/r984a02/.conda/envs/phdq_blt/bin/python
/home01/r984a02/.conda/envs/phdq_blt/lib/python3.12/site-packages/torch/cuda/__init__.py:61: FutureWarning: The pynvml package is deprecated. Please install nvidia-ml-py instead. If you did not install pynvml directly, please report this to the maintainers of the package that installed pynvml for you.
  import pynvml  # type: ignore[import]
Torch: 2.5.1+cu121
NumPy: 2.4.6
Visible CUDA device count: 1
/home01/r984a02/.conda/envs/phdq_blt/lib/python3.12/site-packages/torch/cuda/__init__.py:61: FutureWarning: The pynvml package is deprecated. Please install nvidia-ml-py instead. If you did not install pynvml directly, please report this to the maintainers of the package that installed pynvml for you.
  import pynvml  # type: ignore[import]
Reference BLT import path: /scratch/r984a02/PHDQ2/reference_code/blt
Checkpoint is loadable: outputs/blt_gec/native/best.ckpt
Auto-best resume enabled: outputs/blt_gec/native/best.ckpt
Starting reference BLT-GEC fine-tuning on native dataset...
BLT lr: 1e-5
BLT weight_decay: 0.1
BLT Adam betas: (0.9, 0.95)
BLT scheduler: cosine
BLT warmup_steps: 2000
BLT num_beams: 4
BLT NUM_GPUS: 1
Device: cuda
Distributed: False rank=0 world_size=1
Backend: reference_blt
Reference BLT code: /scratch/r984a02/PHDQ2/reference_code/blt
BLT repo: facebook/blt-1b
Entropy repo: facebook/blt-entropy
Train: /scratch/r984a02/PHDQ2/data/Preprocessed/native/native_train.txt
Val:   /scratch/r984a02/PHDQ2/data/Preprocessed/native/native_val.txt
Test:  /scratch/r984a02/PHDQ2/data/Preprocessed/native/native_test.txt
Loaded checkpoint: outputs/blt_gec/native/best.ckpt (epoch=1, global_step=1537)
epoch=1 step=1540 loss=0.0090 elapsed=0.2m
epoch=1 step=1550 loss=0.1725 elapsed=0.4m
epoch=1 step=1560 loss=0.0297 elapsed=0.5m
epoch=1 step=1570 loss=0.1862 elapsed=0.7m
epoch=1 step=1580 loss=0.0278 elapsed=0.8m
epoch=1 step=1590 loss=0.0252 elapsed=0.9m
epoch=1 step=1600 loss=0.0573 elapsed=1.1m
epoch=1 step=1610 loss=0.0700 elapsed=1.2m
epoch=1 step=1620 loss=0.0114 elapsed=1.4m
epoch=1 step=1630 loss=0.0475 elapsed=1.5m
epoch=1 step=1640 loss=0.0157 elapsed=1.6m
epoch=1 step=1650 loss=0.0417 elapsed=1.8m
epoch=1 step=1660 loss=0.0166 elapsed=1.9m
epoch=1 step=1670 loss=0.0310 elapsed=2.1m
epoch=1 step=1680 loss=0.0490 elapsed=2.2m
epoch=1 step=1690 loss=0.0564 elapsed=2.3m
epoch=1 step=1700 loss=0.0022 elapsed=2.5m
