==========================================
SLURM_JOB_ID = 751364
SLURM_NODELIST = gpu40
==========================================
Job ID: 751364
Node: gpu40
CUDA_VISIBLE_DEVICES: 0
Start Time: Sun Jun  7 06:52:10 KST 2026
Submit Dir: /scratch/r984a02/PHDQ2
Partition: amd_a100nv_8
Requested GPUs: 1
Requested CPU cores per task: 4
Python: /home01/r984a02/.conda/envs/phdq/bin/python
Torch: 2.12.0+cu130
NumPy: 2.2.6
Starting KoBART GEC Training on union dataset...
No union best checkpoint found; initializing from native best: /scratch/r984a02/PHDQ2/outputs/native/model_ckpt/native_5e-05_epoch=24_step=9625.ckpt
Arguments:
{'batch_size': 32,
 'best': {'f0.5': 0, 'gleu': 0, 'prec': 0, 'rec': 0},
 'check_val_every_n_epoch': 1,
 'checkpoint_interval_minutes': 20,
 'data': 'union',
 'debug': False,
 'every_n_epochs': 1,
 'init_ckpt_path': '/scratch/r984a02/PHDQ2/outputs/native/model_ckpt/native_5e-05_epoch=24_step=9625.ckpt',
 'log_every_n_steps': 50,
 'lr': 5e-05,
 'max_epochs': 40,
 'max_seq_len': 128,
 'max_time': '00:01:50:00',
 'model_ckpt_path': '',
 'name': 'kobart-union',
 'num_workers': 4,
 'resume_ckpt_path': '',
 'seed': 0,
 'test_data_path': '/scratch/r984a02/PHDQ2/data/Preprocessed/union/union_test.txt',
 'train_data_path': '/scratch/r984a02/PHDQ2/data/Preprocessed/union/union_train.txt',
 'val_data_path': '/scratch/r984a02/PHDQ2/data/Preprocessed/union/union_val.txt',
 'warmup_ratio': 0.0}
Initialized model weights from /scratch/r984a02/PHDQ2/outputs/native/model_ckpt/native_5e-05_epoch=24_step=9625.ckpt
Missing keys: 0, unexpected keys: 0
┏━━━┳━━━━━━━┳━━━━━━━━━━━━━━━━━━━━━━━━━━━━━━┳━━━━━━━━┳━━━━━━━┳━━━━━━━┓
┃   ┃ Name  ┃ Type                         ┃ Params ┃ Mode  ┃ FLOPs ┃
┡━━━╇━━━━━━━╇━━━━━━━━━━━━━━━━━━━━━━━━━━━━━━╇━━━━━━━━╇━━━━━━━╇━━━━━━━┩
│ 0 │ model │ BartForConditionalGeneration │  123 M │ train │     0 │
└───┴───────┴──────────────────────────────┴────────┴───────┴───────┘
Trainable params: 123 M                                                         
Non-trainable params: 0                                                         
Total params: 123 M                                                             
Total estimated model params size (MB): 495.440                                 
Modules in train mode: 182                                                      
Modules in eval mode: 0                                                         
Total FLOPs: 0                                                                  
