==========================================
SLURM_JOB_ID = 753647
SLURM_NODELIST = gpu43
==========================================
Job ID: 753647
Node: gpu43
CUDA_VISIBLE_DEVICES: 0
Start Time: Tue Jun  9 21:02:30 KST 2026
Submit Dir: /scratch/r984a02/PHDQ2
Partition: amd_a100nv_8
Requested GPUs: 1
Requested CPU cores per task: 4
Python: /home01/r984a02/.conda/envs/phdq_blt/bin/python
/home01/r984a02/.conda/envs/phdq_blt/lib/python3.12/site-packages/torch/cuda/__init__.py:61: FutureWarning: The pynvml package is deprecated. Please install nvidia-ml-py instead. If you did not install pynvml directly, please report this to the maintainers of the package that installed pynvml for you.
  import pynvml  # type: ignore[import]
Torch: 2.5.1+cu121
NumPy: 2.4.6
Visible CUDA device count: 1
/home01/r984a02/.conda/envs/phdq_blt/lib/python3.12/site-packages/torch/cuda/__init__.py:61: FutureWarning: The pynvml package is deprecated. Please install nvidia-ml-py instead. If you did not install pynvml directly, please report this to the maintainers of the package that installed pynvml for you.
  import pynvml  # type: ignore[import]
Reference BLT import path: /scratch/r984a02/PHDQ2/reference_code/blt
Checkpoint is loadable: outputs/blt_gec/native/last.ckpt
Resuming from explicit checkpoint: outputs/blt_gec/native/last.ckpt
Starting reference BLT-GEC fine-tuning on native dataset...
BLT lr: 1e-5
BLT weight_decay: 0.1
BLT Adam betas: (0.9, 0.95)
BLT scheduler: cosine
BLT warmup_steps: 2000
BLT num_beams: 4
BLT NUM_GPUS: 1
Device: cuda
Distributed: False rank=0 world_size=1
Backend: reference_blt
Reference BLT code: /scratch/r984a02/PHDQ2/reference_code/blt
BLT repo: facebook/blt-1b
Entropy repo: facebook/blt-entropy
Train: /scratch/r984a02/PHDQ2/data/Preprocessed/native/native_train.txt
Val:   /scratch/r984a02/PHDQ2/data/Preprocessed/native/native_val.txt
Test:  /scratch/r984a02/PHDQ2/data/Preprocessed/native/native_test.txt
Loaded checkpoint: outputs/blt_gec/native/last.ckpt (epoch=3, global_step=4611)
epoch=3 step=4620 loss=0.0268 elapsed=0.5m
epoch=3 step=4630 loss=0.0048 elapsed=0.8m
epoch=3 step=4640 loss=0.0147 elapsed=1.1m
epoch=3 step=4650 loss=0.0528 elapsed=1.4m
epoch=3 step=4660 loss=0.0118 elapsed=1.7m
epoch=3 step=4670 loss=0.0203 elapsed=2.0m
epoch=3 step=4680 loss=0.1539 elapsed=2.4m
epoch=3 step=4690 loss=0.0041 elapsed=2.7m
epoch=3 step=4700 loss=0.0126 elapsed=3.0m
epoch=3 step=4710 loss=0.0015 elapsed=3.3m
epoch=3 step=4720 loss=0.0025 elapsed=3.6m
epoch=3 step=4730 loss=0.0108 elapsed=4.0m
epoch=3 step=4740 loss=0.0076 elapsed=4.3m
epoch=3 step=4750 loss=0.0083 elapsed=4.6m
epoch=3 step=4760 loss=0.0048 elapsed=4.9m
epoch=3 step=4770 loss=0.0104 elapsed=5.2m
epoch=3 step=4780 loss=0.0015 elapsed=5.6m
epoch=3 step=4790 loss=0.0024 elapsed=5.9m
epoch=3 step=4800 loss=0.1818 elapsed=6.2m
epoch=3 step=4810 loss=0.0703 elapsed=6.5m
epoch=3 step=4820 loss=0.0270 elapsed=6.8m
epoch=3 step=4830 loss=0.0037 elapsed=7.2m
epoch=3 step=4840 loss=0.0023 elapsed=7.5m
epoch=3 step=4850 loss=0.0033 elapsed=7.8m
epoch=3 step=4860 loss=0.0045 elapsed=8.1m
epoch=3 step=4870 loss=0.0028 elapsed=8.4m
epoch=3 step=4880 loss=0.0213 elapsed=8.8m
epoch=3 step=4890 loss=0.1218 elapsed=9.1m
epoch=3 step=4900 loss=0.0865 elapsed=9.4m
epoch=3 step=4910 loss=0.0338 elapsed=9.7m
epoch=3 step=4920 loss=0.0126 elapsed=10.0m
epoch=3 step=4930 loss=0.0056 elapsed=10.4m
epoch=3 step=4940 loss=0.0065 elapsed=10.7m
epoch=3 step=4950 loss=0.0278 elapsed=11.0m
epoch=3 step=4960 loss=0.2353 elapsed=11.3m
epoch=3 step=4970 loss=0.0337 elapsed=11.6m
epoch=3 step=4980 loss=0.0014 elapsed=12.0m
epoch=3 step=4990 loss=0.0011 elapsed=12.3m
epoch=3 step=5000 loss=0.0147 elapsed=12.6m
epoch=3 step=5010 loss=0.1088 elapsed=12.9m
epoch=3 step=5020 loss=0.0073 elapsed=13.2m
epoch=3 step=5030 loss=0.0396 elapsed=13.6m
epoch=3 step=5040 loss=0.0130 elapsed=13.9m
epoch=3 step=5050 loss=0.0978 elapsed=14.2m
epoch=3 step=5060 loss=0.0121 elapsed=14.5m
epoch=3 step=5070 loss=0.0040 elapsed=14.8m
epoch=3 step=5080 loss=0.0108 elapsed=15.2m
epoch=3 step=5090 loss=0.0212 elapsed=15.5m
epoch=3 step=5100 loss=0.1645 elapsed=15.8m
epoch=3 step=5110 loss=0.0003 elapsed=16.1m
epoch=3 step=5120 loss=0.0482 elapsed=16.4m
epoch=3 step=5130 loss=0.0184 elapsed=16.8m
epoch=3 step=5140 loss=0.0672 elapsed=17.1m
epoch=3 step=5150 loss=0.0014 elapsed=17.4m
epoch=3 step=5160 loss=0.0005 elapsed=17.7m
epoch=3 step=5170 loss=0.0053 elapsed=18.0m
epoch=3 step=5180 loss=0.0068 elapsed=18.4m
epoch=3 step=5190 loss=0.0017 elapsed=18.7m
epoch=3 step=5200 loss=0.0099 elapsed=19.0m
epoch=3 step=5210 loss=0.0063 elapsed=19.3m
epoch=3 step=5220 loss=0.0386 elapsed=19.6m
epoch=3 step=5230 loss=0.1461 elapsed=20.0m
Saved checkpoint: outputs/blt_gec/native/last.ckpt
epoch=3 step=5240 loss=0.0006 elapsed=21.0m
epoch=3 step=5250 loss=0.7583 elapsed=21.3m
epoch=3 step=5260 loss=0.0507 elapsed=21.6m
epoch=3 step=5270 loss=0.0007 elapsed=21.9m
epoch=3 step=5280 loss=0.0017 elapsed=22.3m
epoch=3 step=5290 loss=0.0457 elapsed=22.6m
epoch=3 step=5300 loss=0.0135 elapsed=22.9m
epoch=3 step=5310 loss=0.1559 elapsed=23.2m
epoch=3 step=5320 loss=0.1583 elapsed=23.5m
epoch=3 step=5330 loss=0.0048 elapsed=23.9m
epoch=3 step=5340 loss=0.0027 elapsed=24.2m
epoch=3 step=5350 loss=0.2386 elapsed=24.5m
epoch=3 step=5360 loss=0.0058 elapsed=24.8m
epoch=3 step=5370 loss=0.0149 elapsed=25.1m
epoch=3 step=5380 loss=0.0003 elapsed=25.4m
epoch=3 step=5390 loss=0.0046 elapsed=25.8m
epoch=3 step=5400 loss=0.0072 elapsed=26.1m
epoch=3 step=5410 loss=0.0223 elapsed=26.4m
epoch=3 step=5420 loss=0.0633 elapsed=26.7m
epoch=3 step=5430 loss=0.0688 elapsed=27.0m
epoch=3 step=5440 loss=0.0087 elapsed=27.4m
epoch=3 step=5450 loss=0.1715 elapsed=27.7m
epoch=3 step=5460 loss=0.0099 elapsed=28.0m
epoch=3 step=5470 loss=0.0100 elapsed=28.3m
epoch=3 step=5480 loss=0.0029 elapsed=28.6m
epoch=3 step=5490 loss=0.0103 elapsed=29.0m
epoch=3 step=5500 loss=0.0015 elapsed=29.3m
epoch=3 step=5510 loss=0.0778 elapsed=29.6m
epoch=3 step=5520 loss=0.0158 elapsed=29.9m
epoch=3 step=5530 loss=0.0255 elapsed=30.2m
epoch=3 step=5540 loss=0.0011 elapsed=30.5m
epoch=3 step=5550 loss=0.0353 elapsed=30.9m
epoch=3 step=5560 loss=0.0936 elapsed=31.2m
epoch=3 step=5570 loss=0.0111 elapsed=31.5m
epoch=3 step=5580 loss=0.0032 elapsed=31.8m
epoch=3 step=5590 loss=0.0030 elapsed=32.1m
epoch=3 step=5600 loss=0.0066 elapsed=32.5m
epoch=3 step=5610 loss=0.0042 elapsed=32.8m
epoch=3 step=5620 loss=0.0046 elapsed=33.1m
epoch=3 step=5630 loss=0.1010 elapsed=33.4m
epoch=3 step=5640 loss=0.0469 elapsed=33.7m
epoch=3 step=5650 loss=0.0296 elapsed=34.0m
epoch=3 step=5660 loss=0.0003 elapsed=34.4m
epoch=3 step=5670 loss=0.0060 elapsed=34.7m
epoch=3 step=5680 loss=0.0909 elapsed=35.0m
epoch=3 step=5690 loss=0.2460 elapsed=35.3m
epoch=3 step=5700 loss=0.0072 elapsed=35.6m
epoch=3 step=5710 loss=0.0639 elapsed=36.0m
epoch=3 step=5720 loss=0.0195 elapsed=36.3m
epoch=3 step=5730 loss=0.0708 elapsed=36.6m
epoch=3 step=5740 loss=0.0066 elapsed=36.9m
epoch=3 step=5750 loss=0.0859 elapsed=37.2m
epoch=3 step=5760 loss=0.0018 elapsed=37.5m
epoch=3 step=5770 loss=0.0184 elapsed=37.9m
epoch=3 step=5780 loss=0.0412 elapsed=38.2m
epoch=3 step=5790 loss=0.0743 elapsed=38.5m
epoch=3 step=5800 loss=0.0064 elapsed=38.8m
epoch=3 step=5810 loss=0.0143 elapsed=39.1m
epoch=3 step=5820 loss=0.0143 elapsed=39.5m
epoch=3 step=5830 loss=0.0024 elapsed=39.8m
Saved checkpoint: outputs/blt_gec/native/last.ckpt
epoch=3 step=5840 loss=0.0018 elapsed=40.8m
epoch=3 step=5850 loss=0.0156 elapsed=41.1m
epoch=3 step=5860 loss=0.0082 elapsed=41.4m
epoch=3 step=5870 loss=0.0180 elapsed=41.7m
epoch=3 step=5880 loss=0.0787 elapsed=42.1m
epoch=3 step=5890 loss=0.1226 elapsed=42.4m
epoch=3 step=5900 loss=0.0193 elapsed=42.7m
epoch=3 step=5910 loss=0.0821 elapsed=43.0m
epoch=3 step=5920 loss=0.0094 elapsed=43.3m
epoch=3 step=5930 loss=0.3840 elapsed=43.7m
epoch=3 step=5940 loss=0.0006 elapsed=44.0m
epoch=3 step=5950 loss=0.0025 elapsed=44.3m
epoch=3 step=5960 loss=0.1143 elapsed=44.6m
epoch=3 step=5970 loss=0.0064 elapsed=44.9m
epoch=3 step=5980 loss=0.0007 elapsed=45.2m
epoch=3 step=5990 loss=0.0276 elapsed=45.6m
epoch=3 step=6000 loss=0.0672 elapsed=45.9m
epoch=3 step=6010 loss=0.0065 elapsed=46.2m
epoch=3 step=6020 loss=0.0161 elapsed=46.5m
epoch=3 step=6030 loss=0.0008 elapsed=46.8m
epoch=3 step=6040 loss=0.0057 elapsed=47.1m
epoch=3 step=6050 loss=0.0113 elapsed=47.5m
epoch=3 step=6060 loss=0.0007 elapsed=47.8m
epoch=3 step=6070 loss=0.1096 elapsed=48.1m
epoch=3 step=6080 loss=0.0464 elapsed=48.4m
epoch=3 step=6090 loss=0.0111 elapsed=48.7m
epoch=3 step=6100 loss=0.0992 elapsed=49.0m
epoch=3 step=6110 loss=0.0039 elapsed=49.4m
epoch=3 step=6120 loss=0.0209 elapsed=49.7m
epoch=3 step=6130 loss=0.0014 elapsed=50.0m
epoch=3 step=6140 loss=0.0191 elapsed=50.3m
epoch=3 validation loss=0.0562
Saved checkpoint: outputs/blt_gec/native/best.ckpt
Saved checkpoint: outputs/blt_gec/native/last.ckpt
epoch=4 step=6150 loss=0.0736 elapsed=58.7m
epoch=4 step=6160 loss=0.0039 elapsed=59.0m
epoch=4 step=6170 loss=0.0128 elapsed=59.3m
epoch=4 step=6180 loss=0.0015 elapsed=59.6m
epoch=4 step=6190 loss=0.1043 elapsed=59.9m
Saved checkpoint: outputs/blt_gec/native/last.ckpt
epoch=4 step=6200 loss=0.0579 elapsed=61.0m
epoch=4 step=6210 loss=0.0009 elapsed=61.3m
epoch=4 step=6220 loss=0.0166 elapsed=61.6m
epoch=4 step=6230 loss=0.0014 elapsed=61.9m
epoch=4 step=6240 loss=0.0074 elapsed=62.3m
epoch=4 step=6250 loss=0.0007 elapsed=62.6m
epoch=4 step=6260 loss=0.0003 elapsed=62.9m
epoch=4 step=6270 loss=0.0013 elapsed=63.2m
epoch=4 step=6280 loss=0.0389 elapsed=63.6m
epoch=4 step=6290 loss=0.0328 elapsed=63.9m
epoch=4 step=6300 loss=0.0021 elapsed=64.2m
epoch=4 step=6310 loss=0.0275 elapsed=64.5m
epoch=4 step=6320 loss=0.0087 elapsed=64.8m
epoch=4 step=6330 loss=0.0159 elapsed=65.2m
epoch=4 step=6340 loss=0.0221 elapsed=65.5m
epoch=4 step=6350 loss=0.0187 elapsed=65.8m
epoch=4 step=6360 loss=0.0090 elapsed=66.1m
epoch=4 step=6370 loss=0.0242 elapsed=66.4m
epoch=4 step=6380 loss=0.0277 elapsed=66.8m
epoch=4 step=6390 loss=0.0307 elapsed=67.1m
epoch=4 step=6400 loss=0.0044 elapsed=67.4m
epoch=4 step=6410 loss=0.0017 elapsed=67.7m
epoch=4 step=6420 loss=0.0020 elapsed=68.0m
epoch=4 step=6430 loss=0.1608 elapsed=68.3m
epoch=4 step=6440 loss=0.0001 elapsed=68.7m
epoch=4 step=6450 loss=0.0288 elapsed=69.0m
epoch=4 step=6460 loss=0.0051 elapsed=69.3m
epoch=4 step=6470 loss=0.0005 elapsed=69.6m
epoch=4 step=6480 loss=0.0023 elapsed=69.9m
epoch=4 step=6490 loss=0.0653 elapsed=70.3m
epoch=4 step=6500 loss=0.0897 elapsed=70.6m
epoch=4 step=6510 loss=0.0048 elapsed=70.9m
epoch=4 step=6520 loss=0.0024 elapsed=71.2m
epoch=4 step=6530 loss=0.1128 elapsed=71.5m
epoch=4 step=6540 loss=0.0033 elapsed=71.8m
epoch=4 step=6550 loss=0.0124 elapsed=72.2m
epoch=4 step=6560 loss=0.0012 elapsed=72.5m
epoch=4 step=6570 loss=0.0607 elapsed=72.8m
epoch=4 step=6580 loss=0.2211 elapsed=73.1m
epoch=4 step=6590 loss=0.0080 elapsed=73.4m
epoch=4 step=6600 loss=0.0410 elapsed=73.8m
epoch=4 step=6610 loss=0.0170 elapsed=74.1m
epoch=4 step=6620 loss=0.1142 elapsed=74.4m
epoch=4 step=6630 loss=0.0029 elapsed=74.7m
epoch=4 step=6640 loss=0.0047 elapsed=75.0m
epoch=4 step=6650 loss=0.0122 elapsed=75.3m
epoch=4 step=6660 loss=0.0039 elapsed=75.7m
epoch=4 step=6670 loss=0.0095 elapsed=76.0m
epoch=4 step=6680 loss=0.0299 elapsed=76.3m
epoch=4 step=6690 loss=0.0019 elapsed=76.6m
epoch=4 step=6700 loss=0.0784 elapsed=76.9m
epoch=4 step=6710 loss=0.0066 elapsed=77.2m
epoch=4 step=6720 loss=0.0031 elapsed=77.6m
epoch=4 step=6730 loss=0.0025 elapsed=77.9m
epoch=4 step=6740 loss=0.0005 elapsed=78.2m
epoch=4 step=6750 loss=0.0077 elapsed=78.5m
epoch=4 step=6760 loss=0.0003 elapsed=78.8m
epoch=4 step=6770 loss=0.0022 elapsed=79.2m
epoch=4 step=6780 loss=0.0032 elapsed=79.5m
epoch=4 step=6790 loss=0.0360 elapsed=79.8m
Saved checkpoint: outputs/blt_gec/native/last.ckpt
epoch=4 step=6800 loss=0.0384 elapsed=80.8m
epoch=4 step=6810 loss=0.0019 elapsed=81.1m
epoch=4 step=6820 loss=0.0003 elapsed=81.5m
epoch=4 step=6830 loss=0.0844 elapsed=81.8m
epoch=4 step=6840 loss=0.0377 elapsed=82.1m
epoch=4 step=6850 loss=0.0619 elapsed=82.4m
epoch=4 step=6860 loss=0.0004 elapsed=82.7m
epoch=4 step=6870 loss=0.0095 elapsed=83.0m
epoch=4 step=6880 loss=0.2017 elapsed=83.4m
epoch=4 step=6890 loss=0.0002 elapsed=83.7m
epoch=4 step=6900 loss=0.0282 elapsed=84.0m
epoch=4 step=6910 loss=0.0042 elapsed=84.3m
epoch=4 step=6920 loss=0.0080 elapsed=84.6m
epoch=4 step=6930 loss=0.0005 elapsed=84.9m
epoch=4 step=6940 loss=0.0005 elapsed=85.3m
epoch=4 step=6950 loss=0.0038 elapsed=85.6m
epoch=4 step=6960 loss=0.0011 elapsed=85.9m
epoch=4 step=6970 loss=0.0140 elapsed=86.2m
epoch=4 step=6980 loss=0.0020 elapsed=86.5m
epoch=4 step=6990 loss=0.0001 elapsed=86.9m
epoch=4 step=7000 loss=0.0020 elapsed=87.2m
epoch=4 step=7010 loss=0.0040 elapsed=87.5m
epoch=4 step=7020 loss=0.3249 elapsed=87.8m
epoch=4 step=7030 loss=0.0033 elapsed=88.1m
epoch=4 step=7040 loss=0.0027 elapsed=88.4m
epoch=4 step=7050 loss=0.0119 elapsed=88.8m
epoch=4 step=7060 loss=0.0278 elapsed=89.1m
epoch=4 step=7070 loss=0.0004 elapsed=89.4m
epoch=4 step=7080 loss=0.0896 elapsed=89.7m
epoch=4 step=7090 loss=0.0327 elapsed=90.0m
epoch=4 step=7100 loss=0.0007 elapsed=90.3m
epoch=4 step=7110 loss=0.3804 elapsed=90.7m
epoch=4 step=7120 loss=0.0638 elapsed=91.0m
epoch=4 step=7130 loss=0.0016 elapsed=91.3m
epoch=4 step=7140 loss=0.1716 elapsed=91.6m
epoch=4 step=7150 loss=0.0013 elapsed=91.9m
epoch=4 step=7160 loss=0.0665 elapsed=92.3m
epoch=4 step=7170 loss=0.1135 elapsed=92.6m
epoch=4 step=7180 loss=0.0047 elapsed=92.9m
epoch=4 step=7190 loss=0.0201 elapsed=93.2m
epoch=4 step=7200 loss=0.0893 elapsed=93.5m
epoch=4 step=7210 loss=0.0508 elapsed=93.8m
epoch=4 step=7220 loss=0.0010 elapsed=94.2m
epoch=4 step=7230 loss=0.0570 elapsed=94.5m
epoch=4 step=7240 loss=0.0020 elapsed=94.8m
epoch=4 step=7250 loss=0.0093 elapsed=95.1m
epoch=4 step=7260 loss=0.0754 elapsed=95.4m
epoch=4 step=7270 loss=0.0020 elapsed=95.7m
epoch=4 step=7280 loss=0.0056 elapsed=96.1m
epoch=4 step=7290 loss=0.0064 elapsed=96.4m
epoch=4 step=7300 loss=0.0026 elapsed=96.7m
epoch=4 step=7310 loss=0.0146 elapsed=97.0m
epoch=4 step=7320 loss=0.0695 elapsed=97.3m
epoch=4 step=7330 loss=0.0010 elapsed=97.7m
epoch=4 step=7340 loss=0.1459 elapsed=98.0m
epoch=4 step=7350 loss=0.0035 elapsed=98.3m
epoch=4 step=7360 loss=0.0012 elapsed=98.6m
epoch=4 step=7370 loss=0.0012 elapsed=98.9m
epoch=4 step=7380 loss=0.2802 elapsed=99.2m
epoch=4 step=7390 loss=0.0015 elapsed=99.6m
epoch=4 step=7400 loss=0.0162 elapsed=99.9m
Saved checkpoint: outputs/blt_gec/native/last.ckpt
epoch=4 step=7410 loss=0.1857 elapsed=100.9m
epoch=4 step=7420 loss=0.0031 elapsed=101.2m
epoch=4 step=7430 loss=0.0091 elapsed=101.5m
epoch=4 step=7440 loss=0.0210 elapsed=101.9m
epoch=4 step=7450 loss=0.0493 elapsed=102.2m
epoch=4 step=7460 loss=0.0008 elapsed=102.5m
epoch=4 step=7470 loss=0.0549 elapsed=102.8m
epoch=4 step=7480 loss=0.0001 elapsed=103.1m
epoch=4 step=7490 loss=0.0045 elapsed=103.4m
epoch=4 step=7500 loss=0.0157 elapsed=103.8m
epoch=4 step=7510 loss=0.0163 elapsed=104.1m
epoch=4 step=7520 loss=0.0696 elapsed=104.4m
epoch=4 step=7530 loss=0.0001 elapsed=104.7m
