==========================================
SLURM_JOB_ID = 753881
SLURM_NODELIST = gpu45
==========================================
Job ID: 753881
Node: gpu45
CUDA_VISIBLE_DEVICES: 0
Start Time: Wed Jun 10 07:48:32 KST 2026
Submit Dir: /scratch/r984a02/PHDQ2
Partition: amd_a100nv_8
Requested GPUs: 1
Requested CPU cores per task: 4
Python: /home01/r984a02/.conda/envs/phdq_blt/bin/python
/home01/r984a02/.conda/envs/phdq_blt/lib/python3.12/site-packages/torch/cuda/__init__.py:61: FutureWarning: The pynvml package is deprecated. Please install nvidia-ml-py instead. If you did not install pynvml directly, please report this to the maintainers of the package that installed pynvml for you.
  import pynvml  # type: ignore[import]
Torch: 2.5.1+cu121
NumPy: 2.4.6
Visible CUDA device count: 1
/home01/r984a02/.conda/envs/phdq_blt/lib/python3.12/site-packages/torch/cuda/__init__.py:61: FutureWarning: The pynvml package is deprecated. Please install nvidia-ml-py instead. If you did not install pynvml directly, please report this to the maintainers of the package that installed pynvml for you.
  import pynvml  # type: ignore[import]
Reference BLT import path: /scratch/r984a02/PHDQ2/reference_code/blt
Checkpoint is loadable: outputs/blt_gec/union/last.ckpt
Resuming from explicit checkpoint: outputs/blt_gec/union/last.ckpt
Starting reference BLT-GEC fine-tuning on union dataset...
BLT lr: 1e-5
BLT weight_decay: 0.1
BLT Adam betas: (0.9, 0.95)
BLT scheduler: cosine
BLT warmup_steps: 2000
BLT num_beams: 4
BLT NUM_GPUS: 1
Device: cuda
Distributed: False rank=0 world_size=1
Backend: reference_blt
Reference BLT code: /scratch/r984a02/PHDQ2/reference_code/blt
BLT repo: facebook/blt-1b
Entropy repo: facebook/blt-entropy
Train: /scratch/r984a02/PHDQ2/data/Preprocessed/union/union_train.txt
Val:   /scratch/r984a02/PHDQ2/data/Preprocessed/union/union_val.txt
Test:  /scratch/r984a02/PHDQ2/data/Preprocessed/union/union_test.txt
Loaded checkpoint: outputs/blt_gec/union/last.ckpt (epoch=0, global_step=20981)
epoch=0 step=20990 loss=0.2202 elapsed=0.4m
epoch=0 step=21000 loss=0.0184 elapsed=0.7m
epoch=0 step=21010 loss=0.1783 elapsed=1.0m
epoch=0 step=21020 loss=0.0854 elapsed=1.3m
epoch=0 step=21030 loss=0.1015 elapsed=1.7m
epoch=0 step=21040 loss=0.0692 elapsed=2.0m
epoch=0 step=21050 loss=0.1287 elapsed=2.3m
epoch=0 step=21060 loss=0.0481 elapsed=2.6m
epoch=0 step=21070 loss=0.0213 elapsed=2.9m
epoch=0 step=21080 loss=0.2477 elapsed=3.3m
epoch=0 step=21090 loss=0.0344 elapsed=3.6m
epoch=0 step=21100 loss=0.1144 elapsed=3.9m
epoch=0 step=21110 loss=0.2569 elapsed=4.2m
epoch=0 step=21120 loss=0.1228 elapsed=4.6m
epoch=0 step=21130 loss=0.2890 elapsed=4.9m
epoch=0 step=21140 loss=0.0500 elapsed=5.2m
epoch=0 step=21150 loss=0.1456 elapsed=5.5m
epoch=0 step=21160 loss=0.3296 elapsed=5.9m
epoch=0 step=21170 loss=0.3171 elapsed=6.2m
epoch=0 step=21180 loss=0.0988 elapsed=6.5m
epoch=0 step=21190 loss=0.2498 elapsed=6.8m
epoch=0 step=21200 loss=0.1210 elapsed=7.2m
epoch=0 step=21210 loss=0.1250 elapsed=7.5m
epoch=0 step=21220 loss=0.2087 elapsed=7.8m
epoch=0 step=21230 loss=0.1014 elapsed=8.1m
epoch=0 step=21240 loss=0.0131 elapsed=8.5m
epoch=0 step=21250 loss=0.0777 elapsed=8.8m
epoch=0 step=21260 loss=0.2971 elapsed=9.1m
epoch=0 step=21270 loss=0.0580 elapsed=9.4m
epoch=0 step=21280 loss=0.0689 elapsed=9.8m
epoch=0 step=21290 loss=0.2154 elapsed=10.1m
epoch=0 step=21300 loss=0.0986 elapsed=10.4m
epoch=0 step=21310 loss=0.1606 elapsed=10.7m
epoch=0 step=21320 loss=0.0888 elapsed=11.1m
epoch=0 step=21330 loss=0.1917 elapsed=11.4m
epoch=0 step=21340 loss=0.0189 elapsed=11.7m
epoch=0 step=21350 loss=0.1973 elapsed=12.0m
epoch=0 step=21360 loss=0.0305 elapsed=12.3m
epoch=0 step=21370 loss=0.1280 elapsed=12.7m
epoch=0 step=21380 loss=0.2161 elapsed=13.0m
epoch=0 step=21390 loss=0.0874 elapsed=13.3m
epoch=0 step=21400 loss=0.0589 elapsed=13.6m
epoch=0 step=21410 loss=0.2742 elapsed=14.0m
epoch=0 step=21420 loss=0.0004 elapsed=14.3m
epoch=0 step=21430 loss=0.0685 elapsed=14.6m
epoch=0 step=21440 loss=0.1075 elapsed=14.9m
epoch=0 step=21450 loss=0.0475 elapsed=15.3m
epoch=0 step=21460 loss=0.0810 elapsed=15.6m
epoch=0 step=21470 loss=0.4441 elapsed=15.9m
epoch=0 step=21480 loss=0.1746 elapsed=16.2m
epoch=0 step=21490 loss=0.1563 elapsed=16.6m
epoch=0 step=21500 loss=0.0224 elapsed=16.9m
epoch=0 step=21510 loss=0.0622 elapsed=17.2m
epoch=0 step=21520 loss=0.2831 elapsed=17.5m
epoch=0 step=21530 loss=0.0245 elapsed=17.9m
epoch=0 step=21540 loss=0.1282 elapsed=18.2m
epoch=0 step=21550 loss=0.1728 elapsed=18.5m
epoch=0 step=21560 loss=0.0688 elapsed=18.8m
epoch=0 step=21570 loss=0.0404 elapsed=19.1m
epoch=0 step=21580 loss=0.0438 elapsed=19.5m
epoch=0 step=21590 loss=0.0386 elapsed=19.8m
Saved checkpoint: outputs/blt_gec/union/last.ckpt
epoch=0 step=21600 loss=0.1063 elapsed=20.9m
epoch=0 step=21610 loss=0.0280 elapsed=21.2m
epoch=0 step=21620 loss=0.0519 elapsed=21.5m
epoch=0 step=21630 loss=0.1399 elapsed=21.8m
epoch=0 step=21640 loss=0.0576 elapsed=22.2m
epoch=0 step=21650 loss=0.0368 elapsed=22.5m
epoch=0 step=21660 loss=0.2938 elapsed=22.8m
epoch=0 step=21670 loss=0.0268 elapsed=23.1m
epoch=0 step=21680 loss=0.0122 elapsed=23.5m
epoch=0 step=21690 loss=0.0484 elapsed=23.8m
epoch=0 step=21700 loss=0.0924 elapsed=24.1m
epoch=0 step=21710 loss=0.0732 elapsed=24.4m
epoch=0 step=21720 loss=0.1452 elapsed=24.8m
epoch=0 step=21730 loss=0.0594 elapsed=25.1m
epoch=0 step=21740 loss=0.1476 elapsed=25.4m
epoch=0 step=21750 loss=0.1614 elapsed=25.7m
epoch=0 step=21760 loss=0.1065 elapsed=26.1m
epoch=0 step=21770 loss=0.0511 elapsed=26.4m
epoch=0 step=21780 loss=0.2127 elapsed=26.7m
epoch=0 step=21790 loss=0.1184 elapsed=27.0m
epoch=0 step=21800 loss=0.1609 elapsed=27.4m
epoch=0 step=21810 loss=0.1122 elapsed=27.7m
epoch=0 step=21820 loss=0.1114 elapsed=28.0m
epoch=0 step=21830 loss=0.1287 elapsed=28.3m
epoch=0 step=21840 loss=0.2787 elapsed=28.6m
epoch=0 step=21850 loss=0.0727 elapsed=29.0m
epoch=0 step=21860 loss=0.1074 elapsed=29.3m
epoch=0 step=21870 loss=0.0365 elapsed=29.6m
epoch=0 step=21880 loss=0.0892 elapsed=29.9m
epoch=0 step=21890 loss=0.1263 elapsed=30.3m
epoch=0 step=21900 loss=0.0634 elapsed=30.6m
epoch=0 step=21910 loss=0.1060 elapsed=30.9m
epoch=0 step=21920 loss=0.1373 elapsed=31.2m
epoch=0 step=21930 loss=0.1235 elapsed=31.6m
epoch=0 step=21940 loss=0.0363 elapsed=31.9m
epoch=0 step=21950 loss=0.3062 elapsed=32.2m
epoch=0 step=21960 loss=0.0642 elapsed=32.5m
epoch=0 step=21970 loss=0.1627 elapsed=32.9m
epoch=0 step=21980 loss=0.1801 elapsed=33.2m
epoch=0 step=21990 loss=0.0988 elapsed=33.5m
epoch=0 step=22000 loss=0.1792 elapsed=33.8m
epoch=0 step=22010 loss=0.1428 elapsed=34.2m
epoch=0 step=22020 loss=0.2606 elapsed=34.5m
epoch=0 step=22030 loss=0.1998 elapsed=34.8m
epoch=0 step=22040 loss=0.1281 elapsed=35.1m
epoch=0 step=22050 loss=0.2520 elapsed=35.5m
epoch=0 step=22060 loss=0.0843 elapsed=35.8m
epoch=0 step=22070 loss=0.1419 elapsed=36.1m
epoch=0 step=22080 loss=0.0334 elapsed=36.4m
epoch=0 step=22090 loss=0.0270 elapsed=36.7m
epoch=0 step=22100 loss=0.0228 elapsed=37.1m
epoch=0 step=22110 loss=0.1820 elapsed=37.4m
epoch=0 step=22120 loss=0.1041 elapsed=37.7m
epoch=0 step=22130 loss=0.3461 elapsed=38.0m
epoch=0 step=22140 loss=0.0543 elapsed=38.4m
epoch=0 step=22150 loss=0.1263 elapsed=38.7m
epoch=0 step=22160 loss=0.0413 elapsed=39.0m
epoch=0 step=22170 loss=0.2532 elapsed=39.3m
epoch=0 step=22180 loss=0.0238 elapsed=39.7m
epoch=0 step=22190 loss=0.0800 elapsed=40.0m
Saved checkpoint: outputs/blt_gec/union/last.ckpt
epoch=0 step=22200 loss=0.0702 elapsed=41.1m
epoch=0 step=22210 loss=0.1132 elapsed=41.4m
epoch=0 step=22220 loss=0.0339 elapsed=41.7m
epoch=0 step=22230 loss=0.0531 elapsed=42.0m
epoch=0 step=22240 loss=0.1374 elapsed=42.3m
epoch=0 step=22250 loss=0.4953 elapsed=42.7m
epoch=0 step=22260 loss=0.0499 elapsed=43.0m
epoch=0 step=22270 loss=0.0376 elapsed=43.3m
epoch=0 step=22280 loss=0.1359 elapsed=43.6m
epoch=0 step=22290 loss=0.1322 elapsed=44.0m
epoch=0 step=22300 loss=0.0027 elapsed=44.3m
epoch=0 step=22310 loss=0.1386 elapsed=44.6m
epoch=0 step=22320 loss=0.0477 elapsed=44.9m
epoch=0 step=22330 loss=0.0295 elapsed=45.3m
epoch=0 step=22340 loss=0.0250 elapsed=45.6m
epoch=0 step=22350 loss=0.0742 elapsed=45.9m
epoch=0 step=22360 loss=0.0213 elapsed=46.2m
epoch=0 step=22370 loss=0.0341 elapsed=46.5m
epoch=0 step=22380 loss=0.1231 elapsed=46.9m
epoch=0 step=22390 loss=0.0074 elapsed=47.2m
epoch=0 step=22400 loss=0.1720 elapsed=47.5m
epoch=0 step=22410 loss=0.2460 elapsed=47.8m
epoch=0 step=22420 loss=0.0966 elapsed=48.2m
epoch=0 step=22430 loss=0.1803 elapsed=48.5m
epoch=0 step=22440 loss=0.0690 elapsed=48.8m
epoch=0 step=22450 loss=0.0516 elapsed=49.1m
epoch=0 step=22460 loss=0.2967 elapsed=49.5m
epoch=0 step=22470 loss=0.0493 elapsed=49.8m
epoch=0 step=22480 loss=0.0031 elapsed=50.1m
epoch=0 step=22490 loss=0.0088 elapsed=50.4m
epoch=0 step=22500 loss=0.5883 elapsed=50.8m
epoch=0 step=22510 loss=0.0449 elapsed=51.1m
epoch=0 step=22520 loss=0.0958 elapsed=51.4m
epoch=0 step=22530 loss=0.0666 elapsed=51.7m
epoch=0 step=22540 loss=0.3816 elapsed=52.0m
epoch=0 step=22550 loss=0.0788 elapsed=52.4m
epoch=0 step=22560 loss=0.1117 elapsed=52.7m
epoch=0 step=22570 loss=0.0145 elapsed=53.0m
epoch=0 step=22580 loss=0.1185 elapsed=53.3m
epoch=0 step=22590 loss=0.0294 elapsed=53.7m
epoch=0 step=22600 loss=0.0915 elapsed=54.0m
epoch=0 step=22610 loss=0.3482 elapsed=54.3m
epoch=0 step=22620 loss=0.0164 elapsed=54.6m
epoch=0 step=22630 loss=0.1141 elapsed=55.0m
epoch=0 step=22640 loss=0.0791 elapsed=55.3m
epoch=0 step=22650 loss=0.1906 elapsed=55.6m
epoch=0 step=22660 loss=0.0316 elapsed=55.9m
epoch=0 step=22670 loss=0.0844 elapsed=56.3m
epoch=0 step=22680 loss=0.0089 elapsed=56.6m
epoch=0 step=22690 loss=0.0510 elapsed=56.9m
epoch=0 step=22700 loss=0.0267 elapsed=57.2m
epoch=0 step=22710 loss=0.0309 elapsed=57.5m
epoch=0 step=22720 loss=0.1063 elapsed=57.9m
epoch=0 step=22730 loss=0.0355 elapsed=58.2m
epoch=0 step=22740 loss=0.0187 elapsed=58.5m
epoch=0 step=22750 loss=0.0760 elapsed=58.8m
epoch=0 step=22760 loss=0.2779 elapsed=59.2m
epoch=0 step=22770 loss=0.2558 elapsed=59.5m
epoch=0 step=22780 loss=0.1181 elapsed=59.8m
Saved checkpoint: outputs/blt_gec/union/last.ckpt
epoch=0 step=22790 loss=0.0763 elapsed=60.9m
epoch=0 step=22800 loss=0.1263 elapsed=61.2m
epoch=0 step=22810 loss=0.2747 elapsed=61.5m
epoch=0 step=22820 loss=0.0389 elapsed=61.8m
epoch=0 step=22830 loss=0.1183 elapsed=62.2m
epoch=0 step=22840 loss=0.0658 elapsed=62.5m
epoch=0 step=22850 loss=0.1202 elapsed=62.8m
epoch=0 step=22860 loss=0.0273 elapsed=63.2m
epoch=0 step=22870 loss=0.2000 elapsed=63.5m
epoch=0 step=22880 loss=0.0363 elapsed=63.8m
epoch=0 step=22890 loss=0.0553 elapsed=64.1m
epoch=0 step=22900 loss=0.3829 elapsed=64.5m
epoch=0 step=22910 loss=0.0429 elapsed=64.8m
epoch=0 step=22920 loss=0.0371 elapsed=65.2m
epoch=0 step=22930 loss=0.0797 elapsed=65.5m
epoch=0 step=22940 loss=0.1155 elapsed=65.8m
epoch=0 step=22950 loss=0.0396 elapsed=66.1m
epoch=0 step=22960 loss=0.0285 elapsed=66.4m
epoch=0 step=22970 loss=0.0395 elapsed=66.8m
epoch=0 step=22980 loss=0.0448 elapsed=67.1m
epoch=0 step=22990 loss=0.0422 elapsed=67.4m
epoch=0 step=23000 loss=0.0644 elapsed=67.7m
epoch=0 step=23010 loss=0.0353 elapsed=68.1m
epoch=0 step=23020 loss=0.0052 elapsed=68.4m
epoch=0 step=23030 loss=0.0081 elapsed=68.7m
epoch=0 step=23040 loss=0.0196 elapsed=69.0m
epoch=0 step=23050 loss=0.1320 elapsed=69.4m
epoch=0 step=23060 loss=0.0374 elapsed=69.7m
epoch=0 step=23070 loss=0.1077 elapsed=70.0m
epoch=0 step=23080 loss=0.0535 elapsed=70.3m
epoch=0 step=23090 loss=0.0237 elapsed=70.6m
epoch=0 step=23100 loss=0.1157 elapsed=71.0m
epoch=0 step=23110 loss=0.0366 elapsed=71.3m
epoch=0 step=23120 loss=0.0726 elapsed=71.6m
epoch=0 step=23130 loss=0.0568 elapsed=71.9m
epoch=0 step=23140 loss=0.0695 elapsed=72.3m
epoch=0 step=23150 loss=0.0818 elapsed=72.6m
epoch=0 step=23160 loss=0.0767 elapsed=72.9m
epoch=0 step=23170 loss=0.1191 elapsed=73.2m
epoch=0 step=23180 loss=0.3184 elapsed=73.6m
epoch=0 step=23190 loss=0.0860 elapsed=73.9m
epoch=0 step=23200 loss=0.3208 elapsed=74.2m
epoch=0 step=23210 loss=0.0173 elapsed=74.5m
epoch=0 step=23220 loss=0.1646 elapsed=74.8m
epoch=0 step=23230 loss=0.1334 elapsed=75.2m
epoch=0 step=23240 loss=0.0764 elapsed=75.5m
epoch=0 step=23250 loss=0.2366 elapsed=75.8m
epoch=0 step=23260 loss=0.0699 elapsed=76.1m
epoch=0 step=23270 loss=0.0561 elapsed=76.5m
epoch=0 step=23280 loss=0.0010 elapsed=76.8m
epoch=0 step=23290 loss=0.0533 elapsed=77.1m
epoch=0 step=23300 loss=0.0510 elapsed=77.4m
epoch=0 step=23310 loss=0.0477 elapsed=77.8m
epoch=0 step=23320 loss=0.0918 elapsed=78.1m
epoch=0 step=23330 loss=0.1911 elapsed=78.4m
epoch=0 step=23340 loss=0.0349 elapsed=78.7m
epoch=0 step=23350 loss=0.1696 elapsed=79.1m
epoch=0 step=23360 loss=0.0924 elapsed=79.4m
epoch=0 step=23370 loss=0.1731 elapsed=79.7m
epoch=0 step=23380 loss=0.0327 elapsed=80.0m
Saved checkpoint: outputs/blt_gec/union/last.ckpt
epoch=0 step=23390 loss=0.0771 elapsed=81.1m
epoch=0 step=23400 loss=0.3461 elapsed=81.4m
epoch=0 step=23410 loss=0.0869 elapsed=81.7m
epoch=0 step=23420 loss=0.2500 elapsed=82.1m
epoch=0 step=23430 loss=0.1379 elapsed=82.4m
epoch=0 step=23440 loss=0.0422 elapsed=82.7m
epoch=0 step=23450 loss=0.2405 elapsed=83.0m
epoch=0 step=23460 loss=0.1819 elapsed=83.4m
epoch=0 step=23470 loss=0.0530 elapsed=83.7m
epoch=0 step=23480 loss=0.1510 elapsed=84.0m
epoch=0 step=23490 loss=0.0227 elapsed=84.3m
epoch=0 step=23500 loss=0.0216 elapsed=84.6m
epoch=0 step=23510 loss=0.1328 elapsed=85.0m
epoch=0 step=23520 loss=0.0364 elapsed=85.3m
epoch=0 step=23530 loss=0.1780 elapsed=85.6m
epoch=0 step=23540 loss=0.2810 elapsed=85.9m
epoch=0 step=23550 loss=0.0551 elapsed=86.3m
epoch=0 step=23560 loss=0.0446 elapsed=86.6m
epoch=0 step=23570 loss=0.0376 elapsed=86.9m
epoch=0 step=23580 loss=0.1844 elapsed=87.2m
epoch=0 step=23590 loss=0.2474 elapsed=87.6m
epoch=0 step=23600 loss=0.1575 elapsed=87.9m
epoch=0 step=23610 loss=0.3604 elapsed=88.2m
epoch=0 step=23620 loss=0.0311 elapsed=88.5m
epoch=0 step=23630 loss=0.4206 elapsed=88.9m
epoch=0 step=23640 loss=0.0946 elapsed=89.2m
epoch=0 step=23650 loss=0.0120 elapsed=89.5m
epoch=0 step=23660 loss=0.1806 elapsed=89.8m
epoch=0 step=23670 loss=0.2748 elapsed=90.1m
epoch=0 step=23680 loss=0.0012 elapsed=90.5m
epoch=0 step=23690 loss=0.0447 elapsed=90.8m
epoch=0 step=23700 loss=0.1621 elapsed=91.1m
epoch=0 step=23710 loss=0.0615 elapsed=91.4m
epoch=0 step=23720 loss=0.3149 elapsed=91.8m
epoch=0 step=23730 loss=0.0165 elapsed=92.1m
epoch=0 step=23740 loss=0.1349 elapsed=92.4m
epoch=0 step=23750 loss=0.0902 elapsed=92.7m
epoch=0 step=23760 loss=0.0858 elapsed=93.1m
epoch=0 step=23770 loss=0.3920 elapsed=93.4m
epoch=0 step=23780 loss=0.0232 elapsed=93.7m
epoch=0 step=23790 loss=0.0441 elapsed=94.0m
epoch=0 step=23800 loss=0.0173 elapsed=94.4m
epoch=0 step=23810 loss=0.1084 elapsed=94.7m
epoch=0 step=23820 loss=0.0182 elapsed=95.0m
epoch=0 step=23830 loss=0.0590 elapsed=95.3m
epoch=0 step=23840 loss=0.0633 elapsed=95.6m
epoch=0 step=23850 loss=0.5526 elapsed=96.0m
epoch=0 step=23860 loss=0.3680 elapsed=96.3m
epoch=0 step=23870 loss=0.1938 elapsed=96.6m
epoch=0 step=23880 loss=0.0263 elapsed=96.9m
epoch=0 step=23890 loss=0.1554 elapsed=97.3m
epoch=0 step=23900 loss=0.0539 elapsed=97.6m
epoch=0 step=23910 loss=0.2358 elapsed=97.9m
epoch=0 step=23920 loss=0.3065 elapsed=98.2m
epoch=0 step=23930 loss=0.2483 elapsed=98.6m
epoch=0 step=23940 loss=0.0631 elapsed=98.9m
epoch=0 step=23950 loss=0.0194 elapsed=99.2m
epoch=0 step=23960 loss=0.0248 elapsed=99.5m
epoch=0 step=23970 loss=0.1243 elapsed=99.9m
Saved checkpoint: outputs/blt_gec/union/last.ckpt
epoch=0 step=23980 loss=0.0200 elapsed=100.9m
epoch=0 step=23990 loss=0.1072 elapsed=101.2m
epoch=0 step=24000 loss=0.0722 elapsed=101.6m
epoch=0 step=24010 loss=0.0636 elapsed=101.9m
epoch=0 step=24020 loss=0.0718 elapsed=102.2m
epoch=0 step=24030 loss=0.1341 elapsed=102.5m
epoch=0 step=24040 loss=0.1950 elapsed=102.9m
epoch=0 step=24050 loss=0.1767 elapsed=103.2m
epoch=0 step=24060 loss=0.1332 elapsed=103.5m
epoch=0 step=24070 loss=0.1711 elapsed=103.8m
epoch=0 step=24080 loss=0.1795 elapsed=104.1m
epoch=0 step=24090 loss=0.0250 elapsed=104.5m
epoch=0 step=24100 loss=0.0341 elapsed=104.8m
Saved checkpoint: outputs/blt_gec/union/last.ckpt
Stopping early to preserve checkpoint before time limit.
End Time: Wed Jun 10 09:38:11 KST 2026
