==========================================
SLURM_JOB_ID = 838092
SLURM_NODELIST = gpu55
==========================================
Job ID: 838092
Node: gpu55
CUDA_VISIBLE_DEVICES: 0,1,2,3
Start Time: Wed Jul  8 17:37:30 KST 2026
Submit Dir: /scratch/r984a02/PHDQ2
Partition: amd_a100nv_8
Requested GPUs: 4
Requested CPU cores per task: 8
Python: /home01/r984a02/.conda/envs/phdq_blt/bin/python
/home01/r984a02/.conda/envs/phdq_blt/lib/python3.12/site-packages/torch/cuda/__init__.py:61: FutureWarning: The pynvml package is deprecated. Please install nvidia-ml-py instead. If you did not install pynvml directly, please report this to the maintainers of the package that installed pynvml for you.
  import pynvml  # type: ignore[import]
Torch: 2.5.1+cu121
NumPy: 2.4.6
Visible CUDA device count: 4
/home01/r984a02/.conda/envs/phdq_blt/lib/python3.12/site-packages/torch/cuda/__init__.py:61: FutureWarning: The pynvml package is deprecated. Please install nvidia-ml-py instead. If you did not install pynvml directly, please report this to the maintainers of the package that installed pynvml for you.
  import pynvml  # type: ignore[import]
Reference BLT import path: /scratch/r984a02/PHDQ2/reference_code/blt
Checkpoint is loadable: outputs/blt_gec/union/last.ckpt
Resuming from explicit checkpoint: outputs/blt_gec/union/last.ckpt
Starting reference BLT-GEC fine-tuning on union dataset...
BLT lr: 3e-6
BLT weight_decay: 0.1
BLT Adam betas: (0.9, 0.95)
BLT scheduler: cosine
BLT warmup_steps: 0
BLT scheduler_total_steps override: 0
BLT reset_scheduler_on_resume: 1
BLT num_beams: 4
BLT NUM_GPUS: 4
BLT grad accumulation: global=4 local=1
BLT effective batch size: 4
BLT checkpoint interval minutes: 20
BLT train max_time: 00:03:00:00
Device: cuda:0
Distributed: True rank=0 world_size=4
Backend: reference_blt
Reference BLT code: /scratch/r984a02/PHDQ2/reference_code/blt
BLT repo: facebook/blt-1b
Entropy repo: facebook/blt-entropy
Train: /scratch/r984a02/PHDQ2/data/Preprocessed/union/union_train.txt
Val:   /scratch/r984a02/PHDQ2/data/Preprocessed/union/union_val.txt
Test:  /scratch/r984a02/PHDQ2/data/Preprocessed/union/union_test.txt
DDP: world_size=4, grad_accum 4 -> 1, effective_batch_size=4
Loaded checkpoint: outputs/blt_gec/union/last.ckpt (epoch=15, batches_completed=17063, global_step=478700)
Reset scheduler on resume: origin_global_step=478700, total_steps=27221, warmup_steps=0, lr=3.000e-06
Resuming epoch=15 after 17063/27221 batches.
epoch=15 step=478710 loss=0.4438 lr=3.000e-06 elapsed=0.2m
epoch=15 step=478720 loss=0.2634 lr=3.000e-06 elapsed=0.2m
epoch=15 step=478730 loss=0.0901 lr=3.000e-06 elapsed=0.2m
epoch=15 step=478740 loss=0.0639 lr=3.000e-06 elapsed=0.3m
epoch=15 step=478750 loss=0.2556 lr=3.000e-06 elapsed=0.3m
epoch=15 step=478760 loss=0.2252 lr=3.000e-06 elapsed=0.4m
epoch=15 step=478770 loss=0.0831 lr=3.000e-06 elapsed=0.4m
epoch=15 step=478780 loss=0.0590 lr=3.000e-06 elapsed=0.4m
epoch=15 step=478790 loss=0.2910 lr=3.000e-06 elapsed=0.5m
epoch=15 step=478800 loss=0.0911 lr=3.000e-06 elapsed=0.5m
epoch=15 step=478810 loss=0.1230 lr=3.000e-06 elapsed=0.5m
epoch=15 step=478820 loss=0.1900 lr=3.000e-06 elapsed=0.6m
epoch=15 step=478830 loss=0.0197 lr=3.000e-06 elapsed=0.6m
epoch=15 step=478840 loss=0.0956 lr=3.000e-06 elapsed=0.6m
epoch=15 step=478850 loss=0.3222 lr=3.000e-06 elapsed=0.7m
epoch=15 step=478860 loss=0.1758 lr=3.000e-06 elapsed=0.7m
epoch=15 step=478870 loss=0.2244 lr=3.000e-06 elapsed=0.7m
epoch=15 step=478880 loss=0.1185 lr=3.000e-06 elapsed=0.8m
epoch=15 step=478890 loss=0.1680 lr=3.000e-06 elapsed=0.8m
epoch=15 step=478900 loss=0.3961 lr=3.000e-06 elapsed=0.9m
epoch=15 step=478910 loss=0.4034 lr=3.000e-06 elapsed=0.9m
epoch=15 step=478920 loss=0.1726 lr=3.000e-06 elapsed=0.9m
epoch=15 step=478930 loss=0.0554 lr=2.999e-06 elapsed=1.0m
epoch=15 step=478940 loss=0.4364 lr=2.999e-06 elapsed=1.0m
epoch=15 step=478950 loss=0.0284 lr=2.999e-06 elapsed=1.0m
epoch=15 step=478960 loss=0.1676 lr=2.999e-06 elapsed=1.1m
epoch=15 step=478970 loss=0.0718 lr=2.999e-06 elapsed=1.1m
epoch=15 step=478980 loss=0.2147 lr=2.999e-06 elapsed=1.1m
epoch=15 step=478990 loss=0.0212 lr=2.999e-06 elapsed=1.2m
epoch=15 step=479000 loss=0.2089 lr=2.999e-06 elapsed=1.2m
epoch=15 step=479010 loss=0.0114 lr=2.999e-06 elapsed=1.3m
epoch=15 step=479020 loss=0.0769 lr=2.999e-06 elapsed=1.3m
epoch=15 step=479030 loss=0.0728 lr=2.999e-06 elapsed=1.3m
epoch=15 step=479040 loss=0.0741 lr=2.999e-06 elapsed=1.4m
epoch=15 step=479050 loss=0.1979 lr=2.999e-06 elapsed=1.4m
epoch=15 step=479060 loss=0.0714 lr=2.999e-06 elapsed=1.4m
epoch=15 step=479070 loss=0.3263 lr=2.999e-06 elapsed=1.5m
epoch=15 step=479080 loss=0.1504 lr=2.999e-06 elapsed=1.5m
epoch=15 step=479090 loss=0.3130 lr=2.998e-06 elapsed=1.5m
epoch=15 step=479100 loss=0.3617 lr=2.998e-06 elapsed=1.6m
epoch=15 step=479110 loss=0.1105 lr=2.998e-06 elapsed=1.6m
epoch=15 step=479120 loss=0.4103 lr=2.998e-06 elapsed=1.6m
epoch=15 step=479130 loss=0.1476 lr=2.998e-06 elapsed=1.7m
epoch=15 step=479140 loss=0.1120 lr=2.998e-06 elapsed=1.7m
epoch=15 step=479150 loss=0.3781 lr=2.998e-06 elapsed=1.8m
epoch=15 step=479160 loss=0.1557 lr=2.998e-06 elapsed=1.8m
epoch=15 step=479170 loss=0.0875 lr=2.998e-06 elapsed=1.8m
epoch=15 step=479180 loss=0.0823 lr=2.998e-06 elapsed=1.9m
epoch=15 step=479190 loss=0.1369 lr=2.998e-06 elapsed=1.9m
epoch=15 step=479200 loss=0.0927 lr=2.998e-06 elapsed=1.9m
epoch=15 step=479210 loss=0.1066 lr=2.997e-06 elapsed=2.0m
epoch=15 step=479220 loss=0.0569 lr=2.997e-06 elapsed=2.0m
epoch=15 step=479230 loss=0.0266 lr=2.997e-06 elapsed=2.0m
epoch=15 step=479240 loss=0.2207 lr=2.997e-06 elapsed=2.1m
epoch=15 step=479250 loss=0.1368 lr=2.997e-06 elapsed=2.1m
epoch=15 step=479260 loss=0.0985 lr=2.997e-06 elapsed=2.2m
epoch=15 step=479270 loss=0.0690 lr=2.997e-06 elapsed=2.2m
epoch=15 step=479280 loss=0.0072 lr=2.997e-06 elapsed=2.2m
epoch=15 step=479290 loss=0.0959 lr=2.997e-06 elapsed=2.3m
epoch=15 step=479300 loss=0.1347 lr=2.996e-06 elapsed=2.3m
epoch=15 step=479310 loss=0.0899 lr=2.996e-06 elapsed=2.3m
epoch=15 step=479320 loss=0.0711 lr=2.996e-06 elapsed=2.4m
epoch=15 step=479330 loss=0.1124 lr=2.996e-06 elapsed=2.4m
epoch=15 step=479340 loss=0.0478 lr=2.996e-06 elapsed=2.4m
epoch=15 step=479350 loss=0.1412 lr=2.996e-06 elapsed=2.5m
epoch=15 step=479360 loss=0.1741 lr=2.996e-06 elapsed=2.5m
epoch=15 step=479370 loss=0.1360 lr=2.996e-06 elapsed=2.5m
epoch=15 step=479380 loss=0.2608 lr=2.995e-06 elapsed=2.6m
epoch=15 step=479390 loss=0.2731 lr=2.995e-06 elapsed=2.6m
epoch=15 step=479400 loss=0.0382 lr=2.995e-06 elapsed=2.7m
epoch=15 step=479410 loss=0.0353 lr=2.995e-06 elapsed=2.7m
epoch=15 step=479420 loss=0.0729 lr=2.995e-06 elapsed=2.7m
epoch=15 step=479430 loss=0.0221 lr=2.995e-06 elapsed=2.8m
epoch=15 step=479440 loss=0.1160 lr=2.995e-06 elapsed=2.8m
epoch=15 step=479450 loss=0.0001 lr=2.994e-06 elapsed=2.8m
epoch=15 step=479460 loss=0.1061 lr=2.994e-06 elapsed=2.9m
epoch=15 step=479470 loss=0.0674 lr=2.994e-06 elapsed=2.9m
epoch=15 step=479480 loss=0.1247 lr=2.994e-06 elapsed=2.9m
epoch=15 step=479490 loss=0.2613 lr=2.994e-06 elapsed=3.0m
epoch=15 step=479500 loss=0.0760 lr=2.994e-06 elapsed=3.0m
epoch=15 step=479510 loss=0.0340 lr=2.993e-06 elapsed=3.0m
epoch=15 step=479520 loss=0.1680 lr=2.993e-06 elapsed=3.1m
epoch=15 step=479530 loss=0.0222 lr=2.993e-06 elapsed=3.1m
epoch=15 step=479540 loss=0.0691 lr=2.993e-06 elapsed=3.2m
epoch=15 step=479550 loss=0.0077 lr=2.993e-06 elapsed=3.2m
epoch=15 step=479560 loss=0.0032 lr=2.993e-06 elapsed=3.2m
epoch=15 step=479570 loss=0.0207 lr=2.992e-06 elapsed=3.3m
epoch=15 step=479580 loss=0.1560 lr=2.992e-06 elapsed=3.3m
epoch=15 step=479590 loss=0.0163 lr=2.992e-06 elapsed=3.3m
epoch=15 step=479600 loss=0.0774 lr=2.992e-06 elapsed=3.4m
epoch=15 step=479610 loss=0.1358 lr=2.992e-06 elapsed=3.4m
epoch=15 step=479620 loss=0.1168 lr=2.992e-06 elapsed=3.4m
epoch=15 step=479630 loss=0.0930 lr=2.991e-06 elapsed=3.5m
epoch=15 step=479640 loss=0.2565 lr=2.991e-06 elapsed=3.5m
epoch=15 step=479650 loss=0.2912 lr=2.991e-06 elapsed=3.6m
epoch=15 step=479660 loss=0.1632 lr=2.991e-06 elapsed=3.6m
epoch=15 step=479670 loss=0.0773 lr=2.991e-06 elapsed=3.6m
epoch=15 step=479680 loss=0.1165 lr=2.990e-06 elapsed=3.7m
epoch=15 step=479690 loss=0.0101 lr=2.990e-06 elapsed=3.7m
epoch=15 step=479700 loss=0.1088 lr=2.990e-06 elapsed=3.7m
epoch=15 step=479710 loss=0.1756 lr=2.990e-06 elapsed=3.8m
epoch=15 step=479720 loss=0.0700 lr=2.990e-06 elapsed=3.8m
epoch=15 step=479730 loss=0.1653 lr=2.989e-06 elapsed=3.8m
epoch=15 step=479740 loss=0.2122 lr=2.989e-06 elapsed=3.9m
epoch=15 step=479750 loss=0.1976 lr=2.989e-06 elapsed=3.9m
epoch=15 step=479760 loss=0.0901 lr=2.989e-06 elapsed=3.9m
epoch=15 step=479770 loss=0.0174 lr=2.989e-06 elapsed=4.0m
epoch=15 step=479780 loss=0.1078 lr=2.988e-06 elapsed=4.0m
epoch=15 step=479790 loss=0.1253 lr=2.988e-06 elapsed=4.1m
epoch=15 step=479800 loss=0.0730 lr=2.988e-06 elapsed=4.1m
epoch=15 step=479810 loss=0.3271 lr=2.988e-06 elapsed=4.1m
epoch=15 step=479820 loss=0.0715 lr=2.987e-06 elapsed=4.2m
epoch=15 step=479830 loss=0.0421 lr=2.987e-06 elapsed=4.2m
epoch=15 step=479840 loss=0.2562 lr=2.987e-06 elapsed=4.2m
epoch=15 step=479850 loss=0.0567 lr=2.987e-06 elapsed=4.3m
epoch=15 step=479860 loss=0.0670 lr=2.987e-06 elapsed=4.3m
epoch=15 step=479870 loss=0.1601 lr=2.986e-06 elapsed=4.3m
epoch=15 step=479880 loss=0.0315 lr=2.986e-06 elapsed=4.4m
epoch=15 step=479890 loss=0.0113 lr=2.986e-06 elapsed=4.4m
epoch=15 step=479900 loss=0.1710 lr=2.986e-06 elapsed=4.5m
epoch=15 step=479910 loss=0.0840 lr=2.985e-06 elapsed=4.5m
epoch=15 step=479920 loss=1.2578 lr=2.985e-06 elapsed=4.5m
epoch=15 step=479930 loss=0.4638 lr=2.985e-06 elapsed=4.6m
epoch=15 step=479940 loss=0.1389 lr=2.985e-06 elapsed=4.6m
epoch=15 step=479950 loss=0.2496 lr=2.984e-06 elapsed=4.6m
epoch=15 step=479960 loss=0.3740 lr=2.984e-06 elapsed=4.7m
epoch=15 step=479970 loss=0.1978 lr=2.984e-06 elapsed=4.7m
epoch=15 step=479980 loss=0.1556 lr=2.984e-06 elapsed=4.7m
epoch=15 step=479990 loss=0.0712 lr=2.983e-06 elapsed=4.8m
epoch=15 step=480000 loss=0.0898 lr=2.983e-06 elapsed=4.8m
epoch=15 step=480010 loss=0.1449 lr=2.983e-06 elapsed=4.8m
epoch=15 step=480020 loss=0.0153 lr=2.983e-06 elapsed=4.9m
epoch=15 step=480030 loss=0.0786 lr=2.982e-06 elapsed=4.9m
epoch=15 step=480040 loss=0.3636 lr=2.982e-06 elapsed=5.0m
epoch=15 step=480050 loss=0.1491 lr=2.982e-06 elapsed=5.0m
epoch=15 step=480060 loss=0.2115 lr=2.982e-06 elapsed=5.0m
epoch=15 step=480070 loss=0.3640 lr=2.981e-06 elapsed=5.1m
epoch=15 step=480080 loss=0.2131 lr=2.981e-06 elapsed=5.1m
epoch=15 step=480090 loss=0.0572 lr=2.981e-06 elapsed=5.1m
epoch=15 step=480100 loss=0.1492 lr=2.980e-06 elapsed=5.2m
epoch=15 step=480110 loss=0.0477 lr=2.980e-06 elapsed=5.2m
epoch=15 step=480120 loss=0.4125 lr=2.980e-06 elapsed=5.2m
epoch=15 step=480130 loss=0.2812 lr=2.980e-06 elapsed=5.3m
epoch=15 step=480140 loss=0.0756 lr=2.979e-06 elapsed=5.3m
epoch=15 step=480150 loss=0.1468 lr=2.979e-06 elapsed=5.3m
epoch=15 step=480160 loss=0.0174 lr=2.979e-06 elapsed=5.4m
epoch=15 step=480170 loss=0.0099 lr=2.978e-06 elapsed=5.4m
epoch=15 step=480180 loss=0.1752 lr=2.978e-06 elapsed=5.5m
epoch=15 step=480190 loss=0.0242 lr=2.978e-06 elapsed=5.5m
epoch=15 step=480200 loss=0.0892 lr=2.978e-06 elapsed=5.5m
epoch=15 step=480210 loss=0.3180 lr=2.977e-06 elapsed=5.6m
epoch=15 step=480220 loss=0.2279 lr=2.977e-06 elapsed=5.6m
epoch=15 step=480230 loss=0.1452 lr=2.977e-06 elapsed=5.6m
epoch=15 step=480240 loss=0.0011 lr=2.976e-06 elapsed=5.7m
epoch=15 step=480250 loss=0.1112 lr=2.976e-06 elapsed=5.7m
epoch=15 step=480260 loss=0.1441 lr=2.976e-06 elapsed=5.7m
epoch=15 step=480270 loss=0.0226 lr=2.975e-06 elapsed=5.8m
epoch=15 step=480280 loss=0.4340 lr=2.975e-06 elapsed=5.8m
epoch=15 step=480290 loss=0.1237 lr=2.975e-06 elapsed=5.9m
epoch=15 step=480300 loss=0.1132 lr=2.974e-06 elapsed=5.9m
epoch=15 step=480310 loss=0.2057 lr=2.974e-06 elapsed=5.9m
epoch=15 step=480320 loss=0.2331 lr=2.974e-06 elapsed=6.0m
epoch=15 step=480330 loss=0.2168 lr=2.974e-06 elapsed=6.0m
epoch=15 step=480340 loss=0.0799 lr=2.973e-06 elapsed=6.0m
epoch=15 step=480350 loss=0.0308 lr=2.973e-06 elapsed=6.1m
epoch=15 step=480360 loss=0.1483 lr=2.973e-06 elapsed=6.1m
epoch=15 step=480370 loss=0.0582 lr=2.972e-06 elapsed=6.1m
epoch=15 step=480380 loss=0.2705 lr=2.972e-06 elapsed=6.2m
epoch=15 step=480390 loss=0.4735 lr=2.972e-06 elapsed=6.2m
epoch=15 step=480400 loss=0.1722 lr=2.971e-06 elapsed=6.2m
epoch=15 step=480410 loss=0.0493 lr=2.971e-06 elapsed=6.3m
epoch=15 step=480420 loss=0.0285 lr=2.971e-06 elapsed=6.3m
epoch=15 step=480430 loss=0.0299 lr=2.970e-06 elapsed=6.4m
epoch=15 step=480440 loss=0.2496 lr=2.970e-06 elapsed=6.4m
epoch=15 step=480450 loss=0.0361 lr=2.970e-06 elapsed=6.4m
epoch=15 step=480460 loss=0.0347 lr=2.969e-06 elapsed=6.5m
epoch=15 step=480470 loss=0.1276 lr=2.969e-06 elapsed=6.5m
epoch=15 step=480480 loss=0.1787 lr=2.968e-06 elapsed=6.5m
epoch=15 step=480490 loss=0.1780 lr=2.968e-06 elapsed=6.6m
epoch=15 step=480500 loss=0.0827 lr=2.968e-06 elapsed=6.6m
epoch=15 step=480510 loss=0.3687 lr=2.967e-06 elapsed=6.6m
epoch=15 step=480520 loss=0.0639 lr=2.967e-06 elapsed=6.7m
epoch=15 step=480530 loss=0.2708 lr=2.967e-06 elapsed=6.7m
epoch=15 step=480540 loss=0.2088 lr=2.966e-06 elapsed=6.7m
epoch=15 step=480550 loss=0.0182 lr=2.966e-06 elapsed=6.8m
epoch=15 step=480560 loss=0.1290 lr=2.966e-06 elapsed=6.8m
epoch=15 step=480570 loss=0.2714 lr=2.965e-06 elapsed=6.9m
epoch=15 step=480580 loss=0.1356 lr=2.965e-06 elapsed=6.9m
epoch=15 step=480590 loss=0.1703 lr=2.964e-06 elapsed=6.9m
epoch=15 step=480600 loss=0.0513 lr=2.964e-06 elapsed=7.0m
epoch=15 step=480610 loss=0.0365 lr=2.964e-06 elapsed=7.0m
epoch=15 step=480620 loss=0.0962 lr=2.963e-06 elapsed=7.0m
epoch=15 step=480630 loss=0.1780 lr=2.963e-06 elapsed=7.1m
epoch=15 step=480640 loss=0.0378 lr=2.963e-06 elapsed=7.1m
epoch=15 step=480650 loss=0.0171 lr=2.962e-06 elapsed=7.2m
epoch=15 step=480660 loss=0.0584 lr=2.962e-06 elapsed=7.2m
epoch=15 step=480670 loss=0.0314 lr=2.961e-06 elapsed=7.2m
epoch=15 step=480680 loss=0.1007 lr=2.961e-06 elapsed=7.3m
epoch=15 step=480690 loss=0.1908 lr=2.961e-06 elapsed=7.3m
epoch=15 step=480700 loss=0.0956 lr=2.960e-06 elapsed=7.3m
epoch=15 step=480710 loss=0.0213 lr=2.960e-06 elapsed=7.4m
epoch=15 step=480720 loss=0.2362 lr=2.959e-06 elapsed=7.4m
epoch=15 step=480730 loss=0.0097 lr=2.959e-06 elapsed=7.4m
epoch=15 step=480740 loss=0.1168 lr=2.959e-06 elapsed=7.5m
epoch=15 step=480750 loss=0.1187 lr=2.958e-06 elapsed=7.5m
epoch=15 step=480760 loss=0.0700 lr=2.958e-06 elapsed=7.5m
epoch=15 step=480770 loss=0.0822 lr=2.957e-06 elapsed=7.6m
epoch=15 step=480780 loss=0.1834 lr=2.957e-06 elapsed=7.6m
epoch=15 step=480790 loss=0.0285 lr=2.957e-06 elapsed=7.7m
epoch=15 step=480800 loss=0.1481 lr=2.956e-06 elapsed=7.7m
epoch=15 step=480810 loss=0.1128 lr=2.956e-06 elapsed=7.7m
epoch=15 step=480820 loss=0.2631 lr=2.955e-06 elapsed=7.8m
epoch=15 step=480830 loss=0.1787 lr=2.955e-06 elapsed=7.8m
epoch=15 step=480840 loss=0.0576 lr=2.954e-06 elapsed=7.8m
epoch=15 step=480850 loss=0.1850 lr=2.954e-06 elapsed=7.9m
epoch=15 step=480860 loss=0.1953 lr=2.954e-06 elapsed=7.9m
epoch=15 step=480870 loss=0.1825 lr=2.953e-06 elapsed=7.9m
epoch=15 step=480880 loss=0.2846 lr=2.953e-06 elapsed=8.0m
epoch=15 step=480890 loss=0.4919 lr=2.952e-06 elapsed=8.0m
epoch=15 step=480900 loss=0.0718 lr=2.952e-06 elapsed=8.0m
epoch=15 step=480910 loss=0.1893 lr=2.951e-06 elapsed=8.1m
epoch=15 step=480920 loss=0.0742 lr=2.951e-06 elapsed=8.1m
epoch=15 step=480930 loss=0.0213 lr=2.951e-06 elapsed=8.2m
epoch=15 step=480940 loss=0.0689 lr=2.950e-06 elapsed=8.2m
epoch=15 step=480950 loss=0.1422 lr=2.950e-06 elapsed=8.2m
epoch=15 step=480960 loss=0.1658 lr=2.949e-06 elapsed=8.3m
epoch=15 step=480970 loss=0.1664 lr=2.949e-06 elapsed=8.3m
epoch=15 step=480980 loss=0.0072 lr=2.948e-06 elapsed=8.3m
epoch=15 step=480990 loss=0.2898 lr=2.948e-06 elapsed=8.4m
epoch=15 step=481000 loss=0.1381 lr=2.947e-06 elapsed=8.4m
epoch=15 step=481010 loss=0.1246 lr=2.947e-06 elapsed=8.4m
epoch=15 step=481020 loss=0.0278 lr=2.947e-06 elapsed=8.5m
epoch=15 step=481030 loss=0.0794 lr=2.946e-06 elapsed=8.5m
epoch=15 step=481040 loss=0.1032 lr=2.946e-06 elapsed=8.6m
epoch=15 step=481050 loss=0.0643 lr=2.945e-06 elapsed=8.6m
epoch=15 step=481060 loss=0.1412 lr=2.945e-06 elapsed=8.6m
epoch=15 step=481070 loss=0.0979 lr=2.944e-06 elapsed=8.7m
epoch=15 step=481080 loss=0.0383 lr=2.944e-06 elapsed=8.7m
epoch=15 step=481090 loss=0.0168 lr=2.943e-06 elapsed=8.7m
epoch=15 step=481100 loss=0.1213 lr=2.943e-06 elapsed=8.8m
epoch=15 step=481110 loss=0.1158 lr=2.942e-06 elapsed=8.8m
epoch=15 step=481120 loss=0.1080 lr=2.942e-06 elapsed=8.8m
epoch=15 step=481130 loss=0.0107 lr=2.941e-06 elapsed=8.9m
epoch=15 step=481140 loss=0.0053 lr=2.941e-06 elapsed=8.9m
epoch=15 step=481150 loss=0.1303 lr=2.940e-06 elapsed=8.9m
epoch=15 step=481160 loss=0.0713 lr=2.940e-06 elapsed=9.0m
epoch=15 step=481170 loss=0.1010 lr=2.939e-06 elapsed=9.0m
epoch=15 step=481180 loss=0.0764 lr=2.939e-06 elapsed=9.1m
epoch=15 step=481190 loss=0.1663 lr=2.938e-06 elapsed=9.1m
epoch=15 step=481200 loss=0.1630 lr=2.938e-06 elapsed=9.1m
epoch=15 step=481210 loss=0.2566 lr=2.938e-06 elapsed=9.2m
epoch=15 step=481220 loss=0.0053 lr=2.937e-06 elapsed=9.2m
epoch=15 step=481230 loss=0.0674 lr=2.937e-06 elapsed=9.2m
epoch=15 step=481240 loss=0.1163 lr=2.936e-06 elapsed=9.3m
epoch=15 step=481250 loss=0.0104 lr=2.936e-06 elapsed=9.3m
epoch=15 step=481260 loss=0.3924 lr=2.935e-06 elapsed=9.3m
epoch=15 step=481270 loss=0.1861 lr=2.935e-06 elapsed=9.4m
epoch=15 step=481280 loss=0.0268 lr=2.934e-06 elapsed=9.4m
epoch=15 step=481290 loss=0.1296 lr=2.933e-06 elapsed=9.4m
epoch=15 step=481300 loss=0.4025 lr=2.933e-06 elapsed=9.5m
epoch=15 step=481310 loss=0.2197 lr=2.932e-06 elapsed=9.5m
epoch=15 step=481320 loss=0.0778 lr=2.932e-06 elapsed=9.6m
epoch=15 step=481330 loss=0.0595 lr=2.931e-06 elapsed=9.6m
epoch=15 step=481340 loss=0.1209 lr=2.931e-06 elapsed=9.6m
epoch=15 step=481350 loss=0.1690 lr=2.930e-06 elapsed=9.7m
epoch=15 step=481360 loss=0.1151 lr=2.930e-06 elapsed=9.7m
epoch=15 step=481370 loss=0.1650 lr=2.929e-06 elapsed=9.7m
epoch=15 step=481380 loss=0.0195 lr=2.929e-06 elapsed=9.8m
epoch=15 step=481390 loss=0.0194 lr=2.928e-06 elapsed=9.8m
epoch=15 step=481400 loss=0.0602 lr=2.928e-06 elapsed=9.8m
epoch=15 step=481410 loss=0.0261 lr=2.927e-06 elapsed=9.9m
epoch=15 step=481420 loss=0.3430 lr=2.927e-06 elapsed=9.9m
epoch=15 step=481430 loss=0.1561 lr=2.926e-06 elapsed=10.0m
epoch=15 step=481440 loss=0.0453 lr=2.926e-06 elapsed=10.0m
epoch=15 step=481450 loss=0.0333 lr=2.925e-06 elapsed=10.0m
epoch=15 step=481460 loss=0.1198 lr=2.925e-06 elapsed=10.1m
epoch=15 step=481470 loss=0.0054 lr=2.924e-06 elapsed=10.1m
epoch=15 step=481480 loss=0.0678 lr=2.923e-06 elapsed=10.1m
epoch=15 step=481490 loss=0.1429 lr=2.923e-06 elapsed=10.2m
epoch=15 step=481500 loss=0.0775 lr=2.922e-06 elapsed=10.2m
epoch=15 step=481510 loss=0.2054 lr=2.922e-06 elapsed=10.2m
epoch=15 step=481520 loss=0.0428 lr=2.921e-06 elapsed=10.3m
epoch=15 step=481530 loss=0.2091 lr=2.921e-06 elapsed=10.3m
epoch=15 step=481540 loss=0.1650 lr=2.920e-06 elapsed=10.3m
epoch=15 step=481550 loss=0.0914 lr=2.920e-06 elapsed=10.4m
epoch=15 step=481560 loss=0.1091 lr=2.919e-06 elapsed=10.4m
epoch=15 step=481570 loss=0.0833 lr=2.918e-06 elapsed=10.5m
epoch=15 step=481580 loss=0.0247 lr=2.918e-06 elapsed=10.5m
epoch=15 step=481590 loss=0.0832 lr=2.917e-06 elapsed=10.5m
epoch=15 step=481600 loss=0.3775 lr=2.917e-06 elapsed=10.6m
epoch=15 step=481610 loss=1.0883 lr=2.916e-06 elapsed=10.6m
epoch=15 step=481620 loss=0.1343 lr=2.916e-06 elapsed=10.6m
epoch=15 step=481630 loss=0.3752 lr=2.915e-06 elapsed=10.7m
epoch=15 step=481640 loss=0.1243 lr=2.914e-06 elapsed=10.7m
epoch=15 step=481650 loss=0.0392 lr=2.914e-06 elapsed=10.7m
epoch=15 step=481660 loss=0.2582 lr=2.913e-06 elapsed=10.8m
epoch=15 step=481670 loss=0.0924 lr=2.913e-06 elapsed=10.8m
epoch=15 step=481680 loss=0.0822 lr=2.912e-06 elapsed=10.8m
epoch=15 step=481690 loss=0.0425 lr=2.912e-06 elapsed=10.9m
epoch=15 step=481700 loss=0.0575 lr=2.911e-06 elapsed=10.9m
epoch=15 step=481710 loss=0.2571 lr=2.910e-06 elapsed=11.0m
epoch=15 step=481720 loss=0.1763 lr=2.910e-06 elapsed=11.0m
epoch=15 step=481730 loss=0.3241 lr=2.909e-06 elapsed=11.0m
epoch=15 step=481740 loss=0.0922 lr=2.909e-06 elapsed=11.1m
epoch=15 step=481750 loss=0.1005 lr=2.908e-06 elapsed=11.1m
epoch=15 step=481760 loss=0.1718 lr=2.907e-06 elapsed=11.1m
epoch=15 step=481770 loss=0.0677 lr=2.907e-06 elapsed=11.2m
epoch=15 step=481780 loss=0.1881 lr=2.906e-06 elapsed=11.2m
epoch=15 step=481790 loss=0.1584 lr=2.906e-06 elapsed=11.2m
epoch=15 step=481800 loss=0.3099 lr=2.905e-06 elapsed=11.3m
epoch=15 step=481810 loss=0.1431 lr=2.904e-06 elapsed=11.3m
epoch=15 step=481820 loss=0.0343 lr=2.904e-06 elapsed=11.3m
epoch=15 step=481830 loss=0.0503 lr=2.903e-06 elapsed=11.4m
epoch=15 step=481840 loss=0.1211 lr=2.903e-06 elapsed=11.4m
epoch=15 step=481850 loss=0.2004 lr=2.902e-06 elapsed=11.5m
epoch=15 step=481860 loss=0.1076 lr=2.901e-06 elapsed=11.5m
epoch=15 step=481870 loss=0.2186 lr=2.901e-06 elapsed=11.5m
epoch=15 step=481880 loss=0.1901 lr=2.900e-06 elapsed=11.6m
epoch=15 step=481890 loss=0.0464 lr=2.899e-06 elapsed=11.6m
epoch=15 step=481900 loss=0.0998 lr=2.899e-06 elapsed=11.6m
epoch=15 step=481910 loss=0.2418 lr=2.898e-06 elapsed=11.7m
epoch=15 step=481920 loss=0.0518 lr=2.898e-06 elapsed=11.7m
epoch=15 step=481930 loss=0.3318 lr=2.897e-06 elapsed=11.7m
epoch=15 step=481940 loss=0.1093 lr=2.896e-06 elapsed=11.8m
epoch=15 step=481950 loss=0.1687 lr=2.896e-06 elapsed=11.8m
epoch=15 step=481960 loss=0.0475 lr=2.895e-06 elapsed=11.9m
epoch=15 step=481970 loss=0.1472 lr=2.894e-06 elapsed=11.9m
epoch=15 step=481980 loss=0.1062 lr=2.894e-06 elapsed=11.9m
epoch=15 step=481990 loss=0.0567 lr=2.893e-06 elapsed=12.0m
epoch=15 step=482000 loss=0.0688 lr=2.893e-06 elapsed=12.0m
epoch=15 step=482010 loss=0.1361 lr=2.892e-06 elapsed=12.0m
epoch=15 step=482020 loss=0.1144 lr=2.891e-06 elapsed=12.1m
epoch=15 step=482030 loss=0.1945 lr=2.891e-06 elapsed=12.1m
epoch=15 step=482040 loss=0.0666 lr=2.890e-06 elapsed=12.1m
epoch=15 step=482050 loss=0.1446 lr=2.889e-06 elapsed=12.2m
epoch=15 step=482060 loss=0.0593 lr=2.889e-06 elapsed=12.2m
epoch=15 step=482070 loss=0.0333 lr=2.888e-06 elapsed=12.2m
epoch=15 step=482080 loss=0.1329 lr=2.887e-06 elapsed=12.3m
epoch=15 step=482090 loss=0.1108 lr=2.887e-06 elapsed=12.3m
epoch=15 step=482100 loss=0.4785 lr=2.886e-06 elapsed=12.4m
epoch=15 step=482110 loss=0.1056 lr=2.885e-06 elapsed=12.4m
epoch=15 step=482120 loss=0.0750 lr=2.885e-06 elapsed=12.4m
epoch=15 step=482130 loss=0.1171 lr=2.884e-06 elapsed=12.5m
epoch=15 step=482140 loss=0.2200 lr=2.883e-06 elapsed=12.5m
epoch=15 step=482150 loss=0.2949 lr=2.883e-06 elapsed=12.5m
epoch=15 step=482160 loss=0.0252 lr=2.882e-06 elapsed=12.6m
epoch=15 step=482170 loss=0.0004 lr=2.881e-06 elapsed=12.6m
epoch=15 step=482180 loss=0.3463 lr=2.881e-06 elapsed=12.6m
epoch=15 step=482190 loss=0.1008 lr=2.880e-06 elapsed=12.7m
epoch=15 step=482200 loss=0.0253 lr=2.879e-06 elapsed=12.7m
epoch=15 step=482210 loss=0.1484 lr=2.879e-06 elapsed=12.7m
epoch=15 step=482220 loss=0.0486 lr=2.878e-06 elapsed=12.8m
epoch=15 step=482230 loss=0.2128 lr=2.877e-06 elapsed=12.8m
epoch=15 step=482240 loss=0.1154 lr=2.877e-06 elapsed=12.9m
epoch=15 step=482250 loss=0.2049 lr=2.876e-06 elapsed=12.9m
epoch=15 step=482260 loss=0.2316 lr=2.875e-06 elapsed=12.9m
epoch=15 step=482270 loss=0.2008 lr=2.874e-06 elapsed=13.0m
epoch=15 step=482280 loss=0.0983 lr=2.874e-06 elapsed=13.0m
epoch=15 step=482290 loss=0.2318 lr=2.873e-06 elapsed=13.0m
epoch=15 step=482300 loss=0.3137 lr=2.872e-06 elapsed=13.1m
epoch=15 step=482310 loss=0.0007 lr=2.872e-06 elapsed=13.1m
epoch=15 step=482320 loss=0.0566 lr=2.871e-06 elapsed=13.1m
epoch=15 step=482330 loss=0.1575 lr=2.870e-06 elapsed=13.2m
epoch=15 step=482340 loss=0.1509 lr=2.870e-06 elapsed=13.2m
epoch=15 step=482350 loss=0.0963 lr=2.869e-06 elapsed=13.3m
epoch=15 step=482360 loss=0.2008 lr=2.868e-06 elapsed=13.3m
epoch=15 step=482370 loss=0.0369 lr=2.867e-06 elapsed=13.3m
epoch=15 step=482380 loss=0.2010 lr=2.867e-06 elapsed=13.4m
epoch=15 step=482390 loss=0.3931 lr=2.866e-06 elapsed=13.4m
epoch=15 step=482400 loss=0.0706 lr=2.865e-06 elapsed=13.4m
epoch=15 step=482410 loss=0.6786 lr=2.865e-06 elapsed=13.5m
epoch=15 step=482420 loss=0.3943 lr=2.864e-06 elapsed=13.5m
epoch=15 step=482430 loss=0.2041 lr=2.863e-06 elapsed=13.5m
epoch=15 step=482440 loss=0.1159 lr=2.862e-06 elapsed=13.6m
epoch=15 step=482450 loss=0.1138 lr=2.862e-06 elapsed=13.6m
epoch=15 step=482460 loss=0.3161 lr=2.861e-06 elapsed=13.6m
epoch=15 step=482470 loss=0.0207 lr=2.860e-06 elapsed=13.7m
epoch=15 step=482480 loss=0.1292 lr=2.860e-06 elapsed=13.7m
epoch=15 step=482490 loss=0.0010 lr=2.859e-06 elapsed=13.8m
epoch=15 step=482500 loss=0.2030 lr=2.858e-06 elapsed=13.8m
epoch=15 step=482510 loss=0.0917 lr=2.857e-06 elapsed=13.8m
epoch=15 step=482520 loss=0.3187 lr=2.857e-06 elapsed=13.9m
epoch=15 step=482530 loss=0.0902 lr=2.856e-06 elapsed=13.9m
epoch=15 step=482540 loss=0.0252 lr=2.855e-06 elapsed=13.9m
epoch=15 step=482550 loss=0.1288 lr=2.854e-06 elapsed=14.0m
epoch=15 step=482560 loss=0.1770 lr=2.854e-06 elapsed=14.0m
epoch=15 step=482570 loss=0.1227 lr=2.853e-06 elapsed=14.0m
epoch=15 step=482580 loss=0.0194 lr=2.852e-06 elapsed=14.1m
epoch=15 step=482590 loss=0.0562 lr=2.851e-06 elapsed=14.1m
epoch=15 step=482600 loss=0.0929 lr=2.851e-06 elapsed=14.1m
epoch=15 step=482610 loss=0.2307 lr=2.850e-06 elapsed=14.2m
epoch=15 step=482620 loss=0.1143 lr=2.849e-06 elapsed=14.2m
epoch=15 step=482630 loss=0.1050 lr=2.848e-06 elapsed=14.3m
epoch=15 step=482640 loss=0.0793 lr=2.848e-06 elapsed=14.3m
epoch=15 step=482650 loss=0.0656 lr=2.847e-06 elapsed=14.3m
epoch=15 step=482660 loss=0.1053 lr=2.846e-06 elapsed=14.4m
epoch=15 step=482670 loss=0.1644 lr=2.845e-06 elapsed=14.4m
epoch=15 step=482680 loss=0.0146 lr=2.845e-06 elapsed=14.4m
epoch=15 step=482690 loss=0.1889 lr=2.844e-06 elapsed=14.5m
epoch=15 step=482700 loss=0.0298 lr=2.843e-06 elapsed=14.5m
epoch=15 step=482710 loss=1.0172 lr=2.842e-06 elapsed=14.5m
epoch=15 step=482720 loss=0.0471 lr=2.841e-06 elapsed=14.6m
epoch=15 step=482730 loss=0.2577 lr=2.841e-06 elapsed=14.6m
epoch=15 step=482740 loss=0.0332 lr=2.840e-06 elapsed=14.7m
epoch=15 step=482750 loss=0.3938 lr=2.839e-06 elapsed=14.7m
epoch=15 step=482760 loss=0.2459 lr=2.838e-06 elapsed=14.7m
epoch=15 step=482770 loss=0.0526 lr=2.838e-06 elapsed=14.8m
epoch=15 step=482780 loss=0.1177 lr=2.837e-06 elapsed=14.8m
epoch=15 step=482790 loss=0.1895 lr=2.836e-06 elapsed=14.8m
epoch=15 step=482800 loss=0.1466 lr=2.835e-06 elapsed=14.9m
epoch=15 step=482810 loss=0.0716 lr=2.834e-06 elapsed=14.9m
epoch=15 step=482820 loss=0.1014 lr=2.834e-06 elapsed=14.9m
epoch=15 step=482830 loss=0.2380 lr=2.833e-06 elapsed=15.0m
epoch=15 step=482840 loss=0.2014 lr=2.832e-06 elapsed=15.0m
epoch=15 step=482850 loss=0.0148 lr=2.831e-06 elapsed=15.1m
epoch=15 step=482860 loss=0.2475 lr=2.830e-06 elapsed=15.1m
epoch=15 step=482870 loss=0.1475 lr=2.830e-06 elapsed=15.1m
epoch=15 step=482880 loss=0.1047 lr=2.829e-06 elapsed=15.2m
epoch=15 step=482890 loss=0.0972 lr=2.828e-06 elapsed=15.2m
epoch=15 step=482900 loss=0.3704 lr=2.827e-06 elapsed=15.2m
epoch=15 step=482910 loss=0.0004 lr=2.826e-06 elapsed=15.3m
epoch=15 step=482920 loss=0.1305 lr=2.826e-06 elapsed=15.3m
epoch=15 step=482930 loss=0.0723 lr=2.825e-06 elapsed=15.3m
epoch=15 step=482940 loss=0.3507 lr=2.824e-06 elapsed=15.4m
epoch=15 step=482950 loss=0.1486 lr=2.823e-06 elapsed=15.4m
epoch=15 step=482960 loss=0.0800 lr=2.822e-06 elapsed=15.4m
epoch=15 step=482970 loss=0.1709 lr=2.822e-06 elapsed=15.5m
epoch=15 step=482980 loss=0.2445 lr=2.821e-06 elapsed=15.5m
epoch=15 step=482990 loss=0.1171 lr=2.820e-06 elapsed=15.6m
epoch=15 step=483000 loss=0.0766 lr=2.819e-06 elapsed=15.6m
epoch=15 step=483010 loss=0.4312 lr=2.818e-06 elapsed=15.6m
epoch=15 step=483020 loss=0.0707 lr=2.817e-06 elapsed=15.7m
epoch=15 step=483030 loss=0.0923 lr=2.817e-06 elapsed=15.7m
epoch=15 step=483040 loss=0.1390 lr=2.816e-06 elapsed=15.7m
epoch=15 step=483050 loss=0.0658 lr=2.815e-06 elapsed=15.8m
epoch=15 step=483060 loss=0.3070 lr=2.814e-06 elapsed=15.8m
epoch=15 step=483070 loss=0.0506 lr=2.813e-06 elapsed=15.8m
epoch=15 step=483080 loss=0.1393 lr=2.812e-06 elapsed=15.9m
epoch=15 step=483090 loss=0.1538 lr=2.812e-06 elapsed=15.9m
epoch=15 step=483100 loss=0.0820 lr=2.811e-06 elapsed=16.0m
epoch=15 step=483110 loss=0.3527 lr=2.810e-06 elapsed=16.0m
epoch=15 step=483120 loss=0.0781 lr=2.809e-06 elapsed=16.0m
epoch=15 step=483130 loss=0.1319 lr=2.808e-06 elapsed=16.1m
epoch=15 step=483140 loss=0.2988 lr=2.807e-06 elapsed=16.1m
epoch=15 step=483150 loss=0.0376 lr=2.806e-06 elapsed=16.1m
epoch=15 step=483160 loss=0.2238 lr=2.806e-06 elapsed=16.2m
epoch=15 step=483170 loss=0.0001 lr=2.805e-06 elapsed=16.2m
epoch=15 step=483180 loss=0.1262 lr=2.804e-06 elapsed=16.2m
epoch=15 step=483190 loss=0.0821 lr=2.803e-06 elapsed=16.3m
epoch=15 step=483200 loss=0.1597 lr=2.802e-06 elapsed=16.3m
epoch=15 step=483210 loss=0.0903 lr=2.801e-06 elapsed=16.3m
epoch=15 step=483220 loss=0.1209 lr=2.800e-06 elapsed=16.4m
epoch=15 step=483230 loss=0.0738 lr=2.800e-06 elapsed=16.4m
epoch=15 step=483240 loss=0.0586 lr=2.799e-06 elapsed=16.5m
epoch=15 step=483250 loss=0.0918 lr=2.798e-06 elapsed=16.5m
epoch=15 step=483260 loss=0.0367 lr=2.797e-06 elapsed=16.5m
epoch=15 step=483270 loss=0.0434 lr=2.796e-06 elapsed=16.6m
epoch=15 step=483280 loss=0.2187 lr=2.795e-06 elapsed=16.6m
epoch=15 step=483290 loss=0.1228 lr=2.794e-06 elapsed=16.6m
epoch=15 step=483300 loss=0.0394 lr=2.794e-06 elapsed=16.7m
epoch=15 step=483310 loss=0.0630 lr=2.793e-06 elapsed=16.7m
epoch=15 step=483320 loss=0.2021 lr=2.792e-06 elapsed=16.7m
epoch=15 step=483330 loss=0.0024 lr=2.791e-06 elapsed=16.8m
epoch=15 step=483340 loss=0.1262 lr=2.790e-06 elapsed=16.8m
epoch=15 step=483350 loss=0.3577 lr=2.789e-06 elapsed=16.8m
epoch=15 step=483360 loss=0.0633 lr=2.788e-06 elapsed=16.9m
epoch=15 step=483370 loss=0.0039 lr=2.787e-06 elapsed=16.9m
epoch=15 step=483380 loss=0.0818 lr=2.786e-06 elapsed=17.0m
epoch=15 step=483390 loss=0.0042 lr=2.786e-06 elapsed=17.0m
epoch=15 step=483400 loss=0.1910 lr=2.785e-06 elapsed=17.0m
epoch=15 step=483410 loss=0.0449 lr=2.784e-06 elapsed=17.1m
epoch=15 step=483420 loss=0.2009 lr=2.783e-06 elapsed=17.1m
epoch=15 step=483430 loss=0.0856 lr=2.782e-06 elapsed=17.1m
epoch=15 step=483440 loss=0.5925 lr=2.781e-06 elapsed=17.2m
epoch=15 step=483450 loss=0.0985 lr=2.780e-06 elapsed=17.2m
epoch=15 step=483460 loss=0.1631 lr=2.779e-06 elapsed=17.2m
epoch=15 step=483470 loss=0.1803 lr=2.778e-06 elapsed=17.3m
epoch=15 step=483480 loss=0.3036 lr=2.777e-06 elapsed=17.3m
epoch=15 step=483490 loss=0.1060 lr=2.777e-06 elapsed=17.4m
epoch=15 step=483500 loss=0.6557 lr=2.776e-06 elapsed=17.4m
epoch=15 step=483510 loss=0.0205 lr=2.775e-06 elapsed=17.4m
epoch=15 step=483520 loss=0.2382 lr=2.774e-06 elapsed=17.5m
epoch=15 step=483530 loss=0.0764 lr=2.773e-06 elapsed=17.5m
epoch=15 step=483540 loss=0.1174 lr=2.772e-06 elapsed=17.5m
epoch=15 step=483550 loss=0.0821 lr=2.771e-06 elapsed=17.6m
epoch=15 step=483560 loss=0.0236 lr=2.770e-06 elapsed=17.6m
epoch=15 step=483570 loss=0.1433 lr=2.769e-06 elapsed=17.6m
epoch=15 step=483580 loss=0.2972 lr=2.768e-06 elapsed=17.7m
epoch=15 step=483590 loss=0.1388 lr=2.767e-06 elapsed=17.7m
epoch=15 step=483600 loss=0.3699 lr=2.766e-06 elapsed=17.7m
epoch=15 step=483610 loss=0.0246 lr=2.766e-06 elapsed=17.8m
epoch=15 step=483620 loss=0.0441 lr=2.765e-06 elapsed=17.8m
epoch=15 step=483630 loss=0.1209 lr=2.764e-06 elapsed=17.9m
epoch=15 step=483640 loss=0.2086 lr=2.763e-06 elapsed=17.9m
epoch=15 step=483650 loss=0.2431 lr=2.762e-06 elapsed=17.9m
epoch=15 step=483660 loss=0.4320 lr=2.761e-06 elapsed=18.0m
epoch=15 step=483670 loss=0.1021 lr=2.760e-06 elapsed=18.0m
epoch=15 step=483680 loss=0.0212 lr=2.759e-06 elapsed=18.0m
epoch=15 step=483690 loss=0.3802 lr=2.758e-06 elapsed=18.1m
epoch=15 step=483700 loss=0.0808 lr=2.757e-06 elapsed=18.1m
epoch=15 step=483710 loss=0.1922 lr=2.756e-06 elapsed=18.1m
epoch=15 step=483720 loss=0.0204 lr=2.755e-06 elapsed=18.2m
epoch=15 step=483730 loss=0.0368 lr=2.754e-06 elapsed=18.2m
epoch=15 step=483740 loss=0.1583 lr=2.753e-06 elapsed=18.2m
epoch=15 step=483750 loss=0.0592 lr=2.752e-06 elapsed=18.3m
epoch=15 step=483760 loss=0.2384 lr=2.751e-06 elapsed=18.3m
epoch=15 step=483770 loss=0.2115 lr=2.750e-06 elapsed=18.4m
epoch=15 step=483780 loss=0.0266 lr=2.750e-06 elapsed=18.4m
epoch=15 step=483790 loss=0.0641 lr=2.749e-06 elapsed=18.4m
epoch=15 step=483800 loss=0.2438 lr=2.748e-06 elapsed=18.5m
epoch=15 step=483810 loss=0.0466 lr=2.747e-06 elapsed=18.5m
epoch=15 step=483820 loss=0.1745 lr=2.746e-06 elapsed=18.5m
epoch=15 step=483830 loss=0.3671 lr=2.745e-06 elapsed=18.6m
epoch=15 step=483840 loss=0.2712 lr=2.744e-06 elapsed=18.6m
epoch=15 step=483850 loss=0.0973 lr=2.743e-06 elapsed=18.6m
epoch=15 step=483860 loss=0.0597 lr=2.742e-06 elapsed=18.7m
epoch=15 step=483870 loss=0.1475 lr=2.741e-06 elapsed=18.7m
epoch=15 step=483880 loss=0.3414 lr=2.740e-06 elapsed=18.8m
epoch=15 step=483890 loss=0.2158 lr=2.739e-06 elapsed=18.8m
epoch=15 step=483900 loss=0.0941 lr=2.738e-06 elapsed=18.8m
epoch=15 step=483910 loss=0.0998 lr=2.737e-06 elapsed=18.9m
epoch=15 step=483920 loss=0.1379 lr=2.736e-06 elapsed=18.9m
epoch=15 step=483930 loss=0.3298 lr=2.735e-06 elapsed=18.9m
epoch=15 step=483940 loss=0.0262 lr=2.734e-06 elapsed=19.0m
epoch=15 step=483950 loss=0.0535 lr=2.733e-06 elapsed=19.0m
epoch=15 step=483960 loss=0.1729 lr=2.732e-06 elapsed=19.0m
epoch=15 step=483970 loss=0.2130 lr=2.731e-06 elapsed=19.1m
epoch=15 step=483980 loss=0.0481 lr=2.730e-06 elapsed=19.1m
epoch=15 step=483990 loss=0.4997 lr=2.729e-06 elapsed=19.1m
epoch=15 step=484000 loss=0.2740 lr=2.728e-06 elapsed=19.2m
epoch=15 step=484010 loss=0.2000 lr=2.727e-06 elapsed=19.2m
epoch=15 step=484020 loss=0.2557 lr=2.726e-06 elapsed=19.3m
epoch=15 step=484030 loss=0.0149 lr=2.725e-06 elapsed=19.3m
epoch=15 step=484040 loss=0.3229 lr=2.724e-06 elapsed=19.3m
epoch=15 step=484050 loss=0.1826 lr=2.723e-06 elapsed=19.4m
epoch=15 step=484060 loss=0.0566 lr=2.722e-06 elapsed=19.4m
epoch=15 step=484070 loss=0.2070 lr=2.721e-06 elapsed=19.4m
epoch=15 step=484080 loss=0.1451 lr=2.720e-06 elapsed=19.5m
epoch=15 step=484090 loss=0.1632 lr=2.719e-06 elapsed=19.5m
epoch=15 step=484100 loss=0.1496 lr=2.718e-06 elapsed=19.5m
epoch=15 step=484110 loss=0.0293 lr=2.717e-06 elapsed=19.6m
epoch=15 step=484120 loss=0.0671 lr=2.716e-06 elapsed=19.6m
epoch=15 step=484130 loss=0.0437 lr=2.715e-06 elapsed=19.6m
epoch=15 step=484140 loss=0.2347 lr=2.714e-06 elapsed=19.7m
epoch=15 step=484150 loss=0.0131 lr=2.713e-06 elapsed=19.7m
epoch=15 step=484160 loss=0.1905 lr=2.712e-06 elapsed=19.8m
epoch=15 step=484170 loss=0.0392 lr=2.711e-06 elapsed=19.8m
epoch=15 step=484180 loss=0.3838 lr=2.710e-06 elapsed=19.8m
epoch=15 step=484190 loss=0.0366 lr=2.709e-06 elapsed=19.9m
epoch=15 step=484200 loss=0.0696 lr=2.708e-06 elapsed=19.9m
epoch=15 step=484210 loss=0.0709 lr=2.707e-06 elapsed=19.9m
epoch=15 step=484220 loss=0.8001 lr=2.706e-06 elapsed=20.0m
Saved checkpoint: outputs/blt_gec/union/last.ckpt
epoch=15 step=484230 loss=0.2887 lr=2.705e-06 elapsed=20.7m
epoch=15 step=484240 loss=0.2391 lr=2.704e-06 elapsed=20.7m
epoch=15 step=484250 loss=0.1684 lr=2.703e-06 elapsed=20.7m
epoch=15 step=484260 loss=0.1245 lr=2.702e-06 elapsed=20.8m
epoch=15 step=484270 loss=0.1816 lr=2.701e-06 elapsed=20.8m
epoch=15 step=484280 loss=0.0798 lr=2.700e-06 elapsed=20.9m
epoch=15 step=484290 loss=0.0099 lr=2.699e-06 elapsed=20.9m
epoch=15 step=484300 loss=0.0234 lr=2.697e-06 elapsed=20.9m
epoch=15 step=484310 loss=0.2578 lr=2.696e-06 elapsed=21.0m
epoch=15 step=484320 loss=0.1157 lr=2.695e-06 elapsed=21.0m
epoch=15 step=484330 loss=0.0192 lr=2.694e-06 elapsed=21.0m
epoch=15 step=484340 loss=0.3063 lr=2.693e-06 elapsed=21.1m
epoch=15 step=484350 loss=0.0256 lr=2.692e-06 elapsed=21.1m
epoch=15 step=484360 loss=0.1778 lr=2.691e-06 elapsed=21.1m
epoch=15 step=484370 loss=0.2021 lr=2.690e-06 elapsed=21.2m
epoch=15 step=484380 loss=0.1294 lr=2.689e-06 elapsed=21.2m
epoch=15 step=484390 loss=0.2002 lr=2.688e-06 elapsed=21.2m
epoch=15 step=484400 loss=0.0814 lr=2.687e-06 elapsed=21.3m
epoch=15 step=484410 loss=0.0866 lr=2.686e-06 elapsed=21.3m
epoch=15 step=484420 loss=0.0893 lr=2.685e-06 elapsed=21.4m
epoch=15 step=484430 loss=0.2711 lr=2.684e-06 elapsed=21.4m
epoch=15 step=484440 loss=0.0233 lr=2.683e-06 elapsed=21.4m
epoch=15 step=484450 loss=0.4431 lr=2.682e-06 elapsed=21.5m
epoch=15 step=484460 loss=0.0390 lr=2.681e-06 elapsed=21.5m
epoch=15 step=484470 loss=0.0746 lr=2.680e-06 elapsed=21.5m
epoch=15 step=484480 loss=0.0412 lr=2.678e-06 elapsed=21.6m
epoch=15 step=484490 loss=0.0338 lr=2.677e-06 elapsed=21.6m
epoch=15 step=484500 loss=0.0225 lr=2.676e-06 elapsed=21.6m
epoch=15 step=484510 loss=0.2793 lr=2.675e-06 elapsed=21.7m
epoch=15 step=484520 loss=0.2337 lr=2.674e-06 elapsed=21.7m
epoch=15 step=484530 loss=0.0799 lr=2.673e-06 elapsed=21.8m
epoch=15 step=484540 loss=0.1814 lr=2.672e-06 elapsed=21.8m
epoch=15 step=484550 loss=0.0601 lr=2.671e-06 elapsed=21.8m
epoch=15 step=484560 loss=0.4276 lr=2.670e-06 elapsed=21.9m
epoch=15 step=484570 loss=0.2745 lr=2.669e-06 elapsed=21.9m
epoch=15 step=484580 loss=0.3097 lr=2.668e-06 elapsed=21.9m
epoch=15 step=484590 loss=0.0292 lr=2.667e-06 elapsed=22.0m
epoch=15 step=484600 loss=0.0763 lr=2.665e-06 elapsed=22.0m
epoch=15 step=484610 loss=0.0760 lr=2.664e-06 elapsed=22.0m
epoch=15 step=484620 loss=0.1405 lr=2.663e-06 elapsed=22.1m
epoch=15 step=484630 loss=0.1178 lr=2.662e-06 elapsed=22.1m
epoch=15 step=484640 loss=0.0329 lr=2.661e-06 elapsed=22.1m
epoch=15 step=484650 loss=0.0543 lr=2.660e-06 elapsed=22.2m
epoch=15 step=484660 loss=0.0265 lr=2.659e-06 elapsed=22.2m
epoch=15 step=484670 loss=0.1329 lr=2.658e-06 elapsed=22.3m
epoch=15 step=484680 loss=0.1289 lr=2.657e-06 elapsed=22.3m
epoch=15 step=484690 loss=0.0846 lr=2.656e-06 elapsed=22.3m
epoch=15 step=484700 loss=0.2516 lr=2.655e-06 elapsed=22.4m
epoch=15 step=484710 loss=0.1513 lr=2.653e-06 elapsed=22.4m
epoch=15 step=484720 loss=0.1777 lr=2.652e-06 elapsed=22.4m
epoch=15 step=484730 loss=0.2348 lr=2.651e-06 elapsed=22.5m
epoch=15 step=484740 loss=0.2259 lr=2.650e-06 elapsed=22.5m
epoch=15 step=484750 loss=0.1145 lr=2.649e-06 elapsed=22.5m
epoch=15 step=484760 loss=0.1360 lr=2.648e-06 elapsed=22.6m
epoch=15 step=484770 loss=0.1065 lr=2.647e-06 elapsed=22.6m
epoch=15 step=484780 loss=0.0323 lr=2.646e-06 elapsed=22.6m
epoch=15 step=484790 loss=0.1088 lr=2.645e-06 elapsed=22.7m
epoch=15 step=484800 loss=0.3664 lr=2.643e-06 elapsed=22.7m
epoch=15 step=484810 loss=0.0212 lr=2.642e-06 elapsed=22.8m
epoch=15 step=484820 loss=0.3869 lr=2.641e-06 elapsed=22.8m
epoch=15 step=484830 loss=0.0306 lr=2.640e-06 elapsed=22.8m
epoch=15 step=484840 loss=0.0683 lr=2.639e-06 elapsed=22.9m
epoch=15 step=484850 loss=1.1262 lr=2.638e-06 elapsed=22.9m
epoch=15 step=484860 loss=0.0236 lr=2.637e-06 elapsed=22.9m
epoch=15 step=484870 loss=0.1480 lr=2.636e-06 elapsed=23.0m
epoch=15 step=484880 loss=0.2502 lr=2.634e-06 elapsed=23.0m
epoch=15 step=484890 loss=0.1024 lr=2.633e-06 elapsed=23.0m
epoch=15 step=484900 loss=0.1849 lr=2.632e-06 elapsed=23.1m
epoch=15 step=484910 loss=0.3953 lr=2.631e-06 elapsed=23.1m
epoch=15 step=484920 loss=0.1311 lr=2.630e-06 elapsed=23.2m
epoch=15 step=484930 loss=0.0778 lr=2.629e-06 elapsed=23.2m
epoch=15 step=484940 loss=0.3313 lr=2.628e-06 elapsed=23.2m
epoch=15 step=484950 loss=0.0652 lr=2.626e-06 elapsed=23.3m
epoch=15 step=484960 loss=0.1748 lr=2.625e-06 elapsed=23.3m
epoch=15 step=484970 loss=0.0635 lr=2.624e-06 elapsed=23.3m
epoch=15 step=484980 loss=0.0858 lr=2.623e-06 elapsed=23.4m
epoch=15 step=484990 loss=0.2890 lr=2.622e-06 elapsed=23.4m
epoch=15 step=485000 loss=0.1502 lr=2.621e-06 elapsed=23.4m
epoch=15 step=485010 loss=0.0712 lr=2.620e-06 elapsed=23.5m
epoch=15 step=485020 loss=0.0998 lr=2.618e-06 elapsed=23.5m
epoch=15 step=485030 loss=0.1103 lr=2.617e-06 elapsed=23.5m
epoch=15 step=485040 loss=0.0256 lr=2.616e-06 elapsed=23.6m
epoch=15 step=485050 loss=0.0336 lr=2.615e-06 elapsed=23.6m
epoch=15 step=485060 loss=0.0660 lr=2.614e-06 elapsed=23.7m
epoch=15 step=485070 loss=0.0347 lr=2.613e-06 elapsed=23.7m
epoch=15 step=485080 loss=0.1403 lr=2.611e-06 elapsed=23.7m
epoch=15 step=485090 loss=0.0041 lr=2.610e-06 elapsed=23.8m
epoch=15 step=485100 loss=0.0026 lr=2.609e-06 elapsed=23.8m
epoch=15 step=485110 loss=0.3027 lr=2.608e-06 elapsed=23.8m
epoch=15 step=485120 loss=0.2334 lr=2.607e-06 elapsed=23.9m
epoch=15 step=485130 loss=0.1921 lr=2.606e-06 elapsed=23.9m
epoch=15 step=485140 loss=0.1297 lr=2.604e-06 elapsed=24.0m
epoch=15 step=485150 loss=0.0081 lr=2.603e-06 elapsed=24.0m
epoch=15 step=485160 loss=0.0737 lr=2.602e-06 elapsed=24.0m
epoch=15 step=485170 loss=0.4017 lr=2.601e-06 elapsed=24.1m
epoch=15 step=485180 loss=0.3267 lr=2.600e-06 elapsed=24.1m
epoch=15 step=485190 loss=0.0973 lr=2.599e-06 elapsed=24.1m
epoch=15 step=485200 loss=0.1843 lr=2.597e-06 elapsed=24.2m
epoch=15 step=485210 loss=0.0601 lr=2.596e-06 elapsed=24.2m
epoch=15 step=485220 loss=0.0036 lr=2.595e-06 elapsed=24.2m
epoch=15 step=485230 loss=0.7647 lr=2.594e-06 elapsed=24.3m
epoch=15 step=485240 loss=0.0461 lr=2.593e-06 elapsed=24.3m
epoch=15 step=485250 loss=0.0450 lr=2.591e-06 elapsed=24.3m
epoch=15 step=485260 loss=0.0501 lr=2.590e-06 elapsed=24.4m
epoch=15 step=485270 loss=0.0448 lr=2.589e-06 elapsed=24.4m
epoch=15 step=485280 loss=0.1154 lr=2.588e-06 elapsed=24.5m
epoch=15 step=485290 loss=0.1438 lr=2.587e-06 elapsed=24.5m
epoch=15 step=485300 loss=0.1497 lr=2.585e-06 elapsed=24.5m
epoch=15 step=485310 loss=0.1571 lr=2.584e-06 elapsed=24.6m
epoch=15 step=485320 loss=0.1750 lr=2.583e-06 elapsed=24.6m
epoch=15 step=485330 loss=0.1641 lr=2.582e-06 elapsed=24.6m
epoch=15 step=485340 loss=0.1581 lr=2.581e-06 elapsed=24.7m
epoch=15 step=485350 loss=0.0174 lr=2.579e-06 elapsed=24.7m
epoch=15 step=485360 loss=0.1404 lr=2.578e-06 elapsed=24.7m
epoch=15 step=485370 loss=0.1262 lr=2.577e-06 elapsed=24.8m
epoch=15 step=485380 loss=0.2071 lr=2.576e-06 elapsed=24.8m
epoch=15 step=485390 loss=0.1252 lr=2.575e-06 elapsed=24.8m
epoch=15 step=485400 loss=0.0524 lr=2.573e-06 elapsed=24.9m
epoch=15 step=485410 loss=0.0519 lr=2.572e-06 elapsed=24.9m
epoch=15 step=485420 loss=0.0198 lr=2.571e-06 elapsed=25.0m
epoch=15 step=485430 loss=0.1089 lr=2.570e-06 elapsed=25.0m
epoch=15 step=485440 loss=0.0619 lr=2.569e-06 elapsed=25.0m
epoch=15 step=485450 loss=0.4662 lr=2.567e-06 elapsed=25.1m
epoch=15 step=485460 loss=0.2427 lr=2.566e-06 elapsed=25.1m
epoch=15 step=485470 loss=0.0177 lr=2.565e-06 elapsed=25.1m
epoch=15 step=485480 loss=0.4469 lr=2.564e-06 elapsed=25.2m
epoch=15 step=485490 loss=0.0035 lr=2.563e-06 elapsed=25.2m
epoch=15 step=485500 loss=0.2771 lr=2.561e-06 elapsed=25.2m
epoch=15 step=485510 loss=0.1538 lr=2.560e-06 elapsed=25.3m
epoch=15 step=485520 loss=0.0891 lr=2.559e-06 elapsed=25.3m
epoch=15 step=485530 loss=0.0628 lr=2.558e-06 elapsed=25.4m
epoch=15 step=485540 loss=0.0111 lr=2.556e-06 elapsed=25.4m
epoch=15 step=485550 loss=0.1683 lr=2.555e-06 elapsed=25.4m
epoch=15 step=485560 loss=0.0933 lr=2.554e-06 elapsed=25.5m
epoch=15 step=485570 loss=0.0117 lr=2.553e-06 elapsed=25.5m
epoch=15 step=485580 loss=0.2867 lr=2.551e-06 elapsed=25.5m
epoch=15 step=485590 loss=0.0563 lr=2.550e-06 elapsed=25.6m
epoch=15 step=485600 loss=0.1247 lr=2.549e-06 elapsed=25.6m
epoch=15 step=485610 loss=0.0380 lr=2.548e-06 elapsed=25.6m
epoch=15 step=485620 loss=0.2404 lr=2.547e-06 elapsed=25.7m
epoch=15 step=485630 loss=0.1884 lr=2.545e-06 elapsed=25.7m
epoch=15 step=485640 loss=0.0921 lr=2.544e-06 elapsed=25.7m
epoch=15 step=485650 loss=0.2370 lr=2.543e-06 elapsed=25.8m
epoch=15 step=485660 loss=0.0581 lr=2.542e-06 elapsed=25.8m
epoch=15 step=485670 loss=0.0614 lr=2.540e-06 elapsed=25.9m
epoch=15 step=485680 loss=0.0743 lr=2.539e-06 elapsed=25.9m
epoch=15 step=485690 loss=0.0370 lr=2.538e-06 elapsed=25.9m
epoch=15 step=485700 loss=0.0088 lr=2.537e-06 elapsed=26.0m
epoch=15 step=485710 loss=0.1037 lr=2.535e-06 elapsed=26.0m
epoch=15 step=485720 loss=0.0989 lr=2.534e-06 elapsed=26.0m
epoch=15 step=485730 loss=0.3865 lr=2.533e-06 elapsed=26.1m
epoch=15 step=485740 loss=0.0620 lr=2.532e-06 elapsed=26.1m
epoch=15 step=485750 loss=0.1535 lr=2.530e-06 elapsed=26.1m
epoch=15 step=485760 loss=0.1130 lr=2.529e-06 elapsed=26.2m
epoch=15 step=485770 loss=0.1961 lr=2.528e-06 elapsed=26.2m
epoch=15 step=485780 loss=0.0802 lr=2.527e-06 elapsed=26.2m
epoch=15 step=485790 loss=0.0525 lr=2.525e-06 elapsed=26.3m
epoch=15 step=485800 loss=0.1219 lr=2.524e-06 elapsed=26.3m
epoch=15 step=485810 loss=0.0098 lr=2.523e-06 elapsed=26.4m
epoch=15 step=485820 loss=0.0363 lr=2.521e-06 elapsed=26.4m
epoch=15 step=485830 loss=0.0104 lr=2.520e-06 elapsed=26.4m
epoch=15 step=485840 loss=0.1256 lr=2.519e-06 elapsed=26.5m
epoch=15 step=485850 loss=0.1742 lr=2.518e-06 elapsed=26.5m
epoch=15 step=485860 loss=0.2409 lr=2.516e-06 elapsed=26.5m
epoch=15 step=485870 loss=0.0111 lr=2.515e-06 elapsed=26.6m
epoch=15 step=485880 loss=0.2647 lr=2.514e-06 elapsed=26.6m
epoch=15 step=485890 loss=0.2689 lr=2.513e-06 elapsed=26.6m
epoch=15 step=485900 loss=0.0463 lr=2.511e-06 elapsed=26.7m
epoch=15 step=485910 loss=0.3712 lr=2.510e-06 elapsed=26.7m
epoch=15 step=485920 loss=0.0860 lr=2.509e-06 elapsed=26.8m
epoch=15 step=485930 loss=0.1217 lr=2.507e-06 elapsed=26.8m
epoch=15 step=485940 loss=0.0847 lr=2.506e-06 elapsed=26.8m
epoch=15 step=485950 loss=0.2349 lr=2.505e-06 elapsed=26.9m
epoch=15 step=485960 loss=0.0477 lr=2.504e-06 elapsed=26.9m
epoch=15 step=485970 loss=0.1805 lr=2.502e-06 elapsed=26.9m
epoch=15 step=485980 loss=0.1052 lr=2.501e-06 elapsed=27.0m
epoch=15 step=485990 loss=0.1052 lr=2.500e-06 elapsed=27.0m
epoch=15 step=486000 loss=0.1596 lr=2.498e-06 elapsed=27.0m
epoch=15 step=486010 loss=0.1555 lr=2.497e-06 elapsed=27.1m
epoch=15 step=486020 loss=0.0594 lr=2.496e-06 elapsed=27.1m
epoch=15 step=486030 loss=0.0717 lr=2.495e-06 elapsed=27.1m
epoch=15 step=486040 loss=0.0997 lr=2.493e-06 elapsed=27.2m
epoch=15 step=486050 loss=0.0556 lr=2.492e-06 elapsed=27.2m
epoch=15 step=486060 loss=0.1042 lr=2.491e-06 elapsed=27.3m
epoch=15 step=486070 loss=0.1017 lr=2.489e-06 elapsed=27.3m
epoch=15 step=486080 loss=0.2125 lr=2.488e-06 elapsed=27.3m
epoch=15 step=486090 loss=0.3248 lr=2.487e-06 elapsed=27.4m
epoch=15 step=486100 loss=0.0639 lr=2.485e-06 elapsed=27.4m
epoch=15 step=486110 loss=0.1835 lr=2.484e-06 elapsed=27.4m
epoch=15 step=486120 loss=0.2078 lr=2.483e-06 elapsed=27.5m
epoch=15 step=486130 loss=0.0739 lr=2.481e-06 elapsed=27.5m
epoch=15 step=486140 loss=0.0696 lr=2.480e-06 elapsed=27.5m
epoch=15 step=486150 loss=0.0090 lr=2.479e-06 elapsed=27.6m
epoch=15 step=486160 loss=0.0969 lr=2.478e-06 elapsed=27.6m
epoch=15 step=486170 loss=0.4561 lr=2.476e-06 elapsed=27.6m
epoch=15 step=486180 loss=0.0387 lr=2.475e-06 elapsed=27.7m
epoch=15 step=486190 loss=0.1087 lr=2.474e-06 elapsed=27.7m
epoch=15 step=486200 loss=0.1155 lr=2.472e-06 elapsed=27.8m
epoch=15 step=486210 loss=0.3344 lr=2.471e-06 elapsed=27.8m
epoch=15 step=486220 loss=0.1843 lr=2.470e-06 elapsed=27.8m
epoch=15 step=486230 loss=0.0658 lr=2.468e-06 elapsed=27.9m
epoch=15 step=486240 loss=0.2138 lr=2.467e-06 elapsed=27.9m
epoch=15 step=486250 loss=0.4032 lr=2.466e-06 elapsed=27.9m
epoch=15 step=486260 loss=0.2988 lr=2.464e-06 elapsed=28.0m
epoch=15 step=486270 loss=0.0386 lr=2.463e-06 elapsed=28.0m
epoch=15 step=486280 loss=0.1966 lr=2.462e-06 elapsed=28.0m
epoch=15 step=486290 loss=0.1702 lr=2.460e-06 elapsed=28.1m
epoch=15 step=486300 loss=0.1064 lr=2.459e-06 elapsed=28.1m
epoch=15 step=486310 loss=0.2288 lr=2.458e-06 elapsed=28.2m
epoch=15 step=486320 loss=0.0314 lr=2.456e-06 elapsed=28.2m
epoch=15 step=486330 loss=0.2285 lr=2.455e-06 elapsed=28.2m
epoch=15 step=486340 loss=0.0649 lr=2.454e-06 elapsed=28.3m
epoch=15 step=486350 loss=0.2096 lr=2.452e-06 elapsed=28.3m
epoch=15 step=486360 loss=0.1916 lr=2.451e-06 elapsed=28.3m
epoch=15 step=486370 loss=0.3306 lr=2.450e-06 elapsed=28.4m
epoch=15 step=486380 loss=0.1037 lr=2.448e-06 elapsed=28.4m
epoch=15 step=486390 loss=0.2497 lr=2.447e-06 elapsed=28.5m
epoch=15 step=486400 loss=0.0610 lr=2.446e-06 elapsed=28.5m
epoch=15 step=486410 loss=0.1157 lr=2.444e-06 elapsed=28.5m
epoch=15 step=486420 loss=0.2351 lr=2.443e-06 elapsed=28.6m
epoch=15 step=486430 loss=0.0746 lr=2.442e-06 elapsed=28.6m
epoch=15 step=486440 loss=0.0842 lr=2.440e-06 elapsed=28.7m
epoch=15 step=486450 loss=0.2227 lr=2.439e-06 elapsed=28.7m
epoch=15 step=486460 loss=0.0346 lr=2.438e-06 elapsed=28.7m
epoch=15 step=486470 loss=0.2692 lr=2.436e-06 elapsed=28.8m
epoch=15 step=486480 loss=0.1308 lr=2.435e-06 elapsed=28.8m
epoch=15 step=486490 loss=0.2519 lr=2.434e-06 elapsed=28.8m
epoch=15 step=486500 loss=0.2365 lr=2.432e-06 elapsed=28.9m
epoch=15 step=486510 loss=0.1414 lr=2.431e-06 elapsed=28.9m
epoch=15 step=486520 loss=0.0503 lr=2.429e-06 elapsed=29.0m
epoch=15 step=486530 loss=0.5079 lr=2.428e-06 elapsed=29.0m
epoch=15 step=486540 loss=0.1437 lr=2.427e-06 elapsed=29.0m
epoch=15 step=486550 loss=0.0912 lr=2.425e-06 elapsed=29.1m
epoch=15 step=486560 loss=0.2780 lr=2.424e-06 elapsed=29.1m
epoch=15 step=486570 loss=0.0931 lr=2.423e-06 elapsed=29.2m
epoch=15 step=486580 loss=0.0761 lr=2.421e-06 elapsed=29.2m
epoch=15 step=486590 loss=0.2646 lr=2.420e-06 elapsed=29.2m
epoch=15 step=486600 loss=0.0498 lr=2.419e-06 elapsed=29.3m
epoch=15 step=486610 loss=0.0791 lr=2.417e-06 elapsed=29.3m
epoch=15 step=486620 loss=0.0337 lr=2.416e-06 elapsed=29.3m
epoch=15 step=486630 loss=0.1824 lr=2.414e-06 elapsed=29.4m
epoch=15 step=486640 loss=0.0878 lr=2.413e-06 elapsed=29.4m
epoch=15 step=486650 loss=0.0325 lr=2.412e-06 elapsed=29.5m
epoch=15 step=486660 loss=0.2269 lr=2.410e-06 elapsed=29.5m
epoch=15 step=486670 loss=0.2224 lr=2.409e-06 elapsed=29.5m
epoch=15 step=486680 loss=0.2670 lr=2.408e-06 elapsed=29.6m
epoch=15 step=486690 loss=0.0953 lr=2.406e-06 elapsed=29.6m
epoch=15 step=486700 loss=0.1750 lr=2.405e-06 elapsed=29.6m
epoch=15 step=486710 loss=0.3335 lr=2.403e-06 elapsed=29.7m
epoch=15 step=486720 loss=0.1586 lr=2.402e-06 elapsed=29.7m
epoch=15 step=486730 loss=0.1618 lr=2.401e-06 elapsed=29.8m
epoch=15 step=486740 loss=0.2032 lr=2.399e-06 elapsed=29.8m
epoch=15 step=486750 loss=0.0037 lr=2.398e-06 elapsed=29.8m
epoch=15 step=486760 loss=0.4088 lr=2.396e-06 elapsed=29.9m
epoch=15 step=486770 loss=0.2521 lr=2.395e-06 elapsed=29.9m
epoch=15 step=486780 loss=0.0139 lr=2.394e-06 elapsed=29.9m
epoch=15 step=486790 loss=0.0918 lr=2.392e-06 elapsed=30.0m
epoch=15 step=486800 loss=0.1770 lr=2.391e-06 elapsed=30.0m
epoch=15 step=486810 loss=0.1183 lr=2.390e-06 elapsed=30.1m
epoch=15 step=486820 loss=0.0236 lr=2.388e-06 elapsed=30.1m
epoch=15 step=486830 loss=0.0531 lr=2.387e-06 elapsed=30.1m
epoch=15 step=486840 loss=0.0880 lr=2.385e-06 elapsed=30.2m
epoch=15 step=486850 loss=0.0145 lr=2.384e-06 elapsed=30.2m
epoch=15 step=486860 loss=0.0792 lr=2.383e-06 elapsed=30.2m
epoch=15 step=486870 loss=0.1177 lr=2.381e-06 elapsed=30.3m
epoch=15 step=486880 loss=0.0845 lr=2.380e-06 elapsed=30.3m
epoch=15 step=486890 loss=0.1553 lr=2.378e-06 elapsed=30.4m
epoch=15 step=486900 loss=0.3170 lr=2.377e-06 elapsed=30.4m
epoch=15 step=486910 loss=0.0381 lr=2.376e-06 elapsed=30.4m
epoch=15 step=486920 loss=0.0947 lr=2.374e-06 elapsed=30.5m
epoch=15 step=486930 loss=0.0301 lr=2.373e-06 elapsed=30.5m
epoch=15 step=486940 loss=0.0579 lr=2.371e-06 elapsed=30.5m
epoch=15 step=486950 loss=0.1387 lr=2.370e-06 elapsed=30.6m
epoch=15 step=486960 loss=0.0557 lr=2.369e-06 elapsed=30.6m
epoch=15 step=486970 loss=0.1407 lr=2.367e-06 elapsed=30.7m
epoch=15 step=486980 loss=0.0689 lr=2.366e-06 elapsed=30.7m
epoch=15 step=486990 loss=0.3577 lr=2.364e-06 elapsed=30.7m
epoch=15 step=487000 loss=0.1038 lr=2.363e-06 elapsed=30.8m
epoch=15 step=487010 loss=0.0252 lr=2.361e-06 elapsed=30.8m
epoch=15 step=487020 loss=0.3271 lr=2.360e-06 elapsed=30.8m
epoch=15 step=487030 loss=0.2985 lr=2.359e-06 elapsed=30.9m
epoch=15 step=487040 loss=0.1891 lr=2.357e-06 elapsed=30.9m
epoch=15 step=487050 loss=0.2184 lr=2.356e-06 elapsed=30.9m
epoch=15 step=487060 loss=0.1356 lr=2.354e-06 elapsed=31.0m
epoch=15 step=487070 loss=0.0896 lr=2.353e-06 elapsed=31.0m
epoch=15 step=487080 loss=0.0020 lr=2.351e-06 elapsed=31.1m
epoch=15 step=487090 loss=0.1820 lr=2.350e-06 elapsed=31.1m
epoch=15 step=487100 loss=0.2167 lr=2.349e-06 elapsed=31.1m
epoch=15 step=487110 loss=0.2373 lr=2.347e-06 elapsed=31.2m
epoch=15 step=487120 loss=0.0258 lr=2.346e-06 elapsed=31.2m
epoch=15 step=487130 loss=0.0476 lr=2.344e-06 elapsed=31.2m
epoch=15 step=487140 loss=0.2533 lr=2.343e-06 elapsed=31.3m
epoch=15 step=487150 loss=0.0802 lr=2.341e-06 elapsed=31.3m
epoch=15 step=487160 loss=0.1383 lr=2.340e-06 elapsed=31.4m
epoch=15 step=487170 loss=0.0508 lr=2.339e-06 elapsed=31.4m
epoch=15 step=487180 loss=0.5305 lr=2.337e-06 elapsed=31.4m
epoch=15 step=487190 loss=0.4632 lr=2.336e-06 elapsed=31.5m
epoch=15 step=487200 loss=0.1181 lr=2.334e-06 elapsed=31.5m
epoch=15 step=487210 loss=0.0317 lr=2.333e-06 elapsed=31.5m
epoch=15 step=487220 loss=0.0737 lr=2.331e-06 elapsed=31.6m
epoch=15 step=487230 loss=0.0912 lr=2.330e-06 elapsed=31.6m
epoch=15 step=487240 loss=0.1921 lr=2.329e-06 elapsed=31.7m
epoch=15 step=487250 loss=0.1793 lr=2.327e-06 elapsed=31.7m
epoch=15 step=487260 loss=0.2263 lr=2.326e-06 elapsed=31.7m
epoch=15 step=487270 loss=0.0414 lr=2.324e-06 elapsed=31.8m
epoch=15 step=487280 loss=0.5071 lr=2.323e-06 elapsed=31.8m
epoch=15 step=487290 loss=0.0534 lr=2.321e-06 elapsed=31.8m
epoch=15 step=487300 loss=0.1168 lr=2.320e-06 elapsed=31.9m
epoch=15 step=487310 loss=0.0546 lr=2.318e-06 elapsed=31.9m
epoch=15 step=487320 loss=0.1559 lr=2.317e-06 elapsed=32.0m
epoch=15 step=487330 loss=0.4369 lr=2.316e-06 elapsed=32.0m
epoch=15 step=487340 loss=0.1001 lr=2.314e-06 elapsed=32.0m
epoch=15 step=487350 loss=0.0666 lr=2.313e-06 elapsed=32.1m
epoch=15 step=487360 loss=0.6922 lr=2.311e-06 elapsed=32.1m
epoch=15 step=487370 loss=0.0008 lr=2.310e-06 elapsed=32.2m
epoch=15 step=487380 loss=0.0272 lr=2.308e-06 elapsed=32.2m
epoch=15 step=487390 loss=0.1232 lr=2.307e-06 elapsed=32.2m
epoch=15 step=487400 loss=0.2161 lr=2.305e-06 elapsed=32.3m
epoch=15 step=487410 loss=0.1277 lr=2.304e-06 elapsed=32.3m
epoch=15 step=487420 loss=0.1462 lr=2.302e-06 elapsed=32.3m
epoch=15 step=487430 loss=0.0945 lr=2.301e-06 elapsed=32.4m
epoch=15 step=487440 loss=0.0325 lr=2.299e-06 elapsed=32.4m
epoch=15 step=487450 loss=0.1034 lr=2.298e-06 elapsed=32.4m
epoch=15 step=487460 loss=0.2250 lr=2.297e-06 elapsed=32.5m
epoch=15 step=487470 loss=0.1068 lr=2.295e-06 elapsed=32.5m
epoch=15 step=487480 loss=0.0903 lr=2.294e-06 elapsed=32.6m
epoch=15 step=487490 loss=0.0359 lr=2.292e-06 elapsed=32.6m
epoch=15 step=487500 loss=0.0679 lr=2.291e-06 elapsed=32.6m
epoch=15 step=487510 loss=0.2395 lr=2.289e-06 elapsed=32.7m
epoch=15 step=487520 loss=0.1148 lr=2.288e-06 elapsed=32.7m
epoch=15 step=487530 loss=0.2059 lr=2.286e-06 elapsed=32.7m
epoch=15 step=487540 loss=0.1104 lr=2.285e-06 elapsed=32.8m
epoch=15 step=487550 loss=0.0388 lr=2.283e-06 elapsed=32.8m
epoch=15 step=487560 loss=0.0279 lr=2.282e-06 elapsed=32.9m
epoch=15 step=487570 loss=0.1925 lr=2.280e-06 elapsed=32.9m
epoch=15 step=487580 loss=0.0409 lr=2.279e-06 elapsed=32.9m
epoch=15 step=487590 loss=0.1749 lr=2.277e-06 elapsed=33.0m
epoch=15 step=487600 loss=0.2490 lr=2.276e-06 elapsed=33.0m
epoch=15 step=487610 loss=0.1160 lr=2.274e-06 elapsed=33.0m
epoch=15 step=487620 loss=0.1255 lr=2.273e-06 elapsed=33.1m
epoch=15 step=487630 loss=0.0242 lr=2.271e-06 elapsed=33.1m
epoch=15 step=487640 loss=0.0079 lr=2.270e-06 elapsed=33.2m
epoch=15 step=487650 loss=0.3004 lr=2.268e-06 elapsed=33.2m
epoch=15 step=487660 loss=0.3119 lr=2.267e-06 elapsed=33.2m
epoch=15 step=487670 loss=0.2887 lr=2.265e-06 elapsed=33.3m
epoch=15 step=487680 loss=0.0857 lr=2.264e-06 elapsed=33.3m
epoch=15 step=487690 loss=0.0094 lr=2.263e-06 elapsed=33.3m
epoch=15 step=487700 loss=0.3769 lr=2.261e-06 elapsed=33.4m
epoch=15 step=487710 loss=0.0405 lr=2.260e-06 elapsed=33.4m
epoch=15 step=487720 loss=0.0323 lr=2.258e-06 elapsed=33.5m
epoch=15 step=487730 loss=0.0489 lr=2.257e-06 elapsed=33.5m
epoch=15 step=487740 loss=0.0453 lr=2.255e-06 elapsed=33.5m
epoch=15 step=487750 loss=0.2892 lr=2.254e-06 elapsed=33.6m
epoch=15 step=487760 loss=0.0873 lr=2.252e-06 elapsed=33.6m
epoch=15 step=487770 loss=0.0073 lr=2.251e-06 elapsed=33.7m
epoch=15 step=487780 loss=0.1327 lr=2.249e-06 elapsed=33.7m
epoch=15 step=487790 loss=0.1196 lr=2.248e-06 elapsed=33.7m
epoch=15 step=487800 loss=0.0472 lr=2.246e-06 elapsed=33.8m
epoch=15 step=487810 loss=0.1593 lr=2.245e-06 elapsed=33.8m
epoch=15 step=487820 loss=0.1363 lr=2.243e-06 elapsed=33.9m
epoch=15 step=487830 loss=0.1717 lr=2.242e-06 elapsed=33.9m
epoch=15 step=487840 loss=0.0782 lr=2.240e-06 elapsed=33.9m
epoch=15 step=487850 loss=0.0462 lr=2.239e-06 elapsed=34.0m
epoch=15 step=487860 loss=0.0543 lr=2.237e-06 elapsed=34.0m
epoch=15 step=487870 loss=0.3714 lr=2.236e-06 elapsed=34.0m
epoch=15 step=487880 loss=0.1618 lr=2.234e-06 elapsed=34.1m
epoch=15 step=487890 loss=0.0640 lr=2.232e-06 elapsed=34.1m
epoch=15 step=487900 loss=0.6402 lr=2.231e-06 elapsed=34.2m
epoch=15 step=487910 loss=0.2200 lr=2.229e-06 elapsed=34.2m
epoch=15 step=487920 loss=0.0703 lr=2.228e-06 elapsed=34.2m
epoch=15 step=487930 loss=0.0608 lr=2.226e-06 elapsed=34.3m
epoch=15 step=487940 loss=0.0347 lr=2.225e-06 elapsed=34.3m
epoch=15 step=487950 loss=0.1429 lr=2.223e-06 elapsed=34.4m
epoch=15 step=487960 loss=0.1171 lr=2.222e-06 elapsed=34.4m
epoch=15 step=487970 loss=0.0225 lr=2.220e-06 elapsed=34.4m
epoch=15 step=487980 loss=0.1346 lr=2.219e-06 elapsed=34.5m
epoch=15 step=487990 loss=0.1462 lr=2.217e-06 elapsed=34.5m
epoch=15 step=488000 loss=0.1661 lr=2.216e-06 elapsed=34.5m
epoch=15 step=488010 loss=0.0326 lr=2.214e-06 elapsed=34.6m
epoch=15 step=488020 loss=0.2092 lr=2.213e-06 elapsed=34.6m
epoch=15 step=488030 loss=0.1587 lr=2.211e-06 elapsed=34.7m
epoch=15 step=488040 loss=0.0934 lr=2.210e-06 elapsed=34.7m
epoch=15 step=488050 loss=0.1528 lr=2.208e-06 elapsed=34.7m
epoch=15 step=488060 loss=0.0751 lr=2.207e-06 elapsed=34.8m
epoch=15 step=488070 loss=0.3174 lr=2.205e-06 elapsed=34.8m
epoch=15 step=488080 loss=0.0787 lr=2.204e-06 elapsed=34.9m
epoch=15 step=488090 loss=0.0771 lr=2.202e-06 elapsed=34.9m
epoch=15 step=488100 loss=0.0601 lr=2.201e-06 elapsed=34.9m
epoch=15 step=488110 loss=0.0955 lr=2.199e-06 elapsed=35.0m
epoch=15 step=488120 loss=0.0994 lr=2.197e-06 elapsed=35.0m
epoch=15 step=488130 loss=0.1599 lr=2.196e-06 elapsed=35.0m
epoch=15 step=488140 loss=0.0642 lr=2.194e-06 elapsed=35.1m
epoch=15 step=488150 loss=0.0235 lr=2.193e-06 elapsed=35.1m
epoch=15 step=488160 loss=0.0177 lr=2.191e-06 elapsed=35.2m
epoch=15 step=488170 loss=0.1315 lr=2.190e-06 elapsed=35.2m
epoch=15 step=488180 loss=0.0205 lr=2.188e-06 elapsed=35.2m
epoch=15 step=488190 loss=0.1820 lr=2.187e-06 elapsed=35.3m
epoch=15 step=488200 loss=0.0691 lr=2.185e-06 elapsed=35.3m
epoch=15 step=488210 loss=0.1554 lr=2.184e-06 elapsed=35.4m
epoch=15 step=488220 loss=0.0983 lr=2.182e-06 elapsed=35.4m
epoch=15 step=488230 loss=0.1733 lr=2.181e-06 elapsed=35.4m
epoch=15 step=488240 loss=0.1103 lr=2.179e-06 elapsed=35.5m
epoch=15 step=488250 loss=0.0947 lr=2.177e-06 elapsed=35.5m
epoch=15 step=488260 loss=0.7352 lr=2.176e-06 elapsed=35.6m
epoch=15 step=488270 loss=0.1149 lr=2.174e-06 elapsed=35.6m
epoch=15 step=488280 loss=0.2667 lr=2.173e-06 elapsed=35.6m
epoch=15 step=488290 loss=0.0350 lr=2.171e-06 elapsed=35.7m
epoch=15 step=488300 loss=0.0841 lr=2.170e-06 elapsed=35.7m
epoch=15 step=488310 loss=0.0323 lr=2.168e-06 elapsed=35.7m
epoch=15 step=488320 loss=0.1106 lr=2.167e-06 elapsed=35.8m
epoch=15 step=488330 loss=0.0042 lr=2.165e-06 elapsed=35.8m
epoch=15 step=488340 loss=0.0068 lr=2.164e-06 elapsed=35.9m
epoch=15 step=488350 loss=0.0020 lr=2.162e-06 elapsed=35.9m
epoch=15 step=488360 loss=0.0534 lr=2.160e-06 elapsed=35.9m
epoch=15 step=488370 loss=0.2915 lr=2.159e-06 elapsed=36.0m
epoch=15 step=488380 loss=0.0953 lr=2.157e-06 elapsed=36.0m
epoch=15 step=488390 loss=0.1913 lr=2.156e-06 elapsed=36.1m
epoch=15 step=488400 loss=0.0098 lr=2.154e-06 elapsed=36.1m
epoch=15 step=488410 loss=0.1240 lr=2.153e-06 elapsed=36.1m
epoch=15 step=488420 loss=0.0468 lr=2.151e-06 elapsed=36.2m
epoch=15 step=488430 loss=0.1204 lr=2.150e-06 elapsed=36.2m
epoch=15 step=488440 loss=0.0826 lr=2.148e-06 elapsed=36.2m
epoch=15 step=488450 loss=0.4053 lr=2.146e-06 elapsed=36.3m
epoch=15 step=488460 loss=0.1217 lr=2.145e-06 elapsed=36.3m
epoch=15 step=488470 loss=0.3106 lr=2.143e-06 elapsed=36.4m
epoch=15 step=488480 loss=0.1269 lr=2.142e-06 elapsed=36.4m
epoch=15 step=488490 loss=0.3511 lr=2.140e-06 elapsed=36.4m
epoch=15 step=488500 loss=0.0712 lr=2.139e-06 elapsed=36.5m
epoch=15 step=488510 loss=0.0465 lr=2.137e-06 elapsed=36.5m
epoch=15 step=488520 loss=0.2758 lr=2.135e-06 elapsed=36.6m
epoch=15 step=488530 loss=0.1792 lr=2.134e-06 elapsed=36.6m
epoch=15 step=488540 loss=0.0444 lr=2.132e-06 elapsed=36.6m
epoch=15 step=488550 loss=0.0769 lr=2.131e-06 elapsed=36.7m
epoch=15 step=488560 loss=0.0554 lr=2.129e-06 elapsed=36.7m
epoch=15 step=488570 loss=0.2494 lr=2.128e-06 elapsed=36.8m
epoch=15 step=488580 loss=0.0420 lr=2.126e-06 elapsed=36.8m
epoch=15 step=488590 loss=0.1073 lr=2.124e-06 elapsed=36.8m
epoch=15 step=488600 loss=0.2990 lr=2.123e-06 elapsed=36.9m
epoch=15 step=488610 loss=0.0430 lr=2.121e-06 elapsed=36.9m
epoch=15 step=488620 loss=0.1289 lr=2.120e-06 elapsed=36.9m
epoch=15 step=488630 loss=0.0444 lr=2.118e-06 elapsed=37.0m
epoch=15 step=488640 loss=0.0407 lr=2.117e-06 elapsed=37.0m
epoch=15 step=488650 loss=0.2696 lr=2.115e-06 elapsed=37.1m
epoch=15 step=488660 loss=0.0863 lr=2.113e-06 elapsed=37.1m
epoch=15 step=488670 loss=0.3573 lr=2.112e-06 elapsed=37.1m
epoch=15 step=488680 loss=0.0151 lr=2.110e-06 elapsed=37.2m
epoch=15 step=488690 loss=0.0717 lr=2.109e-06 elapsed=37.2m
epoch=15 step=488700 loss=0.0635 lr=2.107e-06 elapsed=37.3m
epoch=15 step=488710 loss=0.1506 lr=2.106e-06 elapsed=37.3m
epoch=15 step=488720 loss=0.1114 lr=2.104e-06 elapsed=37.3m
epoch=15 step=488730 loss=0.0590 lr=2.102e-06 elapsed=37.4m
epoch=15 step=488740 loss=0.0692 lr=2.101e-06 elapsed=37.4m
epoch=15 step=488750 loss=0.1437 lr=2.099e-06 elapsed=37.4m
epoch=15 step=488760 loss=0.0485 lr=2.098e-06 elapsed=37.5m
epoch=15 step=488770 loss=0.0179 lr=2.096e-06 elapsed=37.5m
epoch=15 step=488780 loss=0.0522 lr=2.094e-06 elapsed=37.6m
epoch=15 step=488790 loss=0.0821 lr=2.093e-06 elapsed=37.6m
epoch=15 step=488800 loss=0.0383 lr=2.091e-06 elapsed=37.6m
epoch=15 step=488810 loss=0.0392 lr=2.090e-06 elapsed=37.7m
epoch=15 step=488820 loss=0.0748 lr=2.088e-06 elapsed=37.7m
epoch=15 step=488830 loss=0.1461 lr=2.086e-06 elapsed=37.8m
epoch=15 step=488840 loss=0.1676 lr=2.085e-06 elapsed=37.8m
epoch=15 step=488850 loss=0.0127 lr=2.083e-06 elapsed=37.8m
epoch=15 validation loss=0.17726241 lr=2.082e-06
Saved checkpoint: outputs/blt_gec/union/last.ckpt
Training complete.
End Time: Wed Jul  8 18:24:52 KST 2026
