==========================================
SLURM_JOB_ID = 751654
SLURM_NODELIST = gpu40
==========================================
Job ID: 751654
Node: gpu40
CUDA_VISIBLE_DEVICES: 0
Start Time: Sun Jun  7 19:45:39 KST 2026
Submit Dir: /scratch/r984a02/PHDQ2
Partition: amd_a100nv_8
Requested GPUs: 1
Requested CPU cores per task: 4
Python: /home01/r984a02/.conda/envs/phdq/bin/python
/home01/r984a02/.conda/envs/phdq/lib/python3.10/site-packages/torch/cuda/__init__.py:63: FutureWarning: The pynvml package is deprecated. Please install nvidia-ml-py instead. If you did not install pynvml directly, please report this to the maintainers of the package that installed pynvml for you.
  import pynvml  # type: ignore[import]
Torch: 2.12.0+cu130
NumPy: 2.2.6
Starting KoBART GEC Training on union dataset...
BART run name: union_paper
BART profile: paper
BART lr: 3e-5
BART batch size: 64
BART max epochs: 10
BART num_beams: 4
Resuming from explicit checkpoint: outputs/union_paper/last.ckpt
Arguments:
{'adamw_correct_bias': False,
 'batch_size': 64,
 'best': {'f0.5': 0, 'gleu': 0, 'prec': 0, 'rec': 0},
 'check_val_every_n_epoch': 1,
 'checkpoint_interval_minutes': 20,
 'data': 'union_paper',
 'debug': False,
 'every_n_epochs': 1,
 'init_ckpt_path': '',
 'log_every_n_steps': 50,
 'lr': 3e-05,
 'm2_source_gold_path': '',
 'max_epochs': 10,
 'max_seq_len': 128,
 'max_time': '00:01:50:00',
 'model_ckpt_path': '',
 'name': 'kobart-union_paper',
 'num_beams': 4,
 'num_workers': 4,
 'resume_ckpt_path': 'outputs/union_paper/last.ckpt',
 'seed': 0,
 'test_data_path': '/scratch/r984a02/PHDQ2/data/Preprocessed/union/union_test.txt',
 'train_data_path': '/scratch/r984a02/PHDQ2/data/Preprocessed/union/union_train.txt',
 'val_data_path': '/scratch/r984a02/PHDQ2/data/Preprocessed/union/union_val.txt',
 'warmup_ratio': 0.0}
Resuming training from outputs/union_paper/last.ckpt...
┏━━━┳━━━━━━━┳━━━━━━━━━━━━━━━━━━━━━━━━━━━━━━┳━━━━━━━━┳━━━━━━━┳━━━━━━━┓
┃   ┃ Name  ┃ Type                         ┃ Params ┃ Mode  ┃ FLOPs ┃
┡━━━╇━━━━━━━╇━━━━━━━━━━━━━━━━━━━━━━━━━━━━━━╇━━━━━━━━╇━━━━━━━╇━━━━━━━┩
│ 0 │ model │ BartForConditionalGeneration │  123 M │ train │     0 │
└───┴───────┴──────────────────────────────┴────────┴───────┴───────┘
Trainable params: 123 M                                                         
Non-trainable params: 0                                                         
Total params: 123 M                                                             
Total estimated model params size (MB): 495.440                                 
Modules in train mode: 182                                                      
Modules in eval mode: 0                                                         
Total FLOPs: 0                                                                  


EPOCH 0 / VAL_LOSS 0.71 / GLEU 27.53

{0: {'f_score': None,
     'gleu': 27.531699999999997,
     'loss': 0.7101971507072449,
     'precision': None,
     'recall': None}}
Saved best checkpoint alias: outputs/union_paper/best.ckpt

Generation time: 204.96428561210632


EPOCH 1 / VAL_LOSS 0.71 / GLEU 27.7

{0: {'f_score': None,
     'generation_time': 204.96428561210632,
     'gleu': 27.531699999999997,
     'loss': 0.7101971507072449,
     'precision': None,
     'recall': None},
 1: {'f_score': None,
     'gleu': 27.7009,
     'loss': 0.7066581845283508,
     'precision': None,
     'recall': None}}

Generation time: 202.06942462921143
Saved best checkpoint alias: outputs/union_paper/best.ckpt
Saved final resumable checkpoint: outputs/union_paper/last.ckpt
Epoch 7/9  ━━━━━━━╸            700/1702 0:08:33 • 0:06:34 2.55it/s v_num: 11.000
End Time: Sun Jun  7 20:02:27 KST 2026
