==========================================
SLURM_JOB_ID = 751601
SLURM_NODELIST = gpu40
==========================================
Job ID: 751601
Node: gpu40
CUDA_VISIBLE_DEVICES: 0
Start Time: Sun Jun  7 16:15:36 KST 2026
Submit Dir: /scratch/r984a02/PHDQ2
Partition: amd_a100nv_8
Requested GPUs: 1
Requested CPU cores per task: 4
Python: /home01/r984a02/.conda/envs/phdq/bin/python
/home01/r984a02/.conda/envs/phdq/lib/python3.10/site-packages/torch/cuda/__init__.py:63: FutureWarning: The pynvml package is deprecated. Please install nvidia-ml-py instead. If you did not install pynvml directly, please report this to the maintainers of the package that installed pynvml for you.
  import pynvml  # type: ignore[import]
Torch: 2.12.0+cu130
NumPy: 2.2.6
Starting KoBART GEC Training on union dataset...
BART run name: union_paper
BART profile: paper
BART lr: 3e-5
BART batch size: 64
BART max epochs: 10
BART num_beams: 4
No union_paper best checkpoint found; initializing from native_paper best: outputs/native_paper/best.ckpt
Arguments:
{'adamw_correct_bias': False,
 'batch_size': 64,
 'best': {'f0.5': 0, 'gleu': 0, 'prec': 0, 'rec': 0},
 'check_val_every_n_epoch': 1,
 'checkpoint_interval_minutes': 20,
 'data': 'union_paper',
 'debug': False,
 'every_n_epochs': 1,
 'init_ckpt_path': 'outputs/native_paper/best.ckpt',
 'log_every_n_steps': 50,
 'lr': 3e-05,
 'm2_source_gold_path': '',
 'max_epochs': 10,
 'max_seq_len': 128,
 'max_time': '00:01:50:00',
 'model_ckpt_path': '',
 'name': 'kobart-union_paper',
 'num_beams': 4,
 'num_workers': 4,
 'resume_ckpt_path': '',
 'seed': 0,
 'test_data_path': '/scratch/r984a02/PHDQ2/data/Preprocessed/union/union_test.txt',
 'train_data_path': '/scratch/r984a02/PHDQ2/data/Preprocessed/union/union_train.txt',
 'val_data_path': '/scratch/r984a02/PHDQ2/data/Preprocessed/union/union_val.txt',
 'warmup_ratio': 0.0}
Initialized model weights from outputs/native_paper/best.ckpt
Missing keys: 0, unexpected keys: 0
┏━━━┳━━━━━━━┳━━━━━━━━━━━━━━━━━━━━━━━━━━━━━━┳━━━━━━━━┳━━━━━━━┳━━━━━━━┓
┃   ┃ Name  ┃ Type                         ┃ Params ┃ Mode  ┃ FLOPs ┃
┡━━━╇━━━━━━━╇━━━━━━━━━━━━━━━━━━━━━━━━━━━━━━╇━━━━━━━━╇━━━━━━━╇━━━━━━━┩
│ 0 │ model │ BartForConditionalGeneration │  123 M │ train │     0 │
└───┴───────┴──────────────────────────────┴────────┴───────┴───────┘
Trainable params: 123 M                                                         
Non-trainable params: 0                                                         
Total params: 123 M                                                             
Total estimated model params size (MB): 495.440                                 
Modules in train mode: 182                                                      
Modules in eval mode: 0                                                         
Total FLOPs: 0                                                                  


EPOCH 0 / VAL_LOSS 0.67 / GLEU 25.56

{0: {'f_score': None,
     'gleu': 25.562,
     'loss': 0.6671608686447144,
     'precision': None,
     'recall': None}}

Generation time: 211.190988779068


EPOCH 1 / VAL_LOSS 0.64 / GLEU 26.78

{0: {'f_score': None,
     'generation_time': 211.190988779068,
     'gleu': 25.562,
     'loss': 0.6671608686447144,
     'precision': None,
     'recall': None},
 1: {'f_score': None,
     'gleu': 26.784200000000002,
     'loss': 0.6406387090682983,
     'precision': None,
     'recall': None}}
Saved best checkpoint alias: outputs/union_paper/best.ckpt

Generation time: 202.72587156295776


EPOCH 2 / VAL_LOSS 0.64 / GLEU 27.08

{0: {'f_score': None,
     'generation_time': 211.190988779068,
     'gleu': 25.562,
     'loss': 0.6671608686447144,
     'precision': None,
     'recall': None},
 1: {'f_score': None,
     'generation_time': 202.72587156295776,
     'gleu': 26.784200000000002,
     'loss': 0.6406387090682983,
     'precision': None,
     'recall': None},
 2: {'f_score': None,
     'gleu': 27.081300000000002,
     'loss': 0.6449841856956482,
     'precision': None,
     'recall': None}}
Saved best checkpoint alias: outputs/union_paper/best.ckpt

Generation time: 202.1538166999817


EPOCH 3 / VAL_LOSS 0.65 / GLEU 27.57

{0: {'f_score': None,
     'generation_time': 211.190988779068,
     'gleu': 25.562,
     'loss': 0.6671608686447144,
     'precision': None,
     'recall': None},
 1: {'f_score': None,
     'generation_time': 202.72587156295776,
     'gleu': 26.784200000000002,
     'loss': 0.6406387090682983,
     'precision': None,
     'recall': None},
 2: {'f_score': None,
     'generation_time': 202.1538166999817,
     'gleu': 27.081300000000002,
     'loss': 0.6449841856956482,
     'precision': None,
     'recall': None},
 3: {'f_score': None,
     'gleu': 27.567199999999996,
     'loss': 0.6461405158042908,
     'precision': None,
     'recall': None}}
Saved best checkpoint alias: outputs/union_paper/best.ckpt

Generation time: 201.50824546813965


EPOCH 4 / VAL_LOSS 0.67 / GLEU 27.21

{0: {'f_score': None,
     'generation_time': 211.190988779068,
     'gleu': 25.562,
     'loss': 0.6671608686447144,
     'precision': None,
     'recall': None},
 1: {'f_score': None,
     'generation_time': 202.72587156295776,
     'gleu': 26.784200000000002,
     'loss': 0.6406387090682983,
     'precision': None,
     'recall': None},
 2: {'f_score': None,
     'generation_time': 202.1538166999817,
     'gleu': 27.081300000000002,
     'loss': 0.6449841856956482,
     'precision': None,
     'recall': None},
 3: {'f_score': None,
     'generation_time': 201.50824546813965,
     'gleu': 27.567199999999996,
     'loss': 0.6461405158042908,
     'precision': None,
     'recall': None},
 4: {'f_score': None,
     'gleu': 27.2114,
     'loss': 0.6650412678718567,
     'precision': None,
     'recall': None}}
Saved best checkpoint alias: outputs/union_paper/best.ckpt

Generation time: 202.56997203826904


EPOCH 5 / VAL_LOSS 0.68 / GLEU 27.4

{0: {'f_score': None,
     'generation_time': 211.190988779068,
     'gleu': 25.562,
     'loss': 0.6671608686447144,
     'precision': None,
     'recall': None},
 1: {'f_score': None,
     'generation_time': 202.72587156295776,
     'gleu': 26.784200000000002,
     'loss': 0.6406387090682983,
     'precision': None,
     'recall': None},
 2: {'f_score': None,
     'generation_time': 202.1538166999817,
     'gleu': 27.081300000000002,
     'loss': 0.6449841856956482,
     'precision': None,
     'recall': None},
 3: {'f_score': None,
     'generation_time': 201.50824546813965,
     'gleu': 27.567199999999996,
     'loss': 0.6461405158042908,
     'precision': None,
     'recall': None},
 4: {'f_score': None,
     'generation_time': 202.56997203826904,
     'gleu': 27.2114,
     'loss': 0.6650412678718567,
     'precision': None,
     'recall': None},
 5: {'f_score': None,
     'gleu': 27.403,
     'loss': 0.6797721982002258,
     'precision': None,
     'recall': None}}

Generation time: 201.1367859840393


EPOCH 6 / VAL_LOSS 0.7 / GLEU 27.35

{0: {'f_score': None,
     'generation_time': 211.190988779068,
     'gleu': 25.562,
     'loss': 0.6671608686447144,
     'precision': None,
     'recall': None},
 1: {'f_score': None,
     'generation_time': 202.72587156295776,
     'gleu': 26.784200000000002,
     'loss': 0.6406387090682983,
     'precision': None,
     'recall': None},
 2: {'f_score': None,
     'generation_time': 202.1538166999817,
     'gleu': 27.081300000000002,
     'loss': 0.6449841856956482,
     'precision': None,
     'recall': None},
 3: {'f_score': None,
     'generation_time': 201.50824546813965,
     'gleu': 27.567199999999996,
     'loss': 0.6461405158042908,
     'precision': None,
     'recall': None},
 4: {'f_score': None,
     'generation_time': 202.56997203826904,
     'gleu': 27.2114,
     'loss': 0.6650412678718567,
     'precision': None,
     'recall': None},
 5: {'f_score': None,
     'generation_time': 201.1367859840393,
     'gleu': 27.403,
     'loss': 0.6797721982002258,
     'precision': None,
     'recall': None},
 6: {'f_score': None,
     'gleu': 27.349,
     'loss': 0.7018128633499146,
     'precision': None,
     'recall': None}}

Generation time: 200.86587691307068
