==========================================
SLURM_JOB_ID = 753976
SLURM_NODELIST = gpu43
==========================================
Job ID: 753976
Node: gpu43
CUDA_VISIBLE_DEVICES: 0,1,2,3
Start Time: Wed Jun 10 10:21:07 KST 2026
Submit Dir: /scratch/r984a02/PHDQ2
Partition: amd_a100nv_8
Requested GPUs: 4
Requested CPU cores per task: 8
Python: /home01/r984a02/.conda/envs/phdq_blt/bin/python
/home01/r984a02/.conda/envs/phdq_blt/lib/python3.12/site-packages/torch/cuda/__init__.py:61: FutureWarning: The pynvml package is deprecated. Please install nvidia-ml-py instead. If you did not install pynvml directly, please report this to the maintainers of the package that installed pynvml for you.
  import pynvml  # type: ignore[import]
Torch: 2.5.1+cu121
NumPy: 2.4.6
Visible CUDA device count: 4
/home01/r984a02/.conda/envs/phdq_blt/lib/python3.12/site-packages/torch/cuda/__init__.py:61: FutureWarning: The pynvml package is deprecated. Please install nvidia-ml-py instead. If you did not install pynvml directly, please report this to the maintainers of the package that installed pynvml for you.
  import pynvml  # type: ignore[import]
Reference BLT import path: /scratch/r984a02/PHDQ2/reference_code/blt
Invalid checkpoint outputs/blt_gec/union/last.ckpt: PytorchStreamReader failed reading zip archive: failed finding central directory
Error: explicit RESUME_CKPT is not loadable: outputs/blt_gec/union/last.ckpt
