[rank: 0] Seed set to 0
Warning: You are sending unauthenticated requests to the HF Hub. Please set a HF_TOKEN to enable higher rate limits and faster downloads.
Loading weights:   0%|          | 0/261 [00:00<?, ?it/s]Loading weights: 100%|██████████| 261/261 [00:00<00:00, 35588.86it/s]
/home01/r984a02/.conda/envs/phdq/lib/python3.10/site-packages/torch/utils/data/dataloader.py:424: UserWarning: This DataLoader will create 8 worker processes in total. Our suggested max number of worker in current system is 4, which is smaller than what this DataLoader is going to create. Please be aware that excessive worker creation might get DataLoader running slow or even freeze, lower the worker number to avoid potential slowness/freeze if necessary.
  self.check_worker_number_rationality()
GPU available: True (cuda), used: True
TPU available: False, using: 0 TPU cores
/home01/r984a02/.conda/envs/phdq/lib/python3.10/site-packages/lightning/pytorch/trainer/connectors/logger_connector/logger_connector.py:76: Starting from v1.9.0, `tensorboardX` has been removed as a dependency of the `lightning.pytorch` package, due to potential conflicts with other packages in the ML ecosystem. For this reason, `logger=True` will use `CSVLogger` as the default logger, unless the `tensorboard` or `tensorboardX` packages are found. Please `pip install lightning[extra]` or one of them to enable TensorBoard support by default
💡 Tip: For seamless cloud logging and experiment tracking, try installing [litlogger](https://pypi.org/project/litlogger/) to enable LitLogger, which logs metrics and artifacts automatically to the Lightning Experiments platform.
You are using a CUDA device ('NVIDIA A100-SXM4-80GB') that has Tensor Cores. To properly utilize them, you should set `torch.set_float32_matmul_precision('medium' | 'high')` which will trade-off precision for performance. For more details, read https://pytorch.org/docs/stable/generated/torch.set_float32_matmul_precision.html#torch.set_float32_matmul_precision
LOCAL_RANK: 0 - CUDA_VISIBLE_DEVICES: [0]
SLURM auto-requeueing enabled. Setting signal handlers.
/home01/r984a02/.conda/envs/phdq/lib/python3.10/site-packages/lightning/pytorch/utilities/_pytree.py:21: `isinstance(treespec, LeafSpec)` is deprecated, use `isinstance(treespec, TreeSpec) and treespec.is_leaf()` instead.
/home01/r984a02/.conda/envs/phdq/lib/python3.10/site-packages/torch/utils/data/dataloader.py:430: UserWarning: This DataLoader will create 8 worker processes in total. Our suggested max number of worker in current system is 4, which is smaller than what this DataLoader is going to create. Please be aware that excessive worker creation might get DataLoader running slow or even freeze, lower the worker number to avoid potential slowness/freeze if necessary.
  self.check_worker_number_rationality()
/home01/r984a02/.conda/envs/phdq/lib/python3.10/site-packages/lightning/pytorch/loops/fit_loop.py:538: Found 182 module(s) in eval mode at the start of training. This may lead to unexpected behavior during training. If this is intentional, you can ignore this warning.
Epoch 0, global step 385: 'val_gleu' reached 43.43140 (best 43.43140), saving model to '/scratch/r984a02/PHDQ2/outputs/native/model_ckpt/native_5e-05_epoch=00_step=385.ckpt' as top 3
Epoch 1, global step 770: 'val_gleu' reached 48.73340 (best 48.73340), saving model to '/scratch/r984a02/PHDQ2/outputs/native/model_ckpt/native_5e-05_epoch=01_step=770.ckpt' as top 3
Epoch 2, global step 1155: 'val_gleu' reached 49.74910 (best 49.74910), saving model to '/scratch/r984a02/PHDQ2/outputs/native/model_ckpt/native_5e-05_epoch=02_step=1155.ckpt' as top 3
Epoch 3, global step 1540: 'val_gleu' reached 49.25060 (best 49.74910), saving model to '/scratch/r984a02/PHDQ2/outputs/native/model_ckpt/native_5e-05_epoch=03_step=1540.ckpt' as top 3
Epoch 4, global step 1925: 'val_gleu' was not in top 3
Epoch 5, global step 2310: 'val_gleu' reached 49.28810 (best 49.74910), saving model to '/scratch/r984a02/PHDQ2/outputs/native/model_ckpt/native_5e-05_epoch=05_step=2310.ckpt' as top 3
Epoch 6, global step 2695: 'val_gleu' was not in top 3
Epoch 7, global step 3080: 'val_gleu' was not in top 3
Epoch 8, global step 3465: 'val_gleu' was not in top 3
Epoch 9, global step 3850: 'val_gleu' was not in top 3
Epoch 10, global step 4235: 'val_gleu' was not in top 3
Epoch 11, global step 4620: 'val_gleu' was not in top 3
Epoch 12, global step 5005: 'val_gleu' was not in top 3
Epoch 13, global step 5390: 'val_gleu' was not in top 3
Epoch 14, global step 5775: 'val_gleu' was not in top 3
Epoch 15, global step 6160: 'val_gleu' was not in top 3
Epoch 16, global step 6545: 'val_gleu' was not in top 3
Epoch 17, global step 6930: 'val_gleu' was not in top 3
Epoch 18, global step 7315: 'val_gleu' was not in top 3
Epoch 19, global step 7700: 'val_gleu' was not in top 3
`Trainer.fit` stopped: `max_epochs=20` reached.
`weights_only` was not set, defaulting to `False`.
