==========================================
SLURM_JOB_ID = 751300
SLURM_NODELIST = gpu40
==========================================
Job ID: 751300
Node: gpu40
CUDA_VISIBLE_DEVICES: 0
Start Time: Sat Jun  6 22:35:31 KST 2026
Submit Dir: /scratch/r984a02/PHDQ2
Partition: amd_a100nv_8
Requested GPUs: 1
Requested CPU cores per task: 4
Python: /home01/r984a02/.conda/envs/phdq/bin/python
Torch: 2.12.0+cu130
NumPy: 2.2.6
Auto-resume enabled: no existing last.ckpt found; starting fresh.
Starting BLT-GEC scaffold training on native dataset...
Device: cuda
Backend: mini
Train: /scratch/r984a02/PHDQ2/data/Preprocessed/native/native_train.txt
Val:   /scratch/r984a02/PHDQ2/data/Preprocessed/native/native_val.txt
Test:  /scratch/r984a02/PHDQ2/data/Preprocessed/native/native_test.txt
epoch=0 step=20 loss=17.0524
epoch=0 step=40 loss=7.6463
epoch=0 step=60 loss=5.0599
epoch=0 step=80 loss=4.4853
epoch=0 step=100 loss=3.8445
epoch=0 step=120 loss=3.7536
epoch=0 step=140 loss=4.2001
epoch=0 step=160 loss=4.1434
epoch=0 step=180 loss=3.5324
epoch=0 step=200 loss=3.5578
validation step=200 loss=2.6106
Saved checkpoint: outputs/blt_gec_512x8/native/best.ckpt
epoch=0 step=220 loss=3.9589
epoch=0 step=240 loss=3.5976
epoch=0 step=260 loss=3.7414
epoch=0 step=280 loss=3.4226
epoch=0 step=300 loss=3.3697
epoch=0 step=320 loss=3.5984
epoch=0 step=340 loss=3.4814
epoch=0 step=360 loss=3.3801
epoch=0 step=380 loss=3.4980
epoch=0 step=400 loss=3.4655
validation step=400 loss=2.4924
Saved checkpoint: outputs/blt_gec_512x8/native/best.ckpt
epoch=0 step=420 loss=2.9592
epoch=0 step=440 loss=3.1628
epoch=0 step=460 loss=3.0023
epoch=0 step=480 loss=3.3441
epoch=0 step=500 loss=3.1295
epoch=0 step=520 loss=3.2051
epoch=0 step=540 loss=3.2500
epoch=0 step=560 loss=3.2101
epoch=0 step=580 loss=3.0533
epoch=0 step=600 loss=3.0069
validation step=600 loss=2.4153
Saved checkpoint: outputs/blt_gec_512x8/native/best.ckpt
epoch=0 step=620 loss=3.0609
epoch=0 step=640 loss=2.9201
epoch=0 step=660 loss=3.0992
epoch=0 step=680 loss=2.9991
epoch=0 step=700 loss=3.0352
epoch=0 step=720 loss=2.6953
epoch=0 step=740 loss=2.6883
epoch=0 step=760 loss=3.1191
validation epoch=0 loss=2.3403
Saved checkpoint: outputs/blt_gec_512x8/native/best.ckpt
Saved checkpoint: outputs/blt_gec_512x8/native/last.ckpt
epoch=1 step=780 loss=2.9504
epoch=1 step=800 loss=2.8304
validation step=800 loss=2.2764
Saved checkpoint: outputs/blt_gec_512x8/native/best.ckpt
epoch=1 step=820 loss=2.7976
epoch=1 step=840 loss=2.9869
epoch=1 step=860 loss=2.7910
epoch=1 step=880 loss=2.6918
epoch=1 step=900 loss=2.5085
epoch=1 step=920 loss=2.6265
epoch=1 step=940 loss=2.5352
epoch=1 step=960 loss=3.1067
epoch=1 step=980 loss=2.7511
epoch=1 step=1000 loss=2.9548
validation step=1000 loss=2.2197
Saved checkpoint: outputs/blt_gec_512x8/native/best.ckpt
epoch=1 step=1020 loss=2.4531
epoch=1 step=1040 loss=2.4314
epoch=1 step=1060 loss=2.7301
epoch=1 step=1080 loss=2.5356
epoch=1 step=1100 loss=2.7365
epoch=1 step=1120 loss=2.6698
epoch=1 step=1140 loss=2.6435
epoch=1 step=1160 loss=2.3234
epoch=1 step=1180 loss=2.6292
epoch=1 step=1200 loss=2.6598
validation step=1200 loss=2.2395
epoch=1 step=1220 loss=2.8033
epoch=1 step=1240 loss=2.7470
epoch=1 step=1260 loss=2.5663
epoch=1 step=1280 loss=2.7029
epoch=1 step=1300 loss=2.7541
epoch=1 step=1320 loss=2.8190
epoch=1 step=1340 loss=2.3103
epoch=1 step=1360 loss=2.5198
epoch=1 step=1380 loss=2.3928
epoch=1 step=1400 loss=2.2302
validation step=1400 loss=2.1378
Saved checkpoint: outputs/blt_gec_512x8/native/best.ckpt
epoch=1 step=1420 loss=2.7117
epoch=1 step=1440 loss=2.6414
epoch=1 step=1460 loss=2.4855
epoch=1 step=1480 loss=2.5105
epoch=1 step=1500 loss=2.1760
epoch=1 step=1520 loss=2.3242
validation epoch=1 loss=2.1086
Saved checkpoint: outputs/blt_gec_512x8/native/best.ckpt
Saved checkpoint: outputs/blt_gec_512x8/native/last.ckpt
epoch=2 step=1540 loss=2.5017
epoch=2 step=1560 loss=2.3144
epoch=2 step=1580 loss=2.3486
epoch=2 step=1600 loss=2.2646
validation step=1600 loss=2.0866
Saved checkpoint: outputs/blt_gec_512x8/native/best.ckpt
epoch=2 step=1620 loss=2.5610
epoch=2 step=1640 loss=2.6793
epoch=2 step=1660 loss=2.1262
epoch=2 step=1680 loss=2.3772
epoch=2 step=1700 loss=2.3151
epoch=2 step=1720 loss=1.9339
epoch=2 step=1740 loss=2.1314
epoch=2 step=1760 loss=2.1180
epoch=2 step=1780 loss=1.8481
epoch=2 step=1800 loss=2.5466
validation step=1800 loss=1.9520
Saved checkpoint: outputs/blt_gec_512x8/native/best.ckpt
epoch=2 step=1820 loss=2.2253
epoch=2 step=1840 loss=2.2987
epoch=2 step=1860 loss=2.1795
epoch=2 step=1880 loss=2.0739
epoch=2 step=1900 loss=2.3193
epoch=2 step=1920 loss=1.9238
epoch=2 step=1940 loss=2.4150
epoch=2 step=1960 loss=2.2438
epoch=2 step=1980 loss=2.0359
epoch=2 step=2000 loss=1.9785
validation step=2000 loss=1.8703
Saved checkpoint: outputs/blt_gec_512x8/native/best.ckpt
epoch=2 step=2020 loss=2.1607
epoch=2 step=2040 loss=1.7581
epoch=2 step=2060 loss=1.7104
epoch=2 step=2080 loss=2.1695
epoch=2 step=2100 loss=2.1896
epoch=2 step=2120 loss=2.1132
epoch=2 step=2140 loss=2.1258
epoch=2 step=2160 loss=2.2749
epoch=2 step=2180 loss=1.9590
epoch=2 step=2200 loss=2.0010
validation step=2200 loss=1.7561
Saved checkpoint: outputs/blt_gec_512x8/native/best.ckpt
epoch=2 step=2220 loss=1.7151
epoch=2 step=2240 loss=2.0863
epoch=2 step=2260 loss=2.1103
epoch=2 step=2280 loss=1.9206
epoch=2 step=2300 loss=2.0349
validation epoch=2 loss=1.6983
Saved checkpoint: outputs/blt_gec_512x8/native/best.ckpt
Saved checkpoint: outputs/blt_gec_512x8/native/last.ckpt
epoch=3 step=2320 loss=2.1581
epoch=3 step=2340 loss=1.8303
epoch=3 step=2360 loss=1.9649
epoch=3 step=2380 loss=1.4372
epoch=3 step=2400 loss=1.7232
validation step=2400 loss=1.6483
Saved checkpoint: outputs/blt_gec_512x8/native/best.ckpt
epoch=3 step=2420 loss=2.0464
epoch=3 step=2440 loss=1.5861
epoch=3 step=2460 loss=1.6029
epoch=3 step=2480 loss=2.1407
epoch=3 step=2500 loss=1.8901
epoch=3 step=2520 loss=1.7859
epoch=3 step=2540 loss=2.0663
epoch=3 step=2560 loss=1.9251
epoch=3 step=2580 loss=2.2088
epoch=3 step=2600 loss=1.2290
validation step=2600 loss=1.5118
Saved checkpoint: outputs/blt_gec_512x8/native/best.ckpt
epoch=3 step=2620 loss=1.5602
epoch=3 step=2640 loss=1.5097
epoch=3 step=2660 loss=1.9649
epoch=3 step=2680 loss=1.8888
epoch=3 step=2700 loss=1.3607
epoch=3 step=2720 loss=1.0655
epoch=3 step=2740 loss=1.5043
epoch=3 step=2760 loss=1.0235
epoch=3 step=2780 loss=1.4613
epoch=3 step=2800 loss=0.9314
validation step=2800 loss=1.3578
Saved checkpoint: outputs/blt_gec_512x8/native/best.ckpt
epoch=3 step=2820 loss=1.4055
epoch=3 step=2840 loss=1.6963
epoch=3 step=2860 loss=1.2969
epoch=3 step=2880 loss=1.2835
epoch=3 step=2900 loss=1.3841
epoch=3 step=2920 loss=1.1581
epoch=3 step=2940 loss=1.5541
epoch=3 step=2960 loss=1.1987
epoch=3 step=2980 loss=1.3265
epoch=3 step=3000 loss=1.8485
validation step=3000 loss=1.2113
Saved checkpoint: outputs/blt_gec_512x8/native/best.ckpt
epoch=3 step=3020 loss=1.6820
epoch=3 step=3040 loss=1.0661
epoch=3 step=3060 loss=1.1996
validation epoch=3 loss=1.1530
Saved checkpoint: outputs/blt_gec_512x8/native/best.ckpt
Saved checkpoint: outputs/blt_gec_512x8/native/last.ckpt
epoch=4 step=3080 loss=1.1935
epoch=4 step=3100 loss=1.2522
epoch=4 step=3120 loss=1.0709
epoch=4 step=3140 loss=1.4139
epoch=4 step=3160 loss=1.0162
epoch=4 step=3180 loss=1.2725
epoch=4 step=3200 loss=1.0377
validation step=3200 loss=1.0433
Saved checkpoint: outputs/blt_gec_512x8/native/best.ckpt
epoch=4 step=3220 loss=1.1856
epoch=4 step=3240 loss=1.0498
epoch=4 step=3260 loss=1.5411
epoch=4 step=3280 loss=0.9489
epoch=4 step=3300 loss=1.2409
epoch=4 step=3320 loss=1.4729
epoch=4 step=3340 loss=0.9599
epoch=4 step=3360 loss=1.1710
epoch=4 step=3380 loss=1.0830
epoch=4 step=3400 loss=0.8853
validation step=3400 loss=0.9150
Saved checkpoint: outputs/blt_gec_512x8/native/best.ckpt
epoch=4 step=3420 loss=1.2991
epoch=4 step=3440 loss=1.0693
epoch=4 step=3460 loss=0.8146
epoch=4 step=3480 loss=1.2105
epoch=4 step=3500 loss=1.4041
epoch=4 step=3520 loss=0.7734
epoch=4 step=3540 loss=1.3567
epoch=4 step=3560 loss=0.7563
epoch=4 step=3580 loss=0.5005
epoch=4 step=3600 loss=1.1183
validation step=3600 loss=0.8078
Saved checkpoint: outputs/blt_gec_512x8/native/best.ckpt
epoch=4 step=3620 loss=1.1244
epoch=4 step=3640 loss=1.2922
epoch=4 step=3660 loss=1.1884
epoch=4 step=3680 loss=0.9356
epoch=4 step=3700 loss=1.4738
epoch=4 step=3720 loss=0.9958
epoch=4 step=3740 loss=0.5324
epoch=4 step=3760 loss=0.8294
epoch=4 step=3780 loss=0.8163
epoch=4 step=3800 loss=0.9704
validation step=3800 loss=0.7046
Saved checkpoint: outputs/blt_gec_512x8/native/best.ckpt
epoch=4 step=3820 loss=0.7519
epoch=4 step=3840 loss=1.3440
validation epoch=4 loss=0.7047
Saved checkpoint: outputs/blt_gec_512x8/native/last.ckpt
epoch=5 step=3860 loss=0.9988
epoch=5 step=3880 loss=0.9020
epoch=5 step=3900 loss=0.5136
epoch=5 step=3920 loss=1.0299
epoch=5 step=3940 loss=0.8603
epoch=5 step=3960 loss=0.6420
epoch=5 step=3980 loss=0.7629
epoch=5 step=4000 loss=0.8106
validation step=4000 loss=0.6215
Saved checkpoint: outputs/blt_gec_512x8/native/best.ckpt
epoch=5 step=4020 loss=0.6556
epoch=5 step=4040 loss=0.7743
epoch=5 step=4060 loss=0.5385
epoch=5 step=4080 loss=0.4277
epoch=5 step=4100 loss=0.7708
epoch=5 step=4120 loss=1.0194
epoch=5 step=4140 loss=0.4102
epoch=5 step=4160 loss=0.6554
epoch=5 step=4180 loss=0.4438
epoch=5 step=4200 loss=0.9275
validation step=4200 loss=0.5430
Saved checkpoint: outputs/blt_gec_512x8/native/best.ckpt
epoch=5 step=4220 loss=0.8270
epoch=5 step=4240 loss=0.8080
epoch=5 step=4260 loss=0.6429
epoch=5 step=4280 loss=0.6415
epoch=5 step=4300 loss=0.3437
epoch=5 step=4320 loss=0.7911
epoch=5 step=4340 loss=0.5639
epoch=5 step=4360 loss=0.9928
epoch=5 step=4380 loss=0.4837
epoch=5 step=4400 loss=1.1518
validation step=4400 loss=0.4552
Saved checkpoint: outputs/blt_gec_512x8/native/best.ckpt
epoch=5 step=4420 loss=0.8020
epoch=5 step=4440 loss=0.6259
epoch=5 step=4460 loss=0.4489
epoch=5 step=4480 loss=0.3985
epoch=5 step=4500 loss=0.6521
epoch=5 step=4520 loss=0.5889
epoch=5 step=4540 loss=0.4834
epoch=5 step=4560 loss=0.7930
epoch=5 step=4580 loss=0.3748
epoch=5 step=4600 loss=0.4249
validation step=4600 loss=0.3927
Saved checkpoint: outputs/blt_gec_512x8/native/best.ckpt
validation epoch=5 loss=0.3964
Saved checkpoint: outputs/blt_gec_512x8/native/last.ckpt
epoch=6 step=4620 loss=0.4747
epoch=6 step=4640 loss=0.2504
epoch=6 step=4660 loss=0.8500
epoch=6 step=4680 loss=0.4331
epoch=6 step=4700 loss=0.2533
epoch=6 step=4720 loss=0.6529
epoch=6 step=4740 loss=0.4524
epoch=6 step=4760 loss=0.4114
epoch=6 step=4780 loss=0.3892
epoch=6 step=4800 loss=0.2949
validation step=4800 loss=0.3555
Saved checkpoint: outputs/blt_gec_512x8/native/best.ckpt
epoch=6 step=4820 loss=0.3921
epoch=6 step=4840 loss=0.6230
epoch=6 step=4860 loss=0.1676
epoch=6 step=4880 loss=0.5937
epoch=6 step=4900 loss=0.8247
epoch=6 step=4920 loss=0.3026
epoch=6 step=4940 loss=0.4250
epoch=6 step=4960 loss=0.4217
epoch=6 step=4980 loss=0.4390
epoch=6 step=5000 loss=0.4497
validation step=5000 loss=0.3172
Saved checkpoint: outputs/blt_gec_512x8/native/best.ckpt
epoch=6 step=5020 loss=0.2891
epoch=6 step=5040 loss=0.2897
epoch=6 step=5060 loss=0.2518
epoch=6 step=5080 loss=0.3096
epoch=6 step=5100 loss=0.1497
epoch=6 step=5120 loss=0.4206
epoch=6 step=5140 loss=0.3763
epoch=6 step=5160 loss=0.2858
epoch=6 step=5180 loss=0.3561
epoch=6 step=5200 loss=0.3273
validation step=5200 loss=0.2920
Saved checkpoint: outputs/blt_gec_512x8/native/best.ckpt
epoch=6 step=5220 loss=0.3181
epoch=6 step=5240 loss=0.3353
epoch=6 step=5260 loss=0.4034
epoch=6 step=5280 loss=0.3480
epoch=6 step=5300 loss=0.6226
epoch=6 step=5320 loss=0.3330
epoch=6 step=5340 loss=0.5241
epoch=6 step=5360 loss=0.3039
epoch=6 step=5380 loss=0.2762
validation epoch=6 loss=0.2694
Saved checkpoint: outputs/blt_gec_512x8/native/best.ckpt
Saved checkpoint: outputs/blt_gec_512x8/native/last.ckpt
epoch=7 step=5400 loss=0.2220
validation step=5400 loss=0.2762
epoch=7 step=5420 loss=0.7911
epoch=7 step=5440 loss=0.2116
epoch=7 step=5460 loss=0.3037
epoch=7 step=5480 loss=0.7879
epoch=7 step=5500 loss=0.3141
epoch=7 step=5520 loss=0.3769
epoch=7 step=5540 loss=0.1557
epoch=7 step=5560 loss=0.3759
epoch=7 step=5580 loss=0.3701
epoch=7 step=5600 loss=0.2680
validation step=5600 loss=0.2558
Saved checkpoint: outputs/blt_gec_512x8/native/best.ckpt
epoch=7 step=5620 loss=0.2347
epoch=7 step=5640 loss=0.6626
epoch=7 step=5660 loss=0.4601
epoch=7 step=5680 loss=0.2336
epoch=7 step=5700 loss=0.2046
epoch=7 step=5720 loss=0.2782
epoch=7 step=5740 loss=0.3767
epoch=7 step=5760 loss=0.1609
epoch=7 step=5780 loss=0.1330
epoch=7 step=5800 loss=0.2991
validation step=5800 loss=0.2439
Saved checkpoint: outputs/blt_gec_512x8/native/best.ckpt
epoch=7 step=5820 loss=0.2370
epoch=7 step=5840 loss=0.1921
epoch=7 step=5860 loss=0.3431
epoch=7 step=5880 loss=0.1537
epoch=7 step=5900 loss=0.1088
epoch=7 step=5920 loss=0.2755
epoch=7 step=5940 loss=0.2629
epoch=7 step=5960 loss=0.1635
epoch=7 step=5980 loss=0.3444
epoch=7 step=6000 loss=0.2720
validation step=6000 loss=0.2286
Saved checkpoint: outputs/blt_gec_512x8/native/best.ckpt
epoch=7 step=6020 loss=0.2854
epoch=7 step=6040 loss=0.4672
epoch=7 step=6060 loss=0.2599
epoch=7 step=6080 loss=0.3225
epoch=7 step=6100 loss=0.1518
epoch=7 step=6120 loss=0.2886
epoch=7 step=6140 loss=0.3100
validation epoch=7 loss=0.2236
Saved checkpoint: outputs/blt_gec_512x8/native/best.ckpt
Saved checkpoint: outputs/blt_gec_512x8/native/last.ckpt
epoch=8 step=6160 loss=0.2470
epoch=8 step=6180 loss=0.3393
epoch=8 step=6200 loss=0.3008
validation step=6200 loss=0.2316
epoch=8 step=6220 loss=0.1040
epoch=8 step=6240 loss=0.2152
epoch=8 step=6260 loss=0.1506
epoch=8 step=6280 loss=0.3375
epoch=8 step=6300 loss=0.1547
epoch=8 step=6320 loss=0.1800
epoch=8 step=6340 loss=0.2491
epoch=8 step=6360 loss=0.2510
epoch=8 step=6380 loss=0.3195
epoch=8 step=6400 loss=0.3502
validation step=6400 loss=0.2120
Saved checkpoint: outputs/blt_gec_512x8/native/best.ckpt
epoch=8 step=6420 loss=0.3251
epoch=8 step=6440 loss=0.7175
epoch=8 step=6460 loss=0.3672
epoch=8 step=6480 loss=0.2083
epoch=8 step=6500 loss=0.3105
epoch=8 step=6520 loss=0.1460
epoch=8 step=6540 loss=0.2391
epoch=8 step=6560 loss=0.2527
epoch=8 step=6580 loss=0.4963
epoch=8 step=6600 loss=0.1048
validation step=6600 loss=0.2058
Saved checkpoint: outputs/blt_gec_512x8/native/best.ckpt
epoch=8 step=6620 loss=0.4306
epoch=8 step=6640 loss=0.3571
epoch=8 step=6660 loss=0.6322
epoch=8 step=6680 loss=0.2768
epoch=8 step=6700 loss=0.2468
epoch=8 step=6720 loss=0.3968
epoch=8 step=6740 loss=0.2525
epoch=8 step=6760 loss=0.2206
epoch=8 step=6780 loss=0.3019
epoch=8 step=6800 loss=0.1095
validation step=6800 loss=0.1959
Saved checkpoint: outputs/blt_gec_512x8/native/best.ckpt
epoch=8 step=6820 loss=0.3056
epoch=8 step=6840 loss=0.1139
epoch=8 step=6860 loss=0.1395
epoch=8 step=6880 loss=0.2278
epoch=8 step=6900 loss=0.2040
epoch=8 step=6920 loss=0.1497
validation epoch=8 loss=0.1952
Saved checkpoint: outputs/blt_gec_512x8/native/best.ckpt
Saved checkpoint: outputs/blt_gec_512x8/native/last.ckpt
epoch=9 step=6940 loss=0.1974
epoch=9 step=6960 loss=0.3087
epoch=9 step=6980 loss=0.2434
epoch=9 step=7000 loss=0.2492
validation step=7000 loss=0.1935
Saved checkpoint: outputs/blt_gec_512x8/native/best.ckpt
Saved checkpoint: outputs/blt_gec_512x8/native/last.ckpt
epoch=9 step=7020 loss=0.2240
epoch=9 step=7040 loss=0.2559
epoch=9 step=7060 loss=0.2013
epoch=9 step=7080 loss=0.1886
epoch=9 step=7100 loss=0.1310
epoch=9 step=7120 loss=0.2949
epoch=9 step=7140 loss=0.3006
epoch=9 step=7160 loss=0.2526
epoch=9 step=7180 loss=0.2244
epoch=9 step=7200 loss=0.1249
validation step=7200 loss=0.1905
Saved checkpoint: outputs/blt_gec_512x8/native/best.ckpt
epoch=9 step=7220 loss=0.2679
epoch=9 step=7240 loss=0.0670
epoch=9 step=7260 loss=0.3672
epoch=9 step=7280 loss=0.7947
epoch=9 step=7300 loss=0.2148
epoch=9 step=7320 loss=0.1289
epoch=9 step=7340 loss=0.1712
epoch=9 step=7360 loss=0.1565
epoch=9 step=7380 loss=0.0836
epoch=9 step=7400 loss=0.0727
validation step=7400 loss=0.1847
Saved checkpoint: outputs/blt_gec_512x8/native/best.ckpt
epoch=9 step=7420 loss=0.3534
epoch=9 step=7440 loss=0.1919
epoch=9 step=7460 loss=0.2137
epoch=9 step=7480 loss=0.4817
epoch=9 step=7500 loss=0.1814
epoch=9 step=7520 loss=0.0945
epoch=9 step=7540 loss=0.1193
epoch=9 step=7560 loss=0.0882
epoch=9 step=7580 loss=0.3931
epoch=9 step=7600 loss=0.3199
validation step=7600 loss=0.1899
epoch=9 step=7620 loss=0.2831
epoch=9 step=7640 loss=0.0567
epoch=9 step=7660 loss=0.4119
epoch=9 step=7680 loss=0.2190
validation epoch=9 loss=0.1867
Saved checkpoint: outputs/blt_gec_512x8/native/last.ckpt
epoch=10 step=7700 loss=0.1814
epoch=10 step=7720 loss=0.1765
epoch=10 step=7740 loss=0.4034
epoch=10 step=7760 loss=0.0953
epoch=10 step=7780 loss=0.0444
epoch=10 step=7800 loss=0.1968
validation step=7800 loss=0.1830
Saved checkpoint: outputs/blt_gec_512x8/native/best.ckpt
epoch=10 step=7820 loss=0.1795
epoch=10 step=7840 loss=0.1761
epoch=10 step=7860 loss=0.2675
epoch=10 step=7880 loss=0.0680
epoch=10 step=7900 loss=0.1384
epoch=10 step=7920 loss=0.1927
epoch=10 step=7940 loss=0.3037
epoch=10 step=7960 loss=0.1462
epoch=10 step=7980 loss=0.2540
epoch=10 step=8000 loss=0.1436
validation step=8000 loss=0.1770
Saved checkpoint: outputs/blt_gec_512x8/native/best.ckpt
epoch=10 step=8020 loss=0.1102
epoch=10 step=8040 loss=0.1079
epoch=10 step=8060 loss=0.4725
epoch=10 step=8080 loss=0.0932
epoch=10 step=8100 loss=0.1634
epoch=10 step=8120 loss=0.2837
epoch=10 step=8140 loss=0.2409
epoch=10 step=8160 loss=0.1130
epoch=10 step=8180 loss=0.2064
epoch=10 step=8200 loss=0.1716
validation step=8200 loss=0.1725
Saved checkpoint: outputs/blt_gec_512x8/native/best.ckpt
epoch=10 step=8220 loss=0.2001
epoch=10 step=8240 loss=0.1790
epoch=10 step=8260 loss=0.1646
epoch=10 step=8280 loss=0.1121
epoch=10 step=8300 loss=0.0642
epoch=10 step=8320 loss=0.1800
epoch=10 step=8340 loss=0.2675
epoch=10 step=8360 loss=0.2636
epoch=10 step=8380 loss=0.1095
epoch=10 step=8400 loss=0.1997
validation step=8400 loss=0.1653
Saved checkpoint: outputs/blt_gec_512x8/native/best.ckpt
epoch=10 step=8420 loss=0.2032
epoch=10 step=8440 loss=0.2301
validation epoch=10 loss=0.1649
Saved checkpoint: outputs/blt_gec_512x8/native/best.ckpt
Saved checkpoint: outputs/blt_gec_512x8/native/last.ckpt
epoch=11 step=8460 loss=0.1442
epoch=11 step=8480 loss=0.1736
epoch=11 step=8500 loss=0.1152
epoch=11 step=8520 loss=0.1646
epoch=11 step=8540 loss=0.1287
epoch=11 step=8560 loss=0.3097
epoch=11 step=8580 loss=0.3204
epoch=11 step=8600 loss=0.1675
validation step=8600 loss=0.1681
epoch=11 step=8620 loss=0.1856
epoch=11 step=8640 loss=0.1274
epoch=11 step=8660 loss=0.4470
epoch=11 step=8680 loss=0.3045
epoch=11 step=8700 loss=0.2994
epoch=11 step=8720 loss=0.0773
epoch=11 step=8740 loss=0.4050
epoch=11 step=8760 loss=0.1593
epoch=11 step=8780 loss=0.1449
epoch=11 step=8800 loss=0.1856
validation step=8800 loss=0.1630
Saved checkpoint: outputs/blt_gec_512x8/native/best.ckpt
epoch=11 step=8820 loss=0.2668
epoch=11 step=8840 loss=0.1618
epoch=11 step=8860 loss=0.0843
epoch=11 step=8880 loss=0.1267
epoch=11 step=8900 loss=0.1387
epoch=11 step=8920 loss=0.0940
epoch=11 step=8940 loss=0.1388
epoch=11 step=8960 loss=0.3439
epoch=11 step=8980 loss=0.0911
epoch=11 step=9000 loss=0.3782
validation step=9000 loss=0.1603
Saved checkpoint: outputs/blt_gec_512x8/native/best.ckpt
epoch=11 step=9020 loss=0.1429
epoch=11 step=9040 loss=0.0688
epoch=11 step=9060 loss=0.3332
epoch=11 step=9080 loss=0.1829
epoch=11 step=9100 loss=0.1362
epoch=11 step=9120 loss=0.3300
epoch=11 step=9140 loss=0.3275
epoch=11 step=9160 loss=0.0811
epoch=11 step=9180 loss=0.3667
epoch=11 step=9200 loss=0.1978
validation step=9200 loss=0.1659
epoch=11 step=9220 loss=0.0957
validation epoch=11 loss=0.1559
Saved checkpoint: outputs/blt_gec_512x8/native/best.ckpt
Saved checkpoint: outputs/blt_gec_512x8/native/last.ckpt
epoch=12 step=9240 loss=0.2098
epoch=12 step=9260 loss=0.1245
epoch=12 step=9280 loss=0.1148
epoch=12 step=9300 loss=0.1213
epoch=12 step=9320 loss=0.0769
epoch=12 step=9340 loss=0.2111
epoch=12 step=9360 loss=0.0974
epoch=12 step=9380 loss=0.1198
epoch=12 step=9400 loss=0.1993
validation step=9400 loss=0.1561
epoch=12 step=9420 loss=0.2311
epoch=12 step=9440 loss=0.2660
epoch=12 step=9460 loss=0.1492
epoch=12 step=9480 loss=0.0942
epoch=12 step=9500 loss=0.1865
epoch=12 step=9520 loss=0.1165
epoch=12 step=9540 loss=0.3221
epoch=12 step=9560 loss=0.2245
epoch=12 step=9580 loss=0.2167
epoch=12 step=9600 loss=0.1337
validation step=9600 loss=0.1573
epoch=12 step=9620 loss=0.3707
epoch=12 step=9640 loss=0.2619
epoch=12 step=9660 loss=0.2461
epoch=12 step=9680 loss=0.0952
epoch=12 step=9700 loss=0.1616
epoch=12 step=9720 loss=0.1252
epoch=12 step=9740 loss=0.0442
epoch=12 step=9760 loss=0.3288
epoch=12 step=9780 loss=0.1021
epoch=12 step=9800 loss=0.1895
validation step=9800 loss=0.1570
epoch=12 step=9820 loss=0.2621
epoch=12 step=9840 loss=0.1278
epoch=12 step=9860 loss=0.1294
epoch=12 step=9880 loss=0.1144
epoch=12 step=9900 loss=0.1687
epoch=12 step=9920 loss=0.0913
epoch=12 step=9940 loss=0.1637
epoch=12 step=9960 loss=0.1120
epoch=12 step=9980 loss=0.1077
validation epoch=12 loss=0.1540
Saved checkpoint: outputs/blt_gec_512x8/native/best.ckpt
Saved checkpoint: outputs/blt_gec_512x8/native/last.ckpt
epoch=13 step=10000 loss=0.2093
validation step=10000 loss=0.1556
epoch=13 step=10020 loss=0.1951
epoch=13 step=10040 loss=0.2000
epoch=13 step=10060 loss=0.0439
epoch=13 step=10080 loss=0.1186
epoch=13 step=10100 loss=0.1868
epoch=13 step=10120 loss=0.0355
epoch=13 step=10140 loss=0.1120
epoch=13 step=10160 loss=0.0880
epoch=13 step=10180 loss=0.0930
epoch=13 step=10200 loss=0.1412
validation step=10200 loss=0.1505
Saved checkpoint: outputs/blt_gec_512x8/native/best.ckpt
epoch=13 step=10220 loss=0.1455
epoch=13 step=10240 loss=0.1178
epoch=13 step=10260 loss=0.0700
epoch=13 step=10280 loss=0.2791
epoch=13 step=10300 loss=0.1365
epoch=13 step=10320 loss=0.1886
epoch=13 step=10340 loss=0.2506
epoch=13 step=10360 loss=0.2251
epoch=13 step=10380 loss=0.0931
epoch=13 step=10400 loss=0.1223
validation step=10400 loss=0.1484
Saved checkpoint: outputs/blt_gec_512x8/native/best.ckpt
epoch=13 step=10420 loss=0.0618
epoch=13 step=10440 loss=0.1363
epoch=13 step=10460 loss=0.0352
epoch=13 step=10480 loss=0.0974
epoch=13 step=10500 loss=0.1029
epoch=13 step=10520 loss=0.1561
epoch=13 step=10540 loss=0.2718
epoch=13 step=10560 loss=0.1486
epoch=13 step=10580 loss=0.1782
epoch=13 step=10600 loss=0.1775
validation step=10600 loss=0.1549
epoch=13 step=10620 loss=0.0977
epoch=13 step=10640 loss=0.1661
epoch=13 step=10660 loss=0.2387
epoch=13 step=10680 loss=0.0675
epoch=13 step=10700 loss=0.0735
epoch=13 step=10720 loss=0.1139
epoch=13 step=10740 loss=0.0802
epoch=13 step=10760 loss=0.2565
validation epoch=13 loss=0.1515
Saved checkpoint: outputs/blt_gec_512x8/native/last.ckpt
epoch=14 step=10780 loss=0.0713
epoch=14 step=10800 loss=0.1233
validation step=10800 loss=0.1486
epoch=14 step=10820 loss=0.1495
epoch=14 step=10840 loss=0.0798
epoch=14 step=10860 loss=0.3185
epoch=14 step=10880 loss=0.0964
epoch=14 step=10900 loss=0.1435
epoch=14 step=10920 loss=0.0718
epoch=14 step=10940 loss=0.0836
epoch=14 step=10960 loss=0.1496
epoch=14 step=10980 loss=0.1823
epoch=14 step=11000 loss=0.0464
validation step=11000 loss=0.1442
Saved checkpoint: outputs/blt_gec_512x8/native/best.ckpt
epoch=14 step=11020 loss=0.1954
epoch=14 step=11040 loss=0.0987
epoch=14 step=11060 loss=0.2260
epoch=14 step=11080 loss=0.1458
epoch=14 step=11100 loss=0.0671
epoch=14 step=11120 loss=0.0450
epoch=14 step=11140 loss=0.0421
epoch=14 step=11160 loss=0.1400
epoch=14 step=11180 loss=0.1843
epoch=14 step=11200 loss=0.1154
validation step=11200 loss=0.1442
epoch=14 step=11220 loss=0.0912
epoch=14 step=11240 loss=0.1504
epoch=14 step=11260 loss=0.1263
epoch=14 step=11280 loss=0.1678
epoch=14 step=11300 loss=0.2471
epoch=14 step=11320 loss=0.1776
epoch=14 step=11340 loss=0.1186
epoch=14 step=11360 loss=0.0779
epoch=14 step=11380 loss=0.2308
epoch=14 step=11400 loss=0.1330
validation step=11400 loss=0.1425
Saved checkpoint: outputs/blt_gec_512x8/native/best.ckpt
epoch=14 step=11420 loss=0.1485
epoch=14 step=11440 loss=0.0501
epoch=14 step=11460 loss=0.0801
epoch=14 step=11480 loss=0.0786
epoch=14 step=11500 loss=0.1523
epoch=14 step=11520 loss=0.1666
validation epoch=14 loss=0.1556
Saved checkpoint: outputs/blt_gec_512x8/native/last.ckpt
epoch=15 step=11540 loss=0.1295
epoch=15 step=11560 loss=0.0765
epoch=15 step=11580 loss=0.0658
epoch=15 step=11600 loss=0.1043
validation step=11600 loss=0.1445
epoch=15 step=11620 loss=0.0152
epoch=15 step=11640 loss=0.1443
epoch=15 step=11660 loss=0.1130
epoch=15 step=11680 loss=0.0668
epoch=15 step=11700 loss=0.0776
epoch=15 step=11720 loss=0.1026
epoch=15 step=11740 loss=0.1512
epoch=15 step=11760 loss=0.0518
epoch=15 step=11780 loss=0.0927
epoch=15 step=11800 loss=0.1547
validation step=11800 loss=0.1442
epoch=15 step=11820 loss=0.0758
epoch=15 step=11840 loss=0.0482
epoch=15 step=11860 loss=0.1805
epoch=15 step=11880 loss=0.0741
epoch=15 step=11900 loss=0.1501
epoch=15 step=11920 loss=0.0571
epoch=15 step=11940 loss=0.0903
epoch=15 step=11960 loss=0.1779
epoch=15 step=11980 loss=0.2255
epoch=15 step=12000 loss=0.0745
validation step=12000 loss=0.1421
Saved checkpoint: outputs/blt_gec_512x8/native/best.ckpt
epoch=15 step=12020 loss=0.1481
epoch=15 step=12040 loss=0.1693
epoch=15 step=12060 loss=0.2272
epoch=15 step=12080 loss=0.0759
epoch=15 step=12100 loss=0.1533
epoch=15 step=12120 loss=0.1913
epoch=15 step=12140 loss=0.1145
epoch=15 step=12160 loss=0.1427
epoch=15 step=12180 loss=0.0820
epoch=15 step=12200 loss=0.1007
validation step=12200 loss=0.1369
Saved checkpoint: outputs/blt_gec_512x8/native/best.ckpt
epoch=15 step=12220 loss=0.0766
epoch=15 step=12240 loss=0.0367
epoch=15 step=12260 loss=0.0832
epoch=15 step=12280 loss=0.1101
epoch=15 step=12300 loss=0.2235
validation epoch=15 loss=0.1412
Saved checkpoint: outputs/blt_gec_512x8/native/last.ckpt
epoch=16 step=12320 loss=0.1156
epoch=16 step=12340 loss=0.2359
epoch=16 step=12360 loss=0.1525
epoch=16 step=12380 loss=0.0871
epoch=16 step=12400 loss=0.1431
validation step=12400 loss=0.1374
epoch=16 step=12420 loss=0.0747
epoch=16 step=12440 loss=0.1116
epoch=16 step=12460 loss=0.0471
epoch=16 step=12480 loss=0.1133
epoch=16 step=12500 loss=0.0628
epoch=16 step=12520 loss=0.1220
epoch=16 step=12540 loss=0.0867
epoch=16 step=12560 loss=0.0394
epoch=16 step=12580 loss=0.1651
epoch=16 step=12600 loss=0.1064
validation step=12600 loss=0.1427
epoch=16 step=12620 loss=0.0962
epoch=16 step=12640 loss=0.1047
epoch=16 step=12660 loss=0.1473
epoch=16 step=12680 loss=0.0705
epoch=16 step=12700 loss=0.1129
epoch=16 step=12720 loss=0.0533
epoch=16 step=12740 loss=0.1835
epoch=16 step=12760 loss=0.0674
epoch=16 step=12780 loss=0.0718
epoch=16 step=12800 loss=0.0355
validation step=12800 loss=0.1430
epoch=16 step=12820 loss=0.0433
epoch=16 step=12840 loss=0.0780
epoch=16 step=12860 loss=0.1436
epoch=16 step=12880 loss=0.0119
epoch=16 step=12900 loss=0.1362
epoch=16 step=12920 loss=0.2012
epoch=16 step=12940 loss=0.1621
epoch=16 step=12960 loss=0.0499
epoch=16 step=12980 loss=0.1520
epoch=16 step=13000 loss=0.0927
validation step=13000 loss=0.1346
Saved checkpoint: outputs/blt_gec_512x8/native/best.ckpt
epoch=16 step=13020 loss=0.0889
epoch=16 step=13040 loss=0.0439
epoch=16 step=13060 loss=0.2358
validation epoch=16 loss=0.1352
Saved checkpoint: outputs/blt_gec_512x8/native/last.ckpt
epoch=17 step=13080 loss=0.0690
epoch=17 step=13100 loss=0.0835
epoch=17 step=13120 loss=0.0472
epoch=17 step=13140 loss=0.1327
epoch=17 step=13160 loss=0.0612
epoch=17 step=13180 loss=0.0453
epoch=17 step=13200 loss=0.0116
validation step=13200 loss=0.1390
epoch=17 step=13220 loss=0.2265
epoch=17 step=13240 loss=0.1167
epoch=17 step=13260 loss=0.0794
epoch=17 step=13280 loss=0.1651
epoch=17 step=13300 loss=0.1243
epoch=17 step=13320 loss=0.0928
epoch=17 step=13340 loss=0.0626
epoch=17 step=13360 loss=0.0104
epoch=17 step=13380 loss=0.1497
epoch=17 step=13400 loss=0.0937
validation step=13400 loss=0.1355
epoch=17 step=13420 loss=0.1292
epoch=17 step=13440 loss=0.0982
epoch=17 step=13460 loss=0.0070
epoch=17 step=13480 loss=0.0552
epoch=17 step=13500 loss=0.0342
epoch=17 step=13520 loss=0.0269
epoch=17 step=13540 loss=0.0795
epoch=17 step=13560 loss=0.0715
epoch=17 step=13580 loss=0.0460
epoch=17 step=13600 loss=0.0988
validation step=13600 loss=0.1390
epoch=17 step=13620 loss=0.0552
epoch=17 step=13640 loss=0.1041
epoch=17 step=13660 loss=0.1417
epoch=17 step=13680 loss=0.1100
epoch=17 step=13700 loss=0.1744
epoch=17 step=13720 loss=0.0998
epoch=17 step=13740 loss=0.0810
epoch=17 step=13760 loss=0.1239
epoch=17 step=13780 loss=0.0320
epoch=17 step=13800 loss=0.1702
validation step=13800 loss=0.1356
epoch=17 step=13820 loss=0.0851
epoch=17 step=13840 loss=0.0837
validation epoch=17 loss=0.1349
Saved checkpoint: outputs/blt_gec_512x8/native/last.ckpt
epoch=18 step=13860 loss=0.0320
epoch=18 step=13880 loss=0.0365
epoch=18 step=13900 loss=0.0403
epoch=18 step=13920 loss=0.0746
epoch=18 step=13940 loss=0.1701
epoch=18 step=13960 loss=0.0941
epoch=18 step=13980 loss=0.0492
epoch=18 step=14000 loss=0.1598
validation step=14000 loss=0.1423
epoch=18 step=14020 loss=0.0625
epoch=18 step=14040 loss=0.0403
epoch=18 step=14060 loss=0.0817
epoch=18 step=14080 loss=0.0408
epoch=18 step=14100 loss=0.0499
epoch=18 step=14120 loss=0.0126
epoch=18 step=14140 loss=0.0283
epoch=18 step=14160 loss=0.0414
epoch=18 step=14180 loss=0.1770
epoch=18 step=14200 loss=0.1427
validation step=14200 loss=0.1411
epoch=18 step=14220 loss=0.0197
epoch=18 step=14240 loss=0.0964
epoch=18 step=14260 loss=0.1698
epoch=18 step=14280 loss=0.0737
epoch=18 step=14300 loss=0.1897
epoch=18 step=14320 loss=0.0947
epoch=18 step=14340 loss=0.0636
epoch=18 step=14360 loss=0.0380
epoch=18 step=14380 loss=0.0710
epoch=18 step=14400 loss=0.1100
validation step=14400 loss=0.1406
epoch=18 step=14420 loss=0.0558
epoch=18 step=14440 loss=0.0908
epoch=18 step=14460 loss=0.0462
epoch=18 step=14480 loss=0.0855
epoch=18 step=14500 loss=0.0845
epoch=18 step=14520 loss=0.1583
epoch=18 step=14540 loss=0.1015
epoch=18 step=14560 loss=0.1133
epoch=18 step=14580 loss=0.1808
epoch=18 step=14600 loss=0.2180
validation step=14600 loss=0.1353
validation epoch=18 loss=0.1430
Saved checkpoint: outputs/blt_gec_512x8/native/last.ckpt
epoch=19 step=14620 loss=0.0544
epoch=19 step=14640 loss=0.0307
epoch=19 step=14660 loss=0.0669
epoch=19 step=14680 loss=0.0302
epoch=19 step=14700 loss=0.0886
epoch=19 step=14720 loss=0.1149
epoch=19 step=14740 loss=0.1632
epoch=19 step=14760 loss=0.0298
epoch=19 step=14780 loss=0.0970
epoch=19 step=14800 loss=0.0675
validation step=14800 loss=0.1374
epoch=19 step=14820 loss=0.1248
epoch=19 step=14840 loss=0.0464
epoch=19 step=14860 loss=0.0915
epoch=19 step=14880 loss=0.0968
epoch=19 step=14900 loss=0.0458
epoch=19 step=14920 loss=0.1348
epoch=19 step=14940 loss=0.1027
epoch=19 step=14960 loss=0.0556
epoch=19 step=14980 loss=0.0745
epoch=19 step=15000 loss=0.1218
validation step=15000 loss=0.1458
epoch=19 step=15020 loss=0.0554
epoch=19 step=15040 loss=0.2116
epoch=19 step=15060 loss=0.0703
epoch=19 step=15080 loss=0.0556
epoch=19 step=15100 loss=0.1929
epoch=19 step=15120 loss=0.0512
epoch=19 step=15140 loss=0.0566
epoch=19 step=15160 loss=0.0908
epoch=19 step=15180 loss=0.1096
epoch=19 step=15200 loss=0.1398
validation step=15200 loss=0.1364
epoch=19 step=15220 loss=0.0658
epoch=19 step=15240 loss=0.0981
epoch=19 step=15260 loss=0.1269
epoch=19 step=15280 loss=0.1145
epoch=19 step=15300 loss=0.1311
epoch=19 step=15320 loss=0.0456
epoch=19 step=15340 loss=0.1163
epoch=19 step=15360 loss=0.0495
epoch=19 step=15380 loss=0.0323
validation epoch=19 loss=0.1312
Saved checkpoint: outputs/blt_gec_512x8/native/best.ckpt
Saved checkpoint: outputs/blt_gec_512x8/native/last.ckpt
epoch=20 step=15400 loss=0.1398
validation step=15400 loss=0.1400
epoch=20 step=15420 loss=0.0654
epoch=20 step=15440 loss=0.0735
epoch=20 step=15460 loss=0.0216
epoch=20 step=15480 loss=0.1255
epoch=20 step=15500 loss=0.0633
epoch=20 step=15520 loss=0.0293
epoch=20 step=15540 loss=0.2319
epoch=20 step=15560 loss=0.0941
epoch=20 step=15580 loss=0.0121
epoch=20 step=15600 loss=0.0523
validation step=15600 loss=0.1320
epoch=20 step=15620 loss=0.0940
epoch=20 step=15640 loss=0.0331
epoch=20 step=15660 loss=0.0956
epoch=20 step=15680 loss=0.1040
epoch=20 step=15700 loss=0.1201
epoch=20 step=15720 loss=0.0498
epoch=20 step=15740 loss=0.0292
epoch=20 step=15760 loss=0.0157
epoch=20 step=15780 loss=0.0709
epoch=20 step=15800 loss=0.0655
validation step=15800 loss=0.1424
epoch=20 step=15820 loss=0.0233
epoch=20 step=15840 loss=0.0625
epoch=20 step=15860 loss=0.0195
epoch=20 step=15880 loss=0.0517
epoch=20 step=15900 loss=0.0684
epoch=20 step=15920 loss=0.1022
epoch=20 step=15940 loss=0.0134
epoch=20 step=15960 loss=0.1171
epoch=20 step=15980 loss=0.1175
epoch=20 step=16000 loss=0.0825
validation step=16000 loss=0.1357
epoch=20 step=16020 loss=0.0154
epoch=20 step=16040 loss=0.2316
epoch=20 step=16060 loss=0.1067
epoch=20 step=16080 loss=0.0945
epoch=20 step=16100 loss=0.1660
epoch=20 step=16120 loss=0.0409
epoch=20 step=16140 loss=0.0239
validation epoch=20 loss=0.1476
Saved checkpoint: outputs/blt_gec_512x8/native/last.ckpt
epoch=21 step=16160 loss=0.0569
epoch=21 step=16180 loss=0.0293
epoch=21 step=16200 loss=0.0400
validation step=16200 loss=0.1376
epoch=21 step=16220 loss=0.0181
epoch=21 step=16240 loss=0.0812
Saved checkpoint: outputs/blt_gec_512x8/native/last.ckpt
epoch=21 step=16260 loss=0.0420
epoch=21 step=16280 loss=0.1014
epoch=21 step=16300 loss=0.0677
epoch=21 step=16320 loss=0.0314
epoch=21 step=16340 loss=0.0422
epoch=21 step=16360 loss=0.0401
epoch=21 step=16380 loss=0.0183
epoch=21 step=16400 loss=0.0952
validation step=16400 loss=0.1354
epoch=21 step=16420 loss=0.1224
epoch=21 step=16440 loss=0.0705
epoch=21 step=16460 loss=0.0492
epoch=21 step=16480 loss=0.0695
epoch=21 step=16500 loss=0.0398
epoch=21 step=16520 loss=0.0597
epoch=21 step=16540 loss=0.1500
epoch=21 step=16560 loss=0.0576
epoch=21 step=16580 loss=0.0896
epoch=21 step=16600 loss=0.0422
validation step=16600 loss=0.1371
epoch=21 step=16620 loss=0.0247
epoch=21 step=16640 loss=0.1202
epoch=21 step=16660 loss=0.0251
epoch=21 step=16680 loss=0.0888
epoch=21 step=16700 loss=0.0119
epoch=21 step=16720 loss=0.0447
epoch=21 step=16740 loss=0.0675
epoch=21 step=16760 loss=0.1053
epoch=21 step=16780 loss=0.1109
epoch=21 step=16800 loss=0.0356
validation step=16800 loss=0.1404
epoch=21 step=16820 loss=0.0957
epoch=21 step=16840 loss=0.1646
epoch=21 step=16860 loss=0.1055
epoch=21 step=16880 loss=0.0110
epoch=21 step=16900 loss=0.0625
validation epoch=21 loss=0.1288
Saved checkpoint: outputs/blt_gec_512x8/native/best.ckpt
Saved checkpoint: outputs/blt_gec_512x8/native/last.ckpt
epoch=22 step=16920 loss=0.0377
epoch=22 step=16940 loss=0.0169
epoch=22 step=16960 loss=0.0720
epoch=22 step=16980 loss=0.0905
epoch=22 step=17000 loss=0.1956
validation step=17000 loss=0.1439
epoch=22 step=17020 loss=0.0420
epoch=22 step=17040 loss=0.0423
epoch=22 step=17060 loss=0.1055
epoch=22 step=17080 loss=0.0746
epoch=22 step=17100 loss=0.0295
epoch=22 step=17120 loss=0.0596
epoch=22 step=17140 loss=0.0730
epoch=22 step=17160 loss=0.0714
epoch=22 step=17180 loss=0.0227
epoch=22 step=17200 loss=0.0609
validation step=17200 loss=0.1426
epoch=22 step=17220 loss=0.0686
epoch=22 step=17240 loss=0.1894
epoch=22 step=17260 loss=0.0616
epoch=22 step=17280 loss=0.0446
epoch=22 step=17300 loss=0.0356
epoch=22 step=17320 loss=0.0315
epoch=22 step=17340 loss=0.0799
epoch=22 step=17360 loss=0.0529
epoch=22 step=17380 loss=0.0754
epoch=22 step=17400 loss=0.1796
validation step=17400 loss=0.1387
epoch=22 step=17420 loss=0.0293
epoch=22 step=17440 loss=0.0590
epoch=22 step=17460 loss=0.0831
epoch=22 step=17480 loss=0.0656
epoch=22 step=17500 loss=0.0916
epoch=22 step=17520 loss=0.1124
epoch=22 step=17540 loss=0.0433
epoch=22 step=17560 loss=0.0308
epoch=22 step=17580 loss=0.0295
epoch=22 step=17600 loss=0.0972
validation step=17600 loss=0.1335
epoch=22 step=17620 loss=0.0739
epoch=22 step=17640 loss=0.1152
epoch=22 step=17660 loss=0.0519
epoch=22 step=17680 loss=0.0897
validation epoch=22 loss=0.1381
Saved checkpoint: outputs/blt_gec_512x8/native/last.ckpt
epoch=23 step=17700 loss=0.0767
epoch=23 step=17720 loss=0.0109
epoch=23 step=17740 loss=0.0167
epoch=23 step=17760 loss=0.0724
epoch=23 step=17780 loss=0.1017
epoch=23 step=17800 loss=0.1295
validation step=17800 loss=0.1449
epoch=23 step=17820 loss=0.0827
epoch=23 step=17840 loss=0.0172
epoch=23 step=17860 loss=0.0812
epoch=23 step=17880 loss=0.0460
epoch=23 step=17900 loss=0.0845
epoch=23 step=17920 loss=0.0423
epoch=23 step=17940 loss=0.0309
epoch=23 step=17960 loss=0.0089
epoch=23 step=17980 loss=0.0256
epoch=23 step=18000 loss=0.1376
validation step=18000 loss=0.1419
epoch=23 step=18020 loss=0.1622
epoch=23 step=18040 loss=0.0339
epoch=23 step=18060 loss=0.0366
epoch=23 step=18080 loss=0.1290
epoch=23 step=18100 loss=0.0968
epoch=23 step=18120 loss=0.0839
epoch=23 step=18140 loss=0.0490
epoch=23 step=18160 loss=0.0158
epoch=23 step=18180 loss=0.0683
epoch=23 step=18200 loss=0.0399
validation step=18200 loss=0.1351
epoch=23 step=18220 loss=0.0782
epoch=23 step=18240 loss=0.0803
epoch=23 step=18260 loss=0.0472
epoch=23 step=18280 loss=0.0078
epoch=23 step=18300 loss=0.0588
epoch=23 step=18320 loss=0.0157
epoch=23 step=18340 loss=0.0566
epoch=23 step=18360 loss=0.1268
epoch=23 step=18380 loss=0.1097
epoch=23 step=18400 loss=0.0840
validation step=18400 loss=0.1358
epoch=23 step=18420 loss=0.0725
epoch=23 step=18440 loss=0.0123
validation epoch=23 loss=0.1362
Saved checkpoint: outputs/blt_gec_512x8/native/last.ckpt
epoch=24 step=18460 loss=0.0187
epoch=24 step=18480 loss=0.0809
epoch=24 step=18500 loss=0.0055
epoch=24 step=18520 loss=0.0093
epoch=24 step=18540 loss=0.0618
epoch=24 step=18560 loss=0.0285
epoch=24 step=18580 loss=0.0304
epoch=24 step=18600 loss=0.0354
validation step=18600 loss=0.1412
epoch=24 step=18620 loss=0.0990
epoch=24 step=18640 loss=0.0409
epoch=24 step=18660 loss=0.0532
epoch=24 step=18680 loss=0.0312
epoch=24 step=18700 loss=0.1307
epoch=24 step=18720 loss=0.1189
epoch=24 step=18740 loss=0.0381
epoch=24 step=18760 loss=0.1266
epoch=24 step=18780 loss=0.0579
epoch=24 step=18800 loss=0.0305
validation step=18800 loss=0.1440
epoch=24 step=18820 loss=0.0145
epoch=24 step=18840 loss=0.0577
epoch=24 step=18860 loss=0.0681
epoch=24 step=18880 loss=0.1100
epoch=24 step=18900 loss=0.0433
epoch=24 step=18920 loss=0.0491
epoch=24 step=18940 loss=0.0076
epoch=24 step=18960 loss=0.2295
epoch=24 step=18980 loss=0.0448
epoch=24 step=19000 loss=0.0920
validation step=19000 loss=0.1397
epoch=24 step=19020 loss=0.1199
epoch=24 step=19040 loss=0.0124
epoch=24 step=19060 loss=0.0541
epoch=24 step=19080 loss=0.0885
epoch=24 step=19100 loss=0.0707
epoch=24 step=19120 loss=0.0339
epoch=24 step=19140 loss=0.0239
epoch=24 step=19160 loss=0.0927
epoch=24 step=19180 loss=0.0703
epoch=24 step=19200 loss=0.0419
validation step=19200 loss=0.1426
epoch=24 step=19220 loss=0.0877
validation epoch=24 loss=0.1408
Saved checkpoint: outputs/blt_gec_512x8/native/last.ckpt
epoch=25 step=19240 loss=0.0712
epoch=25 step=19260 loss=0.0364
epoch=25 step=19280 loss=0.0776
epoch=25 step=19300 loss=0.0964
epoch=25 step=19320 loss=0.0776
epoch=25 step=19340 loss=0.0931
epoch=25 step=19360 loss=0.0610
epoch=25 step=19380 loss=0.0573
epoch=25 step=19400 loss=0.0198
validation step=19400 loss=0.1478
epoch=25 step=19420 loss=0.0912
epoch=25 step=19440 loss=0.0421
epoch=25 step=19460 loss=0.0784
epoch=25 step=19480 loss=0.0107
epoch=25 step=19500 loss=0.0788
epoch=25 step=19520 loss=0.0312
epoch=25 step=19540 loss=0.0153
epoch=25 step=19560 loss=0.0367
epoch=25 step=19580 loss=0.0306
epoch=25 step=19600 loss=0.0560
validation step=19600 loss=0.1445
epoch=25 step=19620 loss=0.0587
epoch=25 step=19640 loss=0.0765
epoch=25 step=19660 loss=0.0582
epoch=25 step=19680 loss=0.0134
epoch=25 step=19700 loss=0.0981
epoch=25 step=19720 loss=0.0561
epoch=25 step=19740 loss=0.0546
epoch=25 step=19760 loss=0.0583
epoch=25 step=19780 loss=0.0133
epoch=25 step=19800 loss=0.0611
validation step=19800 loss=0.1475
epoch=25 step=19820 loss=0.0551
epoch=25 step=19840 loss=0.0632
epoch=25 step=19860 loss=0.0606
epoch=25 step=19880 loss=0.0174
epoch=25 step=19900 loss=0.0230
epoch=25 step=19920 loss=0.0103
epoch=25 step=19940 loss=0.0629
epoch=25 step=19960 loss=0.0430
epoch=25 step=19980 loss=0.0901
validation epoch=25 loss=0.1460
Saved checkpoint: outputs/blt_gec_512x8/native/last.ckpt
epoch=26 step=20000 loss=0.0409
validation step=20000 loss=0.1483
epoch=26 step=20020 loss=0.0877
epoch=26 step=20040 loss=0.0463
epoch=26 step=20060 loss=0.0631
epoch=26 step=20080 loss=0.0269
epoch=26 step=20100 loss=0.0425
epoch=26 step=20120 loss=0.0749
epoch=26 step=20140 loss=0.0946
epoch=26 step=20160 loss=0.0477
epoch=26 step=20180 loss=0.1082
epoch=26 step=20200 loss=0.0715
validation step=20200 loss=0.1490
epoch=26 step=20220 loss=0.0100
epoch=26 step=20240 loss=0.0399
epoch=26 step=20260 loss=0.0292
epoch=26 step=20280 loss=0.0278
epoch=26 step=20300 loss=0.0872
epoch=26 step=20320 loss=0.0624
epoch=26 step=20340 loss=0.0321
epoch=26 step=20360 loss=0.0201
epoch=26 step=20380 loss=0.1567
epoch=26 step=20400 loss=0.0615
validation step=20400 loss=0.1422
epoch=26 step=20420 loss=0.0352
epoch=26 step=20440 loss=0.1313
epoch=26 step=20460 loss=0.0227
epoch=26 step=20480 loss=0.0203
epoch=26 step=20500 loss=0.0659
epoch=26 step=20520 loss=0.0128
epoch=26 step=20540 loss=0.0483
epoch=26 step=20560 loss=0.0509
epoch=26 step=20580 loss=0.0214
epoch=26 step=20600 loss=0.0240
validation step=20600 loss=0.1435
epoch=26 step=20620 loss=0.0503
epoch=26 step=20640 loss=0.0353
epoch=26 step=20660 loss=0.0561
epoch=26 step=20680 loss=0.0376
epoch=26 step=20700 loss=0.0240
epoch=26 step=20720 loss=0.0739
epoch=26 step=20740 loss=0.0131
epoch=26 step=20760 loss=0.0809
validation epoch=26 loss=0.1404
Saved checkpoint: outputs/blt_gec_512x8/native/last.ckpt
epoch=27 step=20780 loss=0.0562
epoch=27 step=20800 loss=0.1126
validation step=20800 loss=0.1488
epoch=27 step=20820 loss=0.0517
epoch=27 step=20840 loss=0.0165
epoch=27 step=20860 loss=0.0266
epoch=27 step=20880 loss=0.0423
epoch=27 step=20900 loss=0.1022
epoch=27 step=20920 loss=0.0253
epoch=27 step=20940 loss=0.0511
epoch=27 step=20960 loss=0.1308
epoch=27 step=20980 loss=0.0357
epoch=27 step=21000 loss=0.0115
validation step=21000 loss=0.1528
epoch=27 step=21020 loss=0.0451
epoch=27 step=21040 loss=0.0256
epoch=27 step=21060 loss=0.0572
epoch=27 step=21080 loss=0.0301
epoch=27 step=21100 loss=0.1149
epoch=27 step=21120 loss=0.0981
epoch=27 step=21140 loss=0.0140
epoch=27 step=21160 loss=0.0245
epoch=27 step=21180 loss=0.0955
epoch=27 step=21200 loss=0.0973
validation step=21200 loss=0.1501
epoch=27 step=21220 loss=0.0205
epoch=27 step=21240 loss=0.0465
epoch=27 step=21260 loss=0.0657
epoch=27 step=21280 loss=0.0248
epoch=27 step=21300 loss=0.0765
epoch=27 step=21320 loss=0.0491
epoch=27 step=21340 loss=0.0526
epoch=27 step=21360 loss=0.0768
epoch=27 step=21380 loss=0.0740
epoch=27 step=21400 loss=0.0283
validation step=21400 loss=0.1460
epoch=27 step=21420 loss=0.0448
epoch=27 step=21440 loss=0.0270
epoch=27 step=21460 loss=0.0392
epoch=27 step=21480 loss=0.0080
epoch=27 step=21500 loss=0.1411
epoch=27 step=21520 loss=0.0246
validation epoch=27 loss=0.1424
Saved checkpoint: outputs/blt_gec_512x8/native/last.ckpt
epoch=28 step=21540 loss=0.0596
epoch=28 step=21560 loss=0.0510
epoch=28 step=21580 loss=0.0198
epoch=28 step=21600 loss=0.0757
validation step=21600 loss=0.1503
epoch=28 step=21620 loss=0.0701
epoch=28 step=21640 loss=0.0406
epoch=28 step=21660 loss=0.0844
epoch=28 step=21680 loss=0.0424
epoch=28 step=21700 loss=0.0056
epoch=28 step=21720 loss=0.0134
epoch=28 step=21740 loss=0.0323
epoch=28 step=21760 loss=0.0339
epoch=28 step=21780 loss=0.0514
epoch=28 step=21800 loss=0.0363
validation step=21800 loss=0.1482
epoch=28 step=21820 loss=0.0203
epoch=28 step=21840 loss=0.0085
epoch=28 step=21860 loss=0.0999
epoch=28 step=21880 loss=0.0580
epoch=28 step=21900 loss=0.0036
epoch=28 step=21920 loss=0.0271
epoch=28 step=21940 loss=0.0524
epoch=28 step=21960 loss=0.0440
epoch=28 step=21980 loss=0.0479
epoch=28 step=22000 loss=0.0524
validation step=22000 loss=0.1457
epoch=28 step=22020 loss=0.0366
epoch=28 step=22040 loss=0.0422
epoch=28 step=22060 loss=0.1153
epoch=28 step=22080 loss=0.0263
epoch=28 step=22100 loss=0.0357
epoch=28 step=22120 loss=0.0441
epoch=28 step=22140 loss=0.0094
epoch=28 step=22160 loss=0.0138
epoch=28 step=22180 loss=0.0440
epoch=28 step=22200 loss=0.0182
validation step=22200 loss=0.1459
epoch=28 step=22220 loss=0.0215
epoch=28 step=22240 loss=0.0601
epoch=28 step=22260 loss=0.0210
epoch=28 step=22280 loss=0.0282
epoch=28 step=22300 loss=0.0170
validation epoch=28 loss=0.1513
Saved checkpoint: outputs/blt_gec_512x8/native/last.ckpt
epoch=29 step=22320 loss=0.0635
epoch=29 step=22340 loss=0.0476
epoch=29 step=22360 loss=0.0215
epoch=29 step=22380 loss=0.0331
epoch=29 step=22400 loss=0.0274
validation step=22400 loss=0.1545
epoch=29 step=22420 loss=0.0136
epoch=29 step=22440 loss=0.0161
epoch=29 step=22460 loss=0.0071
epoch=29 step=22480 loss=0.0218
epoch=29 step=22500 loss=0.0717
epoch=29 step=22520 loss=0.0512
epoch=29 step=22540 loss=0.0061
epoch=29 step=22560 loss=0.0768
epoch=29 step=22580 loss=0.0422
epoch=29 step=22600 loss=0.0737
validation step=22600 loss=0.1571
epoch=29 step=22620 loss=0.0448
epoch=29 step=22640 loss=0.0379
epoch=29 step=22660 loss=0.0234
epoch=29 step=22680 loss=0.0467
epoch=29 step=22700 loss=0.0327
epoch=29 step=22720 loss=0.0148
epoch=29 step=22740 loss=0.1670
epoch=29 step=22760 loss=0.0168
epoch=29 step=22780 loss=0.0094
epoch=29 step=22800 loss=0.0067
validation step=22800 loss=0.1472
epoch=29 step=22820 loss=0.0631
epoch=29 step=22840 loss=0.0445
epoch=29 step=22860 loss=0.0602
epoch=29 step=22880 loss=0.0409
epoch=29 step=22900 loss=0.0503
epoch=29 step=22920 loss=0.0719
epoch=29 step=22940 loss=0.0703
epoch=29 step=22960 loss=0.0449
epoch=29 step=22980 loss=0.0531
epoch=29 step=23000 loss=0.0261
validation step=23000 loss=0.1488
epoch=29 step=23020 loss=0.0817
epoch=29 step=23040 loss=0.0041
epoch=29 step=23060 loss=0.0345
validation epoch=29 loss=0.1502
Saved checkpoint: outputs/blt_gec_512x8/native/last.ckpt
epoch=30 step=23080 loss=0.0089
epoch=30 step=23100 loss=0.0414
epoch=30 step=23120 loss=0.0178
epoch=30 step=23140 loss=0.0176
epoch=30 step=23160 loss=0.0397
epoch=30 step=23180 loss=0.0392
epoch=30 step=23200 loss=0.0127
validation step=23200 loss=0.1501
epoch=30 step=23220 loss=0.0888
epoch=30 step=23240 loss=0.0527
epoch=30 step=23260 loss=0.0047
epoch=30 step=23280 loss=0.0580
epoch=30 step=23300 loss=0.0302
epoch=30 step=23320 loss=0.0360
epoch=30 step=23340 loss=0.0246
epoch=30 step=23360 loss=0.0597
epoch=30 step=23380 loss=0.0027
epoch=30 step=23400 loss=0.0400
validation step=23400 loss=0.1506
epoch=30 step=23420 loss=0.0254
epoch=30 step=23440 loss=0.0241
epoch=30 step=23460 loss=0.0337
epoch=30 step=23480 loss=0.0279
epoch=30 step=23500 loss=0.0749
epoch=30 step=23520 loss=0.0931
epoch=30 step=23540 loss=0.0059
epoch=30 step=23560 loss=0.0102
epoch=30 step=23580 loss=0.1207
epoch=30 step=23600 loss=0.0110
validation step=23600 loss=0.1458
epoch=30 step=23620 loss=0.0718
epoch=30 step=23640 loss=0.0177
epoch=30 step=23660 loss=0.0631
epoch=30 step=23680 loss=0.0160
epoch=30 step=23700 loss=0.0331
epoch=30 step=23720 loss=0.0245
epoch=30 step=23740 loss=0.0682
epoch=30 step=23760 loss=0.0170
epoch=30 step=23780 loss=0.0216
epoch=30 step=23800 loss=0.1266
validation step=23800 loss=0.1469
epoch=30 step=23820 loss=0.0263
validation epoch=30 loss=0.1511
Saved checkpoint: outputs/blt_gec_512x8/native/last.ckpt
epoch=31 step=23840 loss=0.0343
epoch=31 step=23860 loss=0.0447
epoch=31 step=23880 loss=0.0251
epoch=31 step=23900 loss=0.0464
epoch=31 step=23920 loss=0.0319
epoch=31 step=23940 loss=0.0574
epoch=31 step=23960 loss=0.0159
epoch=31 step=23980 loss=0.0029
epoch=31 step=24000 loss=0.0019
validation step=24000 loss=0.1532
epoch=31 step=24020 loss=0.0313
epoch=31 step=24040 loss=0.0769
epoch=31 step=24060 loss=0.0549
epoch=31 step=24080 loss=0.0451
epoch=31 step=24100 loss=0.0379
epoch=31 step=24120 loss=0.0289
epoch=31 step=24140 loss=0.0297
epoch=31 step=24160 loss=0.0069
epoch=31 step=24180 loss=0.0137
epoch=31 step=24200 loss=0.0454
validation step=24200 loss=0.1559
epoch=31 step=24220 loss=0.0181
epoch=31 step=24240 loss=0.0589
epoch=31 step=24260 loss=0.0244
epoch=31 step=24280 loss=0.0115
epoch=31 step=24300 loss=0.0783
epoch=31 step=24320 loss=0.1082
epoch=31 step=24340 loss=0.0242
epoch=31 step=24360 loss=0.0411
epoch=31 step=24380 loss=0.0061
epoch=31 step=24400 loss=0.0102
validation step=24400 loss=0.1560
epoch=31 step=24420 loss=0.0237
epoch=31 step=24440 loss=0.0899
epoch=31 step=24460 loss=0.0147
epoch=31 step=24480 loss=0.0950
epoch=31 step=24500 loss=0.0408
epoch=31 step=24520 loss=0.0277
epoch=31 step=24540 loss=0.0267
epoch=31 step=24560 loss=0.0156
epoch=31 step=24580 loss=0.0058
epoch=31 step=24600 loss=0.0127
validation step=24600 loss=0.1523
validation epoch=31 loss=0.1508
Saved checkpoint: outputs/blt_gec_512x8/native/last.ckpt
epoch=32 step=24620 loss=0.0307
epoch=32 step=24640 loss=0.0629
epoch=32 step=24660 loss=0.0039
epoch=32 step=24680 loss=0.0022
epoch=32 step=24700 loss=0.0321
epoch=32 step=24720 loss=0.0546
epoch=32 step=24740 loss=0.0109
epoch=32 step=24760 loss=0.0564
epoch=32 step=24780 loss=0.0263
epoch=32 step=24800 loss=0.0575
validation step=24800 loss=0.1538
epoch=32 step=24820 loss=0.0540
epoch=32 step=24840 loss=0.0152
epoch=32 step=24860 loss=0.0231
epoch=32 step=24880 loss=0.0537
epoch=32 step=24900 loss=0.0244
epoch=32 step=24920 loss=0.0134
epoch=32 step=24940 loss=0.0318
epoch=32 step=24960 loss=0.0296
epoch=32 step=24980 loss=0.0143
epoch=32 step=25000 loss=0.0791
validation step=25000 loss=0.1614
epoch=32 step=25020 loss=0.0167
epoch=32 step=25040 loss=0.0105
epoch=32 step=25060 loss=0.0115
epoch=32 step=25080 loss=0.0886
epoch=32 step=25100 loss=0.0170
epoch=32 step=25120 loss=0.0672
epoch=32 step=25140 loss=0.1158
epoch=32 step=25160 loss=0.0283
epoch=32 step=25180 loss=0.0013
epoch=32 step=25200 loss=0.0559
validation step=25200 loss=0.1528
epoch=32 step=25220 loss=0.0416
epoch=32 step=25240 loss=0.0084
epoch=32 step=25260 loss=0.0609
epoch=32 step=25280 loss=0.0629
epoch=32 step=25300 loss=0.0442
epoch=32 step=25320 loss=0.0213
epoch=32 step=25340 loss=0.0486
epoch=32 step=25360 loss=0.0247
validation epoch=32 loss=0.1487
Saved checkpoint: outputs/blt_gec_512x8/native/last.ckpt
epoch=33 step=25380 loss=0.0097
epoch=33 step=25400 loss=0.0132
validation step=25400 loss=0.1541
epoch=33 step=25420 loss=0.0166
epoch=33 step=25440 loss=0.0543
epoch=33 step=25460 loss=0.0594
epoch=33 step=25480 loss=0.0248
epoch=33 step=25500 loss=0.0182
epoch=33 step=25520 loss=0.0582
epoch=33 step=25540 loss=0.0219
epoch=33 step=25560 loss=0.0237
Saved checkpoint: outputs/blt_gec_512x8/native/last.ckpt
epoch=33 step=25580 loss=0.0411
epoch=33 step=25600 loss=0.0349
validation step=25600 loss=0.1564
epoch=33 step=25620 loss=0.0256
epoch=33 step=25640 loss=0.0631
epoch=33 step=25660 loss=0.1228
epoch=33 step=25680 loss=0.0081
epoch=33 step=25700 loss=0.0268
epoch=33 step=25720 loss=0.0126
epoch=33 step=25740 loss=0.0462
epoch=33 step=25760 loss=0.0526
epoch=33 step=25780 loss=0.0105
epoch=33 step=25800 loss=0.0311
validation step=25800 loss=0.1573
epoch=33 step=25820 loss=0.0264
epoch=33 step=25840 loss=0.0246
epoch=33 step=25860 loss=0.0207
epoch=33 step=25880 loss=0.0102
epoch=33 step=25900 loss=0.0212
epoch=33 step=25920 loss=0.0265
epoch=33 step=25940 loss=0.0253
epoch=33 step=25960 loss=0.0230
epoch=33 step=25980 loss=0.0642
epoch=33 step=26000 loss=0.0334
validation step=26000 loss=0.1552
epoch=33 step=26020 loss=0.0816
epoch=33 step=26040 loss=0.0114
epoch=33 step=26060 loss=0.0394
epoch=33 step=26080 loss=0.0037
epoch=33 step=26100 loss=0.0482
epoch=33 step=26120 loss=0.0374
epoch=33 step=26140 loss=0.0321
validation epoch=33 loss=0.1547
Saved checkpoint: outputs/blt_gec_512x8/native/last.ckpt
epoch=34 step=26160 loss=0.0379
epoch=34 step=26180 loss=0.0086
epoch=34 step=26200 loss=0.0102
validation step=26200 loss=0.1580
epoch=34 step=26220 loss=0.0129
epoch=34 step=26240 loss=0.0397
epoch=34 step=26260 loss=0.0205
epoch=34 step=26280 loss=0.0429
epoch=34 step=26300 loss=0.0354
epoch=34 step=26320 loss=0.0400
epoch=34 step=26340 loss=0.0513
epoch=34 step=26360 loss=0.0062
epoch=34 step=26380 loss=0.0149
epoch=34 step=26400 loss=0.0205
validation step=26400 loss=0.1537
epoch=34 step=26420 loss=0.0127
epoch=34 step=26440 loss=0.0264
epoch=34 step=26460 loss=0.0328
epoch=34 step=26480 loss=0.0159
epoch=34 step=26500 loss=0.0284
epoch=34 step=26520 loss=0.0054
epoch=34 step=26540 loss=0.0267
epoch=34 step=26560 loss=0.0553
epoch=34 step=26580 loss=0.0457
epoch=34 step=26600 loss=0.0126
validation step=26600 loss=0.1614
epoch=34 step=26620 loss=0.0819
epoch=34 step=26640 loss=0.0102
epoch=34 step=26660 loss=0.0428
epoch=34 step=26680 loss=0.0157
epoch=34 step=26700 loss=0.0163
epoch=34 step=26720 loss=0.0357
epoch=34 step=26740 loss=0.0383
epoch=34 step=26760 loss=0.0045
epoch=34 step=26780 loss=0.0408
epoch=34 step=26800 loss=0.0176
validation step=26800 loss=0.1573
epoch=34 step=26820 loss=0.0337
epoch=34 step=26840 loss=0.0118
epoch=34 step=26860 loss=0.0603
epoch=34 step=26880 loss=0.0333
epoch=34 step=26900 loss=0.0133
validation epoch=34 loss=0.1512
Saved checkpoint: outputs/blt_gec_512x8/native/last.ckpt
epoch=35 step=26920 loss=0.0233
epoch=35 step=26940 loss=0.0035
epoch=35 step=26960 loss=0.0369
epoch=35 step=26980 loss=0.0278
epoch=35 step=27000 loss=0.0076
validation step=27000 loss=0.1605
epoch=35 step=27020 loss=0.0236
epoch=35 step=27040 loss=0.0623
epoch=35 step=27060 loss=0.0028
epoch=35 step=27080 loss=0.0141
epoch=35 step=27100 loss=0.0301
epoch=35 step=27120 loss=0.0151
epoch=35 step=27140 loss=0.0314
epoch=35 step=27160 loss=0.0122
epoch=35 step=27180 loss=0.0167
epoch=35 step=27200 loss=0.0278
validation step=27200 loss=0.1562
epoch=35 step=27220 loss=0.0126
epoch=35 step=27240 loss=0.0669
epoch=35 step=27260 loss=0.0130
epoch=35 step=27280 loss=0.0370
epoch=35 step=27300 loss=0.0055
epoch=35 step=27320 loss=0.0180
epoch=35 step=27340 loss=0.0356
epoch=35 step=27360 loss=0.0152
epoch=35 step=27380 loss=0.0407
epoch=35 step=27400 loss=0.0201
validation step=27400 loss=0.1609
epoch=35 step=27420 loss=0.0139
epoch=35 step=27440 loss=0.0680
epoch=35 step=27460 loss=0.0069
epoch=35 step=27480 loss=0.1050
epoch=35 step=27500 loss=0.0036
epoch=35 step=27520 loss=0.0062
epoch=35 step=27540 loss=0.0220
epoch=35 step=27560 loss=0.0219
epoch=35 step=27580 loss=0.0016
epoch=35 step=27600 loss=0.0579
validation step=27600 loss=0.1617
epoch=35 step=27620 loss=0.0070
epoch=35 step=27640 loss=0.0345
epoch=35 step=27660 loss=0.0411
epoch=35 step=27680 loss=0.0427
validation epoch=35 loss=0.1572
Saved checkpoint: outputs/blt_gec_512x8/native/last.ckpt
epoch=36 step=27700 loss=0.0053
epoch=36 step=27720 loss=0.0222
epoch=36 step=27740 loss=0.0079
epoch=36 step=27760 loss=0.0297
epoch=36 step=27780 loss=0.0161
epoch=36 step=27800 loss=0.0280
validation step=27800 loss=0.1642
epoch=36 step=27820 loss=0.0627
epoch=36 step=27840 loss=0.0326
epoch=36 step=27860 loss=0.0476
epoch=36 step=27880 loss=0.0375
epoch=36 step=27900 loss=0.0302
epoch=36 step=27920 loss=0.0305
epoch=36 step=27940 loss=0.0228
epoch=36 step=27960 loss=0.0335
epoch=36 step=27980 loss=0.0189
epoch=36 step=28000 loss=0.0104
validation step=28000 loss=0.1607
epoch=36 step=28020 loss=0.0516
epoch=36 step=28040 loss=0.0104
epoch=36 step=28060 loss=0.0010
epoch=36 step=28080 loss=0.0145
epoch=36 step=28100 loss=0.0481
epoch=36 step=28120 loss=0.0147
epoch=36 step=28140 loss=0.0182
epoch=36 step=28160 loss=0.0175
epoch=36 step=28180 loss=0.0469
epoch=36 step=28200 loss=0.0049
validation step=28200 loss=0.1552
epoch=36 step=28220 loss=0.0512
epoch=36 step=28240 loss=0.0079
epoch=36 step=28260 loss=0.0249
epoch=36 step=28280 loss=0.0185
epoch=36 step=28300 loss=0.0418
epoch=36 step=28320 loss=0.0530
epoch=36 step=28340 loss=0.0219
epoch=36 step=28360 loss=0.0160
epoch=36 step=28380 loss=0.0370
epoch=36 step=28400 loss=0.0101
validation step=28400 loss=0.1593
epoch=36 step=28420 loss=0.0205
epoch=36 step=28440 loss=0.0369
validation epoch=36 loss=0.1613
Saved checkpoint: outputs/blt_gec_512x8/native/last.ckpt
epoch=37 step=28460 loss=0.0264
epoch=37 step=28480 loss=0.0369
epoch=37 step=28500 loss=0.0404
epoch=37 step=28520 loss=0.0115
epoch=37 step=28540 loss=0.0281
epoch=37 step=28560 loss=0.0317
epoch=37 step=28580 loss=0.0306
epoch=37 step=28600 loss=0.0476
validation step=28600 loss=0.1620
epoch=37 step=28620 loss=0.0280
epoch=37 step=28640 loss=0.0292
epoch=37 step=28660 loss=0.0342
epoch=37 step=28680 loss=0.0246
epoch=37 step=28700 loss=0.0044
epoch=37 step=28720 loss=0.0265
epoch=37 step=28740 loss=0.0077
epoch=37 step=28760 loss=0.0415
epoch=37 step=28780 loss=0.0242
epoch=37 step=28800 loss=0.0244
validation step=28800 loss=0.1603
epoch=37 step=28820 loss=0.0177
epoch=37 step=28840 loss=0.0090
epoch=37 step=28860 loss=0.0266
epoch=37 step=28880 loss=0.0580
epoch=37 step=28900 loss=0.0252
epoch=37 step=28920 loss=0.0542
epoch=37 step=28940 loss=0.0481
epoch=37 step=28960 loss=0.0636
epoch=37 step=28980 loss=0.0186
epoch=37 step=29000 loss=0.0102
validation step=29000 loss=0.1634
epoch=37 step=29020 loss=0.0316
epoch=37 step=29040 loss=0.0314
epoch=37 step=29060 loss=0.0033
epoch=37 step=29080 loss=0.0152
epoch=37 step=29100 loss=0.0705
epoch=37 step=29120 loss=0.0198
epoch=37 step=29140 loss=0.0148
epoch=37 step=29160 loss=0.0359
epoch=37 step=29180 loss=0.0292
epoch=37 step=29200 loss=0.0406
validation step=29200 loss=0.1593
epoch=37 step=29220 loss=0.0182
validation epoch=37 loss=0.1507
Saved checkpoint: outputs/blt_gec_512x8/native/last.ckpt
epoch=38 step=29240 loss=0.0378
epoch=38 step=29260 loss=0.0163
epoch=38 step=29280 loss=0.0124
epoch=38 step=29300 loss=0.0232
epoch=38 step=29320 loss=0.0236
epoch=38 step=29340 loss=0.0172
epoch=38 step=29360 loss=0.0419
epoch=38 step=29380 loss=0.0007
epoch=38 step=29400 loss=0.0135
validation step=29400 loss=0.1678
epoch=38 step=29420 loss=0.0232
epoch=38 step=29440 loss=0.0246
epoch=38 step=29460 loss=0.0084
epoch=38 step=29480 loss=0.0385
epoch=38 step=29500 loss=0.0611
epoch=38 step=29520 loss=0.0312
epoch=38 step=29540 loss=0.0171
epoch=38 step=29560 loss=0.0387
epoch=38 step=29580 loss=0.0105
epoch=38 step=29600 loss=0.0029
validation step=29600 loss=0.1687
epoch=38 step=29620 loss=0.0399
epoch=38 step=29640 loss=0.0234
epoch=38 step=29660 loss=0.0247
epoch=38 step=29680 loss=0.0362
epoch=38 step=29700 loss=0.0021
epoch=38 step=29720 loss=0.0488
epoch=38 step=29740 loss=0.0142
epoch=38 step=29760 loss=0.0199
epoch=38 step=29780 loss=0.0071
epoch=38 step=29800 loss=0.0175
validation step=29800 loss=0.1616
epoch=38 step=29820 loss=0.0130
epoch=38 step=29840 loss=0.0334
epoch=38 step=29860 loss=0.0292
epoch=38 step=29880 loss=0.0707
epoch=38 step=29900 loss=0.0474
epoch=38 step=29920 loss=0.0119
epoch=38 step=29940 loss=0.0063
epoch=38 step=29960 loss=0.0297
epoch=38 step=29980 loss=0.0105
validation epoch=38 loss=0.1577
Saved checkpoint: outputs/blt_gec_512x8/native/last.ckpt
epoch=39 step=30000 loss=0.0335
validation step=30000 loss=0.1584
epoch=39 step=30020 loss=0.0059
epoch=39 step=30040 loss=0.0077
epoch=39 step=30060 loss=0.0063
epoch=39 step=30080 loss=0.0487
epoch=39 step=30100 loss=0.0447
epoch=39 step=30120 loss=0.0122
epoch=39 step=30140 loss=0.0580
epoch=39 step=30160 loss=0.0196
epoch=39 step=30180 loss=0.0305
epoch=39 step=30200 loss=0.0271
validation step=30200 loss=0.1558
epoch=39 step=30220 loss=0.0106
epoch=39 step=30240 loss=0.0092
epoch=39 step=30260 loss=0.0160
epoch=39 step=30280 loss=0.0234
epoch=39 step=30300 loss=0.0064
epoch=39 step=30320 loss=0.0068
epoch=39 step=30340 loss=0.0251
epoch=39 step=30360 loss=0.0236
epoch=39 step=30380 loss=0.0141
epoch=39 step=30400 loss=0.0129
validation step=30400 loss=0.1613
epoch=39 step=30420 loss=0.1049
epoch=39 step=30440 loss=0.0012
epoch=39 step=30460 loss=0.0167
epoch=39 step=30480 loss=0.0126
epoch=39 step=30500 loss=0.0428
epoch=39 step=30520 loss=0.0304
epoch=39 step=30540 loss=0.0114
epoch=39 step=30560 loss=0.0720
epoch=39 step=30580 loss=0.0205
epoch=39 step=30600 loss=0.0085
validation step=30600 loss=0.1609
epoch=39 step=30620 loss=0.0279
epoch=39 step=30640 loss=0.0187
epoch=39 step=30660 loss=0.0310
epoch=39 step=30680 loss=0.0060
epoch=39 step=30700 loss=0.0304
epoch=39 step=30720 loss=0.0122
epoch=39 step=30740 loss=0.0102
epoch=39 step=30760 loss=0.0155
validation epoch=39 loss=0.1592
Saved checkpoint: outputs/blt_gec_512x8/native/last.ckpt
Training complete.
End Time: Sat Jun  6 23:46:55 KST 2026
