==========================================
SLURM_JOB_ID = 753723
SLURM_NODELIST = gpu55
==========================================
Job ID: 753723
Node: gpu55
CUDA_VISIBLE_DEVICES: 0
Start Time: Tue Jun  9 23:00:41 KST 2026
Submit Dir: /scratch/r984a02/PHDQ2
Partition: amd_a100nv_8
Requested GPUs: 1
Requested CPU cores per task: 4
Python: /home01/r984a02/.conda/envs/phdq_blt/bin/python
/home01/r984a02/.conda/envs/phdq_blt/lib/python3.12/site-packages/torch/cuda/__init__.py:61: FutureWarning: The pynvml package is deprecated. Please install nvidia-ml-py instead. If you did not install pynvml directly, please report this to the maintainers of the package that installed pynvml for you.
  import pynvml  # type: ignore[import]
Torch: 2.5.1+cu121
NumPy: 2.4.6
Visible CUDA device count: 1
/home01/r984a02/.conda/envs/phdq_blt/lib/python3.12/site-packages/torch/cuda/__init__.py:61: FutureWarning: The pynvml package is deprecated. Please install nvidia-ml-py instead. If you did not install pynvml directly, please report this to the maintainers of the package that installed pynvml for you.
  import pynvml  # type: ignore[import]
Reference BLT import path: /scratch/r984a02/PHDQ2/reference_code/blt
Checkpoint is loadable: outputs/blt_gec/union/last.ckpt
Resuming from explicit checkpoint: outputs/blt_gec/union/last.ckpt
Starting reference BLT-GEC fine-tuning on union dataset...
BLT lr: 1e-5
BLT weight_decay: 0.1
BLT Adam betas: (0.9, 0.95)
BLT scheduler: cosine
BLT warmup_steps: 2000
BLT num_beams: 4
BLT NUM_GPUS: 1
Device: cuda
Distributed: False rank=0 world_size=1
Backend: reference_blt
Reference BLT code: /scratch/r984a02/PHDQ2/reference_code/blt
BLT repo: facebook/blt-1b
Entropy repo: facebook/blt-entropy
Train: /scratch/r984a02/PHDQ2/data/Preprocessed/union/union_train.txt
Val:   /scratch/r984a02/PHDQ2/data/Preprocessed/union/union_val.txt
Test:  /scratch/r984a02/PHDQ2/data/Preprocessed/union/union_test.txt
Loaded checkpoint: outputs/blt_gec/union/last.ckpt (epoch=0, global_step=3168)
epoch=0 step=3170 loss=0.3701 elapsed=0.1m
epoch=0 step=3180 loss=0.0439 elapsed=0.3m
epoch=0 step=3190 loss=0.0732 elapsed=0.4m
epoch=0 step=3200 loss=0.0188 elapsed=0.6m
epoch=0 step=3210 loss=0.1855 elapsed=0.7m
epoch=0 step=3220 loss=0.4280 elapsed=0.8m
epoch=0 step=3230 loss=0.0261 elapsed=1.0m
epoch=0 step=3240 loss=0.2085 elapsed=1.1m
epoch=0 step=3250 loss=0.7106 elapsed=1.3m
epoch=0 step=3260 loss=0.3995 elapsed=1.4m
epoch=0 step=3270 loss=0.2921 elapsed=1.5m
epoch=0 step=3280 loss=0.6128 elapsed=1.7m
epoch=0 step=3290 loss=0.0485 elapsed=1.8m
epoch=0 step=3300 loss=0.2965 elapsed=2.0m
epoch=0 step=3310 loss=0.5317 elapsed=2.1m
epoch=0 step=3320 loss=0.0998 elapsed=2.2m
epoch=0 step=3330 loss=0.1584 elapsed=2.4m
epoch=0 step=3340 loss=0.1272 elapsed=2.5m
epoch=0 step=3350 loss=0.2580 elapsed=2.6m
epoch=0 step=3360 loss=0.0356 elapsed=2.8m
epoch=0 step=3370 loss=0.3140 elapsed=2.9m
epoch=0 step=3380 loss=0.3109 elapsed=3.1m
epoch=0 step=3390 loss=0.2072 elapsed=3.2m
epoch=0 step=3400 loss=0.0476 elapsed=3.3m
epoch=0 step=3410 loss=0.0508 elapsed=3.5m
epoch=0 step=3420 loss=0.0354 elapsed=3.6m
epoch=0 step=3430 loss=0.3598 elapsed=3.8m
epoch=0 step=3440 loss=0.1330 elapsed=3.9m
epoch=0 step=3450 loss=0.2553 elapsed=4.0m
epoch=0 step=3460 loss=0.2989 elapsed=4.2m
epoch=0 step=3470 loss=0.2372 elapsed=4.3m
epoch=0 step=3480 loss=0.1869 elapsed=4.5m
epoch=0 step=3490 loss=0.1157 elapsed=4.6m
epoch=0 step=3500 loss=0.0587 elapsed=4.7m
epoch=0 step=3510 loss=0.1176 elapsed=4.9m
epoch=0 step=3520 loss=0.1718 elapsed=5.0m
epoch=0 step=3530 loss=0.0845 elapsed=5.1m
epoch=0 step=3540 loss=0.3511 elapsed=5.3m
epoch=0 step=3550 loss=0.3129 elapsed=5.4m
epoch=0 step=3560 loss=0.0831 elapsed=5.6m
epoch=0 step=3570 loss=0.0383 elapsed=5.7m
epoch=0 step=3580 loss=0.1543 elapsed=5.8m
epoch=0 step=3590 loss=0.1823 elapsed=6.0m
epoch=0 step=3600 loss=0.2877 elapsed=6.1m
epoch=0 step=3610 loss=0.2307 elapsed=6.3m
epoch=0 step=3620 loss=0.2140 elapsed=6.4m
epoch=0 step=3630 loss=0.2875 elapsed=6.5m
epoch=0 step=3640 loss=0.4436 elapsed=6.7m
epoch=0 step=3650 loss=0.4942 elapsed=6.8m
epoch=0 step=3660 loss=0.0343 elapsed=7.0m
epoch=0 step=3670 loss=0.0754 elapsed=7.1m
epoch=0 step=3680 loss=0.5202 elapsed=7.2m
epoch=0 step=3690 loss=0.2398 elapsed=7.4m
epoch=0 step=3700 loss=0.0403 elapsed=7.5m
epoch=0 step=3710 loss=0.1569 elapsed=7.6m
epoch=0 step=3720 loss=0.2034 elapsed=7.8m
epoch=0 step=3730 loss=0.1478 elapsed=7.9m
epoch=0 step=3740 loss=0.2095 elapsed=8.1m
epoch=0 step=3750 loss=0.1910 elapsed=8.2m
epoch=0 step=3760 loss=0.0723 elapsed=8.3m
epoch=0 step=3770 loss=0.1273 elapsed=8.5m
epoch=0 step=3780 loss=0.5277 elapsed=8.6m
epoch=0 step=3790 loss=0.0314 elapsed=8.8m
epoch=0 step=3800 loss=0.5240 elapsed=8.9m
epoch=0 step=3810 loss=0.0163 elapsed=9.0m
epoch=0 step=3820 loss=0.2692 elapsed=9.2m
epoch=0 step=3830 loss=0.3714 elapsed=9.3m
epoch=0 step=3840 loss=0.0879 elapsed=9.5m
epoch=0 step=3850 loss=0.0980 elapsed=9.6m
epoch=0 step=3860 loss=0.5237 elapsed=9.7m
epoch=0 step=3870 loss=0.0986 elapsed=9.9m
epoch=0 step=3880 loss=0.2381 elapsed=10.0m
epoch=0 step=3890 loss=0.0936 elapsed=10.1m
epoch=0 step=3900 loss=0.1055 elapsed=10.3m
epoch=0 step=3910 loss=0.2379 elapsed=10.4m
epoch=0 step=3920 loss=0.1824 elapsed=10.6m
epoch=0 step=3930 loss=0.2043 elapsed=10.7m
epoch=0 step=3940 loss=0.2581 elapsed=10.8m
epoch=0 step=3950 loss=0.0564 elapsed=11.0m
epoch=0 step=3960 loss=0.3047 elapsed=11.1m
epoch=0 step=3970 loss=0.2298 elapsed=11.3m
epoch=0 step=3980 loss=0.1657 elapsed=11.4m
epoch=0 step=3990 loss=0.0875 elapsed=11.5m
epoch=0 step=4000 loss=0.1272 elapsed=11.7m
epoch=0 step=4010 loss=0.0574 elapsed=11.8m
epoch=0 step=4020 loss=0.6883 elapsed=11.9m
epoch=0 step=4030 loss=0.1220 elapsed=12.1m
epoch=0 step=4040 loss=0.0446 elapsed=12.2m
epoch=0 step=4050 loss=0.1198 elapsed=12.4m
epoch=0 step=4060 loss=0.2769 elapsed=12.5m
epoch=0 step=4070 loss=0.3380 elapsed=12.6m
epoch=0 step=4080 loss=0.1843 elapsed=12.8m
epoch=0 step=4090 loss=0.1042 elapsed=12.9m
epoch=0 step=4100 loss=0.1792 elapsed=13.1m
epoch=0 step=4110 loss=0.0775 elapsed=13.2m
epoch=0 step=4120 loss=0.0833 elapsed=13.3m
epoch=0 step=4130 loss=0.1327 elapsed=13.5m
epoch=0 step=4140 loss=0.3757 elapsed=13.6m
epoch=0 step=4150 loss=0.1098 elapsed=13.8m
epoch=0 step=4160 loss=0.1158 elapsed=13.9m
epoch=0 step=4170 loss=0.2327 elapsed=14.0m
epoch=0 step=4180 loss=0.0487 elapsed=14.2m
epoch=0 step=4190 loss=0.1332 elapsed=14.3m
epoch=0 step=4200 loss=0.2880 elapsed=14.4m
epoch=0 step=4210 loss=0.1407 elapsed=14.6m
epoch=0 step=4220 loss=0.1562 elapsed=14.7m
epoch=0 step=4230 loss=0.0865 elapsed=14.9m
epoch=0 step=4240 loss=0.1856 elapsed=15.0m
epoch=0 step=4250 loss=0.1188 elapsed=15.1m
epoch=0 step=4260 loss=0.0964 elapsed=15.3m
epoch=0 step=4270 loss=0.1700 elapsed=15.4m
epoch=0 step=4280 loss=0.0784 elapsed=15.6m
epoch=0 step=4290 loss=0.1139 elapsed=15.7m
epoch=0 step=4300 loss=0.0851 elapsed=15.8m
epoch=0 step=4310 loss=0.1139 elapsed=16.0m
epoch=0 step=4320 loss=0.1366 elapsed=16.1m
epoch=0 step=4330 loss=0.1056 elapsed=16.3m
epoch=0 step=4340 loss=0.2266 elapsed=16.4m
epoch=0 step=4350 loss=0.2465 elapsed=16.5m
epoch=0 step=4360 loss=0.1924 elapsed=16.7m
epoch=0 step=4370 loss=0.0634 elapsed=16.8m
epoch=0 step=4380 loss=0.1161 elapsed=16.9m
epoch=0 step=4390 loss=0.0257 elapsed=17.1m
epoch=0 step=4400 loss=0.0713 elapsed=17.2m
epoch=0 step=4410 loss=0.1243 elapsed=17.4m
epoch=0 step=4420 loss=0.3763 elapsed=17.5m
epoch=0 step=4430 loss=0.2126 elapsed=17.6m
epoch=0 step=4440 loss=0.2526 elapsed=17.8m
epoch=0 step=4450 loss=0.2895 elapsed=17.9m
epoch=0 step=4460 loss=0.1974 elapsed=18.1m
epoch=0 step=4470 loss=0.1459 elapsed=18.2m
epoch=0 step=4480 loss=0.1651 elapsed=18.3m
epoch=0 step=4490 loss=0.1806 elapsed=18.5m
epoch=0 step=4500 loss=0.0599 elapsed=18.6m
epoch=0 step=4510 loss=0.1543 elapsed=18.8m
epoch=0 step=4520 loss=0.2027 elapsed=18.9m
epoch=0 step=4530 loss=0.0790 elapsed=19.0m
epoch=0 step=4540 loss=0.1275 elapsed=19.2m
epoch=0 step=4550 loss=0.2913 elapsed=19.3m
epoch=0 step=4560 loss=0.2712 elapsed=19.4m
epoch=0 step=4570 loss=0.2343 elapsed=19.6m
epoch=0 step=4580 loss=0.0167 elapsed=19.7m
epoch=0 step=4590 loss=0.0322 elapsed=19.9m
epoch=0 step=4600 loss=0.3074 elapsed=20.0m
Saved checkpoint: outputs/blt_gec/union/last.ckpt
epoch=0 step=4610 loss=0.2297 elapsed=20.5m
epoch=0 step=4620 loss=0.0422 elapsed=20.7m
epoch=0 step=4630 loss=0.0579 elapsed=20.8m
epoch=0 step=4640 loss=0.1459 elapsed=20.9m
epoch=0 step=4650 loss=0.0743 elapsed=21.1m
epoch=0 step=4660 loss=0.1176 elapsed=21.2m
epoch=0 step=4670 loss=0.2084 elapsed=21.4m
epoch=0 step=4680 loss=0.3889 elapsed=21.5m
epoch=0 step=4690 loss=0.0763 elapsed=21.6m
epoch=0 step=4700 loss=0.0643 elapsed=21.8m
epoch=0 step=4710 loss=0.1801 elapsed=21.9m
epoch=0 step=4720 loss=0.4160 elapsed=22.1m
epoch=0 step=4730 loss=0.0348 elapsed=22.2m
epoch=0 step=4740 loss=0.0465 elapsed=22.3m
epoch=0 step=4750 loss=0.5276 elapsed=22.5m
epoch=0 step=4760 loss=0.2715 elapsed=22.6m
epoch=0 step=4770 loss=0.1051 elapsed=22.7m
epoch=0 step=4780 loss=0.0931 elapsed=22.9m
epoch=0 step=4790 loss=0.1142 elapsed=23.0m
epoch=0 step=4800 loss=0.4208 elapsed=23.2m
epoch=0 step=4810 loss=0.0506 elapsed=23.3m
epoch=0 step=4820 loss=0.1032 elapsed=23.4m
epoch=0 step=4830 loss=0.2203 elapsed=23.6m
epoch=0 step=4840 loss=0.4073 elapsed=23.7m
epoch=0 step=4850 loss=0.2749 elapsed=23.9m
epoch=0 step=4860 loss=0.0639 elapsed=24.0m
epoch=0 step=4870 loss=0.1187 elapsed=24.1m
epoch=0 step=4880 loss=0.1721 elapsed=24.3m
epoch=0 step=4890 loss=0.0864 elapsed=24.4m
epoch=0 step=4900 loss=0.1930 elapsed=24.6m
epoch=0 step=4910 loss=0.0483 elapsed=24.7m
epoch=0 step=4920 loss=0.3059 elapsed=24.8m
epoch=0 step=4930 loss=0.0275 elapsed=25.0m
epoch=0 step=4940 loss=0.1701 elapsed=25.1m
epoch=0 step=4950 loss=0.1462 elapsed=25.2m
epoch=0 step=4960 loss=0.0952 elapsed=25.4m
epoch=0 step=4970 loss=0.2205 elapsed=25.5m
epoch=0 step=4980 loss=0.0832 elapsed=25.7m
epoch=0 step=4990 loss=0.0725 elapsed=25.8m
epoch=0 step=5000 loss=0.2168 elapsed=25.9m
epoch=0 step=5010 loss=0.0965 elapsed=26.1m
epoch=0 step=5020 loss=0.0590 elapsed=26.2m
epoch=0 step=5030 loss=0.0511 elapsed=26.4m
epoch=0 step=5040 loss=0.0901 elapsed=26.5m
epoch=0 step=5050 loss=0.1030 elapsed=26.6m
epoch=0 step=5060 loss=0.0671 elapsed=26.8m
epoch=0 step=5070 loss=0.2944 elapsed=26.9m
epoch=0 step=5080 loss=0.0583 elapsed=27.1m
epoch=0 step=5090 loss=0.2281 elapsed=27.2m
epoch=0 step=5100 loss=0.3641 elapsed=27.3m
epoch=0 step=5110 loss=0.1382 elapsed=27.5m
epoch=0 step=5120 loss=0.1376 elapsed=27.6m
epoch=0 step=5130 loss=0.0944 elapsed=27.7m
epoch=0 step=5140 loss=0.0640 elapsed=27.9m
epoch=0 step=5150 loss=0.2187 elapsed=28.0m
epoch=0 step=5160 loss=0.1128 elapsed=28.2m
epoch=0 step=5170 loss=0.1911 elapsed=28.3m
epoch=0 step=5180 loss=0.1082 elapsed=28.4m
epoch=0 step=5190 loss=0.1825 elapsed=28.6m
epoch=0 step=5200 loss=0.1510 elapsed=28.7m
epoch=0 step=5210 loss=0.1167 elapsed=28.9m
epoch=0 step=5220 loss=0.0754 elapsed=29.0m
epoch=0 step=5230 loss=0.0768 elapsed=29.1m
epoch=0 step=5240 loss=0.3503 elapsed=29.3m
epoch=0 step=5250 loss=0.2755 elapsed=29.4m
epoch=0 step=5260 loss=0.2095 elapsed=29.6m
epoch=0 step=5270 loss=0.1260 elapsed=29.7m
epoch=0 step=5280 loss=0.1455 elapsed=29.8m
epoch=0 step=5290 loss=0.2185 elapsed=30.0m
epoch=0 step=5300 loss=0.2222 elapsed=30.1m
epoch=0 step=5310 loss=0.4809 elapsed=30.2m
epoch=0 step=5320 loss=0.1261 elapsed=30.4m
epoch=0 step=5330 loss=0.0754 elapsed=30.5m
epoch=0 step=5340 loss=0.1336 elapsed=30.7m
epoch=0 step=5350 loss=0.0575 elapsed=30.8m
epoch=0 step=5360 loss=0.2917 elapsed=30.9m
epoch=0 step=5370 loss=0.2515 elapsed=31.1m
epoch=0 step=5380 loss=0.2524 elapsed=31.2m
epoch=0 step=5390 loss=0.0350 elapsed=31.4m
epoch=0 step=5400 loss=0.0706 elapsed=31.5m
epoch=0 step=5410 loss=0.0949 elapsed=31.6m
epoch=0 step=5420 loss=0.0549 elapsed=31.8m
epoch=0 step=5430 loss=0.0921 elapsed=31.9m
epoch=0 step=5440 loss=0.1578 elapsed=32.1m
epoch=0 step=5450 loss=0.0778 elapsed=32.2m
epoch=0 step=5460 loss=0.0787 elapsed=32.3m
epoch=0 step=5470 loss=0.3610 elapsed=32.5m
epoch=0 step=5480 loss=0.0736 elapsed=32.6m
epoch=0 step=5490 loss=0.0335 elapsed=32.7m
epoch=0 step=5500 loss=0.2819 elapsed=32.9m
epoch=0 step=5510 loss=0.2368 elapsed=33.0m
epoch=0 step=5520 loss=0.3188 elapsed=33.2m
epoch=0 step=5530 loss=0.0335 elapsed=33.3m
epoch=0 step=5540 loss=0.0869 elapsed=33.4m
epoch=0 step=5550 loss=0.5085 elapsed=33.6m
epoch=0 step=5560 loss=0.0521 elapsed=33.7m
epoch=0 step=5570 loss=0.1071 elapsed=33.9m
epoch=0 step=5580 loss=0.3820 elapsed=34.0m
epoch=0 step=5590 loss=0.1637 elapsed=34.1m
epoch=0 step=5600 loss=0.0752 elapsed=34.3m
epoch=0 step=5610 loss=0.1988 elapsed=34.4m
epoch=0 step=5620 loss=0.2098 elapsed=34.6m
epoch=0 step=5630 loss=0.2626 elapsed=34.7m
epoch=0 step=5640 loss=0.5278 elapsed=34.8m
epoch=0 step=5650 loss=0.1351 elapsed=35.0m
epoch=0 step=5660 loss=0.0837 elapsed=35.1m
epoch=0 step=5670 loss=0.0627 elapsed=35.2m
epoch=0 step=5680 loss=0.0404 elapsed=35.4m
epoch=0 step=5690 loss=0.0421 elapsed=35.5m
epoch=0 step=5700 loss=0.3800 elapsed=35.7m
epoch=0 step=5710 loss=0.0965 elapsed=35.8m
epoch=0 step=5720 loss=0.0354 elapsed=35.9m
epoch=0 step=5730 loss=0.0881 elapsed=36.1m
epoch=0 step=5740 loss=0.5872 elapsed=36.2m
epoch=0 step=5750 loss=0.5536 elapsed=36.4m
epoch=0 step=5760 loss=0.1829 elapsed=36.5m
epoch=0 step=5770 loss=0.0893 elapsed=36.6m
epoch=0 step=5780 loss=0.2675 elapsed=36.8m
epoch=0 step=5790 loss=0.1211 elapsed=36.9m
epoch=0 step=5800 loss=0.0736 elapsed=37.1m
epoch=0 step=5810 loss=0.0294 elapsed=37.2m
epoch=0 step=5820 loss=0.1623 elapsed=37.3m
epoch=0 step=5830 loss=0.8763 elapsed=37.5m
epoch=0 step=5840 loss=0.1914 elapsed=37.6m
epoch=0 step=5850 loss=0.1680 elapsed=37.7m
epoch=0 step=5860 loss=0.0575 elapsed=37.9m
epoch=0 step=5870 loss=0.0499 elapsed=38.0m
epoch=0 step=5880 loss=0.0355 elapsed=38.2m
epoch=0 step=5890 loss=0.0517 elapsed=38.3m
epoch=0 step=5900 loss=0.1129 elapsed=38.4m
epoch=0 step=5910 loss=0.0947 elapsed=38.6m
epoch=0 step=5920 loss=0.3076 elapsed=38.7m
epoch=0 step=5930 loss=0.0488 elapsed=38.9m
epoch=0 step=5940 loss=0.0297 elapsed=39.0m
epoch=0 step=5950 loss=0.0704 elapsed=39.1m
epoch=0 step=5960 loss=0.0780 elapsed=39.3m
epoch=0 step=5970 loss=0.2008 elapsed=39.4m
epoch=0 step=5980 loss=0.0358 elapsed=39.6m
epoch=0 step=5990 loss=0.0162 elapsed=39.7m
epoch=0 step=6000 loss=0.0258 elapsed=39.8m
epoch=0 step=6010 loss=0.0155 elapsed=40.0m
Saved checkpoint: outputs/blt_gec/union/last.ckpt
epoch=0 step=6020 loss=0.1072 elapsed=40.5m
epoch=0 step=6030 loss=0.0633 elapsed=40.6m
epoch=0 step=6040 loss=0.1552 elapsed=40.8m
epoch=0 step=6050 loss=0.1301 elapsed=40.9m
epoch=0 step=6060 loss=0.1640 elapsed=41.0m
epoch=0 step=6070 loss=0.2299 elapsed=41.2m
epoch=0 step=6080 loss=0.0492 elapsed=41.3m
epoch=0 step=6090 loss=0.2613 elapsed=41.5m
epoch=0 step=6100 loss=0.1869 elapsed=41.6m
epoch=0 step=6110 loss=0.0752 elapsed=41.7m
epoch=0 step=6120 loss=0.0287 elapsed=41.9m
epoch=0 step=6130 loss=0.0795 elapsed=42.0m
epoch=0 step=6140 loss=0.0780 elapsed=42.2m
epoch=0 step=6150 loss=0.1135 elapsed=42.3m
epoch=0 step=6160 loss=0.1680 elapsed=42.4m
epoch=0 step=6170 loss=0.1975 elapsed=42.6m
epoch=0 step=6180 loss=0.1639 elapsed=42.7m
epoch=0 step=6190 loss=0.1878 elapsed=42.9m
epoch=0 step=6200 loss=0.2613 elapsed=43.0m
epoch=0 step=6210 loss=0.3504 elapsed=43.1m
epoch=0 step=6220 loss=0.1853 elapsed=43.3m
epoch=0 step=6230 loss=0.0849 elapsed=43.4m
epoch=0 step=6240 loss=0.2027 elapsed=43.5m
epoch=0 step=6250 loss=0.2600 elapsed=43.7m
epoch=0 step=6260 loss=0.0969 elapsed=43.8m
epoch=0 step=6270 loss=0.2244 elapsed=44.0m
epoch=0 step=6280 loss=0.1544 elapsed=44.1m
epoch=0 step=6290 loss=0.0362 elapsed=44.2m
epoch=0 step=6300 loss=0.0149 elapsed=44.4m
epoch=0 step=6310 loss=0.0693 elapsed=44.5m
epoch=0 step=6320 loss=0.1239 elapsed=44.7m
epoch=0 step=6330 loss=0.1071 elapsed=44.8m
epoch=0 step=6340 loss=0.2156 elapsed=44.9m
epoch=0 step=6350 loss=0.2868 elapsed=45.1m
epoch=0 step=6360 loss=0.2488 elapsed=45.2m
epoch=0 step=6370 loss=0.1550 elapsed=45.4m
epoch=0 step=6380 loss=0.2587 elapsed=45.5m
epoch=0 step=6390 loss=0.2516 elapsed=45.6m
epoch=0 step=6400 loss=0.0721 elapsed=45.8m
epoch=0 step=6410 loss=0.1498 elapsed=45.9m
epoch=0 step=6420 loss=0.0952 elapsed=46.1m
epoch=0 step=6430 loss=0.0654 elapsed=46.2m
epoch=0 step=6440 loss=0.1161 elapsed=46.3m
epoch=0 step=6450 loss=0.2055 elapsed=46.5m
epoch=0 step=6460 loss=0.0788 elapsed=46.6m
epoch=0 step=6470 loss=0.0445 elapsed=46.7m
epoch=0 step=6480 loss=1.0822 elapsed=46.9m
epoch=0 step=6490 loss=0.4262 elapsed=47.0m
epoch=0 step=6500 loss=0.1896 elapsed=47.2m
epoch=0 step=6510 loss=0.0824 elapsed=47.3m
epoch=0 step=6520 loss=0.2091 elapsed=47.4m
epoch=0 step=6530 loss=0.1602 elapsed=47.6m
epoch=0 step=6540 loss=0.1277 elapsed=47.7m
epoch=0 step=6550 loss=0.2129 elapsed=47.9m
epoch=0 step=6560 loss=0.1292 elapsed=48.0m
epoch=0 step=6570 loss=0.1010 elapsed=48.1m
epoch=0 step=6580 loss=0.1525 elapsed=48.3m
epoch=0 step=6590 loss=0.0583 elapsed=48.4m
epoch=0 step=6600 loss=0.0347 elapsed=48.6m
epoch=0 step=6610 loss=0.2478 elapsed=48.7m
epoch=0 step=6620 loss=0.3087 elapsed=48.8m
epoch=0 step=6630 loss=0.3323 elapsed=49.0m
epoch=0 step=6640 loss=0.3505 elapsed=49.1m
epoch=0 step=6650 loss=0.5142 elapsed=49.2m
epoch=0 step=6660 loss=0.0672 elapsed=49.4m
epoch=0 step=6670 loss=0.1102 elapsed=49.5m
epoch=0 step=6680 loss=0.0754 elapsed=49.7m
epoch=0 step=6690 loss=0.1799 elapsed=49.8m
epoch=0 step=6700 loss=0.1885 elapsed=49.9m
epoch=0 step=6710 loss=0.1447 elapsed=50.1m
epoch=0 step=6720 loss=0.2141 elapsed=50.2m
epoch=0 step=6730 loss=0.1317 elapsed=50.4m
epoch=0 step=6740 loss=0.3418 elapsed=50.5m
epoch=0 step=6750 loss=0.1837 elapsed=50.6m
epoch=0 step=6760 loss=0.0868 elapsed=50.8m
epoch=0 step=6770 loss=0.2542 elapsed=50.9m
epoch=0 step=6780 loss=0.1645 elapsed=51.1m
epoch=0 step=6790 loss=0.1602 elapsed=51.2m
epoch=0 step=6800 loss=0.2294 elapsed=51.3m
epoch=0 step=6810 loss=0.2556 elapsed=51.5m
epoch=0 step=6820 loss=0.3114 elapsed=51.6m
epoch=0 step=6830 loss=0.0340 elapsed=51.7m
epoch=0 step=6840 loss=0.0579 elapsed=51.9m
epoch=0 step=6850 loss=0.2028 elapsed=52.0m
epoch=0 step=6860 loss=0.1978 elapsed=52.2m
epoch=0 step=6870 loss=0.1012 elapsed=52.3m
epoch=0 step=6880 loss=0.0813 elapsed=52.4m
epoch=0 step=6890 loss=0.0077 elapsed=52.6m
epoch=0 step=6900 loss=0.1735 elapsed=52.7m
epoch=0 step=6910 loss=0.1838 elapsed=52.9m
epoch=0 step=6920 loss=0.0236 elapsed=53.0m
epoch=0 step=6930 loss=0.0892 elapsed=53.1m
epoch=0 step=6940 loss=0.3599 elapsed=53.3m
epoch=0 step=6950 loss=0.3475 elapsed=53.4m
epoch=0 step=6960 loss=0.1280 elapsed=53.6m
epoch=0 step=6970 loss=0.5186 elapsed=53.7m
epoch=0 step=6980 loss=0.2199 elapsed=53.8m
epoch=0 step=6990 loss=0.2189 elapsed=54.0m
epoch=0 step=7000 loss=0.2176 elapsed=54.1m
epoch=0 step=7010 loss=0.1986 elapsed=54.2m
epoch=0 step=7020 loss=0.1286 elapsed=54.4m
epoch=0 step=7030 loss=0.3486 elapsed=54.5m
epoch=0 step=7040 loss=0.4096 elapsed=54.7m
epoch=0 step=7050 loss=0.2155 elapsed=54.8m
epoch=0 step=7060 loss=0.0123 elapsed=54.9m
epoch=0 step=7070 loss=0.0921 elapsed=55.1m
epoch=0 step=7080 loss=0.3658 elapsed=55.2m
epoch=0 step=7090 loss=0.0690 elapsed=55.4m
epoch=0 step=7100 loss=0.6397 elapsed=55.5m
epoch=0 step=7110 loss=0.2338 elapsed=55.6m
epoch=0 step=7120 loss=0.0305 elapsed=55.8m
epoch=0 step=7130 loss=0.1789 elapsed=55.9m
epoch=0 step=7140 loss=0.1877 elapsed=56.1m
epoch=0 step=7150 loss=0.1363 elapsed=56.2m
epoch=0 step=7160 loss=0.1905 elapsed=56.3m
epoch=0 step=7170 loss=0.0290 elapsed=56.5m
epoch=0 step=7180 loss=0.2443 elapsed=56.6m
epoch=0 step=7190 loss=0.1802 elapsed=56.7m
epoch=0 step=7200 loss=0.1206 elapsed=56.9m
epoch=0 step=7210 loss=0.1373 elapsed=57.0m
epoch=0 step=7220 loss=0.0567 elapsed=57.2m
epoch=0 step=7230 loss=0.1004 elapsed=57.3m
epoch=0 step=7240 loss=0.2280 elapsed=57.4m
epoch=0 step=7250 loss=0.2195 elapsed=57.6m
epoch=0 step=7260 loss=0.2246 elapsed=57.7m
epoch=0 step=7270 loss=0.1581 elapsed=57.9m
epoch=0 step=7280 loss=0.1505 elapsed=58.0m
epoch=0 step=7290 loss=0.1649 elapsed=58.1m
epoch=0 step=7300 loss=0.3410 elapsed=58.3m
epoch=0 step=7310 loss=0.0536 elapsed=58.4m
epoch=0 step=7320 loss=0.2093 elapsed=58.6m
epoch=0 step=7330 loss=0.0923 elapsed=58.7m
epoch=0 step=7340 loss=0.0651 elapsed=58.8m
epoch=0 step=7350 loss=0.3541 elapsed=59.0m
epoch=0 step=7360 loss=0.1592 elapsed=59.1m
epoch=0 step=7370 loss=0.1089 elapsed=59.2m
epoch=0 step=7380 loss=0.0448 elapsed=59.4m
epoch=0 step=7390 loss=0.0875 elapsed=59.5m
epoch=0 step=7400 loss=0.1092 elapsed=59.7m
epoch=0 step=7410 loss=0.0748 elapsed=59.8m
epoch=0 step=7420 loss=0.1177 elapsed=59.9m
Saved checkpoint: outputs/blt_gec/union/last.ckpt
epoch=0 step=7430 loss=0.3106 elapsed=60.5m
epoch=0 step=7440 loss=0.0249 elapsed=60.6m
epoch=0 step=7450 loss=0.0796 elapsed=60.7m
epoch=0 step=7460 loss=0.1225 elapsed=60.9m
epoch=0 step=7470 loss=0.1178 elapsed=61.0m
epoch=0 step=7480 loss=0.1990 elapsed=61.2m
epoch=0 step=7490 loss=0.0893 elapsed=61.3m
epoch=0 step=7500 loss=0.2313 elapsed=61.4m
epoch=0 step=7510 loss=0.2164 elapsed=61.6m
epoch=0 step=7520 loss=0.0556 elapsed=61.7m
epoch=0 step=7530 loss=0.1807 elapsed=61.9m
epoch=0 step=7540 loss=0.2342 elapsed=62.0m
epoch=0 step=7550 loss=0.2463 elapsed=62.1m
epoch=0 step=7560 loss=0.1662 elapsed=62.3m
epoch=0 step=7570 loss=0.3241 elapsed=62.4m
epoch=0 step=7580 loss=0.3315 elapsed=62.5m
epoch=0 step=7590 loss=0.1085 elapsed=62.7m
epoch=0 step=7600 loss=0.1009 elapsed=62.8m
epoch=0 step=7610 loss=0.1439 elapsed=63.0m
epoch=0 step=7620 loss=0.2452 elapsed=63.1m
epoch=0 step=7630 loss=0.6425 elapsed=63.3m
epoch=0 step=7640 loss=0.0648 elapsed=63.4m
epoch=0 step=7650 loss=0.2315 elapsed=63.6m
epoch=0 step=7660 loss=0.1156 elapsed=63.7m
epoch=0 step=7670 loss=0.2824 elapsed=63.9m
epoch=0 step=7680 loss=0.1868 elapsed=64.0m
epoch=0 step=7690 loss=0.2729 elapsed=64.2m
epoch=0 step=7700 loss=0.1186 elapsed=64.3m
epoch=0 step=7710 loss=0.1243 elapsed=64.4m
epoch=0 step=7720 loss=0.1398 elapsed=64.6m
epoch=0 step=7730 loss=0.0799 elapsed=64.7m
epoch=0 step=7740 loss=0.0861 elapsed=64.9m
epoch=0 step=7750 loss=0.2291 elapsed=65.0m
epoch=0 step=7760 loss=0.1035 elapsed=65.2m
epoch=0 step=7770 loss=0.0258 elapsed=65.3m
epoch=0 step=7780 loss=0.4688 elapsed=65.4m
epoch=0 step=7790 loss=0.1044 elapsed=65.6m
epoch=0 step=7800 loss=0.1064 elapsed=65.7m
epoch=0 step=7810 loss=0.0320 elapsed=65.9m
epoch=0 step=7820 loss=0.1684 elapsed=66.0m
epoch=0 step=7830 loss=0.0366 elapsed=66.1m
epoch=0 step=7840 loss=0.0758 elapsed=66.3m
epoch=0 step=7850 loss=2.2361 elapsed=66.4m
epoch=0 step=7860 loss=0.1857 elapsed=66.5m
epoch=0 step=7870 loss=0.1788 elapsed=66.7m
epoch=0 step=7880 loss=0.0918 elapsed=66.8m
epoch=0 step=7890 loss=0.1348 elapsed=67.0m
epoch=0 step=7900 loss=0.4551 elapsed=67.1m
epoch=0 step=7910 loss=0.0844 elapsed=67.2m
epoch=0 step=7920 loss=0.0613 elapsed=67.4m
epoch=0 step=7930 loss=0.0571 elapsed=67.5m
epoch=0 step=7940 loss=0.0426 elapsed=67.7m
epoch=0 step=7950 loss=0.6140 elapsed=67.8m
epoch=0 step=7960 loss=0.1475 elapsed=67.9m
epoch=0 step=7970 loss=0.0834 elapsed=68.1m
epoch=0 step=7980 loss=0.3110 elapsed=68.2m
epoch=0 step=7990 loss=0.2806 elapsed=68.4m
epoch=0 step=8000 loss=0.2845 elapsed=68.5m
epoch=0 step=8010 loss=0.1796 elapsed=68.6m
epoch=0 step=8020 loss=0.1594 elapsed=68.8m
epoch=0 step=8030 loss=0.1435 elapsed=68.9m
epoch=0 step=8040 loss=0.2255 elapsed=69.1m
epoch=0 step=8050 loss=0.1810 elapsed=69.2m
epoch=0 step=8060 loss=0.0586 elapsed=69.3m
epoch=0 step=8070 loss=0.2362 elapsed=69.5m
epoch=0 step=8080 loss=0.3451 elapsed=69.6m
epoch=0 step=8090 loss=0.2376 elapsed=69.8m
epoch=0 step=8100 loss=0.0176 elapsed=69.9m
epoch=0 step=8110 loss=0.1210 elapsed=70.0m
epoch=0 step=8120 loss=0.2546 elapsed=70.2m
epoch=0 step=8130 loss=0.0961 elapsed=70.3m
epoch=0 step=8140 loss=0.1794 elapsed=70.4m
epoch=0 step=8150 loss=0.1305 elapsed=70.6m
epoch=0 step=8160 loss=0.1829 elapsed=70.7m
epoch=0 step=8170 loss=0.0905 elapsed=70.9m
epoch=0 step=8180 loss=0.1614 elapsed=71.0m
epoch=0 step=8190 loss=0.2414 elapsed=71.1m
epoch=0 step=8200 loss=0.1813 elapsed=71.3m
epoch=0 step=8210 loss=0.5084 elapsed=71.4m
epoch=0 step=8220 loss=0.0333 elapsed=71.6m
epoch=0 step=8230 loss=0.2523 elapsed=71.7m
epoch=0 step=8240 loss=0.2299 elapsed=71.8m
epoch=0 step=8250 loss=0.5444 elapsed=72.0m
epoch=0 step=8260 loss=0.0787 elapsed=72.1m
epoch=0 step=8270 loss=0.1128 elapsed=72.3m
epoch=0 step=8280 loss=0.2796 elapsed=72.4m
epoch=0 step=8290 loss=0.1206 elapsed=72.5m
epoch=0 step=8300 loss=1.0573 elapsed=72.7m
epoch=0 step=8310 loss=0.0283 elapsed=72.8m
epoch=0 step=8320 loss=0.3327 elapsed=73.0m
epoch=0 step=8330 loss=0.1495 elapsed=73.1m
epoch=0 step=8340 loss=0.1436 elapsed=73.2m
epoch=0 step=8350 loss=0.1514 elapsed=73.4m
epoch=0 step=8360 loss=0.2495 elapsed=73.5m
epoch=0 step=8370 loss=0.1701 elapsed=73.6m
epoch=0 step=8380 loss=0.0826 elapsed=73.8m
epoch=0 step=8390 loss=0.2078 elapsed=73.9m
epoch=0 step=8400 loss=0.5396 elapsed=74.1m
epoch=0 step=8410 loss=0.3498 elapsed=74.2m
epoch=0 step=8420 loss=0.3549 elapsed=74.3m
epoch=0 step=8430 loss=0.0364 elapsed=74.5m
epoch=0 step=8440 loss=0.0954 elapsed=74.6m
epoch=0 step=8450 loss=0.2685 elapsed=74.8m
epoch=0 step=8460 loss=0.0403 elapsed=74.9m
epoch=0 step=8470 loss=0.0359 elapsed=75.0m
epoch=0 step=8480 loss=0.3165 elapsed=75.2m
epoch=0 step=8490 loss=0.1861 elapsed=75.3m
epoch=0 step=8500 loss=0.0320 elapsed=75.5m
epoch=0 step=8510 loss=0.1264 elapsed=75.6m
epoch=0 step=8520 loss=0.2377 elapsed=75.7m
epoch=0 step=8530 loss=0.1532 elapsed=75.9m
epoch=0 step=8540 loss=0.1194 elapsed=76.0m
epoch=0 step=8550 loss=0.2071 elapsed=76.2m
epoch=0 step=8560 loss=0.0332 elapsed=76.3m
epoch=0 step=8570 loss=0.2547 elapsed=76.4m
epoch=0 step=8580 loss=0.1781 elapsed=76.6m
epoch=0 step=8590 loss=0.2079 elapsed=76.7m
epoch=0 step=8600 loss=0.2395 elapsed=76.9m
epoch=0 step=8610 loss=0.1297 elapsed=77.0m
epoch=0 step=8620 loss=0.1154 elapsed=77.1m
epoch=0 step=8630 loss=0.2110 elapsed=77.3m
epoch=0 step=8640 loss=0.1765 elapsed=77.4m
epoch=0 step=8650 loss=0.2803 elapsed=77.5m
epoch=0 step=8660 loss=0.4590 elapsed=77.7m
epoch=0 step=8670 loss=0.1314 elapsed=77.8m
epoch=0 step=8680 loss=0.5211 elapsed=78.0m
epoch=0 step=8690 loss=0.3574 elapsed=78.1m
epoch=0 step=8700 loss=0.1065 elapsed=78.2m
epoch=0 step=8710 loss=0.0698 elapsed=78.4m
epoch=0 step=8720 loss=0.0388 elapsed=78.5m
epoch=0 step=8730 loss=0.1221 elapsed=78.7m
epoch=0 step=8740 loss=0.0833 elapsed=78.8m
epoch=0 step=8750 loss=0.0630 elapsed=78.9m
epoch=0 step=8760 loss=0.1022 elapsed=79.1m
epoch=0 step=8770 loss=0.4267 elapsed=79.2m
epoch=0 step=8780 loss=0.3017 elapsed=79.4m
epoch=0 step=8790 loss=0.2625 elapsed=79.5m
epoch=0 step=8800 loss=0.0587 elapsed=79.6m
epoch=0 step=8810 loss=0.1570 elapsed=79.8m
epoch=0 step=8820 loss=0.2492 elapsed=79.9m
Saved checkpoint: outputs/blt_gec/union/last.ckpt
epoch=0 step=8830 loss=0.2321 elapsed=80.4m
epoch=0 step=8840 loss=0.1798 elapsed=80.6m
epoch=0 step=8850 loss=0.3875 elapsed=80.7m
epoch=0 step=8860 loss=0.0944 elapsed=80.9m
epoch=0 step=8870 loss=0.2435 elapsed=81.0m
epoch=0 step=8880 loss=0.1187 elapsed=81.1m
epoch=0 step=8890 loss=0.0700 elapsed=81.3m
epoch=0 step=8900 loss=0.2279 elapsed=81.4m
epoch=0 step=8910 loss=0.2443 elapsed=81.6m
epoch=0 step=8920 loss=0.2364 elapsed=81.7m
epoch=0 step=8930 loss=0.1180 elapsed=81.8m
epoch=0 step=8940 loss=0.1204 elapsed=82.0m
epoch=0 step=8950 loss=0.2864 elapsed=82.1m
epoch=0 step=8960 loss=0.1133 elapsed=82.3m
epoch=0 step=8970 loss=0.1143 elapsed=82.4m
epoch=0 step=8980 loss=0.0534 elapsed=82.5m
epoch=0 step=8990 loss=0.0641 elapsed=82.7m
epoch=0 step=9000 loss=0.1386 elapsed=82.8m
epoch=0 step=9010 loss=0.0811 elapsed=82.9m
epoch=0 step=9020 loss=0.1587 elapsed=83.1m
epoch=0 step=9030 loss=0.2120 elapsed=83.2m
epoch=0 step=9040 loss=0.0491 elapsed=83.4m
epoch=0 step=9050 loss=0.1383 elapsed=83.5m
epoch=0 step=9060 loss=0.0756 elapsed=83.6m
epoch=0 step=9070 loss=0.1048 elapsed=83.8m
epoch=0 step=9080 loss=0.0373 elapsed=83.9m
epoch=0 step=9090 loss=0.0200 elapsed=84.1m
epoch=0 step=9100 loss=0.1390 elapsed=84.2m
epoch=0 step=9110 loss=0.2880 elapsed=84.3m
epoch=0 step=9120 loss=0.4200 elapsed=84.5m
epoch=0 step=9130 loss=0.2308 elapsed=84.6m
epoch=0 step=9140 loss=0.2352 elapsed=84.8m
epoch=0 step=9150 loss=0.1304 elapsed=84.9m
epoch=0 step=9160 loss=0.0330 elapsed=85.1m
epoch=0 step=9170 loss=0.0851 elapsed=85.2m
epoch=0 step=9180 loss=0.0287 elapsed=85.3m
epoch=0 step=9190 loss=0.2082 elapsed=85.5m
epoch=0 step=9200 loss=0.1508 elapsed=85.6m
epoch=0 step=9210 loss=0.0168 elapsed=85.8m
epoch=0 step=9220 loss=0.1221 elapsed=85.9m
epoch=0 step=9230 loss=0.2691 elapsed=86.0m
epoch=0 step=9240 loss=0.2386 elapsed=86.2m
epoch=0 step=9250 loss=0.2690 elapsed=86.3m
epoch=0 step=9260 loss=0.0441 elapsed=86.5m
epoch=0 step=9270 loss=0.0884 elapsed=86.6m
epoch=0 step=9280 loss=0.2521 elapsed=86.7m
epoch=0 step=9290 loss=0.2221 elapsed=86.9m
epoch=0 step=9300 loss=0.1236 elapsed=87.0m
epoch=0 step=9310 loss=0.7284 elapsed=87.1m
epoch=0 step=9320 loss=0.3735 elapsed=87.3m
epoch=0 step=9330 loss=0.5106 elapsed=87.4m
epoch=0 step=9340 loss=0.2974 elapsed=87.6m
epoch=0 step=9350 loss=0.0247 elapsed=87.7m
epoch=0 step=9360 loss=0.1411 elapsed=87.8m
epoch=0 step=9370 loss=0.1321 elapsed=88.0m
epoch=0 step=9380 loss=0.0728 elapsed=88.1m
epoch=0 step=9390 loss=0.0851 elapsed=88.3m
epoch=0 step=9400 loss=0.1420 elapsed=88.4m
epoch=0 step=9410 loss=0.1845 elapsed=88.5m
epoch=0 step=9420 loss=0.2559 elapsed=88.7m
epoch=0 step=9430 loss=0.1316 elapsed=88.8m
epoch=0 step=9440 loss=0.2812 elapsed=89.0m
epoch=0 step=9450 loss=0.1710 elapsed=89.1m
epoch=0 step=9460 loss=0.1148 elapsed=89.2m
epoch=0 step=9470 loss=0.0662 elapsed=89.4m
epoch=0 step=9480 loss=0.2436 elapsed=89.5m
epoch=0 step=9490 loss=0.0286 elapsed=89.7m
epoch=0 step=9500 loss=0.2622 elapsed=89.8m
epoch=0 step=9510 loss=0.4123 elapsed=89.9m
epoch=0 step=9520 loss=0.2231 elapsed=90.1m
epoch=0 step=9530 loss=0.0664 elapsed=90.2m
epoch=0 step=9540 loss=0.1940 elapsed=90.4m
epoch=0 step=9550 loss=0.1051 elapsed=90.5m
epoch=0 step=9560 loss=0.0289 elapsed=90.6m
epoch=0 step=9570 loss=0.0993 elapsed=90.8m
epoch=0 step=9580 loss=0.0355 elapsed=90.9m
epoch=0 step=9590 loss=0.1263 elapsed=91.0m
epoch=0 step=9600 loss=0.2880 elapsed=91.2m
epoch=0 step=9610 loss=0.0517 elapsed=91.3m
epoch=0 step=9620 loss=0.0855 elapsed=91.5m
epoch=0 step=9630 loss=0.1297 elapsed=91.6m
epoch=0 step=9640 loss=0.0945 elapsed=91.7m
epoch=0 step=9650 loss=0.2687 elapsed=91.9m
epoch=0 step=9660 loss=0.1606 elapsed=92.0m
epoch=0 step=9670 loss=0.3854 elapsed=92.2m
epoch=0 step=9680 loss=0.1412 elapsed=92.3m
epoch=0 step=9690 loss=0.0669 elapsed=92.4m
epoch=0 step=9700 loss=0.6186 elapsed=92.6m
epoch=0 step=9710 loss=0.0339 elapsed=92.7m
epoch=0 step=9720 loss=0.0560 elapsed=92.9m
epoch=0 step=9730 loss=0.0313 elapsed=93.0m
epoch=0 step=9740 loss=0.2879 elapsed=93.1m
epoch=0 step=9750 loss=0.1341 elapsed=93.3m
epoch=0 step=9760 loss=0.1989 elapsed=93.4m
epoch=0 step=9770 loss=0.0836 elapsed=93.6m
epoch=0 step=9780 loss=0.0553 elapsed=93.7m
epoch=0 step=9790 loss=0.0753 elapsed=93.8m
epoch=0 step=9800 loss=0.3315 elapsed=94.0m
epoch=0 step=9810 loss=0.1189 elapsed=94.1m
epoch=0 step=9820 loss=0.0325 elapsed=94.2m
epoch=0 step=9830 loss=0.1475 elapsed=94.4m
epoch=0 step=9840 loss=0.1563 elapsed=94.5m
epoch=0 step=9850 loss=0.0680 elapsed=94.7m
epoch=0 step=9860 loss=0.1238 elapsed=94.8m
epoch=0 step=9870 loss=0.2389 elapsed=94.9m
epoch=0 step=9880 loss=0.1273 elapsed=95.1m
epoch=0 step=9890 loss=0.1047 elapsed=95.2m
epoch=0 step=9900 loss=0.0668 elapsed=95.4m
epoch=0 step=9910 loss=0.1796 elapsed=95.5m
epoch=0 step=9920 loss=0.1012 elapsed=95.6m
epoch=0 step=9930 loss=0.1491 elapsed=95.8m
epoch=0 step=9940 loss=0.0873 elapsed=95.9m
epoch=0 step=9950 loss=0.0629 elapsed=96.1m
epoch=0 step=9960 loss=0.0577 elapsed=96.2m
epoch=0 step=9970 loss=0.1356 elapsed=96.3m
epoch=0 step=9980 loss=0.1961 elapsed=96.5m
epoch=0 step=9990 loss=0.0126 elapsed=96.6m
epoch=0 step=10000 loss=0.2643 elapsed=96.8m
epoch=0 step=10010 loss=0.1058 elapsed=96.9m
epoch=0 step=10020 loss=0.1181 elapsed=97.0m
epoch=0 step=10030 loss=0.0901 elapsed=97.2m
epoch=0 step=10040 loss=0.4127 elapsed=97.3m
epoch=0 step=10050 loss=0.1163 elapsed=97.5m
epoch=0 step=10060 loss=0.4509 elapsed=97.6m
epoch=0 step=10070 loss=0.4403 elapsed=97.7m
epoch=0 step=10080 loss=0.1037 elapsed=97.9m
epoch=0 step=10090 loss=0.1361 elapsed=98.0m
epoch=0 step=10100 loss=0.0182 elapsed=98.1m
epoch=0 step=10110 loss=0.0438 elapsed=98.3m
epoch=0 step=10120 loss=0.1777 elapsed=98.4m
epoch=0 step=10130 loss=0.0546 elapsed=98.6m
epoch=0 step=10140 loss=0.2065 elapsed=98.7m
epoch=0 step=10150 loss=0.0468 elapsed=98.8m
epoch=0 step=10160 loss=0.1728 elapsed=99.0m
epoch=0 step=10170 loss=1.8073 elapsed=99.1m
epoch=0 step=10180 loss=0.2437 elapsed=99.3m
epoch=0 step=10190 loss=0.2295 elapsed=99.4m
epoch=0 step=10200 loss=0.1456 elapsed=99.5m
epoch=0 step=10210 loss=0.0923 elapsed=99.7m
epoch=0 step=10220 loss=0.2203 elapsed=99.8m
epoch=0 step=10230 loss=0.0576 elapsed=100.0m
Saved checkpoint: outputs/blt_gec/union/last.ckpt
epoch=0 step=10240 loss=0.1267 elapsed=100.5m
epoch=0 step=10250 loss=0.0848 elapsed=100.6m
epoch=0 step=10260 loss=0.1502 elapsed=100.8m
epoch=0 step=10270 loss=0.1246 elapsed=100.9m
epoch=0 step=10280 loss=0.0934 elapsed=101.0m
epoch=0 step=10290 loss=0.1091 elapsed=101.2m
epoch=0 step=10300 loss=0.2992 elapsed=101.3m
epoch=0 step=10310 loss=0.1950 elapsed=101.5m
epoch=0 step=10320 loss=0.0123 elapsed=101.6m
epoch=0 step=10330 loss=0.1050 elapsed=101.7m
epoch=0 step=10340 loss=0.2198 elapsed=101.9m
epoch=0 step=10350 loss=0.0814 elapsed=102.0m
epoch=0 step=10360 loss=0.0417 elapsed=102.2m
epoch=0 step=10370 loss=0.2536 elapsed=102.3m
epoch=0 step=10380 loss=0.0401 elapsed=102.4m
epoch=0 step=10390 loss=0.0797 elapsed=102.6m
epoch=0 step=10400 loss=0.2287 elapsed=102.7m
epoch=0 step=10410 loss=0.0257 elapsed=102.8m
epoch=0 step=10420 loss=0.5203 elapsed=103.0m
epoch=0 step=10430 loss=0.2542 elapsed=103.1m
epoch=0 step=10440 loss=0.0266 elapsed=103.3m
epoch=0 step=10450 loss=0.1578 elapsed=103.4m
epoch=0 step=10460 loss=0.1744 elapsed=103.5m
epoch=0 step=10470 loss=0.1121 elapsed=103.7m
epoch=0 step=10480 loss=0.3704 elapsed=103.8m
epoch=0 step=10490 loss=0.1007 elapsed=104.0m
epoch=0 step=10500 loss=0.1192 elapsed=104.1m
epoch=0 step=10510 loss=0.1401 elapsed=104.2m
epoch=0 step=10520 loss=0.0849 elapsed=104.4m
epoch=0 step=10530 loss=0.0492 elapsed=104.5m
epoch=0 step=10540 loss=0.1437 elapsed=104.7m
epoch=0 step=10550 loss=0.1448 elapsed=104.8m
epoch=0 step=10560 loss=0.0764 elapsed=104.9m
Saved checkpoint: outputs/blt_gec/union/last.ckpt
Stopping early to preserve checkpoint before time limit.
End Time: Wed Jun 10 00:50:24 KST 2026
