==========================================
SLURM_JOB_ID = 753744
SLURM_NODELIST = gpu55
==========================================
Job ID: 753744
Node: gpu55
CUDA_VISIBLE_DEVICES: 0
Start Time: Wed Jun 10 01:07:48 KST 2026
Submit Dir: /scratch/r984a02/PHDQ2
Partition: amd_a100nv_8
Requested GPUs: 1
Requested CPU cores per task: 4
Python: /home01/r984a02/.conda/envs/phdq_blt/bin/python
/home01/r984a02/.conda/envs/phdq_blt/lib/python3.12/site-packages/torch/cuda/__init__.py:61: FutureWarning: The pynvml package is deprecated. Please install nvidia-ml-py instead. If you did not install pynvml directly, please report this to the maintainers of the package that installed pynvml for you.
  import pynvml  # type: ignore[import]
Torch: 2.5.1+cu121
NumPy: 2.4.6
Visible CUDA device count: 1
/home01/r984a02/.conda/envs/phdq_blt/lib/python3.12/site-packages/torch/cuda/__init__.py:61: FutureWarning: The pynvml package is deprecated. Please install nvidia-ml-py instead. If you did not install pynvml directly, please report this to the maintainers of the package that installed pynvml for you.
  import pynvml  # type: ignore[import]
Reference BLT import path: /scratch/r984a02/PHDQ2/reference_code/blt
Checkpoint is loadable: outputs/blt_gec/union/last.ckpt
Resuming from explicit checkpoint: outputs/blt_gec/union/last.ckpt
Starting reference BLT-GEC fine-tuning on union dataset...
BLT lr: 1e-5
BLT weight_decay: 0.1
BLT Adam betas: (0.9, 0.95)
BLT scheduler: cosine
BLT warmup_steps: 2000
BLT num_beams: 4
BLT NUM_GPUS: 1
Device: cuda
Distributed: False rank=0 world_size=1
Backend: reference_blt
Reference BLT code: /scratch/r984a02/PHDQ2/reference_code/blt
BLT repo: facebook/blt-1b
Entropy repo: facebook/blt-entropy
Train: /scratch/r984a02/PHDQ2/data/Preprocessed/union/union_train.txt
Val:   /scratch/r984a02/PHDQ2/data/Preprocessed/union/union_val.txt
Test:  /scratch/r984a02/PHDQ2/data/Preprocessed/union/union_test.txt
Loaded checkpoint: outputs/blt_gec/union/last.ckpt (epoch=0, global_step=10565)
epoch=0 step=10570 loss=0.2306 elapsed=0.2m
epoch=0 step=10580 loss=0.2049 elapsed=0.3m
epoch=0 step=10590 loss=0.0558 elapsed=0.5m
epoch=0 step=10600 loss=0.1704 elapsed=0.6m
epoch=0 step=10610 loss=0.1141 elapsed=0.7m
epoch=0 step=10620 loss=0.0812 elapsed=0.9m
epoch=0 step=10630 loss=0.1787 elapsed=1.0m
epoch=0 step=10640 loss=0.2323 elapsed=1.2m
epoch=0 step=10650 loss=0.0603 elapsed=1.3m
epoch=0 step=10660 loss=0.4110 elapsed=1.5m
epoch=0 step=10670 loss=0.1292 elapsed=1.6m
epoch=0 step=10680 loss=0.0599 elapsed=1.7m
epoch=0 step=10690 loss=0.0590 elapsed=1.9m
epoch=0 step=10700 loss=0.2530 elapsed=2.0m
epoch=0 step=10710 loss=0.0509 elapsed=2.2m
epoch=0 step=10720 loss=0.0975 elapsed=2.3m
epoch=0 step=10730 loss=0.1982 elapsed=2.4m
epoch=0 step=10740 loss=0.0466 elapsed=2.6m
epoch=0 step=10750 loss=0.1138 elapsed=2.7m
epoch=0 step=10760 loss=0.1174 elapsed=2.9m
epoch=0 step=10770 loss=0.3124 elapsed=3.0m
epoch=0 step=10780 loss=0.3511 elapsed=3.1m
epoch=0 step=10790 loss=0.1201 elapsed=3.3m
epoch=0 step=10800 loss=0.0423 elapsed=3.4m
epoch=0 step=10810 loss=0.0703 elapsed=3.6m
epoch=0 step=10820 loss=0.0368 elapsed=3.7m
epoch=0 step=10830 loss=0.0232 elapsed=3.8m
epoch=0 step=10840 loss=0.3621 elapsed=4.0m
epoch=0 step=10850 loss=0.0242 elapsed=4.1m
epoch=0 step=10860 loss=0.0649 elapsed=4.3m
epoch=0 step=10870 loss=0.1860 elapsed=4.4m
epoch=0 step=10880 loss=0.1654 elapsed=4.5m
epoch=0 step=10890 loss=0.0992 elapsed=4.7m
epoch=0 step=10900 loss=0.0326 elapsed=4.8m
epoch=0 step=10910 loss=0.0899 elapsed=5.0m
epoch=0 step=10920 loss=0.0814 elapsed=5.1m
epoch=0 step=10930 loss=0.2220 elapsed=5.2m
epoch=0 step=10940 loss=0.0341 elapsed=5.4m
epoch=0 step=10950 loss=0.2555 elapsed=5.5m
epoch=0 step=10960 loss=0.3083 elapsed=5.7m
epoch=0 step=10970 loss=0.0751 elapsed=5.8m
epoch=0 step=10980 loss=0.3886 elapsed=5.9m
epoch=0 step=10990 loss=0.2706 elapsed=6.1m
epoch=0 step=11000 loss=0.2028 elapsed=6.2m
epoch=0 step=11010 loss=0.0846 elapsed=6.4m
epoch=0 step=11020 loss=0.0273 elapsed=6.5m
epoch=0 step=11030 loss=0.1345 elapsed=6.6m
epoch=0 step=11040 loss=0.1494 elapsed=6.8m
epoch=0 step=11050 loss=0.4363 elapsed=6.9m
epoch=0 step=11060 loss=0.0516 elapsed=7.1m
epoch=0 step=11070 loss=0.2381 elapsed=7.2m
epoch=0 step=11080 loss=0.0552 elapsed=7.3m
epoch=0 step=11090 loss=0.1766 elapsed=7.5m
epoch=0 step=11100 loss=0.2310 elapsed=7.6m
epoch=0 step=11110 loss=0.0477 elapsed=7.8m
epoch=0 step=11120 loss=0.2080 elapsed=7.9m
epoch=0 step=11130 loss=0.1283 elapsed=8.0m
epoch=0 step=11140 loss=0.0490 elapsed=8.2m
epoch=0 step=11150 loss=0.1434 elapsed=8.3m
epoch=0 step=11160 loss=0.1171 elapsed=8.5m
epoch=0 step=11170 loss=0.1067 elapsed=8.6m
epoch=0 step=11180 loss=0.1066 elapsed=8.7m
epoch=0 step=11190 loss=0.1738 elapsed=8.9m
epoch=0 step=11200 loss=0.1569 elapsed=9.0m
epoch=0 step=11210 loss=0.1242 elapsed=9.2m
epoch=0 step=11220 loss=0.0540 elapsed=9.3m
epoch=0 step=11230 loss=0.1429 elapsed=9.4m
epoch=0 step=11240 loss=0.2812 elapsed=9.6m
epoch=0 step=11250 loss=0.0834 elapsed=9.7m
epoch=0 step=11260 loss=0.3007 elapsed=9.9m
epoch=0 step=11270 loss=0.4287 elapsed=10.0m
epoch=0 step=11280 loss=0.5011 elapsed=10.1m
epoch=0 step=11290 loss=0.1445 elapsed=10.3m
epoch=0 step=11300 loss=0.1926 elapsed=10.4m
epoch=0 step=11310 loss=0.1060 elapsed=10.6m
epoch=0 step=11320 loss=0.2328 elapsed=10.7m
epoch=0 step=11330 loss=0.1770 elapsed=10.9m
epoch=0 step=11340 loss=0.3173 elapsed=11.0m
epoch=0 step=11350 loss=0.1205 elapsed=11.1m
epoch=0 step=11360 loss=0.5017 elapsed=11.3m
epoch=0 step=11370 loss=0.0840 elapsed=11.4m
epoch=0 step=11380 loss=0.2267 elapsed=11.6m
epoch=0 step=11390 loss=0.2017 elapsed=11.7m
epoch=0 step=11400 loss=0.1222 elapsed=11.8m
epoch=0 step=11410 loss=0.3489 elapsed=12.0m
epoch=0 step=11420 loss=0.0177 elapsed=12.1m
epoch=0 step=11430 loss=0.2447 elapsed=12.3m
epoch=0 step=11440 loss=0.0137 elapsed=12.4m
epoch=0 step=11450 loss=0.1073 elapsed=12.5m
epoch=0 step=11460 loss=0.2738 elapsed=12.7m
epoch=0 step=11470 loss=0.1382 elapsed=12.8m
epoch=0 step=11480 loss=0.1783 elapsed=13.0m
epoch=0 step=11490 loss=0.3136 elapsed=13.1m
epoch=0 step=11500 loss=0.2427 elapsed=13.2m
epoch=0 step=11510 loss=0.1003 elapsed=13.4m
epoch=0 step=11520 loss=0.1279 elapsed=13.5m
epoch=0 step=11530 loss=0.2545 elapsed=13.7m
epoch=0 step=11540 loss=0.0546 elapsed=13.8m
epoch=0 step=11550 loss=0.0497 elapsed=13.9m
epoch=0 step=11560 loss=0.0319 elapsed=14.1m
epoch=0 step=11570 loss=0.3394 elapsed=14.2m
epoch=0 step=11580 loss=0.1902 elapsed=14.4m
epoch=0 step=11590 loss=0.1223 elapsed=14.5m
epoch=0 step=11600 loss=0.1338 elapsed=14.6m
epoch=0 step=11610 loss=0.0701 elapsed=14.8m
epoch=0 step=11620 loss=0.0409 elapsed=14.9m
epoch=0 step=11630 loss=0.0201 elapsed=15.1m
epoch=0 step=11640 loss=0.1547 elapsed=15.2m
epoch=0 step=11650 loss=0.1961 elapsed=15.3m
epoch=0 step=11660 loss=0.1976 elapsed=15.5m
epoch=0 step=11670 loss=0.1526 elapsed=15.6m
epoch=0 step=11680 loss=0.1760 elapsed=15.8m
epoch=0 step=11690 loss=0.1468 elapsed=15.9m
epoch=0 step=11700 loss=0.1557 elapsed=16.0m
epoch=0 step=11710 loss=0.0712 elapsed=16.2m
epoch=0 step=11720 loss=0.1108 elapsed=16.3m
epoch=0 step=11730 loss=0.0853 elapsed=16.5m
epoch=0 step=11740 loss=0.2726 elapsed=16.6m
epoch=0 step=11750 loss=0.2493 elapsed=16.7m
epoch=0 step=11760 loss=0.0776 elapsed=16.9m
epoch=0 step=11770 loss=0.0920 elapsed=17.0m
epoch=0 step=11780 loss=0.0876 elapsed=17.2m
epoch=0 step=11790 loss=0.1828 elapsed=17.3m
epoch=0 step=11800 loss=0.1764 elapsed=17.4m
epoch=0 step=11810 loss=0.0975 elapsed=17.6m
epoch=0 step=11820 loss=0.3400 elapsed=17.7m
epoch=0 step=11830 loss=0.1372 elapsed=17.9m
epoch=0 step=11840 loss=0.0586 elapsed=18.0m
epoch=0 step=11850 loss=0.0650 elapsed=18.1m
epoch=0 step=11860 loss=0.0496 elapsed=18.3m
epoch=0 step=11870 loss=0.2584 elapsed=18.4m
epoch=0 step=11880 loss=0.2251 elapsed=18.6m
epoch=0 step=11890 loss=0.1437 elapsed=18.7m
epoch=0 step=11900 loss=0.2054 elapsed=18.8m
epoch=0 step=11910 loss=0.1682 elapsed=19.0m
epoch=0 step=11920 loss=0.0891 elapsed=19.1m
epoch=0 step=11930 loss=0.1686 elapsed=19.3m
epoch=0 step=11940 loss=0.1580 elapsed=19.4m
epoch=0 step=11950 loss=0.1176 elapsed=19.5m
epoch=0 step=11960 loss=0.0848 elapsed=19.7m
epoch=0 step=11970 loss=0.0652 elapsed=19.8m
epoch=0 step=11980 loss=0.1412 elapsed=20.0m
Saved checkpoint: outputs/blt_gec/union/last.ckpt
epoch=0 step=11990 loss=0.1609 elapsed=20.5m
epoch=0 step=12000 loss=0.3954 elapsed=20.7m
epoch=0 step=12010 loss=0.0832 elapsed=20.8m
epoch=0 step=12020 loss=0.0065 elapsed=21.0m
epoch=0 step=12030 loss=0.1063 elapsed=21.1m
epoch=0 step=12040 loss=0.2004 elapsed=21.2m
epoch=0 step=12050 loss=0.2731 elapsed=21.4m
epoch=0 step=12060 loss=0.1956 elapsed=21.5m
epoch=0 step=12070 loss=0.0083 elapsed=21.7m
epoch=0 step=12080 loss=0.0439 elapsed=21.8m
epoch=0 step=12090 loss=0.2025 elapsed=21.9m
epoch=0 step=12100 loss=0.0443 elapsed=22.1m
epoch=0 step=12110 loss=0.0454 elapsed=22.2m
epoch=0 step=12120 loss=0.1445 elapsed=22.4m
epoch=0 step=12130 loss=0.2579 elapsed=22.5m
epoch=0 step=12140 loss=0.4060 elapsed=22.6m
epoch=0 step=12150 loss=0.0773 elapsed=22.8m
epoch=0 step=12160 loss=0.1297 elapsed=22.9m
epoch=0 step=12170 loss=0.0535 elapsed=23.1m
epoch=0 step=12180 loss=0.2522 elapsed=23.2m
epoch=0 step=12190 loss=0.0228 elapsed=23.3m
epoch=0 step=12200 loss=0.0662 elapsed=23.5m
epoch=0 step=12210 loss=0.1048 elapsed=23.6m
epoch=0 step=12220 loss=0.1806 elapsed=23.8m
epoch=0 step=12230 loss=0.1668 elapsed=23.9m
epoch=0 step=12240 loss=0.1940 elapsed=24.0m
epoch=0 step=12250 loss=0.0832 elapsed=24.2m
epoch=0 step=12260 loss=0.0335 elapsed=24.3m
epoch=0 step=12270 loss=0.0476 elapsed=24.5m
epoch=0 step=12280 loss=0.0271 elapsed=24.6m
epoch=0 step=12290 loss=0.0932 elapsed=24.7m
epoch=0 step=12300 loss=0.0902 elapsed=24.9m
epoch=0 step=12310 loss=0.0736 elapsed=25.0m
epoch=0 step=12320 loss=0.0528 elapsed=25.2m
epoch=0 step=12330 loss=0.2100 elapsed=25.3m
epoch=0 step=12340 loss=0.1588 elapsed=25.4m
epoch=0 step=12350 loss=0.4395 elapsed=25.6m
epoch=0 step=12360 loss=0.0836 elapsed=25.7m
epoch=0 step=12370 loss=0.0092 elapsed=25.9m
epoch=0 step=12380 loss=0.0534 elapsed=26.0m
epoch=0 step=12390 loss=0.1536 elapsed=26.1m
epoch=0 step=12400 loss=0.1662 elapsed=26.3m
epoch=0 step=12410 loss=0.0817 elapsed=26.4m
epoch=0 step=12420 loss=0.0202 elapsed=26.6m
epoch=0 step=12430 loss=0.3227 elapsed=26.7m
epoch=0 step=12440 loss=0.0958 elapsed=26.8m
epoch=0 step=12450 loss=0.0835 elapsed=27.0m
epoch=0 step=12460 loss=0.1058 elapsed=27.1m
epoch=0 step=12470 loss=0.0810 elapsed=27.3m
epoch=0 step=12480 loss=0.0801 elapsed=27.4m
epoch=0 step=12490 loss=0.1566 elapsed=27.5m
epoch=0 step=12500 loss=0.4383 elapsed=27.7m
epoch=0 step=12510 loss=0.0946 elapsed=27.8m
epoch=0 step=12520 loss=0.1017 elapsed=28.0m
epoch=0 step=12530 loss=0.1266 elapsed=28.1m
epoch=0 step=12540 loss=0.4143 elapsed=28.3m
epoch=0 step=12550 loss=0.0279 elapsed=28.4m
epoch=0 step=12560 loss=0.1780 elapsed=28.5m
epoch=0 step=12570 loss=0.0378 elapsed=28.7m
epoch=0 step=12580 loss=0.1330 elapsed=28.8m
epoch=0 step=12590 loss=0.2162 elapsed=29.0m
epoch=0 step=12600 loss=0.1360 elapsed=29.1m
epoch=0 step=12610 loss=0.0949 elapsed=29.2m
epoch=0 step=12620 loss=0.0280 elapsed=29.4m
epoch=0 step=12630 loss=0.0128 elapsed=29.5m
epoch=0 step=12640 loss=0.1654 elapsed=29.7m
epoch=0 step=12650 loss=0.0553 elapsed=29.8m
epoch=0 step=12660 loss=0.3097 elapsed=29.9m
epoch=0 step=12670 loss=0.2560 elapsed=30.1m
epoch=0 step=12680 loss=0.0294 elapsed=30.2m
epoch=0 step=12690 loss=0.0670 elapsed=30.4m
epoch=0 step=12700 loss=0.1799 elapsed=30.5m
epoch=0 step=12710 loss=0.4760 elapsed=30.6m
epoch=0 step=12720 loss=0.0891 elapsed=30.8m
epoch=0 step=12730 loss=0.0376 elapsed=30.9m
epoch=0 step=12740 loss=0.0412 elapsed=31.1m
epoch=0 step=12750 loss=0.2391 elapsed=31.2m
epoch=0 step=12760 loss=0.2873 elapsed=31.3m
epoch=0 step=12770 loss=0.0857 elapsed=31.5m
epoch=0 step=12780 loss=0.1325 elapsed=31.6m
epoch=0 step=12790 loss=0.1184 elapsed=31.8m
epoch=0 step=12800 loss=0.2943 elapsed=31.9m
epoch=0 step=12810 loss=0.1083 elapsed=32.0m
epoch=0 step=12820 loss=0.0955 elapsed=32.2m
epoch=0 step=12830 loss=0.1451 elapsed=32.3m
epoch=0 step=12840 loss=0.2144 elapsed=32.5m
epoch=0 step=12850 loss=0.0804 elapsed=32.6m
epoch=0 step=12860 loss=0.0849 elapsed=32.7m
epoch=0 step=12870 loss=0.0356 elapsed=32.9m
epoch=0 step=12880 loss=0.3198 elapsed=33.0m
epoch=0 step=12890 loss=0.0529 elapsed=33.2m
epoch=0 step=12900 loss=0.1414 elapsed=33.3m
epoch=0 step=12910 loss=0.1543 elapsed=33.4m
epoch=0 step=12920 loss=0.1223 elapsed=33.6m
epoch=0 step=12930 loss=0.1202 elapsed=33.7m
epoch=0 step=12940 loss=0.0642 elapsed=33.9m
epoch=0 step=12950 loss=0.2798 elapsed=34.0m
epoch=0 step=12960 loss=0.2313 elapsed=34.1m
epoch=0 step=12970 loss=0.1752 elapsed=34.3m
epoch=0 step=12980 loss=0.0705 elapsed=34.4m
epoch=0 step=12990 loss=0.0039 elapsed=34.6m
epoch=0 step=13000 loss=0.2246 elapsed=34.7m
epoch=0 step=13010 loss=0.2130 elapsed=34.8m
epoch=0 step=13020 loss=0.0410 elapsed=35.0m
epoch=0 step=13030 loss=0.0767 elapsed=35.1m
epoch=0 step=13040 loss=0.0514 elapsed=35.3m
epoch=0 step=13050 loss=0.1392 elapsed=35.4m
epoch=0 step=13060 loss=0.2571 elapsed=35.5m
epoch=0 step=13070 loss=0.2078 elapsed=35.7m
epoch=0 step=13080 loss=0.0886 elapsed=35.8m
epoch=0 step=13090 loss=0.0219 elapsed=36.0m
epoch=0 step=13100 loss=0.0528 elapsed=36.1m
epoch=0 step=13110 loss=0.0933 elapsed=36.2m
epoch=0 step=13120 loss=0.3521 elapsed=36.4m
epoch=0 step=13130 loss=0.0526 elapsed=36.5m
epoch=0 step=13140 loss=0.0146 elapsed=36.7m
epoch=0 step=13150 loss=0.0316 elapsed=36.8m
epoch=0 step=13160 loss=0.1977 elapsed=36.9m
epoch=0 step=13170 loss=0.2674 elapsed=37.1m
epoch=0 step=13180 loss=0.0532 elapsed=37.2m
epoch=0 step=13190 loss=0.3956 elapsed=37.4m
epoch=0 step=13200 loss=0.3844 elapsed=37.5m
epoch=0 step=13210 loss=0.1932 elapsed=37.6m
epoch=0 step=13220 loss=0.1544 elapsed=37.8m
epoch=0 step=13230 loss=0.1487 elapsed=37.9m
epoch=0 step=13240 loss=0.3287 elapsed=38.1m
epoch=0 step=13250 loss=0.0960 elapsed=38.2m
epoch=0 step=13260 loss=0.0417 elapsed=38.3m
epoch=0 step=13270 loss=0.2094 elapsed=38.5m
epoch=0 step=13280 loss=0.1390 elapsed=38.6m
epoch=0 step=13290 loss=0.5004 elapsed=38.8m
epoch=0 step=13300 loss=0.2111 elapsed=38.9m
epoch=0 step=13310 loss=0.0563 elapsed=39.0m
epoch=0 step=13320 loss=0.1719 elapsed=39.2m
epoch=0 step=13330 loss=0.0346 elapsed=39.3m
epoch=0 step=13340 loss=0.0676 elapsed=39.5m
epoch=0 step=13350 loss=0.0328 elapsed=39.6m
epoch=0 step=13360 loss=0.3386 elapsed=39.7m
epoch=0 step=13370 loss=0.0974 elapsed=39.9m
Saved checkpoint: outputs/blt_gec/union/last.ckpt
epoch=0 step=13380 loss=0.0210 elapsed=40.4m
epoch=0 step=13390 loss=0.0669 elapsed=40.6m
epoch=0 step=13400 loss=0.0322 elapsed=40.7m
epoch=0 step=13410 loss=0.2781 elapsed=40.9m
epoch=0 step=13420 loss=0.0374 elapsed=41.0m
epoch=0 step=13430 loss=0.0520 elapsed=41.1m
epoch=0 step=13440 loss=0.0793 elapsed=41.3m
epoch=0 step=13450 loss=0.2002 elapsed=41.4m
epoch=0 step=13460 loss=0.2123 elapsed=41.6m
epoch=0 step=13470 loss=0.3483 elapsed=41.7m
epoch=0 step=13480 loss=0.0188 elapsed=41.8m
epoch=0 step=13490 loss=0.1662 elapsed=42.0m
epoch=0 step=13500 loss=0.1271 elapsed=42.1m
epoch=0 step=13510 loss=0.0576 elapsed=42.3m
epoch=0 step=13520 loss=0.0383 elapsed=42.4m
epoch=0 step=13530 loss=0.1290 elapsed=42.5m
epoch=0 step=13540 loss=0.6050 elapsed=42.7m
epoch=0 step=13550 loss=0.0918 elapsed=42.8m
epoch=0 step=13560 loss=0.3049 elapsed=43.0m
epoch=0 step=13570 loss=0.2629 elapsed=43.1m
epoch=0 step=13580 loss=0.0557 elapsed=43.2m
epoch=0 step=13590 loss=0.1836 elapsed=43.4m
epoch=0 step=13600 loss=0.1385 elapsed=43.5m
epoch=0 step=13610 loss=0.0541 elapsed=43.7m
epoch=0 step=13620 loss=0.3042 elapsed=43.8m
epoch=0 step=13630 loss=0.0826 elapsed=43.9m
epoch=0 step=13640 loss=0.2363 elapsed=44.1m
epoch=0 step=13650 loss=0.0573 elapsed=44.2m
epoch=0 step=13660 loss=0.3748 elapsed=44.4m
epoch=0 step=13670 loss=0.8842 elapsed=44.5m
epoch=0 step=13680 loss=0.0190 elapsed=44.6m
epoch=0 step=13690 loss=0.0815 elapsed=44.8m
epoch=0 step=13700 loss=0.1315 elapsed=44.9m
epoch=0 step=13710 loss=0.0823 elapsed=45.1m
epoch=0 step=13720 loss=0.0521 elapsed=45.2m
epoch=0 step=13730 loss=0.0795 elapsed=45.3m
epoch=0 step=13740 loss=0.1908 elapsed=45.5m
epoch=0 step=13750 loss=0.0524 elapsed=45.6m
epoch=0 step=13760 loss=0.1781 elapsed=45.8m
epoch=0 step=13770 loss=0.0815 elapsed=45.9m
epoch=0 step=13780 loss=0.0592 elapsed=46.0m
epoch=0 step=13790 loss=0.1349 elapsed=46.2m
epoch=0 step=13800 loss=0.4037 elapsed=46.3m
epoch=0 step=13810 loss=0.1504 elapsed=46.5m
epoch=0 step=13820 loss=0.2201 elapsed=46.6m
epoch=0 step=13830 loss=0.3016 elapsed=46.7m
epoch=0 step=13840 loss=0.2929 elapsed=46.9m
epoch=0 step=13850 loss=0.2991 elapsed=47.0m
epoch=0 step=13860 loss=0.0655 elapsed=47.2m
epoch=0 step=13870 loss=0.3840 elapsed=47.3m
epoch=0 step=13880 loss=0.2346 elapsed=47.4m
epoch=0 step=13890 loss=0.0565 elapsed=47.6m
epoch=0 step=13900 loss=0.0875 elapsed=47.7m
epoch=0 step=13910 loss=0.0442 elapsed=47.9m
epoch=0 step=13920 loss=0.0379 elapsed=48.0m
epoch=0 step=13930 loss=0.2150 elapsed=48.2m
epoch=0 step=13940 loss=0.2670 elapsed=48.3m
epoch=0 step=13950 loss=0.2866 elapsed=48.4m
epoch=0 step=13960 loss=0.0609 elapsed=48.6m
epoch=0 step=13970 loss=0.0707 elapsed=48.7m
epoch=0 step=13980 loss=0.4139 elapsed=48.9m
epoch=0 step=13990 loss=0.2985 elapsed=49.0m
epoch=0 step=14000 loss=0.3869 elapsed=49.1m
epoch=0 step=14010 loss=0.2340 elapsed=49.3m
epoch=0 step=14020 loss=0.0181 elapsed=49.4m
epoch=0 step=14030 loss=0.0499 elapsed=49.6m
epoch=0 step=14040 loss=0.1169 elapsed=49.7m
epoch=0 step=14050 loss=0.1883 elapsed=49.8m
epoch=0 step=14060 loss=0.0440 elapsed=50.0m
epoch=0 step=14070 loss=0.0741 elapsed=50.1m
epoch=0 step=14080 loss=0.1077 elapsed=50.3m
epoch=0 step=14090 loss=0.0906 elapsed=50.4m
epoch=0 step=14100 loss=0.2427 elapsed=50.5m
epoch=0 step=14110 loss=0.1093 elapsed=50.7m
epoch=0 step=14120 loss=0.2035 elapsed=50.8m
epoch=0 step=14130 loss=0.0313 elapsed=51.0m
epoch=0 step=14140 loss=0.3181 elapsed=51.1m
epoch=0 step=14150 loss=0.2860 elapsed=51.2m
epoch=0 step=14160 loss=0.2021 elapsed=51.4m
epoch=0 step=14170 loss=0.0194 elapsed=51.5m
epoch=0 step=14180 loss=0.1463 elapsed=51.7m
epoch=0 step=14190 loss=0.1351 elapsed=51.8m
epoch=0 step=14200 loss=0.1533 elapsed=51.9m
epoch=0 step=14210 loss=0.1179 elapsed=52.1m
epoch=0 step=14220 loss=0.0767 elapsed=52.2m
epoch=0 step=14230 loss=0.0198 elapsed=52.4m
epoch=0 step=14240 loss=0.1619 elapsed=52.5m
epoch=0 step=14250 loss=0.1675 elapsed=52.6m
epoch=0 step=14260 loss=0.0282 elapsed=52.8m
epoch=0 step=14270 loss=0.2509 elapsed=52.9m
epoch=0 step=14280 loss=0.0403 elapsed=53.1m
epoch=0 step=14290 loss=0.6329 elapsed=53.2m
epoch=0 step=14300 loss=0.1272 elapsed=53.3m
epoch=0 step=14310 loss=0.1413 elapsed=53.5m
epoch=0 step=14320 loss=0.3132 elapsed=53.6m
epoch=0 step=14330 loss=0.0799 elapsed=53.8m
epoch=0 step=14340 loss=0.1674 elapsed=53.9m
epoch=0 step=14350 loss=0.3334 elapsed=54.0m
epoch=0 step=14360 loss=0.0639 elapsed=54.2m
epoch=0 step=14370 loss=0.3443 elapsed=54.3m
epoch=0 step=14380 loss=0.1815 elapsed=54.5m
epoch=0 step=14390 loss=0.1317 elapsed=54.6m
epoch=0 step=14400 loss=0.0832 elapsed=54.7m
epoch=0 step=14410 loss=0.1207 elapsed=54.9m
epoch=0 step=14420 loss=0.1169 elapsed=55.0m
epoch=0 step=14430 loss=0.3435 elapsed=55.2m
epoch=0 step=14440 loss=0.4053 elapsed=55.3m
epoch=0 step=14450 loss=0.0957 elapsed=55.5m
epoch=0 step=14460 loss=0.0541 elapsed=55.6m
epoch=0 step=14470 loss=0.0528 elapsed=55.7m
epoch=0 step=14480 loss=0.6208 elapsed=55.9m
epoch=0 step=14490 loss=0.2297 elapsed=56.0m
epoch=0 step=14500 loss=0.2075 elapsed=56.2m
epoch=0 step=14510 loss=0.0926 elapsed=56.3m
epoch=0 step=14520 loss=0.1673 elapsed=56.4m
epoch=0 step=14530 loss=0.1129 elapsed=56.6m
epoch=0 step=14540 loss=0.0477 elapsed=56.7m
epoch=0 step=14550 loss=0.1826 elapsed=56.9m
epoch=0 step=14560 loss=0.0982 elapsed=57.0m
epoch=0 step=14570 loss=0.1785 elapsed=57.1m
epoch=0 step=14580 loss=0.2318 elapsed=57.3m
epoch=0 step=14590 loss=0.1042 elapsed=57.4m
epoch=0 step=14600 loss=0.1101 elapsed=57.6m
epoch=0 step=14610 loss=0.0711 elapsed=57.7m
epoch=0 step=14620 loss=0.3162 elapsed=57.8m
epoch=0 step=14630 loss=0.1786 elapsed=58.0m
epoch=0 step=14640 loss=0.1338 elapsed=58.1m
epoch=0 step=14650 loss=0.0171 elapsed=58.3m
epoch=0 step=14660 loss=0.1875 elapsed=58.4m
epoch=0 step=14670 loss=0.2333 elapsed=58.5m
epoch=0 step=14680 loss=0.0634 elapsed=58.7m
epoch=0 step=14690 loss=0.1142 elapsed=58.8m
epoch=0 step=14700 loss=0.5323 elapsed=59.0m
epoch=0 step=14710 loss=0.0898 elapsed=59.1m
epoch=0 step=14720 loss=0.1067 elapsed=59.2m
epoch=0 step=14730 loss=0.4542 elapsed=59.4m
epoch=0 step=14740 loss=0.3899 elapsed=59.5m
epoch=0 step=14750 loss=0.1163 elapsed=59.7m
epoch=0 step=14760 loss=0.1215 elapsed=59.8m
epoch=0 step=14770 loss=0.1962 elapsed=59.9m
Saved checkpoint: outputs/blt_gec/union/last.ckpt
epoch=0 step=14780 loss=0.3322 elapsed=60.5m
epoch=0 step=14790 loss=0.1576 elapsed=60.6m
epoch=0 step=14800 loss=0.1965 elapsed=60.8m
epoch=0 step=14810 loss=0.0619 elapsed=60.9m
epoch=0 step=14820 loss=0.1182 elapsed=61.1m
epoch=0 step=14830 loss=0.1208 elapsed=61.2m
epoch=0 step=14840 loss=0.0417 elapsed=61.3m
epoch=0 step=14850 loss=0.0432 elapsed=61.5m
epoch=0 step=14860 loss=0.0573 elapsed=61.6m
epoch=0 step=14870 loss=0.0519 elapsed=61.8m
epoch=0 step=14880 loss=0.1926 elapsed=61.9m
epoch=0 step=14890 loss=0.0502 elapsed=62.0m
epoch=0 step=14900 loss=0.1858 elapsed=62.2m
epoch=0 step=14910 loss=0.3137 elapsed=62.3m
epoch=0 step=14920 loss=0.0928 elapsed=62.5m
epoch=0 step=14930 loss=0.0828 elapsed=62.6m
epoch=0 step=14940 loss=0.3358 elapsed=62.7m
epoch=0 step=14950 loss=0.1390 elapsed=62.9m
epoch=0 step=14960 loss=0.1991 elapsed=63.0m
epoch=0 step=14970 loss=0.2505 elapsed=63.2m
epoch=0 step=14980 loss=0.2339 elapsed=63.3m
epoch=0 step=14990 loss=0.0468 elapsed=63.5m
epoch=0 step=15000 loss=0.2267 elapsed=63.7m
epoch=0 step=15010 loss=0.0546 elapsed=63.8m
epoch=0 step=15020 loss=0.0194 elapsed=63.9m
epoch=0 step=15030 loss=0.1048 elapsed=64.1m
epoch=0 step=15040 loss=0.1589 elapsed=64.2m
epoch=0 step=15050 loss=0.0598 elapsed=64.4m
epoch=0 step=15060 loss=0.2719 elapsed=64.5m
epoch=0 step=15070 loss=0.0537 elapsed=64.6m
epoch=0 step=15080 loss=0.0892 elapsed=64.8m
epoch=0 step=15090 loss=0.1166 elapsed=64.9m
epoch=0 step=15100 loss=0.1742 elapsed=65.1m
epoch=0 step=15110 loss=0.3090 elapsed=65.2m
epoch=0 step=15120 loss=0.1046 elapsed=65.4m
epoch=0 step=15130 loss=0.0657 elapsed=65.5m
epoch=0 step=15140 loss=0.1756 elapsed=65.7m
epoch=0 step=15150 loss=0.1550 elapsed=65.8m
epoch=0 step=15160 loss=0.0952 elapsed=65.9m
epoch=0 step=15170 loss=0.2683 elapsed=66.1m
epoch=0 step=15180 loss=0.2002 elapsed=66.2m
epoch=0 step=15190 loss=0.1073 elapsed=66.4m
epoch=0 step=15200 loss=0.2681 elapsed=66.5m
epoch=0 step=15210 loss=0.3261 elapsed=66.6m
epoch=0 step=15220 loss=0.2713 elapsed=66.8m
epoch=0 step=15230 loss=0.1957 elapsed=66.9m
epoch=0 step=15240 loss=0.2656 elapsed=67.1m
epoch=0 step=15250 loss=0.1300 elapsed=67.2m
epoch=0 step=15260 loss=0.2274 elapsed=67.3m
epoch=0 step=15270 loss=0.2603 elapsed=67.5m
epoch=0 step=15280 loss=0.1649 elapsed=67.6m
epoch=0 step=15290 loss=0.4307 elapsed=67.8m
epoch=0 step=15300 loss=0.2306 elapsed=67.9m
epoch=0 step=15310 loss=0.4278 elapsed=68.1m
epoch=0 step=15320 loss=0.0696 elapsed=68.2m
epoch=0 step=15330 loss=0.0379 elapsed=68.3m
epoch=0 step=15340 loss=0.0129 elapsed=68.5m
epoch=0 step=15350 loss=0.0791 elapsed=68.6m
epoch=0 step=15360 loss=0.0618 elapsed=68.8m
epoch=0 step=15370 loss=0.2072 elapsed=68.9m
epoch=0 step=15380 loss=0.0486 elapsed=69.0m
epoch=0 step=15390 loss=0.1851 elapsed=69.2m
epoch=0 step=15400 loss=0.0776 elapsed=69.3m
epoch=0 step=15410 loss=0.0464 elapsed=69.5m
epoch=0 step=15420 loss=0.0231 elapsed=69.6m
epoch=0 step=15430 loss=0.1044 elapsed=69.7m
epoch=0 step=15440 loss=0.3414 elapsed=69.9m
epoch=0 step=15450 loss=0.0388 elapsed=70.0m
epoch=0 step=15460 loss=0.0833 elapsed=70.2m
epoch=0 step=15470 loss=0.0204 elapsed=70.3m
epoch=0 step=15480 loss=0.3137 elapsed=70.4m
epoch=0 step=15490 loss=0.2368 elapsed=70.6m
epoch=0 step=15500 loss=0.1299 elapsed=70.7m
epoch=0 step=15510 loss=0.0262 elapsed=70.9m
epoch=0 step=15520 loss=0.2921 elapsed=71.0m
epoch=0 step=15530 loss=0.1008 elapsed=71.2m
epoch=0 step=15540 loss=0.1398 elapsed=71.3m
epoch=0 step=15550 loss=0.2379 elapsed=71.4m
epoch=0 step=15560 loss=0.0690 elapsed=71.6m
epoch=0 step=15570 loss=0.1063 elapsed=71.7m
epoch=0 step=15580 loss=0.1970 elapsed=71.9m
epoch=0 step=15590 loss=0.2049 elapsed=72.0m
epoch=0 step=15600 loss=0.3928 elapsed=72.1m
epoch=0 step=15610 loss=0.1943 elapsed=72.3m
epoch=0 step=15620 loss=0.1588 elapsed=72.4m
epoch=0 step=15630 loss=0.1076 elapsed=72.6m
epoch=0 step=15640 loss=0.0245 elapsed=72.7m
epoch=0 step=15650 loss=0.0151 elapsed=72.8m
epoch=0 step=15660 loss=0.3359 elapsed=73.0m
epoch=0 step=15670 loss=0.0717 elapsed=73.1m
epoch=0 step=15680 loss=0.1149 elapsed=73.3m
epoch=0 step=15690 loss=0.0626 elapsed=73.4m
epoch=0 step=15700 loss=0.0416 elapsed=73.5m
epoch=0 step=15710 loss=0.2033 elapsed=73.7m
epoch=0 step=15720 loss=0.2394 elapsed=73.8m
epoch=0 step=15730 loss=0.1294 elapsed=74.0m
epoch=0 step=15740 loss=0.0795 elapsed=74.1m
epoch=0 step=15750 loss=0.0538 elapsed=74.3m
epoch=0 step=15760 loss=0.1623 elapsed=74.4m
epoch=0 step=15770 loss=0.0108 elapsed=74.5m
epoch=0 step=15780 loss=0.1179 elapsed=74.7m
epoch=0 step=15790 loss=0.0935 elapsed=74.8m
epoch=0 step=15800 loss=0.3551 elapsed=75.0m
epoch=0 step=15810 loss=0.0918 elapsed=75.1m
epoch=0 step=15820 loss=0.0924 elapsed=75.2m
epoch=0 step=15830 loss=0.2477 elapsed=75.4m
epoch=0 step=15840 loss=0.1073 elapsed=75.5m
epoch=0 step=15850 loss=0.0291 elapsed=75.7m
epoch=0 step=15860 loss=0.2763 elapsed=75.8m
epoch=0 step=15870 loss=0.1094 elapsed=75.9m
epoch=0 step=15880 loss=0.1101 elapsed=76.1m
epoch=0 step=15890 loss=0.0410 elapsed=76.2m
epoch=0 step=15900 loss=0.4821 elapsed=76.4m
epoch=0 step=15910 loss=0.0849 elapsed=76.5m
epoch=0 step=15920 loss=0.1153 elapsed=76.6m
epoch=0 step=15930 loss=0.1785 elapsed=76.8m
epoch=0 step=15940 loss=0.1808 elapsed=76.9m
epoch=0 step=15950 loss=0.0598 elapsed=77.1m
epoch=0 step=15960 loss=0.1824 elapsed=77.2m
epoch=0 step=15970 loss=0.1370 elapsed=77.3m
epoch=0 step=15980 loss=0.1103 elapsed=77.5m
epoch=0 step=15990 loss=0.2400 elapsed=77.6m
epoch=0 step=16000 loss=0.0504 elapsed=77.8m
epoch=0 step=16010 loss=0.2223 elapsed=77.9m
epoch=0 step=16020 loss=0.1161 elapsed=78.1m
epoch=0 step=16030 loss=0.0437 elapsed=78.2m
epoch=0 step=16040 loss=0.0546 elapsed=78.3m
epoch=0 step=16050 loss=0.0743 elapsed=78.5m
epoch=0 step=16060 loss=0.1780 elapsed=78.6m
epoch=0 step=16070 loss=0.1064 elapsed=78.8m
epoch=0 step=16080 loss=0.1976 elapsed=78.9m
epoch=0 step=16090 loss=0.1489 elapsed=79.0m
epoch=0 step=16100 loss=0.0636 elapsed=79.2m
epoch=0 step=16110 loss=0.1020 elapsed=79.3m
epoch=0 step=16120 loss=0.0613 elapsed=79.5m
epoch=0 step=16130 loss=0.0704 elapsed=79.6m
epoch=0 step=16140 loss=0.2838 elapsed=79.7m
epoch=0 step=16150 loss=0.0352 elapsed=79.9m
epoch=0 step=16160 loss=0.0411 elapsed=80.0m
Saved checkpoint: outputs/blt_gec/union/last.ckpt
epoch=0 step=16170 loss=0.0418 elapsed=80.6m
epoch=0 step=16180 loss=0.4047 elapsed=80.7m
epoch=0 step=16190 loss=0.0976 elapsed=80.9m
epoch=0 step=16200 loss=0.0516 elapsed=81.0m
epoch=0 step=16210 loss=0.0998 elapsed=81.1m
epoch=0 step=16220 loss=0.1517 elapsed=81.3m
epoch=0 step=16230 loss=0.0336 elapsed=81.4m
epoch=0 step=16240 loss=0.0875 elapsed=81.6m
epoch=0 step=16250 loss=0.1128 elapsed=81.7m
epoch=0 step=16260 loss=0.1115 elapsed=81.8m
epoch=0 step=16270 loss=0.3565 elapsed=82.0m
epoch=0 step=16280 loss=0.1614 elapsed=82.1m
epoch=0 step=16290 loss=0.1068 elapsed=82.3m
epoch=0 step=16300 loss=0.0646 elapsed=82.4m
epoch=0 step=16310 loss=0.2421 elapsed=82.6m
epoch=0 step=16320 loss=0.1762 elapsed=82.7m
epoch=0 step=16330 loss=0.4263 elapsed=82.8m
epoch=0 step=16340 loss=0.2783 elapsed=83.0m
epoch=0 step=16350 loss=0.0613 elapsed=83.1m
epoch=0 step=16360 loss=0.0918 elapsed=83.3m
epoch=0 step=16370 loss=1.0390 elapsed=83.4m
epoch=0 step=16380 loss=0.2621 elapsed=83.5m
epoch=0 step=16390 loss=0.0218 elapsed=83.7m
epoch=0 step=16400 loss=0.1127 elapsed=83.8m
epoch=0 step=16410 loss=0.3561 elapsed=84.0m
epoch=0 step=16420 loss=0.1564 elapsed=84.1m
epoch=0 step=16430 loss=0.6890 elapsed=84.2m
epoch=0 step=16440 loss=0.0545 elapsed=84.4m
epoch=0 step=16450 loss=0.2491 elapsed=84.5m
epoch=0 step=16460 loss=0.1352 elapsed=84.7m
epoch=0 step=16470 loss=0.0919 elapsed=84.8m
epoch=0 step=16480 loss=0.0484 elapsed=84.9m
epoch=0 step=16490 loss=0.7522 elapsed=85.1m
epoch=0 step=16500 loss=0.0811 elapsed=85.2m
epoch=0 step=16510 loss=0.1329 elapsed=85.4m
epoch=0 step=16520 loss=0.0654 elapsed=85.5m
epoch=0 step=16530 loss=0.2385 elapsed=85.7m
epoch=0 step=16540 loss=0.3189 elapsed=85.8m
epoch=0 step=16550 loss=0.1017 elapsed=85.9m
epoch=0 step=16560 loss=0.1441 elapsed=86.1m
epoch=0 step=16570 loss=0.2612 elapsed=86.2m
epoch=0 step=16580 loss=0.0466 elapsed=86.4m
epoch=0 step=16590 loss=0.1002 elapsed=86.5m
epoch=0 step=16600 loss=0.0913 elapsed=86.7m
epoch=0 step=16610 loss=0.2147 elapsed=86.8m
epoch=0 step=16620 loss=0.6331 elapsed=87.0m
epoch=0 step=16630 loss=0.0390 elapsed=87.1m
epoch=0 step=16640 loss=0.0252 elapsed=87.2m
epoch=0 step=16650 loss=0.1896 elapsed=87.4m
epoch=0 step=16660 loss=0.0583 elapsed=87.5m
epoch=0 step=16670 loss=0.0372 elapsed=87.7m
epoch=0 step=16680 loss=0.0357 elapsed=87.8m
epoch=0 step=16690 loss=0.0867 elapsed=87.9m
epoch=0 step=16700 loss=0.1898 elapsed=88.1m
epoch=0 step=16710 loss=0.1874 elapsed=88.2m
epoch=0 step=16720 loss=0.1308 elapsed=88.4m
epoch=0 step=16730 loss=0.0335 elapsed=88.5m
epoch=0 step=16740 loss=0.1237 elapsed=88.6m
epoch=0 step=16750 loss=0.3420 elapsed=88.8m
epoch=0 step=16760 loss=0.1246 elapsed=88.9m
epoch=0 step=16770 loss=0.1244 elapsed=89.1m
epoch=0 step=16780 loss=0.0473 elapsed=89.2m
epoch=0 step=16790 loss=0.0302 elapsed=89.3m
epoch=0 step=16800 loss=0.1597 elapsed=89.5m
epoch=0 step=16810 loss=0.0845 elapsed=89.6m
epoch=0 step=16820 loss=0.1680 elapsed=89.8m
epoch=0 step=16830 loss=0.1936 elapsed=89.9m
epoch=0 step=16840 loss=0.2238 elapsed=90.1m
epoch=0 step=16850 loss=0.1539 elapsed=90.2m
epoch=0 step=16860 loss=0.0661 elapsed=90.3m
epoch=0 step=16870 loss=0.0497 elapsed=90.5m
epoch=0 step=16880 loss=0.5570 elapsed=90.6m
epoch=0 step=16890 loss=0.0705 elapsed=90.8m
epoch=0 step=16900 loss=0.0294 elapsed=90.9m
epoch=0 step=16910 loss=0.2447 elapsed=91.0m
epoch=0 step=16920 loss=0.0159 elapsed=91.2m
epoch=0 step=16930 loss=0.0880 elapsed=91.3m
epoch=0 step=16940 loss=0.1030 elapsed=91.5m
epoch=0 step=16950 loss=0.0812 elapsed=91.6m
epoch=0 step=16960 loss=0.0103 elapsed=91.7m
epoch=0 step=16970 loss=0.1014 elapsed=91.9m
epoch=0 step=16980 loss=0.2392 elapsed=92.0m
epoch=0 step=16990 loss=0.1053 elapsed=92.2m
epoch=0 step=17000 loss=0.0707 elapsed=92.3m
epoch=0 step=17010 loss=0.0481 elapsed=92.4m
epoch=0 step=17020 loss=0.3851 elapsed=92.6m
epoch=0 step=17030 loss=0.2610 elapsed=92.7m
epoch=0 step=17040 loss=0.4038 elapsed=92.9m
epoch=0 step=17050 loss=0.3688 elapsed=93.0m
epoch=0 step=17060 loss=0.0866 elapsed=93.2m
epoch=0 step=17070 loss=0.3545 elapsed=93.3m
epoch=0 step=17080 loss=0.3171 elapsed=93.4m
epoch=0 step=17090 loss=0.1389 elapsed=93.6m
epoch=0 step=17100 loss=0.2929 elapsed=93.7m
epoch=0 step=17110 loss=0.0778 elapsed=93.9m
epoch=0 step=17120 loss=0.0858 elapsed=94.0m
epoch=0 step=17130 loss=0.1751 elapsed=94.1m
epoch=0 step=17140 loss=0.1202 elapsed=94.3m
epoch=0 step=17150 loss=0.0438 elapsed=94.4m
epoch=0 step=17160 loss=0.0120 elapsed=94.6m
epoch=0 step=17170 loss=0.2678 elapsed=94.7m
epoch=0 step=17180 loss=0.0689 elapsed=94.8m
epoch=0 step=17190 loss=0.0511 elapsed=95.0m
epoch=0 step=17200 loss=0.0425 elapsed=95.1m
epoch=0 step=17210 loss=0.0339 elapsed=95.3m
epoch=0 step=17220 loss=0.0239 elapsed=95.4m
epoch=0 step=17230 loss=0.0373 elapsed=95.5m
epoch=0 step=17240 loss=0.0253 elapsed=95.7m
epoch=0 step=17250 loss=0.2522 elapsed=95.8m
epoch=0 step=17260 loss=0.2008 elapsed=96.0m
epoch=0 step=17270 loss=0.2441 elapsed=96.1m
epoch=0 step=17280 loss=0.1102 elapsed=96.3m
epoch=0 step=17290 loss=0.2095 elapsed=96.4m
epoch=0 step=17300 loss=0.0473 elapsed=96.5m
epoch=0 step=17310 loss=0.3516 elapsed=96.7m
epoch=0 step=17320 loss=0.0903 elapsed=96.8m
epoch=0 step=17330 loss=0.3337 elapsed=97.0m
epoch=0 step=17340 loss=0.0727 elapsed=97.1m
epoch=0 step=17350 loss=0.1909 elapsed=97.2m
epoch=0 step=17360 loss=0.1243 elapsed=97.4m
epoch=0 step=17370 loss=0.0768 elapsed=97.5m
epoch=0 step=17380 loss=0.5600 elapsed=97.7m
epoch=0 step=17390 loss=0.1455 elapsed=97.8m
epoch=0 step=17400 loss=0.1139 elapsed=97.9m
epoch=0 step=17410 loss=0.0823 elapsed=98.1m
epoch=0 step=17420 loss=0.1526 elapsed=98.2m
epoch=0 step=17430 loss=0.0323 elapsed=98.4m
epoch=0 step=17440 loss=0.0457 elapsed=98.5m
epoch=0 step=17450 loss=0.0695 elapsed=98.6m
epoch=0 step=17460 loss=0.0194 elapsed=98.8m
epoch=0 step=17470 loss=0.0496 elapsed=98.9m
epoch=0 step=17480 loss=0.0300 elapsed=99.1m
epoch=0 step=17490 loss=0.1319 elapsed=99.2m
epoch=0 step=17500 loss=0.1361 elapsed=99.3m
epoch=0 step=17510 loss=0.0759 elapsed=99.5m
epoch=0 step=17520 loss=0.2161 elapsed=99.6m
epoch=0 step=17530 loss=0.0919 elapsed=99.8m
epoch=0 step=17540 loss=0.3700 elapsed=99.9m
Saved checkpoint: outputs/blt_gec/union/last.ckpt
epoch=0 step=17550 loss=0.0001 elapsed=100.5m
epoch=0 step=17560 loss=0.3248 elapsed=100.6m
epoch=0 step=17570 loss=0.2245 elapsed=100.7m
epoch=0 step=17580 loss=0.2405 elapsed=100.9m
epoch=0 step=17590 loss=0.1609 elapsed=101.0m
epoch=0 step=17600 loss=0.3001 elapsed=101.2m
epoch=0 step=17610 loss=0.0353 elapsed=101.3m
epoch=0 step=17620 loss=0.1605 elapsed=101.5m
epoch=0 step=17630 loss=0.1298 elapsed=101.6m
epoch=0 step=17640 loss=0.1396 elapsed=101.7m
epoch=0 step=17650 loss=0.2978 elapsed=101.9m
epoch=0 step=17660 loss=0.1005 elapsed=102.0m
epoch=0 step=17670 loss=0.0963 elapsed=102.2m
epoch=0 step=17680 loss=0.2811 elapsed=102.3m
epoch=0 step=17690 loss=0.0722 elapsed=102.4m
epoch=0 step=17700 loss=0.3153 elapsed=102.6m
epoch=0 step=17710 loss=0.2009 elapsed=102.7m
epoch=0 step=17720 loss=0.4704 elapsed=102.9m
epoch=0 step=17730 loss=0.1217 elapsed=103.0m
epoch=0 step=17740 loss=0.0585 elapsed=103.1m
epoch=0 step=17750 loss=0.1726 elapsed=103.3m
epoch=0 step=17760 loss=0.1410 elapsed=103.4m
epoch=0 step=17770 loss=0.0313 elapsed=103.6m
epoch=0 step=17780 loss=1.0152 elapsed=103.7m
epoch=0 step=17790 loss=0.1616 elapsed=103.8m
epoch=0 step=17800 loss=0.2541 elapsed=104.0m
epoch=0 step=17810 loss=0.0740 elapsed=104.1m
epoch=0 step=17820 loss=0.1854 elapsed=104.3m
epoch=0 step=17830 loss=1.1121 elapsed=104.4m
epoch=0 step=17840 loss=0.1135 elapsed=104.6m
epoch=0 step=17850 loss=0.0316 elapsed=104.7m
epoch=0 step=17860 loss=0.0898 elapsed=104.8m
epoch=0 step=17870 loss=0.3402 elapsed=105.0m
Saved checkpoint: outputs/blt_gec/union/last.ckpt
Stopping early to preserve checkpoint before time limit.
End Time: Wed Jun 10 02:57:01 KST 2026
